
R version 4.3.1 (2023-06-16) -- "Beagle Scouts"
Copyright (C) 2023 The R Foundation for Statistical Computing
Platform: x86_64-pc-linux-gnu (64-bit)

R is free software and comes with ABSOLUTELY NO WARRANTY.
You are welcome to redistribute it under certain conditions.
Type 'license()' or 'licence()' for distribution details.

  Natural language support but running in an English locale

R is a collaborative project with many contributors.
Type 'contributors()' for more information and
'citation()' on how to cite R or R packages in publications.

Type 'demo()' for some demos, 'help()' for on-line help, or
'help.start()' for an HTML browser interface to help.
Type 'q()' to quit R.

> ##
> ##
> ## AUTHORS
> ##
> ## Jeffrey E. Barrick <jeffrey.e.barrick@gmail.com>
> ##
> ## LICENSE AND COPYRIGHT
> ##
> ## Copyright (c) 2008-2010 Michigan State University
> ## Copyright (c) 2011-2022 The University of Texas at Austin
> ##
> ## breseq is free software; you can redistribute it and/or modify it under the
> ## terms the GNU General Public License as published by the Free Software
> ## Foundation; either version 1, or (at your option) any later version.
> ##
> ##
> 
> ## Arguments:
> ##   distribution_file=/path/to/input 
> ##   plot_file=/path/to/output 
> ##   deletion_propagation_pr_cutoff=float
> ##   plot_poisson=0 or 1
> ##   pdf_output=0 or 1
> 
> ## Returns these values printed out to output log
> ## 
> ##  1. print(nb_fit_size); # 0 if fit failed
> ##  2. print(nb_fit_mu);   # 0 if fit failed
> ##  3. print(m)q
> ##  4. print(v)
> ##  5. print(D)
> ##  6. print(deletion_propagation_coverage)
> ##     -1 if it was <1 after fitting (implying reference sequence is deleted)
> ##
> 
> plot_poisson = 0;
> pdf_output = 1;
> 
> this.print.level = 0
> #this.print.level = 2
> 
> for (e in commandArgs(TRUE)) {
+   ta = strsplit(e,"=",fixed=TRUE)[[1]]
+   if(length(ta)>1) {
+     temp = ta[2]
+     assign(ta[1],temp)
+     cat("assigned ",ta[1]," the value of |",temp,"|\n")
+   } else {
+     assign(ta[[1]][1],TRUE)
+     cat("assigned ",ta[1]," the value of TRUE\n")
+   }
+ }
assigned  distribution_file  the value of | 3a+_BHI_c50_out/07_error_calibration/110.unique_only_coverage_distribution.tab |
assigned  plot_file  the value of | 3a+_BHI_c50_out/output/calibration/110.unique_coverage.pdf |
assigned  deletion_propagation_pr_cutoff  the value of | 0.00408248 |
> 
> deletion_propagation_pr_cutoff = as.numeric(deletion_propagation_pr_cutoff);
> 
> ## initialize values to be filled in
> nb_fit_mu = 0
> nb_fit_size = 0
> m = 0
> v = 0
> D = 0
> deletion_propagation_coverage = -1
> 
> min_fraction_included_in_nb_fit = 0.01
> 
> #load data
> X<-read.table(distribution_file, header=T)
> 
> #table might be empty
> if (nrow(X) == 0)
+ {
+   #print out statistics
+   
+   print(nb_fit_size);
+   print(nb_fit_mu);
+   
+   print(m)
+   print(v)
+   print(D)
+   
+   print(deletion_propagation_coverage)
+   
+   q()
+ }
> 
> #create the distribution vector and fit
> Y<-rep(X$coverage, X$n)
> m<-mean(Y)
> v<-var(Y)
> D<-v/m
> 
> ###
> ## Smooth the distribution with a moving average window of size 5
> ## so that we can more reliably find it's maximum value
> ###
> 
> ma5 = c(1, 1, 1, 1, 1)/5;
> 
> ## filtering fails if there are too few points
> if (nrow(X) >= 5) {
+   X$ma = filter(X$n, ma5)
+ } else {
+ 	X$ma = X$n
+ }
> 
> i<-0
> max_n <- 0;
> min_i <- max( trunc(m/4), 1 ); #prevents zero for pathological distributions
> max_i <- i;
> for (i in min_i:length(X$ma))
+ {		
+   #cat(i, "\n")
+ 	if (!is.na(X$ma[i]) && (X$ma[i] > max_n))
+ 	{
+ 		max_n = X$ma[i];
+ 		max_i = i;
+ 	}
+ }
> 
> ##
> # Censor data on the right and left of the maximum
> ##
> 
> start_i = max(floor(max_i*0.5), 1);
> end_i = min(ceiling(max_i*1.5), length(X$ma));
> 
> if (start_i == end_i)
+ {
+   print(nb_fit_size);
+   print(nb_fit_mu);
+   
+   print(m)
+   print(v)
+   print(D)
+   
+   print(deletion_propagation_coverage)
+   
+   q()
+ }
> 
> cat("Fitting from coverage of ", start_i, " to ", end_i, ".\n", sep="")
Fitting from coverage of 7 to 21.
> 
> ##
> # Coarse grain so that we are only fitting a number of bins that is 1000-2000
> #
> # The later adjustment for doing the fits this way is to multiply the means
> # of the negative binomial and poisson distributions by the binning number.
> # (The size parameter of the negative binomial doesn't need to be adjusted.)
> ##
> 
> 
> num_per_bin = trunc((end_i - start_i) / 1000)
> 
> if (num_per_bin > 1) 
+ {
+   cat("Coarse-graining for fits\n")
+   start_i_for_fits = trunc(start_i/num_per_bin)
+   end_i_for_fits = ceiling(end_i/num_per_bin)
+   num_bins = end_i - start_i  + 1
+   cat("Fitting from coverage in adjusted bins ", start_i_for_fits, " to ", end_i_for_fits, ".\n", sep="")
+   cat("Number of bins ", num_bins, ". Each bin has ", num_per_bin, " coverage values.\n", sep="")
+ 
+   # Create a new vector where we've added together values in bins
+   X.for.fits = vector("double", end_i_for_fits)
+   for (i in start_i_for_fits:end_i_for_fits)
+   {
+     for (j in 1:num_per_bin)
+     {
+       if (i*num_per_bin+j <= length(X$n))
+       {
+         X.for.fits[i] = X.for.fits[i] + X$n[i*num_per_bin+j]
+       }
+     }
+   }
+ 
+ } else {
+   ## AVOID num_per_bin equalling zero!!
+   X.for.fits = X$n[1:end_i]
+   num_per_bin = 1
+   start_i_for_fits = start_i
+   end_i_for_fits = end_i
+ }
> 
> 
> ##
> # Now perform negative binomial fitting to the censored data
> ##
> 
> inner_total<-0;
> for (i in start_i_for_fits:end_i_for_fits)
+ {
+ 	inner_total = inner_total + X.for.fits[i]; 
+ }
> # Yes: it's correct to use X here because we want the overall total total
> total_total<-sum(X$n);
> 
> ## let's preconstruct these for speed
> dist = vector("double", end_i_for_fits)
> 
> f_nb <- function(par) {
+ 
+ 	mu = par[1];
+ 	size = par[2];
+ 
+   if ((mu <= 0) || (size <= 0))
+   {
+     return(0);
+   }
+   
+   cat(start_i_for_fits, " ", end_i_for_fits, "\n");
+   cat(mu, " ", size, "\n");
+   
+ 	dist<-c()
+ 	total <- 0;
+ 	for (i in start_i_for_fits:end_i_for_fits)
+ 	{	
+ 		dist[i] <- dnbinom(i, size=size, mu=mu);
+ 		total <- total + dist[i] 
+ 	}
+ 	#print (mu, size)
+ 
+  	l <- 0;
+ 	for (i in start_i_for_fits:end_i_for_fits)
+ 	{
+ 		l <- l + ((X.for.fits[i]/inner_total)-(dist[i]/total))^2;
+ 	}
+ 	return(l);
+ }
> 
> 
> 
> ## Fit negative binomial 
> ## - allow fit to fail and set all params to zero/empty if that is the case
> nb_fit = NULL
> ## as.numeric prevents overflow in sums involving integers
> mean_estimate = sum((as.numeric(1:end_i_for_fits)*as.numeric(X.for.fits)))/sum(as.numeric(X.for.fits))
> 
> nb_fit_mu = -1
> nb_fit_size = -1
> try_size = 100000
> try_means_index = 1
> #This is a list of different means to test <-  sometimes the actual mean doesn't lead to a fit
> try_means = c(mean_estimate, 
+               end_i_for_fits, 
+               start_i_for_fits, 
+               1*(end_i_for_fits + start_i_for_fits)/4,
+               2*(end_i_for_fits + start_i_for_fits)/4,
+               3*(end_i_for_fits + start_i_for_fits)/4
+               )
>               
>               
> nb_fit = c()
> 
> while ( ((nb_fit_mu < 0) || (nb_fit_size < 0) || (nb_fit$code != 1)) && (try_size > 0.001) && (try_means_index <= length(try_means)))
+ {
+   try_size = try_size / 10
+   try_mean = try_means[try_means_index]
+ 
+   ## SIZE ESTIMATE from the censored data can be negative, so try various values instead
+   cat("Try Mean: ", try_mean, " Size: ", try_size, "\n")
+ 
+   try( suppressWarnings(nb_fit<-nlm(f_nb, c(try_mean, try_size), iterlim=1000, print.level=this.print.level)) )
+ 
+   nb_fit_mu = nb_fit$estimate[1];
+   nb_fit_size = nb_fit$estimate[2];
+ 
+   cat("Fit Mean: ", nb_fit_mu, " Size: ", nb_fit_size, " Code: ", nb_fit$code, "\n")
+   
+   if (try_size <= 0.001) {
+     try_size = 100000
+     try_means_index = try_means_index + 1
+   }
+ }
Try Mean:  13.07059  Size:  10000 
7   21 
13.07059   10000 
7   21 
13.07059   10000 
7   21 
13.0706   10000 
7   21 
13.07059   10000.01 
7   21 
13.07814   10000 
7   21 
13.07815   10000 
7   21 
13.07814   10000.01 
7   21 
13.85387   10000 
7   21 
13.85388   10000 
7   21 
13.85387   10000.01 
7   21 
13.86859   10000 
7   21 
13.8686   10000 
7   21 
13.86859   10000.01 
7   21 
13.86912   10000 
7   21 
13.86914   10000 
7   21 
13.86912   10000.01 
7   21 
13.86912   10000 
7   21 
13.86914   10000 
7   21 
13.86912   10000.01 
Fit Mean:  13.86912  Size:  10000  Code:  2 
Try Mean:  13.07059  Size:  1000 
7   21 
13.07059   1000 
7   21 
13.07059   1000 
7   21 
13.0706   1000 
7   21 
13.07059   1000.001 
7   21 
13.07802   1000 
7   21 
13.07804   1000 
7   21 
13.07802   1000.001 
7   21 
13.85432   1000 
7   21 
13.85433   1000 
7   21 
13.85432   1000.001 
7   21 
13.87035   1000 
7   21 
13.87036   1000 
7   21 
13.87035   1000.001 
7   21 
13.87095   1000 
7   21 
13.87097   1000 
7   21 
13.87095   1000.001 
7   21 
13.87096   1000 
7   21 
13.87097   1000 
7   21 
13.87096   1000.001 
Fit Mean:  13.87096  Size:  1000  Code:  2 
Try Mean:  13.07059  Size:  100 
7   21 
13.07059   100 
7   21 
13.07059   100 
7   21 
13.0706   100 
7   21 
13.07059   100.0001 
7   21 
13.07702   100 
7   21 
13.07703   100 
7   21 
13.07702   100.0001 
7   21 
13.86166   100.0065 
7   21 
13.86168   100.0065 
7   21 
13.86166   100.0066 
7   21 
13.88983   100.01 
7   21 
13.88985   100.01 
7   21 
13.88983   100.0101 
7   21 
13.8917   100.0135 
7   21 
13.89172   100.0135 
7   21 
13.8917   100.0136 
7   21 
13.89776   100.0384 
7   21 
13.89777   100.0384 
7   21 
13.89776   100.0385 
7   21 
13.90564   100.1026 
7   21 
13.90566   100.1026 
7   21 
13.90564   100.1027 
7   21 
13.91948   100.3026 
7   21 
13.91949   100.3026 
7   21 
13.91948   100.3027 
7   21 
13.94078   100.8349 
7   21 
13.94079   100.8349 
7   21 
13.94078   100.835 
7   21 
13.9742   102.2611 
7   21 
13.97421   102.2611 
7   21 
13.9742   102.2612 
7   21 
14.02239   105.8616 
7   21 
14.02241   105.8616 
7   21 
14.02239   105.8617 
7   21 
14.08213   114.4201 
7   21 
14.08214   114.4201 
7   21 
14.08213   114.4202 
7   21 
14.13203   133.0927 
7   21 
14.13204   133.0927 
7   21 
14.13203   133.0928 
7   21 
14.12471   171.2005 
7   21 
14.12473   171.2005 
7   21 
14.12471   171.2007 
7   21 
14.00832   238.8901 
7   21 
14.00834   238.8901 
7   21 
14.00832   238.8903 
7   21 
13.86437   320.564 
7   21 
13.86439   320.564 
7   21 
13.86437   320.5643 
7   21 
13.7996   390.5569 
7   21 
13.79961   390.5569 
7   21 
13.7996   390.5573 
7   21 
13.77702   483.6503 
7   21 
13.77703   483.6503 
7   21 
13.77702   483.6508 
7   21 
13.79781   642.3579 
7   21 
13.79782   642.3579 
7   21 
13.79781   642.3586 
7   21 
13.85004   862.9328 
7   21 
13.85006   862.9328 
7   21 
13.85004   862.9336 
7   21 
13.88972   1116.017 
7   21 
13.88973   1116.017 
7   21 
13.88972   1116.018 
7   21 
13.90621   1421.844 
7   21 
13.90623   1421.844 
7   21 
13.90621   1421.845 
7   21 
13.90245   1868.529 
7   21 
13.90247   1868.529 
7   21 
13.90245   1868.531 
7   21 
13.88333   2497.336 
7   21 
13.88334   2497.336 
7   21 
13.88333   2497.338 
7   21 
13.86439   3284.235 
7   21 
13.8644   3284.235 
7   21 
13.86439   3284.238 
7   21 
13.85462   4254.815 
7   21 
13.85463   4254.815 
7   21 
13.85462   4254.819 
7   21 
13.85438   5582.995 
7   21 
13.85439   5582.995 
7   21 
13.85438   5583 
7   21 
13.86143   7425.918 
7   21 
13.86145   7425.918 
7   21 
13.86143   7425.925 
7   21 
13.86983   9815.767 
7   21 
13.86985   9815.767 
7   21 
13.86983   9815.777 
7   21 
13.87491   12840.26 
7   21 
13.87493   12840.26 
7   21 
13.87491   12840.28 
7   21 
13.87568   16877.6 
7   21 
13.87569   16877.6 
7   21 
13.87568   16877.62 
7   21 
13.87299   22398.6 
7   21 
13.87301   22398.6 
7   21 
13.87299   22398.63 
7   21 
13.86922   29666.21 
7   21 
13.86923   29666.21 
7   21 
13.86922   29666.24 
7   21 
13.86659   39009.79 
7   21 
13.86661   39009.79 
7   21 
13.86659   39009.83 
7   21 
13.8659   51378.36 
7   21 
13.86591   51378.36 
7   21 
13.8659   51378.41 
7   21 
13.86687   68142.71 
7   21 
13.86689   68142.71 
7   21 
13.86687   68142.78 
7   21 
13.86854   90209.91 
7   21 
13.86855   90209.91 
7   21 
13.86854   90210 
7   21 
13.86987   119557.2 
7   21 
13.86989   119557.2 
7   21 
13.86987   119557.3 
7   21 
13.87031   156908.7 
7   21 
13.87032   156908.7 
7   21 
13.87031   156908.8 
7   21 
13.86997   208356.3 
7   21 
13.86998   208356.3 
7   21 
13.86997   208356.5 
7   21 
13.86921   281960.9 
7   21 
13.86922   281960.9 
7   21 
13.86921   281961.2 
7   21 
13.86863   365475.6 
7   21 
13.86864   365475.6 
7   21 
13.86863   365475.9 
7   21 
13.86841   466326.2 
7   21 
13.86842   466326.2 
7   21 
13.86841   466326.6 
7   21 
13.86842   567176.8 
7   21 
13.86843   567176.8 
7   21 
13.86842   567177.3 
7   21 
13.86849   668027.3 
7   21 
13.8685   668027.3 
7   21 
13.86849   668028 
7   21 
13.8686   768877.9 
7   21 
13.86862   768877.9 
7   21 
13.8686   768878.7 
7   21 
13.86881   869728.5 
7   21 
13.86882   869728.5 
7   21 
13.86881   869729.4 
Fit Mean:  13.86881  Size:  869728.5  Code:  5 
Try Mean:  13.07059  Size:  10 
7   21 
13.07059   10 
7   21 
13.07059   10 
7   21 
13.0706   10 
7   21 
13.07059   10.00001 
7   21 
13.07356   10.00069 
7   21 
13.07357   10.00069 
7   21 
13.07356   10.0007 
7   21 
14.20844   10.59708 
7   21 
14.20845   10.59708 
7   21 
14.20844   10.59709 
7   21 
14.38083   10.9644 
7   21 
14.38084   10.9644 
7   21 
14.38083   10.96441 
7   21 
14.64376   12.29853 
7   21 
14.64378   12.29853 
7   21 
14.64376   12.29855 
7   21 
14.75675   14.85083 
7   21 
14.75676   14.85083 
7   21 
14.75675   14.85084 
7   21 
14.52914   22.51682 
7   21 
14.52916   22.51682 
7   21 
14.52914   22.51684 
7   21 
13.54908   40.70799 
7   21 
13.54909   40.70799 
7   21 
13.54908   40.70803 
7   21 
13.70684   45.48999 
7   21 
13.70686   45.48999 
7   21 
13.70684   45.49003 
7   21 
13.96658   69.91439 
7   21 
13.9666   69.91439 
7   21 
13.96658   69.91446 
7   21 
13.93323   91.90137 
7   21 
13.93324   91.90137 
7   21 
13.93323   91.90146 
7   21 
13.87198   128.3175 
7   21 
13.87199   128.3175 
7   21 
13.87198   128.3177 
7   21 
13.87473   172.5441 
7   21 
13.87475   172.5441 
7   21 
13.87473   172.5443 
7   21 
13.87557   233.1278 
7   21 
13.87558   233.1278 
7   21 
13.87557   233.128 
7   21 
13.87355   312.3967 
7   21 
13.87357   312.3967 
7   21 
13.87355   312.397 
7   21 
13.87268   417.9205 
7   21 
13.8727   417.9205 
7   21 
13.87268   417.9209 
7   21 
13.87163   557.4516 
7   21 
13.87165   557.4516 
7   21 
13.87163   557.4522 
7   21 
13.87105   742.4262 
7   21 
13.87107   742.4262 
7   21 
13.87105   742.4269 
7   21 
13.87048   987.3983 
7   21 
13.87049   987.3983 
7   21 
13.87048   987.3993 
7   21 
13.87013   1311.953 
7   21 
13.87015   1311.953 
7   21 
13.87013   1311.954 
7   21 
13.86981   1741.879 
7   21 
13.86983   1741.879 
7   21 
13.86981   1741.881 
7   21 
13.86961   2311.42 
7   21 
13.86963   2311.42 
7   21 
13.86961   2311.422 
7   21 
13.86943   3065.888 
7   21 
13.86944   3065.888 
7   21 
13.86943   3065.891 
7   21 
13.86932   4065.39 
7   21 
13.86933   4065.39 
7   21 
13.86932   4065.394 
7   21 
13.86921   5389.37 
7   21 
13.86923   5389.37 
7   21 
13.86921   5389.375 
7   21 
13.86915   7143.253 
7   21 
13.86916   7143.253 
7   21 
13.86915   7143.26 
7   21 
13.86909   9466.887 
7   21 
13.8691   9466.887 
7   21 
13.86909   9466.897 
7   21 
13.86905   12544.27 
7   21 
13.86906   12544.27 
7   21 
13.86905   12544.28 
7   21 
13.86902   16623.18 
7   21 
13.86903   16623.18 
7   21 
13.86902   16623.2 
7   21 
13.869   22022.08 
7   21 
13.86901   22022.08 
7   21 
13.869   22022.1 
7   21 
13.86898   29182.46 
7   21 
13.86899   29182.46 
7   21 
13.86898   29182.49 
7   21 
13.86897   38666.56 
7   21 
13.86898   38666.56 
7   21 
13.86897   38666.6 
7   21 
13.86895   51217.19 
7   21 
13.86897   51217.19 
7   21 
13.86895   51217.24 
7   21 
13.86895   67674.41 
7   21 
13.86896   67674.41 
7   21 
13.86895   67674.48 
7   21 
13.86894   84131.64 
7   21 
13.86896   84131.64 
7   21 
13.86894   84131.72 
7   21 
13.86894   100588.9 
7   21 
13.86895   100588.9 
7   21 
13.86894   100589 
7   21 
13.86894   117046.1 
7   21 
13.86895   117046.1 
7   21 
13.86894   117046.2 
7   21 
13.86894   133503.3 
7   21 
13.86895   133503.3 
7   21 
13.86894   133503.4 
Fit Mean:  13.86894  Size:  133503.3  Code:  5 
Try Mean:  13.07059  Size:  1 
7   21 
13.07059   1 
7   21 
13.07059   1 
7   21 
13.0706   1 
7   21 
13.07059   1.000001 
7   21 
13.0713   1.002921 
7   21 
13.07131   1.002921 
7   21 
13.0713   1.002922 
7   21 
24.88598   15.38423 
7   21 
15.94987   4.506828 
7   21 
15.94988   4.506828 
7   21 
15.94987   4.506832 
7   21 
16.14183   5.674417 
7   21 
16.14185   5.674417 
7   21 
16.14183   5.674422 
7   21 
14.90077   9.073924 
7   21 
14.90078   9.073924 
7   21 
14.90077   9.073933 
Fit Mean:  -7.226613  Size:  72.18158  Code:  1 
Try Mean:  13.07059  Size:  0.1 
7   21 
13.07059   0.1 
7   21 
13.07059   0.1 
7   21 
13.0706   0.1 
7   21 
13.07059   0.100001 
7   21 
13.07067   0.1037962 
7   21 
13.07069   0.1037962 
7   21 
13.07067   0.1037972 
7   21 
15.61608   5.115878 
7   21 
15.6161   5.115878 
7   21 
15.61608   5.115883 
7   21 
15.91773   6.426824 
7   21 
15.91775   6.426824 
7   21 
15.91773   6.426831 
7   21 
15.36612   8.653488 
7   21 
15.36614   8.653488 
7   21 
15.36612   8.653496 
7   21 
14.70363   10.66932 
7   21 
14.70365   10.66932 
7   21 
14.70363   10.66933 
7   21 
10.74443   27.7745 
7   21 
13.95321   13.91141 
7   21 
13.95322   13.91141 
7   21 
13.95321   13.91143 
7   21 
13.43049   19.97252 
7   21 
13.43051   19.97252 
7   21 
13.43049   19.97254 
7   21 
13.70951   26.61862 
7   21 
13.70953   26.61862 
7   21 
13.70951   26.61865 
7   21 
14.03683   41.02066 
7   21 
14.03684   41.02066 
7   21 
14.03683   41.02071 
7   21 
13.94048   56.17691 
7   21 
13.94049   56.17691 
7   21 
13.94048   56.17696 
7   21 
13.86929   79.65783 
7   21 
13.8693   79.65783 
7   21 
13.86929   79.65791 
7   21 
13.89351   108.862 
7   21 
13.89352   108.862 
7   21 
13.89351   108.8621 
7   21 
13.86918   148.5003 
7   21 
13.86919   148.5003 
7   21 
13.86918   148.5004 
7   21 
13.88665   200.5627 
7   21 
13.88667   200.5627 
7   21 
13.88665   200.5629 
7   21 
13.86372   269.966 
7   21 
13.86374   269.966 
7   21 
13.86372   269.9663 
7   21 
13.88556   362.0008 
7   21 
13.88557   362.0008 
7   21 
13.88556   362.0011 
7   21 
13.85919   484.7055 
7   21 
13.8592   484.7055 
7   21 
13.85919   484.706 
7   21 
13.88342   647.9377 
7   21 
13.88344   647.9377 
7   21 
13.88342   647.9383 
7   21 
13.86171   864.743 
7   21 
13.86172   864.743 
7   21 
13.86171   864.7439 
7   21 
13.8757   1151.298 
7   21 
13.87571   1151.298 
7   21 
13.8757   1151.3 
7   21 
13.86703   1530.145 
7   21 
13.86705   1530.145 
7   21 
13.86703   1530.147 
7   21 
13.87119   2031.49 
7   21 
13.87121   2031.49 
7   21 
13.87119   2031.492 
7   21 
13.86871   2695.282 
7   21 
13.86873   2695.282 
7   21 
13.86871   2695.285 
7   21 
13.86977   3574.582 
7   21 
13.86979   3574.582 
7   21 
13.86977   3574.585 
7   21 
13.86903   4739.26 
7   21 
13.86904   4739.26 
7   21 
13.86903   4739.265 
7   21 
13.86929   6282.157 
7   21 
13.8693   6282.157 
7   21 
13.86929   6282.164 
7   21 
13.86905   8325.938 
7   21 
13.86906   8325.938 
7   21 
13.86905   8325.946 
7   21 
13.8691   11033.19 
7   21 
13.86911   11033.19 
7   21 
13.8691   11033.2 
7   21 
13.86901   14620.15 
7   21 
13.86902   14620.15 
7   21 
13.86901   14620.16 
7   21 
13.86901   19372.37 
7   21 
13.86903   19372.37 
7   21 
13.86901   19372.39 
7   21 
13.86898   25664.46 
7   21 
13.86899   25664.46 
7   21 
13.86898   25664.49 
7   21 
13.86897   33999.69 
7   21 
13.86899   33999.69 
7   21 
13.86897   33999.72 
7   21 
13.86896   45066 
7   21 
13.86897   45066 
7   21 
13.86896   45066.05 
7   21 
13.86895   58136.97 
7   21 
13.86897   58136.97 
7   21 
13.86895   58137.03 
7   21 
13.86895   71207.94 
7   21 
13.86896   71207.94 
7   21 
13.86895   71208.02 
7   21 
13.86894   84278.91 
7   21 
13.86896   84278.91 
7   21 
13.86894   84279 
7   21 
13.86894   97349.89 
7   21 
13.86895   97349.89 
7   21 
13.86894   97349.98 
7   21 
13.86894   110420.9 
7   21 
13.86895   110420.9 
7   21 
13.86894   110421 
Fit Mean:  13.86894  Size:  110420.9  Code:  5 
Try Mean:  13.07059  Size:  0.01 
7   21 
13.07059   0.01 
7   21 
13.07059   0.01 
7   21 
13.0706   0.01 
7   21 
13.07059   0.010001 
7   21 
13.0706   0.01390722 
7   21 
13.07061   0.01390722 
7   21 
13.0706   0.01390822 
7   21 
15.26228   4.643358 
7   21 
15.26229   4.643358 
7   21 
15.26228   4.643363 
7   21 
16.15267   6.711703 
7   21 
16.15269   6.711703 
7   21 
16.15267   6.71171 
7   21 
15.63767   7.193879 
7   21 
15.63769   7.193879 
7   21 
15.63767   7.193886 
Fit Mean:  -6.312542  Size:  37.4197  Code:  1 
Try Mean:  13.07059  Size:  0.001 
7   21 
13.07059   0.001 
7   21 
13.07059   0.001 
7   21 
13.0706   0.001 
7   21 
13.07059   0.001001 
7   21 
13.07059   0.004918611 
7   21 
13.0706   0.004918611 
7   21 
13.07059   0.004919611 
7   21 
15.23018   4.599924 
7   21 
15.2302   4.599924 
7   21 
15.23018   4.599929 
7   21 
16.17434   6.739469 
7   21 
16.17436   6.739469 
7   21 
16.17434   6.739475 
7   21 
15.64167   7.143846 
7   21 
15.64169   7.143846 
7   21 
15.64167   7.143853 
7   21 
3.164872   23.30927 
7   21 
14.39399   8.760388 
7   21 
14.39401   8.760388 
7   21 
14.39399   8.760397 
7   21 
12.87924   12.18409 
7   21 
13.66748   10.40249 
7   21 
13.66749   10.40249 
7   21 
13.66748   10.4025 
7   21 
13.65664   11.99573 
7   21 
13.65666   11.99573 
7   21 
13.65664   11.99574 
7   21 
14.33038   21.73671 
7   21 
14.3304   21.73671 
7   21 
14.33038   21.73673 
7   21 
13.85184   30.97897 
7   21 
13.85185   30.97897 
7   21 
13.85184   30.979 
7   21 
13.80826   45.12213 
7   21 
13.80828   45.12213 
7   21 
13.80826   45.12218 
7   21 
13.94622   63.32499 
7   21 
13.94624   63.32499 
7   21 
13.94622   63.32505 
7   21 
13.84192   88.8091 
7   21 
13.84194   88.8091 
7   21 
13.84192   88.80919 
7   21 
13.911   121.7058 
7   21 
13.91102   121.7058 
7   21 
13.911   121.706 
7   21 
13.85787   165.8191 
7   21 
13.85788   165.8191 
7   21 
13.85787   165.8193 
7   21 
13.88904   223.85 
7   21 
13.88905   223.85 
7   21 
13.88904   223.8502 
7   21 
13.86488   300.8584 
7   21 
13.8649   300.8584 
7   21 
13.86488   300.8587 
7   21 
13.87924   402.7284 
7   21 
13.87925   402.7284 
7   21 
13.87924   402.7288 
7   21 
13.8671   537.7195 
7   21 
13.86711   537.7195 
7   21 
13.8671   537.7201 
7   21 
13.87463   716.5025 
7   21 
13.87464   716.5025 
7   21 
13.87463   716.5032 
7   21 
13.86789   953.3658 
7   21 
13.86791   953.3658 
7   21 
13.86789   953.3668 
7   21 
13.87222   1267.136 
7   21 
13.87223   1267.136 
7   21 
13.87222   1267.137 
7   21 
13.86827   1682.822 
7   21 
13.86828   1682.822 
7   21 
13.86827   1682.824 
7   21 
13.87087   2233.493 
7   21 
13.87088   2233.493 
7   21 
13.87087   2233.496 
7   21 
13.86849   2963.024 
7   21 
13.8685   2963.024 
7   21 
13.86849   2963.027 
7   21 
13.87008   3929.444 
7   21 
13.87009   3929.444 
7   21 
13.87008   3929.447 
7   21 
13.86863   5209.73 
7   21 
13.86865   5209.73 
7   21 
13.86863   5209.736 
7   21 
13.86962   6905.805 
7   21 
13.86963   6905.805 
7   21 
13.86962   6905.812 
7   21 
13.86873   9152.429 
7   21 
13.86875   9152.429 
7   21 
13.86873   9152.438 
7   21 
13.86934   12128.76 
7   21 
13.86935   12128.76 
7   21 
13.86934   12128.77 
7   21 
13.8688   16073.27 
7   21 
13.86881   16073.27 
7   21 
13.8688   16073.28 
7   21 
13.86917   21292.94 
7   21 
13.86918   21292.94 
7   21 
13.86917   21292.96 
7   21 
13.86884   28217.25 
7   21 
13.86886   28217.25 
7   21 
13.86884   28217.28 
7   21 
13.86907   37388.08 
7   21 
13.86909   37388.08 
7   21 
13.86907   37388.12 
7   21 
13.86887   49524.7 
7   21 
13.86889   49524.7 
7   21 
13.86887   49524.75 
7   21 
13.86899   62595.28 
7   21 
13.869   62595.28 
7   21 
13.86899   62595.35 
7   21 
13.86893   75665.87 
7   21 
13.86895   75665.87 
7   21 
13.86893   75665.95 
7   21 
13.86895   88736.46 
7   21 
13.86896   88736.46 
7   21 
13.86895   88736.55 
7   21 
13.86894   101807 
7   21 
13.86895   101807 
7   21 
13.86894   101807.2 
7   21 
13.86894   114877.6 
7   21 
13.86895   114877.6 
7   21 
13.86894   114877.8 
Fit Mean:  13.86894  Size:  114877.6  Code:  5 
Try Mean:  21  Size:  10000 
7   21 
21   10000 
7   21 
21   10000 
7   21 
21.00002   10000 
7   21 
21   10000.01 
7   21 
20.9787   10000 
7   21 
20.97872   10000 
7   21 
20.9787   10000.01 
7   21 
20.95738   10000 
7   21 
20.9574   10000 
7   21 
20.95738   10000.01 
7   21 
20.93604   10000 
7   21 
20.93606   10000 
7   21 
20.93604   10000.01 
7   21 
20.91469   10000 
7   21 
20.91471   10000 
7   21 
20.91469   10000.01 
7   21 
20.89331   10000 
7   21 
20.89333   10000 
7   21 
20.89331   10000.01 
7   21 
20.87192   10000 
7   21 
20.87194   10000 
7   21 
20.87192   10000.01 
7   21 
20.85051   10000 
7   21 
20.85053   10000 
7   21 
20.85051   10000.01 
7   21 
20.82909   10000 
7   21 
20.82911   10000 
7   21 
20.82909   10000.01 
7   21 
20.80764   10000 
7   21 
20.80766   10000 
7   21 
20.80764   10000.01 
7   21 
20.78618   10000 
7   21 
20.7862   10000 
7   21 
20.78618   10000.01 
7   21 
20.7647   10000 
7   21 
20.76472   10000 
7   21 
20.7647   10000.01 
7   21 
20.74321   10000 
7   21 
20.74323   10000 
7   21 
20.74321   10000.01 
7   21 
20.72169   10000 
7   21 
20.72171   10000 
7   21 
20.72169   10000.01 
7   21 
20.70016   10000 
7   21 
20.70018   10000 
7   21 
20.70016   10000.01 
7   21 
20.67862   10000 
7   21 
20.67864   10000 
7   21 
20.67862   10000.01 
7   21 
20.65705   10000 
7   21 
20.65708   10000 
7   21 
20.65705   10000.01 
7   21 
20.63547   10000 
7   21 
20.6355   10000 
7   21 
20.63547   10000.01 
7   21 
20.61388   10000 
7   21 
20.6139   10000 
7   21 
20.61388   10000.01 
7   21 
20.59227   10000 
7   21 
20.59229   10000 
7   21 
20.59227   10000.01 
7   21 
20.57064   10000 
7   21 
20.57066   10000 
7   21 
20.57064   10000.01 
7   21 
20.549   10000 
7   21 
20.54902   10000 
7   21 
20.549   10000.01 
7   21 
20.52734   10000 
7   21 
20.52736   10000 
7   21 
20.52734   10000.01 
7   21 
20.50566   10000 
7   21 
20.50568   10000 
7   21 
20.50566   10000.01 
7   21 
20.48397   10000 
7   21 
20.48399   10000 
7   21 
20.48397   10000.01 
7   21 
20.46226   10000 
7   21 
20.46228   10000 
7   21 
20.46226   10000.01 
7   21 
20.44054   10000 
7   21 
20.44056   10000 
7   21 
20.44054   10000.01 
7   21 
20.41881   10000 
7   21 
20.41883   10000 
7   21 
20.41881   10000.01 
7   21 
20.39706   10000 
7   21 
20.39708   10000 
7   21 
20.39706   10000.01 
7   21 
20.37529   10000 
7   21 
20.37531   10000 
7   21 
20.37529   10000.01 
7   21 
20.35351   10000 
7   21 
20.35353   10000 
7   21 
20.35351   10000.01 
7   21 
20.33172   10000 
7   21 
20.33174   10000 
7   21 
20.33172   10000.01 
7   21 
20.30991   10000 
7   21 
20.30993   10000 
7   21 
20.30991   10000.01 
7   21 
20.28809   10000 
7   21 
20.28811   10000 
7   21 
20.28809   10000.01 
7   21 
20.26625   10000 
7   21 
20.26627   10000 
7   21 
20.26625   10000.01 
7   21 
20.24441   10000 
7   21 
20.24443   10000 
7   21 
20.24441   10000.01 
7   21 
20.22254   10000 
7   21 
20.22256   10000 
7   21 
20.22254   10000.01 
7   21 
20.20067   10000 
7   21 
20.20069   10000 
7   21 
20.20067   10000.01 
7   21 
20.17878   10000 
7   21 
20.1788   10000 
7   21 
20.17878   10000.01 
7   21 
20.15688   10000 
7   21 
20.1569   10000 
7   21 
20.15688   10000.01 
7   21 
20.13497   10000 
7   21 
20.13499   10000 
7   21 
20.13497   10000.01 
7   21 
20.11304   10000 
7   21 
20.11306   10000 
7   21 
20.11304   10000.01 
7   21 
20.09111   10000 
7   21 
20.09113   10000 
7   21 
20.09111   10000.01 
7   21 
20.06916   10000 
7   21 
20.06918   10000 
7   21 
20.06916   10000.01 
7   21 
20.0472   10000 
7   21 
20.04722   10000 
7   21 
20.0472   10000.01 
7   21 
20.02523   10000 
7   21 
20.02525   10000 
7   21 
20.02523   10000.01 
7   21 
20.00325   10000 
7   21 
20.00327   10000 
7   21 
20.00325   10000.01 
7   21 
19.98125   10000 
7   21 
19.98127   10000 
7   21 
19.98125   10000.01 
7   21 
19.95925   10000 
7   21 
19.95927   10000 
7   21 
19.95925   10000.01 
7   21 
19.93723   10000 
7   21 
19.93725   10000 
7   21 
19.93723   10000.01 
7   21 
19.91521   10000 
7   21 
19.91523   10000 
7   21 
19.91521   10000.01 
7   21 
19.89318   10000 
7   21 
19.8932   10000 
7   21 
19.89318   10000.01 
7   21 
19.87113   10000 
7   21 
19.87115   10000 
7   21 
19.87113   10000.01 
7   21 
19.84908   10000 
7   21 
19.8491   10000 
7   21 
19.84908   10000.01 
7   21 
19.82702   10000 
7   21 
19.82704   10000 
7   21 
19.82702   10000.01 
7   21 
19.80495   10000 
7   21 
19.80497   10000 
7   21 
19.80495   10000.01 
7   21 
19.78287   10000 
7   21 
19.78289   10000 
7   21 
19.78287   10000.01 
7   21 
19.76078   10000 
7   21 
19.7608   10000 
7   21 
19.76078   10000.01 
7   21 
19.73869   10000 
7   21 
19.73871   10000 
7   21 
19.73869   10000.01 
7   21 
19.71659   10000 
7   21 
19.71661   10000 
7   21 
19.71659   10000.01 
7   21 
19.69448   10000 
7   21 
19.6945   10000 
7   21 
19.69448   10000.01 
7   21 
19.67236   10000 
7   21 
19.67238   10000 
7   21 
19.67236   10000.01 
7   21 
19.65024   10000 
7   21 
19.65026   10000 
7   21 
19.65024   10000.01 
7   21 
19.62811   10000 
7   21 
19.62813   10000 
7   21 
19.62811   10000.01 
7   21 
19.60597   10000 
7   21 
19.60599   10000 
7   21 
19.60597   10000.01 
7   21 
19.58383   10000 
7   21 
19.58385   10000 
7   21 
19.58383   10000.01 
7   21 
19.56168   10000 
7   21 
19.5617   10000 
7   21 
19.56168   10000.01 
7   21 
19.53953   10000 
7   21 
19.53955   10000 
7   21 
19.53953   10000.01 
7   21 
19.51738   10000 
7   21 
19.51739   10000 
7   21 
19.51738   10000.01 
7   21 
19.49521   10000 
7   21 
19.49523   10000 
7   21 
19.49521   10000.01 
7   21 
19.47305   10000 
7   21 
19.47307   10000 
7   21 
19.47305   10000.01 
7   21 
19.45088   10000 
7   21 
19.4509   10000 
7   21 
19.45088   10000.01 
7   21 
19.42871   10000 
7   21 
19.42873   10000 
7   21 
19.42871   10000.01 
7   21 
19.40653   10000 
7   21 
19.40655   10000 
7   21 
19.40653   10000.01 
7   21 
19.38435   10000 
7   21 
19.38437   10000 
7   21 
19.38435   10000.01 
7   21 
19.36217   10000 
7   21 
19.36219   10000 
7   21 
19.36217   10000.01 
7   21 
19.33999   10000 
7   21 
19.34001   10000 
7   21 
19.33999   10000.01 
7   21 
19.3178   10000 
7   21 
19.31782   10000 
7   21 
19.3178   10000.01 
7   21 
19.29562   10000 
7   21 
19.29563   10000 
7   21 
19.29562   10000.01 
7   21 
19.27343   10000 
7   21 
19.27345   10000 
7   21 
19.27343   10000.01 
7   21 
19.25124   10000 
7   21 
19.25126   10000 
7   21 
19.25124   10000.01 
7   21 
19.22905   10000 
7   21 
19.22907   10000 
7   21 
19.22905   10000.01 
Fit Mean:  -2430.695  Size:  9999.998  Code:  1 
Try Mean:  21  Size:  1000 
7   21 
21   1000 
7   21 
21   1000 
7   21 
21.00002   1000 
7   21 
21   1000.001 
7   21 
20.97903   1000 
7   21 
20.97905   1000 
7   21 
20.97903   1000.001 
7   21 
20.95803   1000 
7   21 
20.95806   1000 
7   21 
20.95803   1000.001 
7   21 
20.93703   1000 
7   21 
20.93705   1000 
7   21 
20.93703   1000.001 
7   21 
20.916   1000 
7   21 
20.91602   1000 
7   21 
20.916   1000.001 
7   21 
20.89496   1000 
7   21 
20.89498   1000 
7   21 
20.89496   1000.001 
7   21 
20.8739   1000 
7   21 
20.87392   1000 
7   21 
20.8739   1000.001 
7   21 
20.85282   1000 
7   21 
20.85284   1000 
7   21 
20.85282   1000.001 
7   21 
20.83173   1000 
7   21 
20.83175   1000 
7   21 
20.83173   1000.001 
7   21 
20.81062   1000 
7   21 
20.81064   1000 
7   21 
20.81062   1000.001 
7   21 
20.78949   1000 
7   21 
20.78951   1000 
7   21 
20.78949   1000.001 
7   21 
20.76835   1000 
7   21 
20.76837   1000 
7   21 
20.76835   1000.001 
7   21 
20.74719   1000 
7   21 
20.74721   1000 
7   21 
20.74719   1000.001 
7   21 
20.72601   1000 
7   21 
20.72603   1000 
7   21 
20.72601   1000.001 
7   21 
20.70482   1000 
7   21 
20.70484   1000 
7   21 
20.70482   1000.001 
7   21 
20.68362   1000 
7   21 
20.68364   1000 
7   21 
20.68362   1000.001 
7   21 
20.66239   1000 
7   21 
20.66241   1000 
7   21 
20.66239   1000.001 
7   21 
20.64115   1000 
7   21 
20.64118   1000 
7   21 
20.64115   1000.001 
7   21 
20.6199   1000 
7   21 
20.61992   1000 
7   21 
20.6199   1000.001 
7   21 
20.59863   1000 
7   21 
20.59865   1000 
7   21 
20.59863   1000.001 
7   21 
20.57735   1000 
7   21 
20.57737   1000 
7   21 
20.57735   1000.001 
7   21 
20.55605   1000 
7   21 
20.55607   1000 
7   21 
20.55605   1000.001 
7   21 
20.53474   1000 
7   21 
20.53476   1000 
7   21 
20.53474   1000.001 
7   21 
20.51341   1000 
7   21 
20.51343   1000 
7   21 
20.51341   1000.001 
7   21 
20.49206   1000 
7   21 
20.49208   1000 
7   21 
20.49206   1000.001 
7   21 
20.47071   999.9999 
7   21 
20.47073   999.9999 
7   21 
20.47071   1000.001 
7   21 
20.44934   999.9999 
7   21 
20.44936   999.9999 
7   21 
20.44934   1000.001 
7   21 
20.42795   999.9999 
7   21 
20.42797   999.9999 
7   21 
20.42795   1000.001 
7   21 
20.40655   999.9999 
7   21 
20.40657   999.9999 
7   21 
20.40655   1000.001 
7   21 
20.38514   999.9999 
7   21 
20.38516   999.9999 
7   21 
20.38514   1000.001 
7   21 
20.36371   999.9999 
7   21 
20.36373   999.9999 
7   21 
20.36371   1000.001 
7   21 
20.34227   999.9999 
7   21 
20.34229   999.9999 
7   21 
20.34227   1000.001 
7   21 
20.32082   999.9999 
7   21 
20.32084   999.9999 
7   21 
20.32082   1000.001 
7   21 
20.29935   999.9999 
7   21 
20.29937   999.9999 
7   21 
20.29935   1000.001 
7   21 
20.27787   999.9999 
7   21 
20.27789   999.9999 
7   21 
20.27787   1000.001 
7   21 
20.25638   999.9999 
7   21 
20.2564   999.9999 
7   21 
20.25638   1000.001 
7   21 
20.23488   999.9999 
7   21 
20.2349   999.9999 
7   21 
20.23488   1000.001 
7   21 
20.21336   999.9999 
7   21 
20.21338   999.9999 
7   21 
20.21336   1000.001 
7   21 
20.19183   999.9999 
7   21 
20.19185   999.9999 
7   21 
20.19183   1000.001 
7   21 
20.17029   999.9999 
7   21 
20.17031   999.9999 
7   21 
20.17029   1000.001 
7   21 
20.14874   999.9999 
7   21 
20.14876   999.9999 
7   21 
20.14874   1000.001 
7   21 
20.12718   999.9999 
7   21 
20.1272   999.9999 
7   21 
20.12718   1000.001 
7   21 
20.1056   999.9999 
7   21 
20.10562   999.9999 
7   21 
20.1056   1000.001 
7   21 
20.08402   999.9999 
7   21 
20.08404   999.9999 
7   21 
20.08402   1000.001 
7   21 
20.06242   999.9999 
7   21 
20.06244   999.9999 
7   21 
20.06242   1000.001 
7   21 
20.04081   999.9999 
7   21 
20.04083   999.9999 
7   21 
20.04081   1000.001 
7   21 
20.0192   999.9999 
7   21 
20.01922   999.9999 
7   21 
20.0192   1000.001 
7   21 
19.99757   999.9999 
7   21 
19.99759   999.9999 
7   21 
19.99757   1000.001 
7   21 
19.97593   999.9999 
7   21 
19.97595   999.9999 
7   21 
19.97593   1000.001 
7   21 
19.95429   999.9999 
7   21 
19.95431   999.9999 
7   21 
19.95429   1000.001 
7   21 
19.93263   999.9999 
7   21 
19.93265   999.9999 
7   21 
19.93263   1000.001 
7   21 
19.91097   999.9999 
7   21 
19.91099   999.9999 
7   21 
19.91097   1000.001 
7   21 
19.88929   999.9999 
7   21 
19.88931   999.9999 
7   21 
19.88929   1000.001 
7   21 
19.86761   999.9999 
7   21 
19.86763   999.9999 
7   21 
19.86761   1000.001 
7   21 
19.84592   999.9999 
7   21 
19.84594   999.9999 
7   21 
19.84592   1000.001 
7   21 
19.82422   999.9999 
7   21 
19.82424   999.9999 
7   21 
19.82422   1000.001 
7   21 
19.80251   999.9999 
7   21 
19.80253   999.9999 
7   21 
19.80251   1000.001 
7   21 
19.7808   999.9999 
7   21 
19.78082   999.9999 
7   21 
19.7808   1000.001 
7   21 
19.75908   999.9999 
7   21 
19.7591   999.9999 
7   21 
19.75908   1000.001 
7   21 
19.73735   999.9999 
7   21 
19.73737   999.9999 
7   21 
19.73735   1000.001 
7   21 
19.71561   999.9999 
7   21 
19.71563   999.9999 
7   21 
19.71561   1000.001 
7   21 
19.69387   999.9999 
7   21 
19.69389   999.9999 
7   21 
19.69387   1000.001 
7   21 
19.67212   999.9999 
7   21 
19.67214   999.9999 
7   21 
19.67212   1000.001 
7   21 
19.65037   999.9999 
7   21 
19.65039   999.9999 
7   21 
19.65037   1000.001 
7   21 
19.62861   999.9999 
7   21 
19.62863   999.9999 
7   21 
19.62861   1000.001 
7   21 
19.60684   999.9999 
7   21 
19.60686   999.9999 
7   21 
19.60684   1000.001 
7   21 
19.58507   999.9999 
7   21 
19.58509   999.9999 
7   21 
19.58507   1000.001 
7   21 
19.5633   999.9999 
7   21 
19.56332   999.9999 
7   21 
19.5633   1000.001 
7   21 
19.54152   999.9999 
7   21 
19.54154   999.9999 
7   21 
19.54152   1000.001 
7   21 
19.51974   999.9999 
7   21 
19.51976   999.9999 
7   21 
19.51974   1000.001 
7   21 
19.49795   999.9999 
7   21 
19.49797   999.9999 
7   21 
19.49795   1000.001 
7   21 
19.47616   999.9999 
7   21 
19.47618   999.9999 
7   21 
19.47616   1000.001 
7   21 
19.45436   999.9999 
7   21 
19.45438   999.9999 
7   21 
19.45436   1000.001 
7   21 
19.43257   999.9999 
7   21 
19.43259   999.9999 
7   21 
19.43257   1000.001 
7   21 
19.41077   999.9999 
7   21 
19.41079   999.9999 
7   21 
19.41077   1000.001 
7   21 
19.38897   999.9999 
7   21 
19.38899   999.9999 
7   21 
19.38897   1000.001 
7   21 
19.36716   999.9999 
7   21 
19.36718   999.9999 
7   21 
19.36716   1000.001 
7   21 
19.34536   999.9999 
7   21 
19.34538   999.9999 
7   21 
19.34536   1000.001 
7   21 
19.32355   999.9999 
7   21 
19.32357   999.9999 
7   21 
19.32355   1000.001 
7   21 
19.30175   999.9999 
7   21 
19.30177   999.9999 
7   21 
19.30175   1000.001 
7   21 
19.27994   999.9999 
7   21 
19.27996   999.9999 
7   21 
19.27994   1000.001 
7   21 
19.25813   999.9999 
7   21 
19.25815   999.9999 
7   21 
19.25813   1000.001 
Fit Mean:  -1555.332  Size:  999.8927  Code:  1 
Try Mean:  21  Size:  100 
7   21 
21   100 
7   21 
21   100 
7   21 
21.00002   100 
7   21 
21   100.0001 
7   21 
20.98198   99.99983 
7   21 
20.982   99.99983 
7   21 
20.98198   99.99993 
7   21 
20.96395   99.99966 
7   21 
20.96397   99.99966 
7   21 
20.96395   99.99976 
7   21 
20.9459   99.9995 
7   21 
20.94592   99.9995 
7   21 
20.9459   99.9996 
7   21 
20.92785   99.99933 
7   21 
20.92787   99.99933 
7   21 
20.92785   99.99943 
7   21 
20.90979   99.99916 
7   21 
20.90981   99.99916 
7   21 
20.90979   99.99926 
7   21 
20.89172   99.999 
7   21 
20.89174   99.999 
7   21 
20.89172   99.9991 
7   21 
20.87364   99.99883 
7   21 
20.87366   99.99883 
7   21 
20.87364   99.99893 
7   21 
20.85555   99.99867 
7   21 
20.85557   99.99867 
7   21 
20.85555   99.99877 
7   21 
20.83744   99.9985 
7   21 
20.83747   99.9985 
7   21 
20.83744   99.9986 
7   21 
20.81934   99.99834 
7   21 
20.81936   99.99834 
7   21 
20.81934   99.99844 
7   21 
20.80122   99.99818 
7   21 
20.80124   99.99818 
7   21 
20.80122   99.99828 
7   21 
20.78309   99.99802 
7   21 
20.78311   99.99802 
7   21 
20.78309   99.99812 
7   21 
20.76495   99.99785 
7   21 
20.76497   99.99785 
7   21 
20.76495   99.99795 
7   21 
20.7468   99.99769 
7   21 
20.74683   99.99769 
7   21 
20.7468   99.99779 
7   21 
20.72865   99.99753 
7   21 
20.72867   99.99753 
7   21 
20.72865   99.99763 
7   21 
20.71049   99.99737 
7   21 
20.71051   99.99737 
7   21 
20.71049   99.99747 
7   21 
20.69231   99.99721 
7   21 
20.69233   99.99721 
7   21 
20.69231   99.99731 
7   21 
20.67413   99.99705 
7   21 
20.67415   99.99705 
7   21 
20.67413   99.99715 
7   21 
20.65594   99.9969 
7   21 
20.65596   99.9969 
7   21 
20.65594   99.997 
7   21 
20.63774   99.99674 
7   21 
20.63776   99.99674 
7   21 
20.63774   99.99684 
7   21 
20.61954   99.99658 
7   21 
20.61956   99.99658 
7   21 
20.61954   99.99668 
7   21 
20.60132   99.99642 
7   21 
20.60134   99.99642 
7   21 
20.60132   99.99652 
7   21 
20.5831   99.99627 
7   21 
20.58312   99.99627 
7   21 
20.5831   99.99637 
7   21 
20.56487   99.99611 
7   21 
20.56489   99.99611 
7   21 
20.56487   99.99621 
7   21 
20.54663   99.99596 
7   21 
20.54665   99.99596 
7   21 
20.54663   99.99606 
7   21 
20.52839   99.9958 
7   21 
20.52841   99.9958 
7   21 
20.52839   99.9959 
7   21 
20.51013   99.99565 
7   21 
20.51015   99.99565 
7   21 
20.51013   99.99575 
7   21 
20.49187   99.9955 
7   21 
20.49189   99.9955 
7   21 
20.49187   99.9956 
7   21 
20.4736   99.99534 
7   21 
20.47362   99.99534 
7   21 
20.4736   99.99544 
7   21 
20.45533   99.99519 
7   21 
20.45535   99.99519 
7   21 
20.45533   99.99529 
7   21 
20.43704   99.99504 
7   21 
20.43707   99.99504 
7   21 
20.43704   99.99514 
7   21 
20.41875   99.99489 
7   21 
20.41878   99.99489 
7   21 
20.41875   99.99499 
7   21 
20.40046   99.99474 
7   21 
20.40048   99.99474 
7   21 
20.40046   99.99484 
7   21 
20.38215   99.99459 
7   21 
20.38218   99.99459 
7   21 
20.38215   99.99469 
7   21 
20.36384   99.99444 
7   21 
20.36386   99.99444 
7   21 
20.36384   99.99454 
7   21 
20.34553   99.99429 
7   21 
20.34555   99.99429 
7   21 
20.34553   99.99439 
7   21 
20.3272   99.99414 
7   21 
20.32723   99.99414 
7   21 
20.3272   99.99424 
7   21 
20.30888   99.99399 
7   21 
20.3089   99.99399 
7   21 
20.30888   99.99409 
7   21 
20.29054   99.99385 
7   21 
20.29056   99.99385 
7   21 
20.29054   99.99395 
7   21 
20.2722   99.9937 
7   21 
20.27222   99.9937 
7   21 
20.2722   99.9938 
7   21 
20.25385   99.99355 
7   21 
20.25387   99.99355 
7   21 
20.25385   99.99365 
7   21 
20.2355   99.99341 
7   21 
20.23552   99.99341 
7   21 
20.2355   99.99351 
7   21 
20.21714   99.99326 
7   21 
20.21716   99.99326 
7   21 
20.21714   99.99336 
7   21 
20.19878   99.99312 
7   21 
20.1988   99.99312 
7   21 
20.19878   99.99322 
7   21 
20.18041   99.99298 
7   21 
20.18043   99.99298 
7   21 
20.18041   99.99308 
7   21 
20.16203   99.99283 
7   21 
20.16205   99.99283 
7   21 
20.16203   99.99293 
7   21 
20.14365   99.99269 
7   21 
20.14367   99.99269 
7   21 
20.14365   99.99279 
7   21 
20.12527   99.99255 
7   21 
20.12529   99.99255 
7   21 
20.12527   99.99265 
7   21 
20.10688   99.99241 
7   21 
20.1069   99.99241 
7   21 
20.10688   99.99251 
7   21 
20.08848   99.99227 
7   21 
20.08851   99.99227 
7   21 
20.08848   99.99237 
7   21 
20.07009   99.99213 
7   21 
20.07011   99.99213 
7   21 
20.07009   99.99223 
7   21 
20.05168   99.99199 
7   21 
20.0517   99.99199 
7   21 
20.05168   99.99209 
7   21 
20.03328   99.99185 
7   21 
20.0333   99.99185 
7   21 
20.03328   99.99195 
7   21 
20.01487   99.99171 
7   21 
20.01489   99.99171 
7   21 
20.01487   99.99181 
7   21 
19.99645   99.99157 
7   21 
19.99647   99.99157 
7   21 
19.99645   99.99167 
7   21 
19.97803   99.99143 
7   21 
19.97805   99.99143 
7   21 
19.97803   99.99153 
7   21 
19.95961   99.9913 
7   21 
19.95963   99.9913 
7   21 
19.95961   99.9914 
7   21 
19.94119   99.99116 
7   21 
19.94121   99.99116 
7   21 
19.94119   99.99126 
7   21 
19.92276   99.99103 
7   21 
19.92278   99.99103 
7   21 
19.92276   99.99113 
7   21 
19.90433   99.99089 
7   21 
19.90435   99.99089 
7   21 
19.90433   99.99099 
7   21 
19.88589   99.99076 
7   21 
19.88591   99.99076 
7   21 
19.88589   99.99086 
7   21 
19.86746   99.99062 
7   21 
19.86748   99.99062 
7   21 
19.86746   99.99072 
7   21 
19.84902   99.99049 
7   21 
19.84904   99.99049 
7   21 
19.84902   99.99059 
7   21 
19.83058   99.99036 
7   21 
19.8306   99.99036 
7   21 
19.83058   99.99046 
7   21 
19.81213   99.99023 
7   21 
19.81215   99.99023 
7   21 
19.81213   99.99033 
7   21 
19.79369   99.9901 
7   21 
19.79371   99.9901 
7   21 
19.79369   99.9902 
7   21 
19.77524   99.98997 
7   21 
19.77526   99.98997 
7   21 
19.77524   99.99007 
7   21 
19.75679   99.98984 
7   21 
19.75681   99.98984 
7   21 
19.75679   99.98994 
7   21 
19.73834   99.98971 
7   21 
19.73836   99.98971 
7   21 
19.73834   99.98981 
7   21 
19.71989   99.98958 
7   21 
19.71991   99.98958 
7   21 
19.71989   99.98968 
7   21 
19.70144   99.98945 
7   21 
19.70145   99.98945 
7   21 
19.70144   99.98955 
7   21 
19.68298   99.98932 
7   21 
19.683   99.98932 
7   21 
19.68298   99.98942 
7   21 
19.66453   99.9892 
7   21 
19.66455   99.9892 
7   21 
19.66453   99.9893 
7   21 
19.64607   99.98907 
7   21 
19.64609   99.98907 
7   21 
19.64607   99.98917 
7   21 
19.62762   99.98894 
7   21 
19.62763   99.98894 
7   21 
19.62762   99.98904 
7   21 
19.60916   99.98882 
7   21 
19.60918   99.98882 
7   21 
19.60916   99.98892 
Fit Mean:  -54382.66  Size:  -266.8098  Code:  1 
Try Mean:  21  Size:  10 
7   21 
21   10 
7   21 
21   10 
7   21 
21.00002   10 
7   21 
21   10.00001 
7   21 
20.99476   9.997534 
7   21 
20.99478   9.997534 
7   21 
20.99476   9.997544 
7   21 
2.341234   9.876019 
7   21 
18.88197   9.983771 
7   21 
18.88199   9.983771 
7   21 
18.88197   9.983781 
Fit Mean:  -50.75902  Size:  24.70458  Code:  1 
Try Mean:  21  Size:  1 
7   21 
21   1 
7   21 
21   1 
7   21 
21.00002   1 
7   21 
21   1.000001 
7   21 
21.00009   1.003593 
7   21 
21.00011   1.003593 
7   21 
21.00009   1.003594 
7   21 
21.01195   2.024846 
7   21 
21.01198   2.024846 
7   21 
21.01195   2.024848 
7   21 
20.93187   2.346043 
7   21 
20.93189   2.346043 
7   21 
20.93187   2.346046 
7   21 
20.73364   2.614395 
7   21 
20.73366   2.614395 
7   21 
20.73364   2.614398 
7   21 
20.11426   3.129881 
7   21 
20.11428   3.129881 
7   21 
20.11426   3.129884 
7   21 
19.49062   3.558898 
7   21 
19.49064   3.558898 
7   21 
19.49062   3.558901 
7   21 
18.61292   4.19909 
7   21 
18.61294   4.19909 
7   21 
18.61292   4.199094 
7   21 
17.21826   5.319261 
7   21 
17.21827   5.319261 
7   21 
17.21826   5.319266 
7   21 
14.97682   7.285594 
7   21 
14.97683   7.285594 
7   21 
14.97682   7.285602 
7   21 
2.591532   19.29223 
7   21 
13.73829   8.486258 
7   21 
13.7383   8.486258 
7   21 
13.73829   8.486266 
7   21 
14.00088   8.468955 
7   21 
14.00089   8.468955 
7   21 
14.00088   8.468964 
7   21 
14.31922   9.172177 
7   21 
14.31923   9.172177 
7   21 
14.31922   9.172186 
7   21 
14.712   12.06186 
7   21 
14.71202   12.06186 
7   21 
14.712   12.06187 
7   21 
14.57672   16.5558 
7   21 
14.57674   16.5558 
7   21 
14.57672   16.55581 
7   21 
13.40539   31.76381 
7   21 
13.40541   31.76381 
7   21 
13.40539   31.76384 
7   21 
13.78084   35.98002 
7   21 
13.78085   35.98002 
7   21 
13.78084   35.98005 
7   21 
14.05093   51.09052 
7   21 
14.05094   51.09052 
7   21 
14.05093   51.09058 
7   21 
14.00318   68.32123 
7   21 
14.00319   68.32123 
7   21 
14.00318   68.32129 
7   21 
13.86581   96.85647 
7   21 
13.86582   96.85647 
7   21 
13.86581   96.85657 
7   21 
13.8553   130.2953 
7   21 
13.85531   130.2953 
7   21 
13.8553   130.2954 
7   21 
13.87748   177.3748 
7   21 
13.87749   177.3748 
7   21 
13.87748   177.375 
7   21 
13.87624   238.3611 
7   21 
13.87625   238.3611 
7   21 
13.87624   238.3614 
7   21 
13.87354   319.9349 
7   21 
13.87355   319.9349 
7   21 
13.87354   319.9353 
7   21 
13.87254   427.6023 
7   21 
13.87255   427.6023 
7   21 
13.87254   427.6027 
7   21 
13.87159   570.4327 
7   21 
13.8716   570.4327 
7   21 
13.87159   570.4333 
7   21 
13.87096   759.543 
7   21 
13.87097   759.543 
7   21 
13.87096   759.5438 
7   21 
13.87045   1010.114 
7   21 
13.87046   1010.114 
7   21 
13.87045   1010.115 
7   21 
13.87008   1342.022 
7   21 
13.87009   1342.022 
7   21 
13.87008   1342.023 
7   21 
13.86979   1781.723 
7   21 
13.86981   1781.723 
7   21 
13.86979   1781.725 
7   21 
13.86958   2364.201 
7   21 
13.8696   2364.201 
7   21 
13.86958   2364.203 
7   21 
13.86942   3135.812 
7   21 
13.86943   3135.812 
7   21 
13.86942   3135.815 
7   21 
13.8693   4157.981 
7   21 
13.86931   4157.981 
7   21 
13.8693   4157.986 
7   21 
13.86921   5512.056 
7   21 
13.86922   5512.056 
7   21 
13.86921   5512.061 
7   21 
13.86914   7305.789 
7   21 
13.86915   7305.789 
7   21 
13.86914   7305.796 
7   21 
13.86908   9682.066 
7   21 
13.8691   9682.066 
7   21 
13.86908   9682.075 
7   21 
13.86905   12829.66 
7   21 
13.86906   12829.66 
7   21 
13.86905   12829.67 
7   21 
13.86902   17000.11 
7   21 
13.86903   17000.11 
7   21 
13.86902   17000.13 
7   21 
13.86899   22522.98 
7   21 
13.86901   22522.98 
7   21 
13.86899   22523 
7   21 
13.86898   29837.46 
7   21 
13.86899   29837.46 
7   21 
13.86898   29837.49 
7   21 
13.86896   39530.84 
7   21 
13.86898   39530.84 
7   21 
13.86896   39530.88 
7   21 
13.86895   52407.25 
7   21 
13.86897   52407.25 
7   21 
13.86895   52407.31 
7   21 
13.86895   69377.03 
7   21 
13.86896   69377.03 
7   21 
13.86895   69377.1 
7   21 
13.86894   90400.82 
7   21 
13.86895   90400.82 
7   21 
13.86894   90400.91 
7   21 
13.86894   111424.6 
7   21 
13.86895   111424.6 
7   21 
13.86894   111424.7 
7   21 
13.86894   132448.4 
7   21 
13.86895   132448.4 
7   21 
13.86894   132448.5 
7   21 
13.86893   153472.2 
7   21 
13.86895   153472.2 
7   21 
13.86893   153472.4 
7   21 
13.86893   174496 
7   21 
13.86895   174496 
7   21 
13.86893   174496.2 
Fit Mean:  13.86893  Size:  174496  Code:  5 
Try Mean:  21  Size:  0.1 
7   21 
21   0.1 
7   21 
21   0.1 
7   21 
21.00002   0.1 
7   21 
21   0.100001 
7   21 
21.00003   0.1076916 
7   21 
21.00005   0.1076916 
7   21 
21.00003   0.1076926 
7   21 
21.07574   1.432492 
7   21 
21.07576   1.432492 
7   21 
21.07574   1.432493 
7   21 
21.10392   1.975296 
7   21 
21.10394   1.975296 
7   21 
21.10392   1.975298 
7   21 
21.06927   2.348326 
7   21 
21.06929   2.348326 
7   21 
21.06927   2.348328 
7   21 
20.98268   2.506786 
7   21 
20.9827   2.506786 
7   21 
20.98268   2.506788 
7   21 
20.69898   2.782727 
7   21 
20.69901   2.782727 
7   21 
20.69898   2.78273 
7   21 
19.03495   4.056577 
7   21 
19.03497   4.056577 
7   21 
19.03495   4.056581 
7   21 
15.17917   7.045419 
7   21 
15.17919   7.045419 
7   21 
15.17917   7.045426 
7   21 
8.835119   12.25663 
7   21 
14.54477   7.566541 
7   21 
14.54478   7.566541 
7   21 
14.54477   7.566548 
7   21 
13.65225   8.514073 
7   21 
13.65226   8.514073 
7   21 
13.65225   8.514081 
7   21 
13.94301   8.430951 
7   21 
13.94303   8.430951 
7   21 
13.94301   8.43096 
7   21 
14.22923   8.87415 
7   21 
14.22924   8.87415 
7   21 
14.22923   8.874159 
7   21 
14.70189   11.08665 
7   21 
14.7019   11.08665 
7   21 
14.70189   11.08666 
7   21 
14.70054   14.26763 
7   21 
14.70055   14.26763 
7   21 
14.70054   14.26765 
7   21 
13.81906   26.51703 
7   21 
13.81908   26.51703 
7   21 
13.81906   26.51706 
7   21 
13.65533   35.4661 
7   21 
13.65534   35.4661 
7   21 
13.65533   35.46614 
7   21 
13.9118   51.85949 
7   21 
13.91181   51.85949 
7   21 
13.9118   51.85954 
7   21 
13.93027   71.34079 
7   21 
13.93029   71.34079 
7   21 
13.93027   71.34086 
7   21 
13.87672   99.09789 
7   21 
13.87674   99.09789 
7   21 
13.87672   99.09799 
7   21 
13.8841   134.9314 
7   21 
13.88411   134.9314 
7   21 
13.8841   134.9316 
7   21 
13.87443   182.7784 
7   21 
13.87444   182.7784 
7   21 
13.87443   182.7786 
7   21 
13.87771   245.9824 
7   21 
13.87773   245.9824 
7   21 
13.87771   245.9827 
7   21 
13.8713   329.8236 
7   21 
13.87132   329.8236 
7   21 
13.8713   329.8239 
7   21 
13.87497   440.848 
7   21 
13.87498   440.848 
7   21 
13.87497   440.8484 
7   21 
13.86898   588.0059 
7   21 
13.86899   588.0059 
7   21 
13.86898   588.0065 
7   21 
13.87393   782.9923 
7   21 
13.87394   782.9923 
7   21 
13.87393   782.9931 
7   21 
13.86712   1041.532 
7   21 
13.86713   1041.532 
7   21 
13.86712   1041.533 
7   21 
13.87386   1384.395 
7   21 
13.87387   1384.395 
7   21 
13.87386   1384.397 
7   21 
13.86565   1839.588 
7   21 
13.86567   1839.588 
7   21 
13.86565   1839.589 
7   21 
13.87387   2444.171 
7   21 
13.87389   2444.171 
7   21 
13.87387   2444.174 
7   21 
13.86538   3247.575 
7   21 
13.86539   3247.575 
7   21 
13.86538   3247.578 
7   21 
13.8726   4313.732 
7   21 
13.87261   4313.732 
7   21 
13.8726   4313.736 
7   21 
13.86685   5726.29 
7   21 
13.86687   5726.29 
7   21 
13.86685   5726.296 
7   21 
13.87061   7595.686 
7   21 
13.87062   7595.686 
7   21 
13.87061   7595.694 
7   21 
13.8682   10070.21 
7   21 
13.86822   10070.21 
7   21 
13.8682   10070.22 
7   21 
13.86954   13346.14 
7   21 
13.86956   13346.14 
7   21 
13.86954   13346.15 
7   21 
13.86873   17685.78 
7   21 
13.86874   17685.78 
7   21 
13.86873   17685.8 
7   21 
13.86915   23433.05 
7   21 
13.86917   23433.05 
7   21 
13.86915   23433.07 
7   21 
13.86888   31042.18 
7   21 
13.8689   31042.18 
7   21 
13.86888   31042.21 
7   21 
13.86901   41142.49 
7   21 
13.86903   41142.49 
7   21 
13.86901   41142.53 
7   21 
13.86892   54493.11 
7   21 
13.86894   54493.11 
7   21 
13.86892   54493.17 
7   21 
13.86896   72248.43 
7   21 
13.86898   72248.43 
7   21 
13.86896   72248.5 
7   21 
13.86893   93248.67 
7   21 
13.86895   93248.67 
7   21 
13.86893   93248.76 
7   21 
13.86894   114248.9 
7   21 
13.86895   114248.9 
7   21 
13.86894   114249 
7   21 
13.86894   135249.1 
7   21 
13.86895   135249.1 
7   21 
13.86894   135249.3 
7   21 
13.86893   156249.4 
7   21 
13.86895   156249.4 
7   21 
13.86893   156249.5 
7   21 
13.86893   177249.6 
7   21 
13.86895   177249.6 
7   21 
13.86893   177249.8 
Fit Mean:  13.86893  Size:  177249.6  Code:  5 
Try Mean:  21  Size:  0.01 
7   21 
21   0.01 
7   21 
21   0.01 
7   21 
21.00002   0.01 
7   21 
21   0.010001 
7   21 
21   0.01822736 
7   21 
21.00002   0.01822736 
7   21 
21   0.01822836 
7   21 
21.07531   1.364838 
7   21 
21.07533   1.364838 
7   21 
21.07531   1.364839 
7   21 
21.1101   1.929543 
7   21 
21.11012   1.929543 
7   21 
21.1101   1.929545 
7   21 
21.08572   2.326218 
7   21 
21.08574   2.326218 
7   21 
21.08572   2.32622 
7   21 
21.00927   2.487384 
7   21 
21.00929   2.487384 
7   21 
21.00927   2.487387 
7   21 
20.78548   2.719274 
7   21 
20.7855   2.719274 
7   21 
20.78548   2.719277 
7   21 
19.6459   3.604286 
7   21 
19.64592   3.604286 
7   21 
19.6459   3.604289 
7   21 
17.82554   4.988943 
7   21 
17.82556   4.988943 
7   21 
17.82554   4.988948 
7   21 
13.37058   8.615106 
7   21 
13.37059   8.615106 
7   21 
13.37058   8.615114 
7   21 
15.50942   6.967963 
7   21 
14.16833   8.000747 
7   21 
14.16835   8.000747 
7   21 
14.16833   8.000755 
7   21 
14.05537   8.2947 
7   21 
14.05538   8.2947 
7   21 
14.05537   8.294708 
7   21 
13.3685   11.45119 
7   21 
13.36851   11.45119 
7   21 
13.3685   11.4512 
7   21 
13.45045   13.71386 
7   21 
13.45046   13.71386 
7   21 
13.45045   13.71388 
7   21 
14.3681   24.73431 
7   21 
14.36811   24.73431 
7   21 
14.3681   24.73434 
7   21 
14.04414   32.36284 
7   21 
14.04415   32.36284 
7   21 
14.04414   32.36287 
7   21 
13.75297   49.95523 
7   21 
13.75298   49.95523 
7   21 
13.75297   49.95528 
7   21 
13.88709   67.83544 
7   21 
13.88711   67.83544 
7   21 
13.88709   67.83551 
7   21 
13.89095   94.80969 
7   21 
13.89096   94.80969 
7   21 
13.89095   94.80979 
7   21 
13.87832   128.9384 
7   21 
13.87834   128.9384 
7   21 
13.87832   128.9385 
7   21 
13.87994   174.9934 
7   21 
13.87996   174.9934 
7   21 
13.87994   174.9936 
7   21 
13.87362   235.5837 
7   21 
13.87364   235.5837 
7   21 
13.87362   235.5839 
7   21 
13.87593   316.0735 
7   21 
13.87594   316.0735 
7   21 
13.87593   316.0738 
7   21 
13.87047   422.6145 
7   21 
13.87048   422.6145 
7   21 
13.87047   422.615 
7   21 
13.87434   563.8262 
7   21 
13.87435   563.8262 
7   21 
13.87434   563.8268 
7   21 
13.86798   750.9761 
7   21 
13.868   750.9761 
7   21 
13.86798   750.9768 
7   21 
13.87428   999.0946 
7   21 
13.87429   999.0946 
7   21 
13.87428   999.0956 
7   21 
13.86563   1328.418 
7   21 
13.86564   1328.418 
7   21 
13.86563   1328.419 
7   21 
13.87508   1765.967 
7   21 
13.87509   1765.967 
7   21 
13.87508   1765.969 
7   21 
13.86404   2348.445 
7   21 
13.86405   2348.445 
7   21 
13.86404   2348.447 
7   21 
13.87448   3123.31 
7   21 
13.87449   3123.31 
7   21 
13.87448   3123.313 
7   21 
13.86564   4151.035 
7   21 
13.86566   4151.035 
7   21 
13.86564   4151.039 
7   21 
13.87136   5509.765 
7   21 
13.87137   5509.765 
7   21 
13.87136   5509.771 
7   21 
13.868   7306.751 
7   21 
13.86802   7306.751 
7   21 
13.868   7306.758 
7   21 
13.86966   9684.784 
7   21 
13.86967   9684.784 
7   21 
13.86966   9684.793 
7   21 
13.86876   12834.69 
7   21 
13.86877   12834.69 
7   21 
13.86876   12834.7 
7   21 
13.86916   17006.52 
7   21 
13.86917   17006.52 
7   21 
13.86916   17006.53 
7   21 
13.86892   22536.5 
7   21 
13.86893   22536.5 
7   21 
13.86892   22536.52 
7   21 
13.86901   29853.3 
7   21 
13.86903   29853.3 
7   21 
13.86901   29853.33 
7   21 
13.86894   39550.7 
7   21 
13.86896   39550.7 
7   21 
13.86894   39550.74 
7   21 
13.86896   52407.92 
7   21 
13.86898   52407.92 
7   21 
13.86896   52407.97 
7   21 
13.86894   69338.32 
7   21 
13.86896   69338.32 
7   21 
13.86894   69338.39 
7   21 
13.86894   90338.32 
7   21 
13.86896   90338.32 
7   21 
13.86894   90338.41 
7   21 
13.86894   111338.3 
7   21 
13.86895   111338.3 
7   21 
13.86894   111338.4 
7   21 
13.86894   132338.3 
7   21 
13.86895   132338.3 
7   21 
13.86894   132338.5 
7   21 
13.86893   153338.3 
7   21 
13.86895   153338.3 
7   21 
13.86893   153338.5 
7   21 
13.86893   174338.3 
7   21 
13.86895   174338.3 
7   21 
13.86893   174338.5 
Fit Mean:  13.86893  Size:  174338.3  Code:  5 
Try Mean:  21  Size:  0.001 
7   21 
21   0.001 
7   21 
21   0.001 
7   21 
21.00002   0.001 
7   21 
21   0.001001 
7   21 
21   0.009282449 
7   21 
21.00002   0.009282449 
7   21 
21   0.009283449 
7   21 
21.07522   1.358049 
7   21 
21.07524   1.358049 
7   21 
21.07522   1.35805 
7   21 
21.11062   1.92489 
7   21 
21.11065   1.92489 
7   21 
21.11062   1.924892 
7   21 
21.08724   2.323988 
7   21 
21.08726   2.323988 
7   21 
21.08724   2.32399 
7   21 
21.01172   2.485577 
7   21 
21.01174   2.485577 
7   21 
21.01172   2.48558 
7   21 
20.79306   2.713644 
7   21 
20.79308   2.713644 
7   21 
20.79306   2.713647 
7   21 
19.6903   3.571642 
7   21 
19.69032   3.571642 
7   21 
19.6903   3.571646 
7   21 
17.98178   4.86787 
7   21 
17.9818   4.86787 
7   21 
17.98178   4.867875 
7   21 
13.8824   8.201434 
7   21 
13.88241   8.201434 
7   21 
13.8824   8.201442 
7   21 
14.35216   7.990179 
7   21 
14.35218   7.990179 
7   21 
14.35216   7.990187 
7   21 
14.18791   8.663971 
7   21 
14.18792   8.663971 
7   21 
14.18791   8.66398 
7   21 
13.41313   15.64186 
7   21 
13.41314   15.64186 
7   21 
13.41313   15.64188 
7   21 
13.90243   21.4312 
7   21 
13.90244   21.4312 
7   21 
13.90243   21.43122 
7   21 
14.06862   32.92675 
7   21 
14.06863   32.92675 
7   21 
14.06862   32.92678 
7   21 
13.86764   47.04598 
7   21 
13.86766   47.04598 
7   21 
13.86764   47.04603 
7   21 
13.89475   66.66781 
7   21 
13.89476   66.66781 
7   21 
13.89475   66.66788 
7   21 
13.87724   91.926 
7   21 
13.87725   91.926 
7   21 
13.87724   91.92609 
7   21 
13.8898   125.792 
7   21 
13.88982   125.792 
7   21 
13.8898   125.7921 
7   21 
13.86542   170.6034 
7   21 
13.86544   170.6034 
7   21 
13.86542   170.6036 
7   21 
13.89522   230.2628 
7   21 
13.89524   230.2628 
7   21 
13.89522   230.2631 
7   21 
13.84579   310.5693 
7   21 
13.8458   310.5693 
7   21 
13.84579   310.5696 
7   21 
13.90312   419.3927 
7   21 
13.90313   419.3927 
7   21 
13.90312   419.3932 
7   21 
13.85771   562.4848 
7   21 
13.85773   562.4848 
7   21 
13.85771   562.4854 
7   21 
13.87232   748.3148 
7   21 
13.87234   748.3148 
7   21 
13.87232   748.3156 
7   21 
13.87016   995.6141 
7   21 
13.87018   995.6141 
7   21 
13.87016   995.6151 
7   21 
13.87013   1322.639 
7   21 
13.87014   1322.639 
7   21 
13.87013   1322.64 
7   21 
13.86978   1756.132 
7   21 
13.86979   1756.132 
7   21 
13.86978   1756.134 
7   21 
13.86958   2330.248 
7   21 
13.8696   2330.248 
7   21 
13.86958   2330.25 
7   21 
13.86942   3090.87 
7   21 
13.86943   3090.87 
7   21 
13.86942   3090.873 
7   21 
13.8693   4098.436 
7   21 
13.86931   4098.436 
7   21 
13.8693   4098.44 
7   21 
13.86921   5433.233 
7   21 
13.86922   5433.233 
7   21 
13.86921   5433.239 
7   21 
13.86914   7201.332 
7   21 
13.86915   7201.332 
7   21 
13.86914   7201.339 
7   21 
13.86908   9543.641 
7   21 
13.8691   9543.641 
7   21 
13.86908   9543.651 
7   21 
13.86904   12645.97 
7   21 
13.86906   12645.97 
7   21 
13.86904   12645.98 
7   21 
13.86902   16757.61 
7   21 
13.86903   16757.61 
7   21 
13.86902   16757.63 
7   21 
13.86899   22202.17 
7   21 
13.86901   22202.17 
7   21 
13.86899   22202.19 
7   21 
13.86898   29416.2 
7   21 
13.86899   29416.2 
7   21 
13.86898   29416.23 
7   21 
13.86896   38971.49 
7   21 
13.86898   38971.49 
7   21 
13.86896   38971.52 
7   21 
13.86895   51669.84 
7   21 
13.86897   51669.84 
7   21 
13.86895   51669.89 
7   21 
13.86895   68417.01 
7   21 
13.86896   68417.01 
7   21 
13.86895   68417.08 
7   21 
13.86894   89417.01 
7   21 
13.86895   89417.01 
7   21 
13.86894   89417.1 
7   21 
13.86894   110417 
7   21 
13.86895   110417 
7   21 
13.86894   110417.1 
7   21 
13.86894   131417 
7   21 
13.86895   131417 
7   21 
13.86894   131417.1 
7   21 
13.86893   152417 
7   21 
13.86895   152417 
7   21 
13.86893   152417.2 
7   21 
13.86893   173417 
7   21 
13.86895   173417 
7   21 
13.86893   173417.2 
Fit Mean:  13.86893  Size:  173417  Code:  5 
Try Mean:  7  Size:  10000 
7   21 
7   10000 
7   21 
7   10000 
7   21 
7.000007   10000 
7   21 
7   10000.01 
7   21 
7.037719   10000 
7   21 
7.037726   10000 
7   21 
7.037719   10000.01 
7   21 
15.59368   10000 
7   21 
15.5937   10000 
7   21 
15.59368   10000.01 
7   21 
13.36964   10000 
7   21 
13.36965   10000 
7   21 
13.36964   10000.01 
7   21 
13.95198   10000 
7   21 
13.952   10000 
7   21 
13.95198   10000.01 
7   21 
13.87138   10000 
7   21 
13.8714   10000 
7   21 
13.87138   10000.01 
7   21 
13.86911   10000 
7   21 
13.86913   10000 
7   21 
13.86911   10000.01 
7   21 
13.86912   10000 
7   21 
13.86914   10000 
7   21 
13.86912   10000.01 
Fit Mean:  13.86912  Size:  10000  Code:  2 
Try Mean:  7  Size:  1000 
7   21 
7   1000 
7   21 
7   1000 
7   21 
7.000007   1000 
7   21 
7   1000.001 
7   21 
7.037704   1000 
7   21 
7.037711   1000 
7   21 
7.037704   1000.001 
7   21 
15.641   999.9997 
7   21 
15.64102   999.9997 
7   21 
15.641   1000.001 
7   21 
13.40521   999.9997 
7   21 
13.40523   999.9997 
7   21 
13.40521   1000.001 
7   21 
13.95283   999.9998 
7   21 
13.95284   999.9998 
7   21 
13.95283   1000.001 
7   21 
13.87313   999.9998 
7   21 
13.87314   999.9998 
7   21 
13.87313   1000.001 
7   21 
13.87094   999.9999 
7   21 
13.87096   999.9999 
7   21 
13.87094   1000.001 
7   21 
13.87095   1000 
7   21 
13.87097   1000 
7   21 
13.87095   1000.001 
Fit Mean:  13.87095  Size:  1000  Code:  2 
Try Mean:  7  Size:  100 
7   21 
7   100 
7   21 
7   100 
7   21 
7.000007   100 
7   21 
7   100.0001 
7   21 
7.037499   99.99993 
7   21 
7.037506   99.99993 
7   21 
7.037499   100 
7   21 
15.89646   99.97125 
7   21 
15.89648   99.97125 
7   21 
15.89646   99.97135 
7   21 
13.75622   99.97333 
7   21 
13.75623   99.97333 
7   21 
13.75622   99.97343 
7   21 
13.92449   99.97882 
7   21 
13.92451   99.97882 
7   21 
13.92449   99.97892 
7   21 
13.89175   99.98392 
7   21 
13.89176   99.98392 
7   21 
13.89175   99.98402 
7   21 
13.89074   99.99038 
7   21 
13.89075   99.99038 
7   21 
13.89074   99.99048 
7   21 
13.86895   100.2718 
7   21 
13.86897   100.2718 
7   21 
13.86895   100.2719 
7   21 
13.84656   100.8512 
7   21 
13.84657   100.8512 
7   21 
13.84656   100.8513 
7   21 
13.80478   102.7845 
7   21 
13.80479   102.7845 
7   21 
13.80478   102.7846 
7   21 
13.74977   107.4522 
7   21 
13.74979   107.4522 
7   21 
13.74977   107.4523 
7   21 
13.68462   118.6744 
7   21 
13.68464   118.6744 
7   21 
13.68462   118.6746 
7   21 
13.64152   142.266 
7   21 
13.64154   142.266 
7   21 
13.64152   142.2662 
7   21 
13.67428   188.4154 
7   21 
13.6743   188.4154 
7   21 
13.67428   188.4156 
7   21 
13.80119   260.3394 
7   21 
13.8012   260.3394 
7   21 
13.80119   260.3396 
7   21 
13.90718   337.2544 
7   21 
13.9072   337.2544 
7   21 
13.90718   337.2547 
7   21 
13.95208   414.7459 
7   21 
13.9521   414.7459 
7   21 
13.95208   414.7463 
7   21 
13.9588   532.8898 
7   21 
13.95881   532.8898 
7   21 
13.9588   532.8903 
7   21 
13.92272   716.6273 
7   21 
13.92274   716.6273 
7   21 
13.92272   716.628 
7   21 
13.87246   954.0971 
7   21 
13.87247   954.0971 
7   21 
13.87246   954.098 
7   21 
13.84223   1222.155 
7   21 
13.84224   1222.155 
7   21 
13.84223   1222.156 
7   21 
13.83325   1573.165 
7   21 
13.83326   1573.165 
7   21 
13.83325   1573.166 
7   21 
13.84363   2088.1 
7   21 
13.84364   2088.1 
7   21 
13.84363   2088.102 
7   21 
13.86368   2779.05 
7   21 
13.86369   2779.05 
7   21 
13.86368   2779.052 
7   21 
13.87881   3626.185 
7   21 
13.87882   3626.185 
7   21 
13.87881   3626.188 
7   21 
13.88454   4715.007 
7   21 
13.88455   4715.007 
7   21 
13.88454   4715.011 
7   21 
13.88145   6233.625 
7   21 
13.88146   6233.625 
7   21 
13.88145   6233.631 
7   21 
13.87321   8290.563 
7   21 
13.87323   8290.563 
7   21 
13.87321   8290.571 
7   21 
13.86586   10908.55 
7   21 
13.86587   10908.55 
7   21 
13.86586   10908.56 
7   21 
13.86244   14274.39 
7   21 
13.86246   14274.39 
7   21 
13.86244   14274.4 
7   21 
13.86313   18846.69 
7   21 
13.86314   18846.69 
7   21 
13.86313   18846.71 
7   21 
13.86646   25023.13 
7   21 
13.86647   25023.13 
7   21 
13.86646   25023.16 
7   21 
13.8699   33061.82 
7   21 
13.86991   33061.82 
7   21 
13.8699   33061.86 
7   21 
13.87176   43447.44 
7   21 
13.87177   43447.44 
7   21 
13.87176   43447.49 
7   21 
13.87172   57345.42 
7   21 
13.87174   57345.42 
7   21 
13.87172   57345.48 
7   21 
13.87036   76233.83 
7   21 
13.87037   76233.83 
7   21 
13.87036   76233.9 
7   21 
13.86875   100821.3 
7   21 
13.86877   100821.3 
7   21 
13.86875   100821.4 
7   21 
13.86777   132443.5 
7   21 
13.86779   132443.5 
7   21 
13.86777   132443.6 
7   21 
13.86762   175921.5 
7   21 
13.86763   175921.5 
7   21 
13.86762   175921.7 
7   21 
13.86814   232057.8 
7   21 
13.86816   232057.8 
7   21 
13.86814   232058 
7   21 
13.86886   300851.7 
7   21 
13.86887   300851.7 
7   21 
13.86886   300852 
7   21 
13.86942   398423.6 
7   21 
13.86943   398423.6 
7   21 
13.86942   398424 
7   21 
13.86956   498668.3 
7   21 
13.86957   498668.3 
7   21 
13.86956   498668.8 
7   21 
13.8695   598913 
7   21 
13.86952   598913 
7   21 
13.8695   598913.6 
7   21 
13.8694   699157.7 
7   21 
13.86941   699157.7 
7   21 
13.8694   699158.4 
7   21 
13.86912   799402.4 
7   21 
13.86913   799402.4 
7   21 
13.86912   799403.2 
7   21 
13.86894   899647.1 
7   21 
13.86896   899647.1 
7   21 
13.86894   899648 
Fit Mean:  13.86894  Size:  899647.1  Code:  5 
Try Mean:  7  Size:  10 
7   21 
7   10 
7   21 
7   10 
7   21 
7.000007   10 
7   21 
7   10.00001 
7   21 
7.031602   9.996196 
7   21 
7.031609   9.996196 
7   21 
7.031602   9.996206 
7   21 
12.22546   9.401498 
7   21 
12.22547   9.401498 
7   21 
12.22546   9.401507 
7   21 
13.31281   9.507986 
7   21 
13.31282   9.507986 
7   21 
13.31281   9.507996 
7   21 
14.13176   9.742769 
7   21 
14.13178   9.742769 
7   21 
14.13176   9.742778 
7   21 
14.36731   9.936019 
7   21 
14.36733   9.936019 
7   21 
14.36731   9.936029 
7   21 
14.52941   10.265 
7   21 
14.52942   10.265 
7   21 
14.52941   10.26501 
7   21 
14.73847   11.24962 
7   21 
14.73848   11.24962 
7   21 
14.73847   11.24963 
7   21 
14.86224   13.50809 
7   21 
14.86225   13.50809 
7   21 
14.86224   13.5081 
7   21 
14.67631   19.89969 
7   21 
14.67633   19.89969 
7   21 
14.67631   19.89971 
7   21 
13.54569   38.71096 
7   21 
13.54571   38.71096 
7   21 
13.54569   38.711 
7   21 
13.7037   42.542 
7   21 
13.70372   42.542 
7   21 
13.7037   42.54204 
7   21 
13.97757   65.79584 
7   21 
13.97758   65.79584 
7   21 
13.97757   65.7959 
7   21 
13.93853   86.49642 
7   21 
13.93854   86.49642 
7   21 
13.93853   86.49651 
7   21 
13.87081   121.1598 
7   21 
13.87082   121.1598 
7   21 
13.87081   121.1599 
7   21 
13.87497   163.055 
7   21 
13.87498   163.055 
7   21 
13.87497   163.0552 
7   21 
13.87593   220.5562 
7   21 
13.87595   220.5562 
7   21 
13.87593   220.5564 
7   21 
13.87379   295.7419 
7   21 
13.8738   295.7419 
7   21 
13.87379   295.7422 
7   21 
13.87291   395.8569 
7   21 
13.87292   395.8569 
7   21 
13.87291   395.8573 
7   21 
13.87177   528.2234 
7   21 
13.87179   528.2234 
7   21 
13.87177   528.2239 
7   21 
13.87118   703.7067 
7   21 
13.8712   703.7067 
7   21 
13.87118   703.7074 
7   21 
13.87056   936.1058 
7   21 
13.87057   936.1058 
7   21 
13.87056   936.1067 
7   21 
13.87021   1244.005 
7   21 
13.87022   1244.005 
7   21 
13.87021   1244.006 
7   21 
13.86986   1651.867 
7   21 
13.86987   1651.867 
7   21 
13.86986   1651.869 
7   21 
13.86966   2192.179 
7   21 
13.86967   2192.179 
7   21 
13.86966   2192.181 
7   21 
13.86945   2907.93 
7   21 
13.86947   2907.93 
7   21 
13.86945   2907.933 
7   21 
13.86934   3856.116 
7   21 
13.86936   3856.116 
7   21 
13.86934   3856.12 
7   21 
13.86923   5112.14 
7   21 
13.86924   5112.14 
7   21 
13.86923   5112.145 
7   21 
13.86916   6776.11 
7   21 
13.86918   6776.11 
7   21 
13.86916   6776.116 
7   21 
13.86909   8980.123 
7   21 
13.86911   8980.123 
7   21 
13.86909   8980.132 
7   21 
13.86906   11900.26 
7   21 
13.86907   11900.26 
7   21 
13.86906   11900.27 
7   21 
13.86902   15769.14 
7   21 
13.86903   15769.14 
7   21 
13.86902   15769.15 
7   21 
13.869   20893.41 
7   21 
13.86902   20893.41 
7   21 
13.869   20893.43 
7   21 
13.86898   27681.01 
7   21 
13.86899   27681.01 
7   21 
13.86898   27681.03 
7   21 
13.86897   36677.32 
7   21 
13.86898   36677.32 
7   21 
13.86897   36677.36 
7   21 
13.86895   48589.8 
7   21 
13.86897   48589.8 
7   21 
13.86895   48589.85 
7   21 
13.86895   60796.35 
7   21 
13.86896   60796.35 
7   21 
13.86895   60796.41 
7   21 
13.86895   73002.91 
7   21 
13.86896   73002.91 
7   21 
13.86895   73002.98 
7   21 
13.86894   85209.46 
7   21 
13.86896   85209.46 
7   21 
13.86894   85209.55 
7   21 
13.86894   97416.02 
7   21 
13.86895   97416.02 
7   21 
13.86894   97416.12 
7   21 
13.86894   109622.6 
7   21 
13.86895   109622.6 
7   21 
13.86894   109622.7 
Fit Mean:  13.86894  Size:  109622.6  Code:  5 
Try Mean:  7  Size:  1 
7   21 
7   1 
7   21 
7   1 
7   21 
7.000007   1 
7   21 
7   1.000001 
7   21 
7.005268   0.9883037 
7   21 
7.005275   0.9883037 
7   21 
7.005268   0.9883047 
Fit Mean:  7.004213  Size:  -1.869533  Code:  1 
Try Mean:  7  Size:  0.1 
7   21 
7   0.1 
7   21 
7   0.1 
7   21 
7.000007   0.1 
7   21 
7   0.100001 
7   21 
7.000343   0.09289006 
7   21 
7.00035   0.09289006 
7   21 
7.000343   0.09289106 
Fit Mean:  6.792011  Size:  -0.7283908  Code:  1 
Try Mean:  7  Size:  0.01 
7   21 
7   0.01 
7   21 
7   0.01 
7   21 
7.000007   0.01 
7   21 
7   0.010001 
7   21 
7.000031   0.003780561 
7   21 
7.000038   0.003780561 
7   21 
7.000031   0.003781561 
Fit Mean:  6.831245  Size:  -0.6300502  Code:  1 
Try Mean:  7  Size:  0.001 
7   21 
7   0.001 
7   21 
7   0.001 
7   21 
7.000007   0.001 
7   21 
7   0.001001 
Fit Mean:  7.000003  Size:  -0.005124511  Code:  1 
Try Mean:  7  Size:  10000 
7   21 
7   10000 
7   21 
7   10000 
7   21 
7.000007   10000 
7   21 
7   10000.01 
7   21 
7.037719   10000 
7   21 
7.037726   10000 
7   21 
7.037719   10000.01 
7   21 
15.59368   10000 
7   21 
15.5937   10000 
7   21 
15.59368   10000.01 
7   21 
13.36964   10000 
7   21 
13.36965   10000 
7   21 
13.36964   10000.01 
7   21 
13.95198   10000 
7   21 
13.952   10000 
7   21 
13.95198   10000.01 
7   21 
13.87138   10000 
7   21 
13.8714   10000 
7   21 
13.87138   10000.01 
7   21 
13.86911   10000 
7   21 
13.86913   10000 
7   21 
13.86911   10000.01 
7   21 
13.86912   10000 
7   21 
13.86914   10000 
7   21 
13.86912   10000.01 
Fit Mean:  13.86912  Size:  10000  Code:  2 
Try Mean:  7  Size:  1000 
7   21 
7   1000 
7   21 
7   1000 
7   21 
7.000007   1000 
7   21 
7   1000.001 
7   21 
7.037704   1000 
7   21 
7.037711   1000 
7   21 
7.037704   1000.001 
7   21 
15.641   999.9997 
7   21 
15.64102   999.9997 
7   21 
15.641   1000.001 
7   21 
13.40521   999.9997 
7   21 
13.40523   999.9997 
7   21 
13.40521   1000.001 
7   21 
13.95283   999.9998 
7   21 
13.95284   999.9998 
7   21 
13.95283   1000.001 
7   21 
13.87313   999.9998 
7   21 
13.87314   999.9998 
7   21 
13.87313   1000.001 
7   21 
13.87094   999.9999 
7   21 
13.87096   999.9999 
7   21 
13.87094   1000.001 
7   21 
13.87095   1000 
7   21 
13.87097   1000 
7   21 
13.87095   1000.001 
Fit Mean:  13.87095  Size:  1000  Code:  2 
Try Mean:  7  Size:  100 
7   21 
7   100 
7   21 
7   100 
7   21 
7.000007   100 
7   21 
7   100.0001 
7   21 
7.037499   99.99993 
7   21 
7.037506   99.99993 
7   21 
7.037499   100 
7   21 
15.89646   99.97125 
7   21 
15.89648   99.97125 
7   21 
15.89646   99.97135 
7   21 
13.75622   99.97333 
7   21 
13.75623   99.97333 
7   21 
13.75622   99.97343 
7   21 
13.92449   99.97882 
7   21 
13.92451   99.97882 
7   21 
13.92449   99.97892 
7   21 
13.89175   99.98392 
7   21 
13.89176   99.98392 
7   21 
13.89175   99.98402 
7   21 
13.89074   99.99038 
7   21 
13.89075   99.99038 
7   21 
13.89074   99.99048 
7   21 
13.86895   100.2718 
7   21 
13.86897   100.2718 
7   21 
13.86895   100.2719 
7   21 
13.84656   100.8512 
7   21 
13.84657   100.8512 
7   21 
13.84656   100.8513 
7   21 
13.80478   102.7845 
7   21 
13.80479   102.7845 
7   21 
13.80478   102.7846 
7   21 
13.74977   107.4522 
7   21 
13.74979   107.4522 
7   21 
13.74977   107.4523 
7   21 
13.68462   118.6744 
7   21 
13.68464   118.6744 
7   21 
13.68462   118.6746 
7   21 
13.64152   142.266 
7   21 
13.64154   142.266 
7   21 
13.64152   142.2662 
7   21 
13.67428   188.4154 
7   21 
13.6743   188.4154 
7   21 
13.67428   188.4156 
7   21 
13.80119   260.3394 
7   21 
13.8012   260.3394 
7   21 
13.80119   260.3396 
7   21 
13.90718   337.2544 
7   21 
13.9072   337.2544 
7   21 
13.90718   337.2547 
7   21 
13.95208   414.7459 
7   21 
13.9521   414.7459 
7   21 
13.95208   414.7463 
7   21 
13.9588   532.8898 
7   21 
13.95881   532.8898 
7   21 
13.9588   532.8903 
7   21 
13.92272   716.6273 
7   21 
13.92274   716.6273 
7   21 
13.92272   716.628 
7   21 
13.87246   954.0971 
7   21 
13.87247   954.0971 
7   21 
13.87246   954.098 
7   21 
13.84223   1222.155 
7   21 
13.84224   1222.155 
7   21 
13.84223   1222.156 
7   21 
13.83325   1573.165 
7   21 
13.83326   1573.165 
7   21 
13.83325   1573.166 
7   21 
13.84363   2088.1 
7   21 
13.84364   2088.1 
7   21 
13.84363   2088.102 
7   21 
13.86368   2779.05 
7   21 
13.86369   2779.05 
7   21 
13.86368   2779.052 
7   21 
13.87881   3626.185 
7   21 
13.87882   3626.185 
7   21 
13.87881   3626.188 
7   21 
13.88454   4715.007 
7   21 
13.88455   4715.007 
7   21 
13.88454   4715.011 
7   21 
13.88145   6233.625 
7   21 
13.88146   6233.625 
7   21 
13.88145   6233.631 
7   21 
13.87321   8290.563 
7   21 
13.87323   8290.563 
7   21 
13.87321   8290.571 
7   21 
13.86586   10908.55 
7   21 
13.86587   10908.55 
7   21 
13.86586   10908.56 
7   21 
13.86244   14274.39 
7   21 
13.86246   14274.39 
7   21 
13.86244   14274.4 
7   21 
13.86313   18846.69 
7   21 
13.86314   18846.69 
7   21 
13.86313   18846.71 
7   21 
13.86646   25023.13 
7   21 
13.86647   25023.13 
7   21 
13.86646   25023.16 
7   21 
13.8699   33061.82 
7   21 
13.86991   33061.82 
7   21 
13.8699   33061.86 
7   21 
13.87176   43447.44 
7   21 
13.87177   43447.44 
7   21 
13.87176   43447.49 
7   21 
13.87172   57345.42 
7   21 
13.87174   57345.42 
7   21 
13.87172   57345.48 
7   21 
13.87036   76233.83 
7   21 
13.87037   76233.83 
7   21 
13.87036   76233.9 
7   21 
13.86875   100821.3 
7   21 
13.86877   100821.3 
7   21 
13.86875   100821.4 
7   21 
13.86777   132443.5 
7   21 
13.86779   132443.5 
7   21 
13.86777   132443.6 
7   21 
13.86762   175921.5 
7   21 
13.86763   175921.5 
7   21 
13.86762   175921.7 
7   21 
13.86814   232057.8 
7   21 
13.86816   232057.8 
7   21 
13.86814   232058 
7   21 
13.86886   300851.7 
7   21 
13.86887   300851.7 
7   21 
13.86886   300852 
7   21 
13.86942   398423.6 
7   21 
13.86943   398423.6 
7   21 
13.86942   398424 
7   21 
13.86956   498668.3 
7   21 
13.86957   498668.3 
7   21 
13.86956   498668.8 
7   21 
13.8695   598913 
7   21 
13.86952   598913 
7   21 
13.8695   598913.6 
7   21 
13.8694   699157.7 
7   21 
13.86941   699157.7 
7   21 
13.8694   699158.4 
7   21 
13.86912   799402.4 
7   21 
13.86913   799402.4 
7   21 
13.86912   799403.2 
7   21 
13.86894   899647.1 
7   21 
13.86896   899647.1 
7   21 
13.86894   899648 
Fit Mean:  13.86894  Size:  899647.1  Code:  5 
Try Mean:  7  Size:  10 
7   21 
7   10 
7   21 
7   10 
7   21 
7.000007   10 
7   21 
7   10.00001 
7   21 
7.031602   9.996196 
7   21 
7.031609   9.996196 
7   21 
7.031602   9.996206 
7   21 
12.22546   9.401498 
7   21 
12.22547   9.401498 
7   21 
12.22546   9.401507 
7   21 
13.31281   9.507986 
7   21 
13.31282   9.507986 
7   21 
13.31281   9.507996 
7   21 
14.13176   9.742769 
7   21 
14.13178   9.742769 
7   21 
14.13176   9.742778 
7   21 
14.36731   9.936019 
7   21 
14.36733   9.936019 
7   21 
14.36731   9.936029 
7   21 
14.52941   10.265 
7   21 
14.52942   10.265 
7   21 
14.52941   10.26501 
7   21 
14.73847   11.24962 
7   21 
14.73848   11.24962 
7   21 
14.73847   11.24963 
7   21 
14.86224   13.50809 
7   21 
14.86225   13.50809 
7   21 
14.86224   13.5081 
7   21 
14.67631   19.89969 
7   21 
14.67633   19.89969 
7   21 
14.67631   19.89971 
7   21 
13.54569   38.71096 
7   21 
13.54571   38.71096 
7   21 
13.54569   38.711 
7   21 
13.7037   42.542 
7   21 
13.70372   42.542 
7   21 
13.7037   42.54204 
7   21 
13.97757   65.79584 
7   21 
13.97758   65.79584 
7   21 
13.97757   65.7959 
7   21 
13.93853   86.49642 
7   21 
13.93854   86.49642 
7   21 
13.93853   86.49651 
7   21 
13.87081   121.1598 
7   21 
13.87082   121.1598 
7   21 
13.87081   121.1599 
7   21 
13.87497   163.055 
7   21 
13.87498   163.055 
7   21 
13.87497   163.0552 
7   21 
13.87593   220.5562 
7   21 
13.87595   220.5562 
7   21 
13.87593   220.5564 
7   21 
13.87379   295.7419 
7   21 
13.8738   295.7419 
7   21 
13.87379   295.7422 
7   21 
13.87291   395.8569 
7   21 
13.87292   395.8569 
7   21 
13.87291   395.8573 
7   21 
13.87177   528.2234 
7   21 
13.87179   528.2234 
7   21 
13.87177   528.2239 
7   21 
13.87118   703.7067 
7   21 
13.8712   703.7067 
7   21 
13.87118   703.7074 
7   21 
13.87056   936.1058 
7   21 
13.87057   936.1058 
7   21 
13.87056   936.1067 
7   21 
13.87021   1244.005 
7   21 
13.87022   1244.005 
7   21 
13.87021   1244.006 
7   21 
13.86986   1651.867 
7   21 
13.86987   1651.867 
7   21 
13.86986   1651.869 
7   21 
13.86966   2192.179 
7   21 
13.86967   2192.179 
7   21 
13.86966   2192.181 
7   21 
13.86945   2907.93 
7   21 
13.86947   2907.93 
7   21 
13.86945   2907.933 
7   21 
13.86934   3856.116 
7   21 
13.86936   3856.116 
7   21 
13.86934   3856.12 
7   21 
13.86923   5112.14 
7   21 
13.86924   5112.14 
7   21 
13.86923   5112.145 
7   21 
13.86916   6776.11 
7   21 
13.86918   6776.11 
7   21 
13.86916   6776.116 
7   21 
13.86909   8980.123 
7   21 
13.86911   8980.123 
7   21 
13.86909   8980.132 
7   21 
13.86906   11900.26 
7   21 
13.86907   11900.26 
7   21 
13.86906   11900.27 
7   21 
13.86902   15769.14 
7   21 
13.86903   15769.14 
7   21 
13.86902   15769.15 
7   21 
13.869   20893.41 
7   21 
13.86902   20893.41 
7   21 
13.869   20893.43 
7   21 
13.86898   27681.01 
7   21 
13.86899   27681.01 
7   21 
13.86898   27681.03 
7   21 
13.86897   36677.32 
7   21 
13.86898   36677.32 
7   21 
13.86897   36677.36 
7   21 
13.86895   48589.8 
7   21 
13.86897   48589.8 
7   21 
13.86895   48589.85 
7   21 
13.86895   60796.35 
7   21 
13.86896   60796.35 
7   21 
13.86895   60796.41 
7   21 
13.86895   73002.91 
7   21 
13.86896   73002.91 
7   21 
13.86895   73002.98 
7   21 
13.86894   85209.46 
7   21 
13.86896   85209.46 
7   21 
13.86894   85209.55 
7   21 
13.86894   97416.02 
7   21 
13.86895   97416.02 
7   21 
13.86894   97416.12 
7   21 
13.86894   109622.6 
7   21 
13.86895   109622.6 
7   21 
13.86894   109622.7 
Fit Mean:  13.86894  Size:  109622.6  Code:  5 
Try Mean:  7  Size:  1 
7   21 
7   1 
7   21 
7   1 
7   21 
7.000007   1 
7   21 
7   1.000001 
7   21 
7.005268   0.9883037 
7   21 
7.005275   0.9883037 
7   21 
7.005268   0.9883047 
Fit Mean:  7.004213  Size:  -1.869533  Code:  1 
Try Mean:  7  Size:  0.1 
7   21 
7   0.1 
7   21 
7   0.1 
7   21 
7.000007   0.1 
7   21 
7   0.100001 
7   21 
7.000343   0.09289006 
7   21 
7.00035   0.09289006 
7   21 
7.000343   0.09289106 
Fit Mean:  6.792011  Size:  -0.7283908  Code:  1 
Try Mean:  7  Size:  0.01 
7   21 
7   0.01 
7   21 
7   0.01 
7   21 
7.000007   0.01 
7   21 
7   0.010001 
7   21 
7.000031   0.003780561 
7   21 
7.000038   0.003780561 
7   21 
7.000031   0.003781561 
Fit Mean:  6.831245  Size:  -0.6300502  Code:  1 
Try Mean:  7  Size:  0.001 
7   21 
7   0.001 
7   21 
7   0.001 
7   21 
7.000007   0.001 
7   21 
7   0.001001 
Fit Mean:  7.000003  Size:  -0.005124511  Code:  1 
Try Mean:  14  Size:  10000 
7   21 
14   10000 
7   21 
14   10000 
7   21 
14.00001   10000 
7   21 
14   10000.01 
7   21 
13.99882   10000 
7   21 
13.99883   10000 
7   21 
13.99882   10000.01 
7   21 
13.8679   10000 
7   21 
13.86791   10000 
7   21 
13.8679   10000.01 
7   21 
13.86914   10000 
7   21 
13.86915   10000 
7   21 
13.86914   10000.01 
7   21 
13.86912   10000 
7   21 
13.87052   10000 
7   21 
13.86775   10000 
7   21 
13.86914   10001 
7   21 
13.86914   9999 
7   21 
13.86913   10000 
7   21 
13.87052   10000 
7   21 
13.86774   10000 
7   21 
13.86913   10001 
7   21 
13.86913   9999 
Fit Mean:  13.86913  Size:  10000  Code:  2 
Try Mean:  14  Size:  1000 
7   21 
14   1000 
7   21 
14   1000 
7   21 
14.00001   1000 
7   21 
14   1000.001 
7   21 
13.99886   1000 
7   21 
13.99887   1000 
7   21 
13.99886   1000.001 
7   21 
13.86974   1000 
7   21 
13.86975   1000 
7   21 
13.86974   1000.001 
7   21 
13.87097   1000 
7   21 
13.87098   1000 
7   21 
13.87097   1000.001 
7   21 
13.87096   1000 
7   21 
13.87097   1000 
7   21 
13.87096   1000.001 
Fit Mean:  13.87096  Size:  1000  Code:  2 
Try Mean:  14  Size:  100 
7   21 
14   100 
7   21 
14   100 
7   21 
14.00001   100 
7   21 
14   100.0001 
7   21 
13.9992   100 
7   21 
13.99921   100 
7   21 
13.9992   100.0001 
7   21 
13.89017   100.0071 
7   21 
13.89018   100.0071 
7   21 
13.89017   100.0072 
7   21 
13.89106   100.0106 
7   21 
13.89107   100.0106 
7   21 
13.89106   100.0107 
7   21 
13.90499   100.1257 
7   21 
13.90501   100.1257 
7   21 
13.90499   100.1258 
7   21 
13.91984   100.3728 
7   21 
13.91985   100.3728 
7   21 
13.91984   100.3729 
7   21 
13.9478   101.2028 
7   21 
13.94782   101.2028 
7   21 
13.9478   101.2029 
7   21 
13.98757   103.2972 
7   21 
13.98759   103.2972 
7   21 
13.98757   103.2973 
7   21 
14.04357   108.6766 
7   21 
14.04359   108.6766 
7   21 
14.04357   108.6767 
7   21 
14.10377   120.9344 
7   21 
14.10379   120.9344 
7   21 
14.10377   120.9345 
7   21 
14.13603   146.9313 
7   21 
14.13605   146.9313 
7   21 
14.13603   146.9315 
7   21 
14.08248   197.7278 
7   21 
14.08249   197.7278 
7   21 
14.08248   197.728 
7   21 
13.93416   275.6552 
7   21 
13.93417   275.6552 
7   21 
13.93416   275.6555 
7   21 
13.82622   352.2523 
7   21 
13.82624   352.2523 
7   21 
13.82622   352.2527 
7   21 
13.78596   425.6332 
7   21 
13.78597   425.6332 
7   21 
13.78596   425.6336 
7   21 
13.78254   549.0867 
7   21 
13.78255   549.0867 
7   21 
13.78254   549.0872 
7   21 
13.82345   738.5783 
7   21 
13.82346   738.5783 
7   21 
13.82345   738.579 
7   21 
13.87298   976.8819 
7   21 
13.87299   976.8819 
7   21 
13.87298   976.8829 
7   21 
13.90009   1246.481 
7   21 
13.9001   1246.481 
7   21 
13.90009   1246.482 
7   21 
13.90619   1611.774 
7   21 
13.9062   1611.774 
7   21 
13.90619   1611.776 
7   21 
13.8932   2145.945 
7   21 
13.89322   2145.945 
7   21 
13.8932   2145.947 
7   21 
13.87257   2852.279 
7   21 
13.87258   2852.279 
7   21 
13.87257   2852.282 
7   21 
13.85829   3713.524 
7   21 
13.8583   3713.524 
7   21 
13.85829   3713.528 
7   21 
13.85368   4835.221 
7   21 
13.85369   4835.221 
7   21 
13.85368   4835.226 
7   21 
13.85778   6404.271 
7   21 
13.85779   6404.271 
7   21 
13.85778   6404.278 
7   21 
13.8662   8507.469 
7   21 
13.86621   8507.469 
7   21 
13.8662   8507.477 
7   21 
13.87299   11173.94 
7   21 
13.87301   11173.94 
7   21 
13.87299   11173.95 
7   21 
13.87568   14636.74 
7   21 
13.8757   14636.74 
7   21 
13.87568   14636.75 
7   21 
13.87439   19359.51 
7   21 
13.8744   19359.51 
7   21 
13.87439   19359.53 
7   21 
13.87084   25706.03 
7   21 
13.87086   25706.03 
7   21 
13.87084   25706.05 
7   21 
13.86759   33915.64 
7   21 
13.8676   33915.64 
7   21 
13.86759   33915.67 
7   21 
13.86606   44593.02 
7   21 
13.86607   44593.02 
7   21 
13.86606   44593.07 
7   21 
13.86637   58881.09 
7   21 
13.86639   58881.09 
7   21 
13.86637   58881.15 
7   21 
13.86785   78361.28 
7   21 
13.86786   78361.28 
7   21 
13.86785   78361.36 
7   21 
13.86935   103390.8 
7   21 
13.86936   103390.8 
7   21 
13.86935   103390.9 
7   21 
13.87017   136295.7 
7   21 
13.87018   136295.7 
7   21 
13.87017   136295.8 
7   21 
13.87017   181982.1 
7   21 
13.87019   181982.1 
7   21 
13.87017   181982.3 
7   21 
13.86957   241753.1 
7   21 
13.86959   241753.1 
7   21 
13.86957   241753.4 
7   21 
13.86893   305245.3 
7   21 
13.86895   305245.3 
7   21 
13.86893   305245.6 
7   21 
13.8684   406220.5 
7   21 
13.86842   406220.5 
7   21 
13.8684   406220.9 
7   21 
13.86839   503332.2 
7   21 
13.8684   503332.2 
7   21 
13.86839   503332.7 
7   21 
13.86844   604307.4 
7   21 
13.86846   604307.4 
7   21 
13.86844   604308 
7   21 
13.8685   705282.6 
7   21 
13.86852   705282.6 
7   21 
13.8685   705283.4 
7   21 
13.86861   806257.9 
7   21 
13.86862   806257.9 
7   21 
13.86861   806258.7 
7   21 
13.86878   907233.1 
7   21 
13.8688   907233.1 
7   21 
13.86878   907234 
7   21 
13.8689   965922.9 
7   21 
13.86892   965922.9 
7   21 
13.8689   965923.8 
7   21 
13.86892   973764 
7   21 
13.86894   973764 
7   21 
13.86892   973765 
Fit Mean:  13.86892  Size:  973764  Code:  1 
> 
> cat("Final Fit Mean: ", nb_fit_mu, " Size: ", nb_fit_size, " Code: ", nb_fit$code, " Try Size: ", try_size, "\n")
Final Fit Mean:  13.86892  Size:  973764  Code:  1  Try Size:  100 
> 
> ## Fit failed = reset parameters so graphing and output code can recognize this
> if ((nb_fit_mu < 0) || (nb_fit_size < 0) || (nb_fit$code != 1))
+ {
+   nb_fit_mu = 0
+   nb_fit_size = 0
+ }
> 
> 
> ## things can go wrong with fitting and we can still end up with invalid values
> 
> fit_nb = c()
> included_fract = 0
> if (nb_fit_mu > 0)
+ {
+   end_fract = pnbinom(end_i_for_fits, mu = nb_fit_mu, size=nb_fit_size)
+   start_fract = pnbinom(start_i_for_fits, mu = nb_fit_mu, size=nb_fit_size)
+   included_fract = end_fract-start_fract;
+ 
+   if (included_fract >= 0.01) {
+ 
+     ## Adjust so that we are back in full coords before making fit!!
+     if (num_per_bin > 1) 
+     {
+       nb_fit_mu = nb_fit_mu * num_per_bin
+     }
+     fit_nb = dnbinom(0:max(X$coverage), mu = nb_fit_mu, size=nb_fit_size)*inner_total/included_fract;
+   }
+ }
> 
> ## If an insufficient amount of fit was included, then invalidate it
> if (included_fract < 0.01)
+ {
+   nb_fit_mu = 0
+   nb_fit_size = 0
+ }
> 
> f_p <- function(par) {
+ 
+   lambda = par[1];
+ 
+   if (lambda <= 0)
+   {
+     return(0);
+   }
+   
+ 	total <- 0;
+ 	for (i in start_i_for_fits:end_i_for_fits)
+ 	{	
+     #cat(i, " ", lambda, "\n");
+ 		dist[i] <- dpois(i, lambda=lambda);
+ 		total <- total + dist[i] 
+ 	}
+ 	#print (total)
+ 
+  	l <- 0;
+ 	for (i in start_i_for_fits:end_i_for_fits)
+ 	{
+ 		l <- l + ((X.for.fits[i]/inner_total)-(dist[i]/total))^2;
+ 	}
+ 	return(l);
+ }
> 
> 
> ## Fit Poisson 
> ## - allow fit to fail and set all params to zero/empty if that is the case
> 
> p_fit = NULL
> try(suppressWarnings(p_fit<-nlm(f_p, c(m), print.level=this.print.level)))
> 
> fit_p = c()
> if (!is.null(p_fit) && (p_fit$estimate[1] > 0))
+ {
+   #print (nb_fit$estimate[1])
+   p_fit_lambda = p_fit$estimate[1];
+   #print(0:max(X$coverage))
+ 
+   end_fract = ppois(end_i_for_fits, lambda = p_fit_lambda)
+   start_fract = ppois(start_i_for_fits, lambda = p_fit_lambda)
+   included_fract = end_fract-start_fract;
+ 
+   ## Adjust so that we are back in full coords before making fit!!
+   if (num_per_bin > 1) 
+   {
+     p_fit_lambda = p_fit_lambda * num_per_bin
+   }
+   fit_p<-dpois(0:max(X$coverage), lambda = p_fit_lambda)*inner_total/included_fract;
+ }
> 
> 
> ## Graphing
> ##
> ## don't graph very high values with very little coverage
> i<-max_i
> while (i <= length(X$n) && X$n[i]>0.01*max_n)
+ {		
+ 	i <- i+1;
+ }
> graph_end_i <-i
> 
> ## Ths leaves enough room to the right of the peak for the legend
> graph_end_i = max(floor(2.2 * max_i), graph_end_i);
> 
> ## graphics settings
> my_pch = 21
> my_col = "black";
> my_col_censored = "red";
> 
> if (pdf_output == 0) {
+   
+   ## bitmap() requires ghostscript to be installed.
+   ## taa=4, gaa=2 options NOT compatible with earlier R versions!
+   ## units = "px" NOT compatible with even earlier R versions!
+   
+   if(!capabilities(what = "png"))
+   {
+     ## fallback to ghostscript
+     bitmap(plot_file, height=6, width=7, type = "png16m", res = 72, pointsize=18)
+   } else {
+     ## use X11 function, which gives better resolution
+     png(plot_file, height=6, width=7, units ="in", res = 72, pointsize=18)
+     par(family="sans")
+   }
+ } else {
+   pdf(plot_file, height=6, width=7)
+   par(family="sans")
+ }
> 
> par(mar=c(5.5,7.5,3,1.5));
> 
> max_y = 0
> if (plot_poisson) {
+ 	max_y = max(X$n, fit_p, fit_nb)
+ } else {
+ 	max_y = max(X$n, fit_nb)
+ }
> 
> plot(0:10, 0:10, type="n", lty="solid", ylim=c(0, max_y)*1.05, xlim=c(0, graph_end_i), lwd=1, xaxs="i", yaxs="i", axes=F, las=1, main="Coverage Distribution at Unique-Only Positions", xlab="Coverage depth (reads)", ylab="", cex.lab=1.2, cex.axis=1.2)
> 
> mtext(side = 2, text = "Number of reference positions", line = 5.5, cex=1.2)
> 
> sciNotation <- function(x, digits = 1) {
+     if (length(x) > 1) {
+         return(append(sciNotation(x[1]), sciNotation(x[-1])))     
+ 	} 
+     if (!x) return(0) 
+ 
+ 	exponent <- floor(log10(x)) 
+     base <- round(x / 10^exponent, digits)     
+ 	as.expression(substitute(base %*% 10^exponent, list(base = base, exponent = exponent))) 
+ }
> 
> #axis(2, cex.lab=1.2, las=1, cex.axis=1.2, labels=T, at=(0:6)*50000)
> axis(2, cex.lab=1.2, las=1, cex.axis=1.2, at = axTicks(2), labels = sciNotation(axTicks(2), 1))
> axis(1, cex.lab=1.2, cex.axis=1.2, labels=T)
> box()
> 
> #graph the coverage as points
> fit_data <- subset(X, (coverage>=start_i) & (coverage<=end_i) );
> points(fit_data$coverage, fit_data$n, pch=my_pch, col=my_col, bg="white", cex=1.2)
> 
> #graph the censored coverage as red points
> cat(start_i, " ", end_i, "\n", sep="")
7 21
> 
> censored_data <- subset(X, (coverage<start_i) | (coverage>end_i) );
> points(censored_data$coverage, censored_data$n, pch=my_pch, col=my_col_censored, bg="white", cex=1.2)
> 
> #graph the poisson fit IF REQUESTED
> if (plot_poisson) {
+ 	lines(0:max(X$coverage), fit_p, lwd=3, lty="22", col="black");
+ }
> 
> #graph the negative binomial fit
> if (nb_fit_mu > 0) {
+   lines(0:max(X$coverage), fit_nb, lwd=3, col="black");
+ }
> 
> if (plot_poisson) {
+ 	legend("topright", c("Coverage distribution", "Censored data", "Negative binomial", "Poisson"), lty=c("blank","blank","solid","22"), lwd=c(1,1,2,2), pch=c(my_pch, my_pch, -1, -1), col=c("black", "red", "black", "black"), bty="n")
+ } else {
+ 	legend("topright", c("Coverage distribution", "Censored data", "Negative binomial"), lty=c("blank","blank","solid"), lwd=c(1,1,2), pch=c(my_pch, my_pch, -1), col=c("black", "red", "black"), bty="n")
+ }
> 
> dev.off()
null device 
          1 
> 
> ## Fit the marginal value that we use for propagating deletions
> 
> if (nb_fit_mu > 0) {
+   cat(nb_fit_size, " ", nb_fit_mu, "\n")
+   deletion_propagation_coverage = suppressWarnings(qnbinom(deletion_propagation_pr_cutoff, size = nb_fit_size, mu = nb_fit_mu))
+ } else {
+   cat("Fallback to calculating off an estimate of just variance = mu + mu^2/size\n")
+   size_estimate = (1/(v-m))*(m*m)
+   cat("Mu estimate=", m," Size estimate =", size_estimate, "\n")
+   deletion_propagation_coverage = suppressWarnings(qnbinom(deletion_propagation_pr_cutoff, size = size_estimate, mu = m))
+   if (is.na(deletion_propagation_coverage) || is.nan(deletion_propagation_coverage) || (deletion_propagation_coverage < 1)) {
+     cat("Double fallback to calculating as just 10% of the mean\n")
+     deletion_propagation_coverage = m * 0.1
+   }
+ }
973764   13.86892 
> 
> #Don't allow one read to indicate non-deleted regions
> if (deletion_propagation_coverage < 1) {
+     deletion_propagation_coverage = 1
+ }
> 
> #This works fine with the negative values
> #If we have both low fit coverage and low straight average coverage then we're deleted...
> if ( (nb_fit_mu <= 3) && (m <= 3) ) {
+   deletion_propagation_coverage = -1
+ }
> 
> #print out statistics
> 
> print(nb_fit_size);
[1] 973764
> print(nb_fit_mu);
[1] 13.86892
> 
> print(m)
[1] 23.26531
> print(v)
[1] 188.7031
> print(D)
[1] 8.110923
> 
> print(deletion_propagation_coverage)
[1] 5
> 
> warnings()
> 
