
R version 4.3.1 (2023-06-16) -- "Beagle Scouts"
Copyright (C) 2023 The R Foundation for Statistical Computing
Platform: x86_64-pc-linux-gnu (64-bit)

R is free software and comes with ABSOLUTELY NO WARRANTY.
You are welcome to redistribute it under certain conditions.
Type 'license()' or 'licence()' for distribution details.

  Natural language support but running in an English locale

R is a collaborative project with many contributors.
Type 'contributors()' for more information and
'citation()' on how to cite R or R packages in publications.

Type 'demo()' for some demos, 'help()' for on-line help, or
'help.start()' for an HTML browser interface to help.
Type 'q()' to quit R.

> ##
> ##
> ## AUTHORS
> ##
> ## Jeffrey E. Barrick <jeffrey.e.barrick@gmail.com>
> ##
> ## LICENSE AND COPYRIGHT
> ##
> ## Copyright (c) 2008-2010 Michigan State University
> ## Copyright (c) 2011-2022 The University of Texas at Austin
> ##
> ## breseq is free software; you can redistribute it and/or modify it under the
> ## terms the GNU General Public License as published by the Free Software
> ## Foundation; either version 1, or (at your option) any later version.
> ##
> ##
> 
> ## Arguments:
> ##   distribution_file=/path/to/input 
> ##   plot_file=/path/to/output 
> ##   deletion_propagation_pr_cutoff=float
> ##   plot_poisson=0 or 1
> ##   pdf_output=0 or 1
> 
> ## Returns these values printed out to output log
> ## 
> ##  1. print(nb_fit_size); # 0 if fit failed
> ##  2. print(nb_fit_mu);   # 0 if fit failed
> ##  3. print(m)q
> ##  4. print(v)
> ##  5. print(D)
> ##  6. print(deletion_propagation_coverage)
> ##     -1 if it was <1 after fitting (implying reference sequence is deleted)
> ##
> 
> plot_poisson = 0;
> pdf_output = 1;
> 
> this.print.level = 0
> #this.print.level = 2
> 
> for (e in commandArgs(TRUE)) {
+   ta = strsplit(e,"=",fixed=TRUE)[[1]]
+   if(length(ta)>1) {
+     temp = ta[2]
+     assign(ta[1],temp)
+     cat("assigned ",ta[1]," the value of |",temp,"|\n")
+   } else {
+     assign(ta[[1]][1],TRUE)
+     cat("assigned ",ta[1]," the value of TRUE\n")
+   }
+ }
assigned  distribution_file  the value of | 3a+_BHI_c50_out/07_error_calibration/113.unique_only_coverage_distribution.tab |
assigned  plot_file  the value of | 3a+_BHI_c50_out/output/calibration/113.unique_coverage.pdf |
assigned  deletion_propagation_pr_cutoff  the value of | 0.00419591 |
> 
> deletion_propagation_pr_cutoff = as.numeric(deletion_propagation_pr_cutoff);
> 
> ## initialize values to be filled in
> nb_fit_mu = 0
> nb_fit_size = 0
> m = 0
> v = 0
> D = 0
> deletion_propagation_coverage = -1
> 
> min_fraction_included_in_nb_fit = 0.01
> 
> #load data
> X<-read.table(distribution_file, header=T)
> 
> #table might be empty
> if (nrow(X) == 0)
+ {
+   #print out statistics
+   
+   print(nb_fit_size);
+   print(nb_fit_mu);
+   
+   print(m)
+   print(v)
+   print(D)
+   
+   print(deletion_propagation_coverage)
+   
+   q()
+ }
> 
> #create the distribution vector and fit
> Y<-rep(X$coverage, X$n)
> m<-mean(Y)
> v<-var(Y)
> D<-v/m
> 
> ###
> ## Smooth the distribution with a moving average window of size 5
> ## so that we can more reliably find it's maximum value
> ###
> 
> ma5 = c(1, 1, 1, 1, 1)/5;
> 
> ## filtering fails if there are too few points
> if (nrow(X) >= 5) {
+   X$ma = filter(X$n, ma5)
+ } else {
+ 	X$ma = X$n
+ }
> 
> i<-0
> max_n <- 0;
> min_i <- max( trunc(m/4), 1 ); #prevents zero for pathological distributions
> max_i <- i;
> for (i in min_i:length(X$ma))
+ {		
+   #cat(i, "\n")
+ 	if (!is.na(X$ma[i]) && (X$ma[i] > max_n))
+ 	{
+ 		max_n = X$ma[i];
+ 		max_i = i;
+ 	}
+ }
> 
> ##
> # Censor data on the right and left of the maximum
> ##
> 
> start_i = max(floor(max_i*0.5), 1);
> end_i = min(ceiling(max_i*1.5), length(X$ma));
> 
> if (start_i == end_i)
+ {
+   print(nb_fit_size);
+   print(nb_fit_mu);
+   
+   print(m)
+   print(v)
+   print(D)
+   
+   print(deletion_propagation_coverage)
+   
+   q()
+ }
> 
> cat("Fitting from coverage of ", start_i, " to ", end_i, ".\n", sep="")
Fitting from coverage of 2 to 7.
> 
> ##
> # Coarse grain so that we are only fitting a number of bins that is 1000-2000
> #
> # The later adjustment for doing the fits this way is to multiply the means
> # of the negative binomial and poisson distributions by the binning number.
> # (The size parameter of the negative binomial doesn't need to be adjusted.)
> ##
> 
> 
> num_per_bin = trunc((end_i - start_i) / 1000)
> 
> if (num_per_bin > 1) 
+ {
+   cat("Coarse-graining for fits\n")
+   start_i_for_fits = trunc(start_i/num_per_bin)
+   end_i_for_fits = ceiling(end_i/num_per_bin)
+   num_bins = end_i - start_i  + 1
+   cat("Fitting from coverage in adjusted bins ", start_i_for_fits, " to ", end_i_for_fits, ".\n", sep="")
+   cat("Number of bins ", num_bins, ". Each bin has ", num_per_bin, " coverage values.\n", sep="")
+ 
+   # Create a new vector where we've added together values in bins
+   X.for.fits = vector("double", end_i_for_fits)
+   for (i in start_i_for_fits:end_i_for_fits)
+   {
+     for (j in 1:num_per_bin)
+     {
+       if (i*num_per_bin+j <= length(X$n))
+       {
+         X.for.fits[i] = X.for.fits[i] + X$n[i*num_per_bin+j]
+       }
+     }
+   }
+ 
+ } else {
+   ## AVOID num_per_bin equalling zero!!
+   X.for.fits = X$n[1:end_i]
+   num_per_bin = 1
+   start_i_for_fits = start_i
+   end_i_for_fits = end_i
+ }
> 
> 
> ##
> # Now perform negative binomial fitting to the censored data
> ##
> 
> inner_total<-0;
> for (i in start_i_for_fits:end_i_for_fits)
+ {
+ 	inner_total = inner_total + X.for.fits[i]; 
+ }
> # Yes: it's correct to use X here because we want the overall total total
> total_total<-sum(X$n);
> 
> ## let's preconstruct these for speed
> dist = vector("double", end_i_for_fits)
> 
> f_nb <- function(par) {
+ 
+ 	mu = par[1];
+ 	size = par[2];
+ 
+   if ((mu <= 0) || (size <= 0))
+   {
+     return(0);
+   }
+   
+   cat(start_i_for_fits, " ", end_i_for_fits, "\n");
+   cat(mu, " ", size, "\n");
+   
+ 	dist<-c()
+ 	total <- 0;
+ 	for (i in start_i_for_fits:end_i_for_fits)
+ 	{	
+ 		dist[i] <- dnbinom(i, size=size, mu=mu);
+ 		total <- total + dist[i] 
+ 	}
+ 	#print (mu, size)
+ 
+  	l <- 0;
+ 	for (i in start_i_for_fits:end_i_for_fits)
+ 	{
+ 		l <- l + ((X.for.fits[i]/inner_total)-(dist[i]/total))^2;
+ 	}
+ 	return(l);
+ }
> 
> 
> 
> ## Fit negative binomial 
> ## - allow fit to fail and set all params to zero/empty if that is the case
> nb_fit = NULL
> ## as.numeric prevents overflow in sums involving integers
> mean_estimate = sum((as.numeric(1:end_i_for_fits)*as.numeric(X.for.fits)))/sum(as.numeric(X.for.fits))
> 
> nb_fit_mu = -1
> nb_fit_size = -1
> try_size = 100000
> try_means_index = 1
> #This is a list of different means to test <-  sometimes the actual mean doesn't lead to a fit
> try_means = c(mean_estimate, 
+               end_i_for_fits, 
+               start_i_for_fits, 
+               1*(end_i_for_fits + start_i_for_fits)/4,
+               2*(end_i_for_fits + start_i_for_fits)/4,
+               3*(end_i_for_fits + start_i_for_fits)/4
+               )
>               
>               
> nb_fit = c()
> 
> while ( ((nb_fit_mu < 0) || (nb_fit_size < 0) || (nb_fit$code != 1)) && (try_size > 0.001) && (try_means_index <= length(try_means)))
+ {
+   try_size = try_size / 10
+   try_mean = try_means[try_means_index]
+ 
+   ## SIZE ESTIMATE from the censored data can be negative, so try various values instead
+   cat("Try Mean: ", try_mean, " Size: ", try_size, "\n")
+ 
+   try( suppressWarnings(nb_fit<-nlm(f_nb, c(try_mean, try_size), iterlim=1000, print.level=this.print.level)) )
+ 
+   nb_fit_mu = nb_fit$estimate[1];
+   nb_fit_size = nb_fit$estimate[2];
+ 
+   cat("Fit Mean: ", nb_fit_mu, " Size: ", nb_fit_size, " Code: ", nb_fit$code, "\n")
+   
+   if (try_size <= 0.001) {
+     try_size = 100000
+     try_means_index = try_means_index + 1
+   }
+ }
Try Mean:  5.550562  Size:  10000 
2   7 
5.550562   10000 
2   7 
5.550562   10000 
2   7 
5.550567   10000 
2   7 
5.550562   10000.01 
2   7 
5.606655   10000 
2   7 
5.60666   10000 
2   7 
5.606655   10000.01 
2   7 
8.099941   10000 
2   7 
8.099949   10000 
2   7 
8.099941   10000.01 
2   7 
9.196052   10000 
2   7 
9.196061   10000 
2   7 
9.196052   10000.01 
2   7 
10.16677   10000 
2   7 
10.16678   10000 
2   7 
10.16677   10000.01 
2   7 
10.61992   10000 
2   7 
10.61993   10000 
2   7 
10.61992   10000.01 
2   7 
10.76266   10000 
2   7 
10.76267   10000 
2   7 
10.76266   10000.01 
2   7 
10.78013   10000 
2   7 
10.78014   10000 
2   7 
10.78013   10000.01 
2   7 
10.78068   10000 
2   7 
10.78069   10000 
2   7 
10.78068   10000.01 
2   7 
10.78068   10000 
2   7 
10.78069   10000 
2   7 
10.78068   10000.01 
Fit Mean:  10.78068  Size:  10000  Code:  2 
Try Mean:  5.550562  Size:  1000 
2   7 
5.550562   1000 
2   7 
5.550562   1000 
2   7 
5.550567   1000 
2   7 
5.550562   1000.001 
2   7 
5.606508   1000 
2   7 
5.606513   1000 
2   7 
5.606508   1000.001 
2   7 
8.101659   1000 
2   7 
8.101667   1000 
2   7 
8.101659   1000.001 
2   7 
9.206812   1000 
2   7 
9.206821   1000 
2   7 
9.206812   1000.001 
2   7 
10.19378   1000 
2   7 
10.19379   1000 
2   7 
10.19378   1000.001 
2   7 
10.66172   1000 
2   7 
10.66174   1000 
2   7 
10.66172   1000.001 
2   7 
10.81286   1000 
2   7 
10.81288   1000 
2   7 
10.81286   1000.001 
2   7 
10.83213   1000 
2   7 
10.83214   1000 
2   7 
10.83213   1000.001 
2   7 
10.83278   1000 
2   7 
10.83279   1000 
2   7 
10.83278   1000.001 
2   7 
10.83278   1000 
2   7 
10.83279   1000 
2   7 
10.83278   1000.001 
Fit Mean:  10.83278  Size:  1000  Code:  2 
Try Mean:  5.550562  Size:  100 
2   7 
5.550562   100 
2   7 
5.550562   100 
2   7 
5.550567   100 
2   7 
5.550562   100.0001 
2   7 
5.605089   100 
2   7 
5.605094   100 
2   7 
5.605089   100.0001 
2   7 
8.11837   100.0041 
2   7 
8.118378   100.0041 
2   7 
8.11837   100.0042 
2   7 
9.308919   100.0081 
2   7 
9.308929   100.0081 
2   7 
9.308919   100.0082 
2   7 
10.45586   100.0127 
2   7 
10.45587   100.0127 
2   7 
10.45586   100.0128 
2   7 
11.08097   100.0154 
2   7 
11.08098   100.0154 
2   7 
11.08097   100.0155 
2   7 
11.33435   100.0164 
2   7 
11.33437   100.0164 
2   7 
11.33435   100.0165 
2   7 
11.38124   100.0165 
2   7 
11.38125   100.0165 
2   7 
11.38124   100.0166 
2   7 
11.38405   100.0163 
2   7 
11.38406   100.0163 
2   7 
11.38405   100.0164 
2   7 
11.38413   100.0162 
2   7 
11.38414   100.0162 
2   7 
11.38413   100.0163 
2   7 
11.38615   100.0092 
2   7 
11.38617   100.0092 
2   7 
11.38615   100.0093 
2   7 
11.38831   99.99471 
2   7 
11.38832   99.99471 
2   7 
11.38831   99.99481 
2   7 
11.39268   99.94501 
2   7 
11.39269   99.94501 
2   7 
11.39268   99.94511 
2   7 
11.39966   99.81618 
2   7 
11.39967   99.81618 
2   7 
11.39966   99.81628 
2   7 
11.41234   99.45713 
2   7 
11.41235   99.45713 
2   7 
11.41234   99.45723 
2   7 
11.43588   98.4887 
2   7 
11.43589   98.4887 
2   7 
11.43588   98.4888 
2   7 
11.48558   95.72879 
2   7 
11.4856   95.72879 
2   7 
11.48558   95.72889 
2   7 
11.63116   85.92007 
2   7 
11.63117   85.92007 
2   7 
11.63116   85.92016 
2   7 
11.77006   75.87282 
2   7 
11.77007   75.87282 
2   7 
11.77006   75.8729 
2   7 
12.07563   55.21092 
2   7 
12.07564   55.21092 
2   7 
12.07563   55.21097 
Fit Mean:  13.14512  Size:  -12.30678  Code:  1 
Try Mean:  5.550562  Size:  10 
2   7 
5.550562   10 
2   7 
5.550562   10 
2   7 
5.550567   10 
2   7 
5.550562   10.00001 
2   7 
5.594428   10.002 
2   7 
5.594434   10.002 
2   7 
5.594428   10.00201 
2   7 
8.275149   10.39923 
2   7 
8.275157   10.39923 
2   7 
8.275149   10.39924 
2   7 
10.05164   10.89273 
2   7 
10.05165   10.89273 
2   7 
10.05164   10.89274 
2   7 
12.44313   11.70263 
2   7 
12.44314   11.70263 
2   7 
12.44313   11.70264 
2   7 
14.55792   12.49046 
2   7 
14.55793   12.49046 
2   7 
14.55792   12.49047 
2   7 
16.30029   13.16264 
2   7 
16.3003   13.16264 
2   7 
16.30029   13.16265 
2   7 
17.30183   13.55125 
2   7 
17.30185   13.55125 
2   7 
17.30183   13.55126 
2   7 
17.6554   13.68492 
2   7 
17.65541   13.68492 
2   7 
17.6554   13.68494 
2   7 
17.7136   13.70267 
2   7 
17.71361   13.70267 
2   7 
17.7136   13.70269 
2   7 
17.72995   13.70286 
2   7 
17.72997   13.70286 
2   7 
17.72995   13.70287 
2   7 
17.8163   13.68364 
2   7 
17.81632   13.68364 
2   7 
17.8163   13.68366 
2   7 
17.96503   13.61405 
2   7 
17.96505   13.61405 
2   7 
17.96503   13.61407 
2   7 
18.38682   13.3393 
2   7 
18.38684   13.3393 
2   7 
18.38682   13.33931 
2   7 
20.2168   11.97473 
2   7 
20.21682   11.97473 
2   7 
20.2168   11.97474 
2   7 
23.40743   9.612024 
2   7 
23.40745   9.612024 
2   7 
23.40743   9.612033 
2   7 
22.97217   9.981947 
2   7 
23.20976   9.780017 
2   7 
23.20979   9.780017 
2   7 
23.20976   9.780027 
2   7 
23.46497   9.701211 
2   7 
23.46499   9.701211 
2   7 
23.46497   9.70122 
2   7 
27.99759   8.321417 
2   7 
27.99762   8.321417 
2   7 
27.99759   8.321425 
2   7 
28.47194   8.618327 
2   7 
28.47197   8.618327 
2   7 
28.47194   8.618336 
2   7 
31.429   8.107462 
2   7 
31.42903   8.107462 
2   7 
31.429   8.10747 
2   7 
40.08309   6.813283 
2   7 
33.89303   7.738978 
2   7 
33.89306   7.738978 
2   7 
33.89303   7.738986 
2   7 
38.46608   7.273882 
2   7 
38.46611   7.273882 
2   7 
38.46608   7.273889 
2   7 
41.70926   7.184144 
2   7 
41.7093   7.184144 
2   7 
41.70926   7.184151 
2   7 
48.74367   6.790886 
2   7 
48.74372   6.790886 
2   7 
48.74367   6.790893 
2   7 
54.87062   6.669597 
2   7 
54.87068   6.669597 
2   7 
54.87062   6.669604 
2   7 
65.69607   6.325148 
2   7 
65.69614   6.325148 
2   7 
65.69607   6.325154 
2   7 
71.87701   6.324346 
2   7 
71.87708   6.324346 
2   7 
71.87701   6.324353 
2   7 
86.28202   6.11026 
2   7 
86.28211   6.11026 
2   7 
86.28202   6.110266 
2   7 
99.78127   6.012726 
2   7 
99.78137   6.012726 
2   7 
99.78127   6.012732 
2   7 
116.028   5.950348 
2   7 
116.0282   5.950348 
2   7 
116.028   5.950353 
2   7 
148.615   5.740376 
2   7 
148.6151   5.740376 
2   7 
148.615   5.740381 
2   7 
157.9084   5.794491 
2   7 
157.9086   5.794491 
2   7 
157.9084   5.794497 
2   7 
186.3561   5.736243 
2   7 
186.3563   5.736243 
2   7 
186.3561   5.736249 
2   7 
239.4605   5.632982 
2   7 
239.4607   5.632982 
2   7 
239.4605   5.632988 
2   7 
278.9167   5.612799 
2   7 
278.917   5.612799 
2   7 
278.9167   5.612805 
2   7 
341.3924   5.57973 
2   7 
341.3927   5.57973 
2   7 
341.3924   5.579736 
2   7 
421.2558   5.551844 
2   7 
421.2562   5.551844 
2   7 
421.2558   5.55185 
2   7 
530.7038   5.522115 
2   7 
530.7043   5.522115 
2   7 
530.7038   5.522121 
2   7 
672.6634   5.513466 
2   7 
672.6641   5.513466 
2   7 
672.6634   5.513472 
2   7 
949.2434   5.444916 
2   7 
949.2443   5.444916 
2   7 
949.2434   5.444921 
2   7 
1004.748   5.472363 
2   7 
1004.749   5.472363 
2   7 
1004.748   5.472369 
2   7 
1196.542   5.472418 
2   7 
1196.543   5.472418 
2   7 
1196.542   5.472424 
2   7 
1577.082   5.457628 
2   7 
1577.084   5.457628 
2   7 
1577.082   5.457633 
2   7 
2055.628   5.445241 
2   7 
2055.63   5.445241 
2   7 
2055.628   5.445247 
2   7 
2625.673   5.440254 
2   7 
2625.676   5.440254 
2   7 
2625.673   5.44026 
2   7 
3387.917   5.438128 
2   7 
3387.921   5.438128 
2   7 
3387.917   5.438134 
2   7 
4400.836   5.435303 
2   7 
4400.841   5.435303 
2   7 
4400.836   5.435309 
2   7 
5760.76   5.432721 
2   7 
5760.765   5.432721 
2   7 
5760.76   5.432727 
2   7 
7550.582   5.430891 
2   7 
7550.59   5.430891 
2   7 
7550.582   5.430896 
2   7 
9923.485   5.429469 
2   7 
9923.495   5.429469 
2   7 
9923.485   5.429474 
2   7 
13061.97   5.428391 
2   7 
13061.98   5.428391 
2   7 
13061.97   5.428396 
2   7 
17224.37   5.427562 
2   7 
17224.39   5.427562 
2   7 
17224.37   5.427567 
2   7 
22733.93   5.426936 
2   7 
22733.96   5.426936 
2   7 
22733.93   5.426942 
2   7 
30043.6   5.426457 
2   7 
30043.63   5.426457 
2   7 
30043.6   5.426463 
2   7 
39703.47   5.426099 
2   7 
39703.51   5.426099 
2   7 
39703.47   5.426104 
2   7 
51140.64   5.425853 
2   7 
51140.69   5.425853 
2   7 
51140.64   5.425858 
2   7 
62577.8   5.425702 
2   7 
62577.87   5.425702 
2   7 
62577.8   5.425707 
2   7 
74014.97   5.425596 
2   7 
74015.04   5.425596 
2   7 
74014.97   5.425602 
2   7 
85452.13   5.425519 
2   7 
85452.22   5.425519 
2   7 
85452.13   5.425525 
2   7 
96889.3   5.42546 
2   7 
96889.39   5.42546 
2   7 
96889.3   5.425465 
Fit Mean:  96889.3  Size:  5.42546  Code:  5 
Try Mean:  5.550562  Size:  1 
2   7 
5.550562   1 
2   7 
5.550562   1 
2   7 
5.550567   1 
2   7 
5.550562   1.000001 
2   7 
5.565925   1.035662 
2   7 
5.565931   1.035662 
2   7 
5.565925   1.035663 
2   7 
11.24004   5.812893 
2   7 
11.24005   5.812893 
2   7 
11.24004   5.812899 
2   7 
14.09543   8.030967 
2   7 
14.09544   8.030967 
2   7 
14.09543   8.030975 
2   7 
16.65545   10.01998 
2   7 
16.65546   10.01998 
2   7 
16.65545   10.01999 
2   7 
18.30253   11.29855 
2   7 
18.30254   11.29855 
2   7 
18.30253   11.29856 
2   7 
19.09546   11.91207 
2   7 
19.09548   11.91207 
2   7 
19.09546   11.91208 
2   7 
19.29982   12.06799 
2   7 
19.29984   12.06799 
2   7 
19.29982   12.068 
2   7 
19.32182   12.08257 
2   7 
19.32183   12.08257 
2   7 
19.32182   12.08258 
2   7 
19.3321   12.0866 
2   7 
19.33212   12.0866 
2   7 
19.3321   12.08661 
2   7 
19.37515   12.0936 
2   7 
19.37516   12.0936 
2   7 
19.37515   12.09361 
2   7 
19.45054   12.0876 
2   7 
19.45056   12.0876 
2   7 
19.45054   12.08762 
2   7 
19.64099   12.03483 
2   7 
19.64101   12.03483 
2   7 
19.64099   12.03484 
2   7 
20.12473   11.83029 
2   7 
20.12475   11.83029 
2   7 
20.12473   11.8303 
2   7 
22.21197   10.79631 
2   7 
22.21199   10.79631 
2   7 
22.21197   10.79632 
2   7 
25.36576   9.234699 
2   7 
25.36578   9.234699 
2   7 
25.36576   9.234708 
2   7 
29.59316   7.27344 
2   7 
25.7885   9.038573 
2   7 
25.78852   9.038573 
2   7 
25.7885   9.038582 
2   7 
26.27435   8.865091 
2   7 
26.27437   8.865091 
2   7 
26.27435   8.8651 
2   7 
27.22977   8.604721 
2   7 
27.2298   8.604721 
2   7 
27.22977   8.60473 
2   7 
28.94374   8.264668 
2   7 
28.94377   8.264668 
2   7 
28.94374   8.264676 
2   7 
31.48868   7.955962 
2   7 
31.48871   7.955962 
2   7 
31.48868   7.95597 
2   7 
34.71834   7.733087 
2   7 
34.71837   7.733087 
2   7 
34.71834   7.733094 
2   7 
40.97289   7.064938 
2   7 
40.97293   7.064938 
2   7 
40.97289   7.064945 
2   7 
42.40248   7.1782 
2   7 
42.40253   7.1782 
2   7 
42.40248   7.178208 
2   7 
48.44061   6.87981 
2   7 
48.44066   6.87981 
2   7 
48.44061   6.879817 
2   7 
58.85991   6.448667 
2   7 
58.85997   6.448667 
2   7 
58.85991   6.448674 
2   7 
61.98977   6.49737 
2   7 
61.98983   6.49737 
2   7 
61.98977   6.497377 
2   7 
72.73701   6.295871 
2   7 
72.73708   6.295871 
2   7 
72.73701   6.295877 
2   7 
87.39578   6.089511 
2   7 
87.39587   6.089511 
2   7 
87.39578   6.089518 
2   7 
100.4742   6.033269 
2   7 
100.4743   6.033269 
2   7 
100.4742   6.033275 
2   7 
122.8371   5.862249 
2   7 
122.8373   5.862249 
2   7 
122.8371   5.862255 
2   7 
141.166   5.835239 
2   7 
141.1661   5.835239 
2   7 
141.166   5.835245 
2   7 
172.2608   5.733631 
2   7 
172.2609   5.733631 
2   7 
172.2608   5.733636 
2   7 
206.8343   5.700239 
2   7 
206.8345   5.700239 
2   7 
206.8343   5.700245 
2   7 
257.1358   5.618005 
2   7 
257.136   5.618005 
2   7 
257.1358   5.61801 
2   7 
311.8317   5.599417 
2   7 
311.832   5.599417 
2   7 
311.8317   5.599423 
2   7 
386.7236   5.553208 
2   7 
386.724   5.553208 
2   7 
386.7236   5.553213 
2   7 
483.0634   5.53813 
2   7 
483.0639   5.53813 
2   7 
483.0634   5.538136 
2   7 
614.9021   5.499202 
2   7 
614.9027   5.499202 
2   7 
614.9021   5.499207 
2   7 
773.8721   5.492024 
2   7 
773.8728   5.492024 
2   7 
773.8721   5.492029 
2   7 
981.8401   5.472362 
2   7 
981.8411   5.472362 
2   7 
981.8401   5.472367 
2   7 
1258.303   5.466204 
2   7 
1258.305   5.466204 
2   7 
1258.303   5.46621 
2   7 
1623.679   5.452194 
2   7 
1623.68   5.452194 
2   7 
1623.679   5.4522 
2   7 
2104.806   5.450012 
2   7 
2104.808   5.450012 
2   7 
2104.806   5.450018 
2   7 
2748.067   5.439982 
2   7 
2748.07   5.439982 
2   7 
2748.067   5.439988 
2   7 
3586.391   5.439087 
2   7 
3586.394   5.439087 
2   7 
3586.391   5.439092 
2   7 
4687   5.433973 
2   7 
4687.005   5.433973 
2   7 
4687   5.433978 
2   7 
6149.443   5.432906 
2   7 
6149.449   5.432906 
2   7 
6149.443   5.432912 
2   7 
8071.914   5.430255 
2   7 
8071.922   5.430255 
2   7 
8071.914   5.43026 
2   7 
10625.71   5.429521 
2   7 
10625.72   5.429521 
2   7 
10625.71   5.429526 
2   7 
14003.43   5.428 
2   7 
14003.44   5.428 
2   7 
14003.43   5.428005 
2   7 
18477.95   5.427599 
2   7 
18477.97   5.427599 
2   7 
18477.95   5.427605 
2   7 
24117.88   5.426729 
2   7 
24117.9   5.426729 
2   7 
24117.88   5.426734 
2   7 
29757.8   5.426565 
2   7 
29757.83   5.426565 
2   7 
29757.8   5.426571 
2   7 
35397.72   5.426264 
2   7 
35397.76   5.426264 
2   7 
35397.72   5.426269 
2   7 
41037.65   5.426122 
2   7 
41037.69   5.426122 
2   7 
41037.65   5.426127 
2   7 
46677.57   5.425986 
2   7 
46677.62   5.425986 
2   7 
46677.57   5.425991 
Fit Mean:  46677.57  Size:  5.425986  Code:  5 
Try Mean:  5.550562  Size:  0.1 
2   7 
5.550562   0.1 
2   7 
5.550562   0.1 
2   7 
5.550567   0.1 
2   7 
5.550562   0.100001 
2   7 
5.552606   0.1721566 
2   7 
5.552612   0.1721566 
2   7 
5.552606   0.1721576 
2   7 
5.980181   1.385466 
2   7 
5.980187   1.385466 
2   7 
5.980181   1.385468 
2   7 
7.032186   3.022128 
2   7 
7.032193   3.022128 
2   7 
7.032186   3.022131 
2   7 
9.76148   6.765703 
2   7 
9.76149   6.765703 
2   7 
9.76148   6.765709 
2   7 
12.1669   9.985493 
2   7 
12.16691   9.985493 
2   7 
12.1669   9.985503 
2   7 
14.18146   12.67255 
2   7 
14.18147   12.67255 
2   7 
14.18146   12.67257 
2   7 
15.52655   14.46438 
2   7 
15.52657   14.46438 
2   7 
15.52655   14.46439 
2   7 
16.17392   15.32546 
2   7 
16.17393   15.32546 
2   7 
16.17392   15.32548 
2   7 
16.34512   15.55202 
2   7 
16.34514   15.55202 
2   7 
16.34512   15.55203 
2   7 
16.36298   15.57449 
2   7 
16.363   15.57449 
2   7 
16.36298   15.57451 
2   7 
16.36606   15.5771 
2   7 
16.36608   15.5771 
2   7 
16.36606   15.57712 
2   7 
16.3889   15.58824 
2   7 
16.38891   15.58824 
2   7 
16.3889   15.58825 
2   7 
16.42195   15.58911 
2   7 
16.42196   15.58911 
2   7 
16.42195   15.58913 
2   7 
16.50311   15.55633 
2   7 
16.50313   15.55633 
2   7 
16.50311   15.55634 
2   7 
16.68339   15.4151 
2   7 
16.68341   15.4151 
2   7 
16.68339   15.41512 
2   7 
17.20362   14.87037 
2   7 
17.20364   14.87037 
2   7 
17.20362   14.87039 
2   7 
22.51663   8.85501 
2   7 
19.14072   12.6772 
2   7 
19.14074   12.6772 
2   7 
19.14072   12.67721 
2   7 
29.70661   0.7920933 
2   7 
20.19731   11.48869 
2   7 
20.19733   11.48869 
2   7 
20.19731   11.4887 
2   7 
24.50535   6.877089 
2   7 
20.62811   11.02753 
2   7 
20.62813   11.02753 
2   7 
20.62811   11.02754 
2   7 
21.33189   10.34725 
2   7 
21.33191   10.34725 
2   7 
21.33189   10.34726 
2   7 
21.17557   10.55682 
2   7 
21.17559   10.55682 
2   7 
21.17557   10.55683 
2   7 
21.29015   10.5835 
2   7 
21.29017   10.5835 
2   7 
21.29015   10.58351 
2   7 
22.39987   10.31966 
2   7 
22.39989   10.31966 
2   7 
22.39987   10.31967 
2   7 
25.07814   9.323392 
2   7 
25.07817   9.323392 
2   7 
25.07814   9.323401 
2   7 
33.61433   6.356835 
2   7 
25.93176   9.026736 
2   7 
25.93179   9.026736 
2   7 
25.93176   9.026745 
2   7 
29.25442   8.099927 
2   7 
29.25445   8.099927 
2   7 
29.25442   8.099935 
2   7 
28.67347   8.439828 
2   7 
28.6735   8.439828 
2   7 
28.67347   8.439837 
2   7 
30.14382   8.291184 
2   7 
30.14386   8.291184 
2   7 
30.14382   8.291193 
2   7 
35.58329   7.539537 
2   7 
35.58332   7.539537 
2   7 
35.58329   7.539545 
2   7 
38.38884   7.345058 
2   7 
38.38888   7.345058 
2   7 
38.38884   7.345065 
2   7 
43.13771   7.196918 
2   7 
43.13775   7.196918 
2   7 
43.13771   7.196926 
2   7 
58.28814   6.142799 
2   7 
46.6324   6.953769 
2   7 
46.63245   6.953769 
2   7 
46.6324   6.953776 
2   7 
55.90611   6.486608 
2   7 
55.90617   6.486608 
2   7 
55.90611   6.486615 
2   7 
55.10841   6.644956 
2   7 
55.10846   6.644956 
2   7 
55.10841   6.644963 
2   7 
59.93827   6.563039 
2   7 
59.93833   6.563039 
2   7 
59.93827   6.563046 
2   7 
74.29969   6.228593 
2   7 
74.29977   6.228593 
2   7 
74.29969   6.228599 
2   7 
80.77609   6.17294 
2   7 
80.77617   6.17294 
2   7 
80.77609   6.172947 
2   7 
94.60347   6.071633 
2   7 
94.60356   6.071633 
2   7 
94.60347   6.071639 
2   7 
113.5632   5.914154 
2   7 
113.5633   5.914154 
2   7 
113.5632   5.91416 
2   7 
142.852   5.877212 
2   7 
142.8522   5.877212 
2   7 
142.852   5.877218 
2   7 
187.104   5.656447 
2   7 
187.1042   5.656447 
2   7 
187.104   5.656452 
2   7 
180.1896   5.740788 
2   7 
180.1898   5.740788 
2   7 
180.1896   5.740793 
2   7 
197.4703   5.72072 
2   7 
197.4705   5.72072 
2   7 
197.4703   5.720726 
2   7 
261.4271   5.61818 
2   7 
261.4273   5.61818 
2   7 
261.4271   5.618186 
2   7 
304.9739   5.590665 
2   7 
304.9742   5.590665 
2   7 
304.9739   5.590671 
2   7 
372.2854   5.572575 
2   7 
372.2857   5.572575 
2   7 
372.2854   5.572581 
2   7 
473.0009   5.52334 
2   7 
473.0014   5.52334 
2   7 
473.0009   5.523345 
2   7 
588.9542   5.515663 
2   7 
588.9547   5.515663 
2   7 
588.9542   5.515669 
2   7 
746.9048   5.487203 
2   7 
746.9056   5.487203 
2   7 
746.9048   5.487208 
2   7 
948.4252   5.478931 
2   7 
948.4261   5.478931 
2   7 
948.4252   5.478937 
2   7 
1208.957   5.46335 
2   7 
1208.958   5.46335 
2   7 
1208.957   5.463355 
2   7 
1556.645   5.45857 
2   7 
1556.646   5.45857 
2   7 
1556.645   5.458575 
2   7 
2023.43   5.445996 
2   7 
2023.432   5.445996 
2   7 
2023.43   5.446002 
2   7 
2634.073   5.445214 
2   7 
2634.075   5.445214 
2   7 
2634.073   5.445219 
2   7 
3450.121   5.436669 
2   7 
3450.124   5.436669 
2   7 
3450.121   5.436674 
2   7 
4511.166   5.435828 
2   7 
4511.171   5.435828 
2   7 
4511.166   5.435833 
2   7 
5898.06   5.432254 
2   7 
5898.066   5.432254 
2   7 
5898.06   5.432259 
2   7 
7749.806   5.431101 
2   7 
7749.814   5.431101 
2   7 
7749.806   5.431107 
2   7 
10185.54   5.429236 
2   7 
10185.55   5.429236 
2   7 
10185.54   5.429242 
2   7 
13422.44   5.428491 
2   7 
13422.45   5.428491 
2   7 
13422.44   5.428497 
2   7 
17702.44   5.427418 
2   7 
17702.45   5.427418 
2   7 
17702.44   5.427424 
2   7 
23253.9   5.427012 
2   7 
23253.92   5.427012 
2   7 
23253.9   5.427017 
2   7 
28805.36   5.426534 
2   7 
28805.39   5.426534 
2   7 
28805.36   5.42654 
2   7 
34356.82   5.426339 
2   7 
34356.86   5.426339 
2   7 
34356.82   5.426344 
2   7 
39908.29   5.426145 
2   7 
39908.33   5.426145 
2   7 
39908.29   5.42615 
2   7 
45459.75   5.426017 
2   7 
45459.8   5.426017 
2   7 
45459.75   5.426023 
Fit Mean:  45459.75  Size:  5.426017  Code:  5 
Try Mean:  5.550562  Size:  0.01 
2   7 
5.550562   0.01 
2   7 
5.550562   0.01 
2   7 
5.550567   0.01 
2   7 
5.550562   0.010001 
2   7 
5.550773   0.08847504 
2   7 
5.550779   0.08847504 
2   7 
5.550773   0.08847604 
2   7 
5.878581   1.21523 
2   7 
5.878587   1.21523 
2   7 
5.878581   1.215232 
2   7 
6.696496   2.627022 
2   7 
6.696503   2.627022 
2   7 
6.696496   2.627024 
2   7 
9.072743   6.130631 
2   7 
9.072752   6.130631 
2   7 
9.072743   6.130637 
2   7 
11.52517   9.624859 
2   7 
11.52518   9.624859 
2   7 
11.52517   9.624868 
2   7 
13.59171   12.55438 
2   7 
13.59172   12.55438 
2   7 
13.59171   12.55439 
2   7 
15.05606   14.62724 
2   7 
15.05607   14.62724 
2   7 
15.05606   14.62726 
2   7 
15.82368   15.7125 
2   7 
15.8237   15.7125 
2   7 
15.82368   15.71252 
2   7 
16.06008   16.04557 
2   7 
16.06009   16.04557 
2   7 
16.06008   16.04559 
2   7 
16.09087   16.08784 
2   7 
16.09089   16.08784 
2   7 
16.09087   16.08786 
2   7 
16.09336   16.09011 
2   7 
16.09337   16.09011 
2   7 
16.09336   16.09012 
2   7 
16.11624   16.10209 
2   7 
16.11626   16.10209 
2   7 
16.11624   16.10211 
2   7 
16.14845   16.10262 
2   7 
16.14847   16.10262 
2   7 
16.14845   16.10263 
2   7 
16.22859   16.06616 
2   7 
16.2286   16.06616 
2   7 
16.22859   16.06617 
2   7 
16.4061   15.91157 
2   7 
16.40612   15.91157 
2   7 
16.4061   15.91159 
2   7 
16.92365   15.31212 
2   7 
16.92367   15.31212 
2   7 
16.92365   15.31213 
2   7 
23.03526   7.70258 
2   7 
17.56082   14.51878 
2   7 
17.56084   14.51878 
2   7 
17.56082   14.51879 
2   7 
25.51114   4.624718 
2   7 
18.35586   13.52937 
2   7 
18.35587   13.52937 
2   7 
18.35586   13.52938 
Fit Mean:  29.50268  Size:  -0.2971801  Code:  1 
Try Mean:  5.550562  Size:  0.001 
2   7 
5.550562   0.001 
2   7 
5.550562   0.001 
2   7 
5.550567   0.001 
2   7 
5.550562   0.001001 
2   7 
5.550583   0.08014976 
2   7 
5.550589   0.08014976 
2   7 
5.550583   0.08015076 
2   7 
5.869467   1.198959 
2   7 
5.869473   1.198959 
2   7 
5.869467   1.19896 
2   7 
6.666969   2.590778 
2   7 
6.666975   2.590778 
2   7 
6.666969   2.59078 
2   7 
9.004332   6.063438 
2   7 
9.004341   6.063438 
2   7 
9.004332   6.063444 
2   7 
11.45933   9.584046 
2   7 
11.45934   9.584046 
2   7 
11.45933   9.584056 
2   7 
13.53086   12.53914 
2   7 
13.53087   12.53914 
2   7 
13.53086   12.53915 
2   7 
15.00689   14.64164 
2   7 
15.0069   14.64164 
2   7 
15.00689   14.64165 
2   7 
15.78711   15.75165 
2   7 
15.78713   15.75165 
2   7 
15.78711   15.75167 
2   7 
16.03096   16.09743 
2   7 
16.03098   16.09743 
2   7 
16.03096   16.09745 
2   7 
16.06345   16.14238 
2   7 
16.06346   16.14238 
2   7 
16.06345   16.1424 
2   7 
16.06595   16.1447 
2   7 
16.06596   16.1447 
2   7 
16.06595   16.14472 
2   7 
16.08811   16.15671 
2   7 
16.08813   16.15671 
2   7 
16.08811   16.15672 
2   7 
16.11932   16.15775 
2   7 
16.11934   16.15775 
2   7 
16.11932   16.15777 
2   7 
16.19656   16.12362 
2   7 
16.19657   16.12362 
2   7 
16.19656   16.12364 
2   7 
16.36681   15.9764 
2   7 
16.36683   15.9764 
2   7 
16.36681   15.97642 
2   7 
16.85575   15.40876 
2   7 
16.85577   15.40876 
2   7 
16.85575   15.40878 
2   7 
21.5632   9.479088 
2   7 
21.56322   9.479088 
2   7 
21.5632   9.479097 
2   7 
17.35622   14.7441 
2   7 
19.50884   12.05011 
2   7 
19.50886   12.05011 
2   7 
19.50884   12.05012 
2   7 
19.94402   11.55309 
2   7 
19.94404   11.55309 
2   7 
19.94402   11.5531 
2   7 
21.48576   9.904961 
2   7 
20.52163   10.93563 
2   7 
20.52165   10.93563 
2   7 
20.52163   10.93564 
2   7 
20.85712   10.64818 
2   7 
20.85714   10.64818 
2   7 
20.85712   10.64819 
2   7 
21.27839   10.39752 
2   7 
21.27841   10.39752 
2   7 
21.27839   10.39753 
2   7 
23.07662   9.586265 
2   7 
23.07664   9.586265 
2   7 
23.07662   9.586275 
2   7 
24.53365   9.265893 
2   7 
24.53368   9.265893 
2   7 
24.53365   9.265903 
2   7 
27.04786   8.781011 
2   7 
27.04789   8.781011 
2   7 
27.04786   8.78102 
2   7 
30.96608   7.915628 
2   7 
30.96611   7.915628 
2   7 
30.96608   7.915636 
2   7 
34.74353   7.807675 
2   7 
34.74357   7.807675 
2   7 
34.74353   7.807683 
2   7 
41.44819   7.001607 
2   7 
41.44823   7.001607 
2   7 
41.44819   7.001614 
2   7 
39.99457   7.334519 
2   7 
39.99461   7.334519 
2   7 
39.99457   7.334526 
2   7 
42.89542   7.16197 
2   7 
42.89546   7.16197 
2   7 
42.89542   7.161977 
2   7 
55.68104   6.425237 
2   7 
55.6811   6.425237 
2   7 
55.68104   6.425243 
2   7 
51.5805   6.808544 
2   7 
51.58056   6.808544 
2   7 
51.5805   6.808551 
2   7 
55.61868   6.669805 
2   7 
55.61873   6.669805 
2   7 
55.61868   6.669811 
2   7 
74.03473   6.104645 
2   7 
74.03481   6.104645 
2   7 
74.03473   6.104651 
2   7 
67.07654   6.413412 
2   7 
67.07661   6.413412 
2   7 
67.07654   6.413418 
2   7 
72.09079   6.326516 
2   7 
72.09087   6.326516 
2   7 
72.09079   6.326523 
2   7 
93.99636   5.984695 
2   7 
93.99646   5.984695 
2   7 
93.99636   5.984701 
2   7 
93.9045   6.072181 
2   7 
93.9046   6.072181 
2   7 
93.9045   6.072187 
2   7 
105.6298   6.013601 
2   7 
105.6299   6.013601 
2   7 
105.6298   6.013607 
2   7 
134.519   5.822463 
2   7 
134.5191   5.822463 
2   7 
134.519   5.822469 
2   7 
149.0454   5.794839 
2   7 
149.0456   5.794839 
2   7 
149.0454   5.794845 
2   7 
179.084   5.738831 
2   7 
179.0841   5.738831 
2   7 
179.084   5.738837 
2   7 
216.1461   5.676966 
2   7 
216.1463   5.676966 
2   7 
216.1461   5.676972 
2   7 
267.0546   5.656887 
2   7 
267.0549   5.656887 
2   7 
267.0546   5.656893 
2   7 
391.6337   5.477371 
2   7 
321.8106   5.577985 
2   7 
321.8109   5.577985 
2   7 
321.8106   5.57799 
2   7 
372.9071   5.55514 
2   7 
372.9075   5.55514 
2   7 
372.9071   5.555146 
2   7 
459.7374   5.543528 
2   7 
459.7379   5.543528 
2   7 
459.7374   5.543533 
2   7 
583.9216   5.504591 
2   7 
583.9222   5.504591 
2   7 
583.9216   5.504597 
2   7 
732.1583   5.494991 
2   7 
732.159   5.494991 
2   7 
732.1583   5.494997 
2   7 
925.3525   5.476316 
2   7 
925.3535   5.476316 
2   7 
925.3525   5.476322 
2   7 
1183.367   5.469448 
2   7 
1183.368   5.469448 
2   7 
1183.367   5.469453 
2   7 
1532.879   5.453167 
2   7 
1532.881   5.453167 
2   7 
1532.879   5.453173 
2   7 
1988.183   5.452227 
2   7 
1988.185   5.452227 
2   7 
1988.183   5.452232 
2   7 
2600.994   5.440519 
2   7 
2600.996   5.440519 
2   7 
2600.994   5.440525 
2   7 
3381.721   5.439071 
2   7 
3381.725   5.439071 
2   7 
3381.721   5.439076 
2   7 
4397.015   5.435044 
2   7 
4397.019   5.435044 
2   7 
4397.015   5.435049 
2   7 
5762.248   5.433129 
2   7 
5762.253   5.433129 
2   7 
5762.248   5.433134 
2   7 
7554.248   5.430863 
2   7 
7554.256   5.430863 
2   7 
7554.248   5.430869 
2   7 
9938.03   5.429709 
2   7 
9938.04   5.429709 
2   7 
9938.03   5.429715 
2   7 
13089.28   5.428341 
2   7 
13089.29   5.428341 
2   7 
13089.28   5.428346 
2   7 
17268.99   5.427732 
2   7 
17269.01   5.427732 
2   7 
17268.99   5.427737 
2   7 
22802.25   5.426865 
2   7 
22802.27   5.426865 
2   7 
22802.25   5.42687 
2   7 
28352.81   5.426662 
2   7 
28352.84   5.426662 
2   7 
28352.81   5.426668 
2   7 
33903.37   5.426321 
2   7 
33903.41   5.426321 
2   7 
33903.37   5.426326 
2   7 
39453.94   5.42618 
2   7 
39453.98   5.42618 
2   7 
39453.94   5.426186 
2   7 
45004.5   5.426026 
2   7 
45004.54   5.426026 
2   7 
45004.5   5.426031 
Fit Mean:  45004.5  Size:  5.426026  Code:  5 
Try Mean:  7  Size:  10000 
2   7 
7   10000 
2   7 
7   10000 
2   7 
7.000007   10000 
2   7 
7   10000.01 
2   7 
7.029895   10000 
2   7 
7.029902   10000 
2   7 
7.029895   10000.01 
2   7 
9.099689   10000 
2   7 
9.099698   10000 
2   7 
9.099689   10000.01 
2   7 
9.940699   10000 
2   7 
9.940709   10000 
2   7 
9.940699   10000.01 
2   7 
10.55211   10000 
2   7 
10.55212   10000 
2   7 
10.55211   10000.01 
2   7 
10.74635   10000 
2   7 
10.74636   10000 
2   7 
10.74635   10000.01 
2   7 
10.77919   10000 
2   7 
10.7792   10000 
2   7 
10.77919   10000.01 
2   7 
10.78067   10000 
2   7 
10.78068   10000 
2   7 
10.78067   10000.01 
2   7 
10.78068   10000 
2   7 
10.78069   10000 
2   7 
10.78068   10000.01 
Fit Mean:  10.78068  Size:  10000  Code:  2 
Try Mean:  7  Size:  1000 
2   7 
7   1000 
2   7 
7   1000 
2   7 
7.000007   1000 
2   7 
7   1000.001 
2   7 
7.02987   1000 
2   7 
7.029877   1000 
2   7 
7.02987   1000.001 
2   7 
9.11057   1000 
2   7 
9.110579   1000 
2   7 
9.11057   1000.001 
2   7 
9.963586   1000 
2   7 
9.963596   1000 
2   7 
9.963586   1000.001 
2   7 
10.59139   1000 
2   7 
10.5914   1000 
2   7 
10.59139   1000.001 
2   7 
10.79536   1000 
2   7 
10.79538   1000 
2   7 
10.79536   1000.001 
2   7 
10.83107   1000 
2   7 
10.83108   1000 
2   7 
10.83107   1000.001 
2   7 
10.83277   1000 
2   7 
10.83278   1000 
2   7 
10.83277   1000.001 
2   7 
10.83278   1000 
2   7 
10.83279   1000 
2   7 
10.83278   1000.001 
2   7 
10.83278   1000 
2   7 
10.8328   1000 
2   7 
10.83278   1000.001 
Fit Mean:  10.83278  Size:  1000  Code:  2 
Try Mean:  7  Size:  100 
2   7 
7   100 
2   7 
7   100 
2   7 
7.000007   100 
2   7 
7   100.0001 
2   7 
7.029591   100 
2   7 
7.029598   100 
2   7 
7.029591   100.0001 
2   7 
9.213883   100.0062 
2   7 
9.213893   100.0062 
2   7 
9.213883   100.0063 
2   7 
10.18459   100.0108 
2   7 
10.1846   100.0108 
2   7 
10.18459   100.0109 
2   7 
10.9831   100.015 
2   7 
10.98312   100.015 
2   7 
10.9831   100.0151 
2   7 
11.30119   100.0165 
2   7 
11.3012   100.0165 
2   7 
11.30119   100.0166 
2   7 
11.37788   100.0167 
2   7 
11.37789   100.0167 
2   7 
11.37788   100.0168 
2   7 
11.38397   100.0165 
2   7 
11.38398   100.0165 
2   7 
11.38397   100.0166 
2   7 
11.38412   100.0162 
2   7 
11.38413   100.0162 
2   7 
11.38412   100.0163 
2   7 
11.38605   100.0097 
2   7 
11.38606   100.0097 
2   7 
11.38605   100.0098 
2   7 
11.38818   99.99581 
2   7 
11.38819   99.99581 
2   7 
11.38818   99.99591 
2   7 
11.39243   99.94864 
2   7 
11.39244   99.94864 
2   7 
11.39243   99.94874 
2   7 
11.39923   99.8257 
2   7 
11.39924   99.8257 
2   7 
11.39923   99.8258 
2   7 
11.41155   99.48355 
2   7 
11.41156   99.48355 
2   7 
11.41155   99.48365 
2   7 
11.43435   98.5608 
2   7 
11.43436   98.5608 
2   7 
11.43435   98.5609 
2   7 
11.4821   95.94219 
2   7 
11.48211   95.94219 
2   7 
11.4821   95.94229 
2   7 
11.61788   86.84816 
2   7 
11.61789   86.84816 
2   7 
11.61788   86.84825 
2   7 
11.73576   78.22724 
2   7 
11.73577   78.22724 
2   7 
11.73576   78.22732 
2   7 
11.9673   62.35853 
2   7 
11.96731   62.35853 
2   7 
11.9673   62.35859 
2   7 
12.67858   17.10524 
2   7 
12.03843   57.8332 
2   7 
12.03844   57.8332 
2   7 
12.03843   57.83326 
2   7 
12.93681   1.288932 
2   7 
12.12827   52.17878 
2   7 
12.12828   52.17878 
2   7 
12.12827   52.17883 
Fit Mean:  13.24721  Size:  -17.48839  Code:  1 
Try Mean:  7  Size:  10 
2   7 
7   10 
2   7 
7   10 
2   7 
7.000007   10 
2   7 
7   10.00001 
2   7 
7.025914   10.00295 
2   7 
7.025921   10.00295 
2   7 
7.025914   10.00296 
2   7 
9.945352   10.79136 
2   7 
9.945362   10.79136 
2   7 
9.945352   10.79137 
2   7 
11.8549   11.61968 
2   7 
11.85491   11.61968 
2   7 
11.8549   11.61969 
2   7 
14.17936   12.76581 
2   7 
14.17937   12.76581 
2   7 
14.17936   12.76582 
2   7 
15.84846   13.63097 
2   7 
15.84848   13.63097 
2   7 
15.84846   13.63099 
2   7 
16.83033   14.14294 
2   7 
16.83034   14.14294 
2   7 
16.83033   14.14295 
2   7 
17.15817   14.30758 
2   7 
17.15819   14.30758 
2   7 
17.15817   14.30759 
2   7 
17.21204   14.32722 
2   7 
17.21205   14.32722 
2   7 
17.21204   14.32723 
2   7 
17.23489   14.32671 
2   7 
17.23491   14.32671 
2   7 
17.23489   14.32672 
2   7 
17.33624   14.29395 
2   7 
17.33626   14.29395 
2   7 
17.33624   14.29397 
2   7 
17.52699   14.17745 
2   7 
17.527   14.17745 
2   7 
17.52699   14.17746 
2   7 
18.11211   13.70592 
2   7 
18.11213   13.70592 
2   7 
18.11211   13.70593 
2   7 
23.8766   8.692992 
2   7 
23.87662   8.692992 
2   7 
23.8766   8.693001 
2   7 
18.69845   13.16709 
2   7 
21.2907   10.9273 
2   7 
21.29072   10.9273 
2   7 
21.2907   10.92731 
2   7 
21.78891   10.53205 
2   7 
21.78893   10.53205 
2   7 
21.78891   10.53206 
2   7 
23.42184   9.316591 
2   7 
22.50821   9.996645 
2   7 
22.50823   9.996645 
2   7 
22.50821   9.996655 
2   7 
22.80176   9.831016 
2   7 
22.80178   9.831016 
2   7 
22.80176   9.831026 
2   7 
23.67287   9.459002 
2   7 
23.67289   9.459002 
2   7 
23.67287   9.459011 
2   7 
25.16611   9.002169 
2   7 
25.16614   9.002169 
2   7 
25.16611   9.002178 
2   7 
27.32059   8.621638 
2   7 
27.32062   8.621638 
2   7 
27.32059   8.621646 
2   7 
30.02427   8.283454 
2   7 
30.0243   8.283454 
2   7 
30.02427   8.283462 
2   7 
35.29365   7.398145 
2   7 
35.29369   7.398145 
2   7 
35.29365   7.398152 
2   7 
36.22209   7.651392 
2   7 
36.22213   7.651392 
2   7 
36.22209   7.6514 
2   7 
40.27475   7.308337 
2   7 
40.27479   7.308337 
2   7 
40.27475   7.308344 
2   7 
52.12056   6.440686 
2   7 
44.71145   6.983369 
2   7 
44.71149   6.983369 
2   7 
44.71145   6.983376 
2   7 
50.21151   6.736831 
2   7 
50.21156   6.736831 
2   7 
50.21151   6.736838 
2   7 
56.6538   6.627918 
2   7 
56.65385   6.627918 
2   7 
56.6538   6.627925 
2   7 
67.77279   6.302794 
2   7 
67.77285   6.302794 
2   7 
67.77279   6.3028 
2   7 
74.0317   6.278784 
2   7 
74.03178   6.278784 
2   7 
74.0317   6.278791 
2   7 
89.36607   6.074007 
2   7 
89.36616   6.074007 
2   7 
89.36607   6.074013 
2   7 
102.8559   6.01669 
2   7 
102.856   6.01669 
2   7 
102.8559   6.016696 
2   7 
125.811   5.850487 
2   7 
125.8111   5.850487 
2   7 
125.811   5.850493 
2   7 
145.3032   5.824093 
2   7 
145.3033   5.824093 
2   7 
145.3032   5.824099 
2   7 
177.756   5.721765 
2   7 
177.7561   5.721765 
2   7 
177.756   5.721771 
2   7 
213.0968   5.688609 
2   7 
213.097   5.688609 
2   7 
213.0968   5.688615 
2   7 
262.6128   5.618182 
2   7 
262.613   5.618182 
2   7 
262.6128   5.618188 
2   7 
323.8674   5.597876 
2   7 
323.8677   5.597876 
2   7 
323.8674   5.597882 
2   7 
408.8703   5.53952 
2   7 
408.8707   5.53952 
2   7 
408.8703   5.539526 
2   7 
500.7399   5.527562 
2   7 
500.7404   5.527562 
2   7 
500.7399   5.527567 
2   7 
623.5566   5.504324 
2   7 
623.5572   5.504324 
2   7 
623.5566   5.50433 
2   7 
787.3231   5.492658 
2   7 
787.3239   5.492658 
2   7 
787.3231   5.492664 
2   7 
1015.118   5.468522 
2   7 
1015.119   5.468522 
2   7 
1015.118   5.468527 
2   7 
1311.285   5.468166 
2   7 
1311.286   5.468166 
2   7 
1311.285   5.468172 
2   7 
1718.212   5.448357 
2   7 
1718.214   5.448357 
2   7 
1718.212   5.448362 
2   7 
2185.815   5.444883 
2   7 
2185.817   5.444883 
2   7 
2185.815   5.444888 
2   7 
2809.923   5.441679 
2   7 
2809.926   5.441679 
2   7 
2809.923   5.441685 
2   7 
3657.632   5.437396 
2   7 
3657.635   5.437396 
2   7 
3657.632   5.437401 
2   7 
4774.453   5.434848 
2   7 
4774.458   5.434848 
2   7 
4774.453   5.434853 
2   7 
6256.321   5.432207 
2   7 
6256.328   5.432207 
2   7 
6256.321   5.432212 
2   7 
8217.012   5.430775 
2   7 
8217.02   5.430775 
2   7 
8217.012   5.430781 
2   7 
10815.62   5.429066 
2   7 
10815.63   5.429066 
2   7 
10815.62   5.429071 
2   7 
14255.65   5.428426 
2   7 
14255.67   5.428426 
2   7 
14255.65   5.428431 
2   7 
18828.7   5.427181 
2   7 
18828.72   5.427181 
2   7 
18828.7   5.427186 
2   7 
24873.45   5.427109 
2   7 
24873.47   5.427109 
2   7 
24873.45   5.427115 
2   7 
32924.84   5.42605 
2   7 
32924.87   5.42605 
2   7 
32924.84   5.426056 
2   7 
43582.97   5.426353 
2   7 
43583.01   5.426353 
2   7 
43582.97   5.426359 
2   7 
55789.52   5.425582 
2   7 
55789.58   5.425582 
2   7 
55789.52   5.425588 
2   7 
67996.08   5.425712 
2   7 
67996.14   5.425712 
2   7 
67996.08   5.425717 
2   7 
80202.63   5.425531 
2   7 
80202.71   5.425531 
2   7 
80202.63   5.425536 
2   7 
92409.19   5.425485 
2   7 
92409.28   5.425485 
2   7 
92409.19   5.42549 
2   7 
104615.7   5.425424 
2   7 
104615.8   5.425424 
2   7 
104615.7   5.425429 
Fit Mean:  104615.7  Size:  5.425424  Code:  5 
Try Mean:  7  Size:  1 
2   7 
7   1 
2   7 
7   1 
2   7 
7.000007   1 
2   7 
7   1.000001 
2   7 
7.009708   1.048413 
2   7 
7.009715   1.048413 
2   7 
7.009708   1.048414 
2   7 
8.212061   2.983868 
2   7 
8.212069   2.983868 
2   7 
8.212061   2.983871 
2   7 
10.27095   5.283036 
2   7 
10.27096   5.283036 
2   7 
10.27095   5.283041 
2   7 
13.10998   8.276829 
2   7 
13.10999   8.276829 
2   7 
13.10998   8.276837 
2   7 
15.30249   10.56208 
2   7 
15.3025   10.56208 
2   7 
15.30249   10.56209 
2   7 
16.90088   12.22266 
2   7 
16.90089   12.22266 
2   7 
16.90088   12.22268 
2   7 
17.701   13.05137 
2   7 
17.70102   13.05137 
2   7 
17.701   13.05138 
2   7 
17.93632   13.2929 
2   7 
17.93634   13.2929 
2   7 
17.93632   13.29291 
2   7 
17.9652   13.32038 
2   7 
17.96521   13.32038 
2   7 
17.9652   13.3204 
2   7 
17.97085   13.32343 
2   7 
17.97087   13.32343 
2   7 
17.97085   13.32344 
2   7 
18.01211   13.33278 
2   7 
18.01213   13.33278 
2   7 
18.01211   13.3328 
2   7 
18.07757   13.32501 
2   7 
18.07759   13.32501 
2   7 
18.07757   13.32503 
2   7 
18.25074   13.25662 
2   7 
18.25076   13.25662 
2   7 
18.25074   13.25663 
2   7 
18.68736   12.99504 
2   7 
18.68738   12.99504 
2   7 
18.68736   12.99506 
2   7 
20.69233   11.59677 
2   7 
20.69235   11.59677 
2   7 
20.69233   11.59679 
2   7 
23.9976   9.304813 
2   7 
23.99762   9.304813 
2   7 
23.9976   9.304823 
2   7 
22.73893   10.21436 
2   7 
23.47587   9.681832 
2   7 
23.47589   9.681832 
2   7 
23.47587   9.681842 
2   7 
23.71344   9.59641 
2   7 
23.71347   9.59641 
2   7 
23.71344   9.59642 
2   7 
27.75241   8.340313 
2   7 
27.75244   8.340313 
2   7 
27.75241   8.340321 
2   7 
27.52584   8.693365 
2   7 
27.52587   8.693365 
2   7 
27.52584   8.693374 
2   7 
29.58511   8.392898 
2   7 
29.58514   8.392898 
2   7 
29.58511   8.392907 
2   7 
36.49437   7.23588 
2   7 
36.49441   7.23588 
2   7 
36.49437   7.235887 
2   7 
34.07748   7.854567 
2   7 
34.07751   7.854567 
2   7 
34.07748   7.854575 
2   7 
36.35168   7.61145 
2   7 
36.35172   7.61145 
2   7 
36.35168   7.611458 
2   7 
48.34068   6.457539 
2   7 
39.85165   7.274587 
2   7 
39.85169   7.274587 
2   7 
39.85165   7.274594 
2   7 
45.43012   6.87595 
2   7 
45.43016   6.87595 
2   7 
45.43012   6.875957 
2   7 
47.63781   6.872926 
2   7 
47.63786   6.872926 
2   7 
47.63781   6.872933 
2   7 
55.56846   6.619905 
2   7 
55.56852   6.619905 
2   7 
55.56846   6.619911 
2   7 
63.57165   6.452595 
2   7 
63.57172   6.452595 
2   7 
63.57165   6.452601 
2   7 
74.91357   6.256263 
2   7 
74.91365   6.256263 
2   7 
74.91357   6.25627 
2   7 
90.03768   6.183889 
2   7 
90.03777   6.183889 
2   7 
90.03768   6.183895 
2   7 
137.5523   5.555215 
2   7 
101.218   6.035961 
2   7 
101.2181   6.035961 
2   7 
101.218   6.035967 
2   7 
123.7123   5.827459 
2   7 
123.7124   5.827459 
2   7 
123.7123   5.827465 
2   7 
122.5258   5.889756 
2   7 
122.5259   5.889756 
2   7 
122.5258   5.889762 
2   7 
135.1467   5.873806 
2   7 
135.1468   5.873806 
2   7 
135.1467   5.873812 
2   7 
165.924   5.772372 
2   7 
165.9242   5.772372 
2   7 
165.924   5.772378 
2   7 
208.7172   5.659657 
2   7 
208.7174   5.659657 
2   7 
208.7172   5.659663 
2   7 
232.9452   5.648802 
2   7 
232.9455   5.648802 
2   7 
232.9452   5.648808 
2   7 
284.8167   5.613233 
2   7 
284.817   5.613233 
2   7 
284.8167   5.613238 
2   7 
347.4144   5.576889 
2   7 
347.4148   5.576889 
2   7 
347.4144   5.576894 
2   7 
433.2564   5.553758 
2   7 
433.2569   5.553758 
2   7 
433.2564   5.553763 
2   7 
562.391   5.498781 
2   7 
562.3916   5.498781 
2   7 
562.391   5.498787 
2   7 
709.712   5.503644 
2   7 
709.7127   5.503644 
2   7 
709.712   5.50365 
2   7 
897.4698   5.47763 
2   7 
897.4707   5.47763 
2   7 
897.4698   5.477636 
2   7 
1149.108   5.464156 
2   7 
1149.109   5.464156 
2   7 
1149.108   5.464161 
2   7 
1450.193   5.458606 
2   7 
1450.195   5.458606 
2   7 
1450.193   5.458611 
2   7 
1869.422   5.449846 
2   7 
1869.424   5.449846 
2   7 
1869.422   5.449852 
2   7 
2415.984   5.445338 
2   7 
2415.986   5.445338 
2   7 
2415.984   5.445344 
2   7 
3145.304   5.439368 
2   7 
3145.308   5.439368 
2   7 
3145.304   5.439373 
2   7 
4105.289   5.437491 
2   7 
4105.293   5.437491 
2   7 
4105.289   5.437497 
2   7 
5398.756   5.43245 
2   7 
5398.761   5.43245 
2   7 
5398.756   5.432455 
2   7 
7105.865   5.432949 
2   7 
7105.872   5.432949 
2   7 
7105.865   5.432954 
2   7 
9424.661   5.428549 
2   7 
9424.67   5.428549 
2   7 
9424.661   5.428554 
2   7 
12424.89   5.429111 
2   7 
12424.91   5.429111 
2   7 
12424.89   5.429116 
2   7 
16374.52   5.427455 
2   7 
16374.54   5.427455 
2   7 
16374.52   5.42746 
2   7 
21643.56   5.427104 
2   7 
21643.58   5.427104 
2   7 
21643.56   5.42711 
2   7 
28556.47   5.426482 
2   7 
28556.5   5.426482 
2   7 
28556.47   5.426487 
2   7 
35627.54   5.426237 
2   7 
35627.57   5.426237 
2   7 
35627.54   5.426242 
2   7 
42698.6   5.426034 
2   7 
42698.65   5.426034 
2   7 
42698.6   5.42604 
2   7 
49769.67   5.425896 
2   7 
49769.72   5.425896 
2   7 
49769.67   5.425902 
2   7 
56840.74   5.425791 
2   7 
56840.8   5.425791 
2   7 
56840.74   5.425796 
2   7 
63911.81   5.425707 
2   7 
63911.87   5.425707 
2   7 
63911.81   5.425713 
Fit Mean:  63911.81  Size:  5.425707  Code:  5 
Try Mean:  7  Size:  0.1 
2   7 
7   0.1 
2   7 
7   0.1 
2   7 
7.000007   0.1 
2   7 
7   0.100001 
2   7 
7.001288   0.194841 
2   7 
7.001295   0.194841 
2   7 
7.001288   0.194842 
2   7 
7.224418   1.358705 
2   7 
7.224425   1.358705 
2   7 
7.224418   1.358707 
2   7 
7.684245   2.48054 
2   7 
7.684253   2.48054 
2   7 
7.684245   2.480542 
2   7 
8.850134   4.72878 
2   7 
8.850143   4.72878 
2   7 
8.850134   4.728785 
2   7 
10.60314   7.822462 
2   7 
10.60315   7.822462 
2   7 
10.60314   7.82247 
2   7 
12.58118   11.2308 
2   7 
12.58119   11.2308 
2   7 
12.58118   11.23081 
2   7 
14.1971   13.99745 
2   7 
14.19711   13.99745 
2   7 
14.1971   13.99746 
2   7 
15.23959   15.77811 
2   7 
15.2396   15.77811 
2   7 
15.23959   15.77812 
2   7 
15.68389   16.53518 
2   7 
15.6839   16.53518 
2   7 
15.68389   16.53519 
2   7 
15.78088   16.6989 
2   7 
15.78089   16.6989 
2   7 
15.78088   16.69892 
2   7 
15.78878   16.71072 
2   7 
15.7888   16.71072 
2   7 
15.78878   16.71074 
2   7 
15.7948   16.71732 
2   7 
15.79482   16.71732 
2   7 
15.7948   16.71733 
2   7 
15.81137   16.72819 
2   7 
15.81138   16.72819 
2   7 
15.81137   16.7282 
2   7 
15.84014   16.73178 
2   7 
15.84016   16.73178 
2   7 
15.84014   16.7318 
2   7 
15.9038   16.70591 
2   7 
15.90381   16.70591 
2   7 
15.9038   16.70593 
2   7 
16.04609   16.57982 
2   7 
16.04611   16.57982 
2   7 
16.04609   16.57983 
2   7 
16.42927   16.10396 
2   7 
16.42928   16.10396 
2   7 
16.42927   16.10398 
2   7 
18.66413   12.98377 
2   7 
18.66415   12.98377 
2   7 
18.66413   12.98379 
2   7 
23.42234   6.458839 
2   7 
19.13995   12.33128 
2   7 
19.13997   12.33128 
2   7 
19.13995   12.33129 
2   7 
22.99319   7.341837 
2   7 
19.52527   11.83234 
2   7 
19.52529   11.83234 
2   7 
19.52527   11.83235 
2   7 
20.76204   10.34639 
2   7 
20.0684   11.17978 
2   7 
20.06842   11.17978 
2   7 
20.0684   11.17979 
2   7 
20.31153   10.96335 
2   7 
20.31155   10.96335 
2   7 
20.31153   10.96336 
2   7 
21.06759   10.45801 
2   7 
21.06761   10.45801 
2   7 
21.06759   10.45802 
2   7 
22.28756   9.88697 
2   7 
22.28759   9.88697 
2   7 
22.28756   9.88698 
2   7 
24.16405   9.390613 
2   7 
24.16407   9.390613 
2   7 
24.16405   9.390623 
2   7 
26.48725   8.899806 
2   7 
26.48727   8.899806 
2   7 
26.48725   8.899815 
2   7 
30.3936   7.990459 
2   7 
30.39363   7.990459 
2   7 
30.3936   7.990467 
2   7 
34.27192   7.868538 
2   7 
34.27195   7.868538 
2   7 
34.27192   7.868545 
2   7 
41.12441   6.9896 
2   7 
41.12445   6.9896 
2   7 
41.12441   6.989607 
2   7 
38.90657   7.422457 
2   7 
38.90661   7.422457 
2   7 
38.90657   7.422465 
2   7 
41.47173   7.240079 
2   7 
41.47177   7.240079 
2   7 
41.47173   7.240087 
2   7 
54.25365   6.418841 
2   7 
47.31616   6.864575 
2   7 
47.31621   6.864575 
2   7 
47.31616   6.864582 
2   7 
52.40788   6.670184 
2   7 
52.40794   6.670184 
2   7 
52.40788   6.670191 
2   7 
59.72805   6.564642 
2   7 
59.72811   6.564642 
2   7 
59.72805   6.564649 
2   7 
72.5164   6.215466 
2   7 
72.51647   6.215466 
2   7 
72.5164   6.215473 
2   7 
75.96341   6.254878 
2   7 
75.96349   6.254878 
2   7 
75.96341   6.254884 
2   7 
90.19681   6.10201 
2   7 
90.1969   6.10201 
2   7 
90.19681   6.102016 
2   7 
107.9879   5.955007 
2   7 
107.988   5.955007 
2   7 
107.9879   5.955013 
2   7 
127.8362   5.892365 
2   7 
127.8364   5.892365 
2   7 
127.8362   5.892371 
2   7 
158.0409   5.747579 
2   7 
158.0411   5.747579 
2   7 
158.0409   5.747585 
2   7 
183.0733   5.734542 
2   7 
183.0735   5.734542 
2   7 
183.0733   5.734548 
2   7 
225.0936   5.655891 
2   7 
225.0938   5.655891 
2   7 
225.0936   5.655897 
2   7 
273.1726   5.62559 
2   7 
273.1728   5.62559 
2   7 
273.1726   5.625596 
2   7 
337.4115   5.574861 
2   7 
337.4118   5.574861 
2   7 
337.4115   5.574867 
2   7 
421.9076   5.559719 
2   7 
421.908   5.559719 
2   7 
421.9076   5.559724 
2   7 
547.3742   5.502278 
2   7 
547.3748   5.502278 
2   7 
547.3742   5.502284 
2   7 
651.9216   5.49968 
2   7 
651.9222   5.49968 
2   7 
651.9216   5.499686 
2   7 
820.395   5.484923 
2   7 
820.3958   5.484923 
2   7 
820.395   5.484929 
2   7 
1036.866   5.473412 
2   7 
1036.867   5.473412 
2   7 
1036.866   5.473418 
2   7 
1330.172   5.461618 
2   7 
1330.173   5.461618 
2   7 
1330.172   5.461624 
2   7 
1712.639   5.455656 
2   7 
1712.641   5.455656 
2   7 
1712.639   5.455662 
2   7 
2240.601   5.443464 
2   7 
2240.604   5.443464 
2   7 
2240.601   5.443469 
2   7 
2952.922   5.446524 
2   7 
2952.925   5.446524 
2   7 
2952.922   5.44653 
2   7 
3954.89   5.433377 
2   7 
3954.894   5.433377 
2   7 
3954.89   5.433383 
2   7 
5015.259   5.432098 
2   7 
5015.264   5.432098 
2   7 
5015.259   5.432103 
2   7 
6555.958   5.431862 
2   7 
6555.964   5.431862 
2   7 
6555.958   5.431868 
2   7 
8572.671   5.430169 
2   7 
8572.68   5.430169 
2   7 
8572.671   5.430175 
2   7 
11295.1   5.428875 
2   7 
11295.11   5.428875 
2   7 
11295.1   5.428881 
2   7 
14869.39   5.427941 
2   7 
14869.4   5.427941 
2   7 
14869.39   5.427946 
2   7 
19617.43   5.42722 
2   7 
19617.45   5.42722 
2   7 
19617.43   5.427226 
2   7 
25903.99   5.426675 
2   7 
25904.01   5.426675 
2   7 
25903.99   5.426681 
2   7 
32904.7   5.426328 
2   7 
32904.73   5.426328 
2   7 
32904.7   5.426334 
2   7 
39905.42   5.426104 
2   7 
39905.46   5.426104 
2   7 
39905.42   5.42611 
2   7 
46906.13   5.425948 
2   7 
46906.18   5.425948 
2   7 
46906.13   5.425954 
2   7 
53906.84   5.42583 
2   7 
53906.9   5.42583 
2   7 
53906.84   5.425836 
2   7 
60907.56   5.42574 
2   7 
60907.62   5.42574 
2   7 
60907.56   5.425745 
Fit Mean:  60907.56  Size:  5.42574  Code:  5 
Try Mean:  7  Size:  0.01 
2   7 
7   0.01 
2   7 
7   0.01 
2   7 
7.000007   0.01 
2   7 
7   0.010001 
2   7 
7.000133   0.1126732 
2   7 
7.00014   0.1126732 
2   7 
7.000133   0.1126742 
2   7 
7.179112   1.225684 
2   7 
7.179119   1.225684 
2   7 
7.179112   1.225686 
2   7 
7.563904   2.279157 
2   7 
7.563912   2.279157 
2   7 
7.563904   2.27916 
2   7 
8.545778   4.347888 
2   7 
8.545787   4.347888 
2   7 
8.545778   4.347892 
2   7 
10.11304   7.321191 
2   7 
10.11305   7.321191 
2   7 
10.11304   7.321198 
2   7 
12.0431   10.87314 
2   7 
12.04311   10.87314 
2   7 
12.0431   10.87315 
2   7 
13.71081   13.91724 
2   7 
13.71083   13.91724 
2   7 
13.71081   13.91725 
2   7 
14.85669   16.00323 
2   7 
14.8567   16.00323 
2   7 
14.85669   16.00324 
2   7 
15.39828   16.98711 
2   7 
15.39829   16.98711 
2   7 
15.39828   16.98713 
2   7 
15.53802   17.23945 
2   7 
15.53803   17.23945 
2   7 
15.53802   17.23946 
2   7 
15.55203   17.26325 
2   7 
15.55204   17.26325 
2   7 
15.55203   17.26326 
2   7 
15.55528   17.26705 
2   7 
15.55529   17.26705 
2   7 
15.55528   17.26707 
2   7 
15.57483   17.28059 
2   7 
15.57484   17.28059 
2   7 
15.57483   17.28061 
2   7 
15.60376   17.28284 
2   7 
15.60377   17.28284 
2   7 
15.60376   17.28286 
2   7 
15.67335   17.24753 
2   7 
15.67337   17.24753 
2   7 
15.67335   17.24754 
2   7 
15.82728   17.08895 
2   7 
15.82729   17.08895 
2   7 
15.82728   17.08896 
2   7 
16.26324   16.47786 
2   7 
16.26326   16.47786 
2   7 
16.26324   16.47788 
2   7 
20.02577   10.71047 
2   7 
20.02579   10.71047 
2   7 
20.02577   10.71048 
2   7 
17.19448   15.03868 
2   7 
18.97789   12.31236 
2   7 
18.97791   12.31236 
2   7 
18.97789   12.31238 
2   7 
19.40155   11.75015 
2   7 
19.40157   11.75015 
2   7 
19.40155   11.75017 
2   7 
20.05048   10.99312 
2   7 
20.0505   10.99312 
2   7 
20.05048   10.99313 
2   7 
19.96681   11.18065 
2   7 
19.96683   11.18065 
2   7 
19.96681   11.18066 
2   7 
20.23182   11.20454 
2   7 
20.23184   11.20454 
2   7 
20.23182   11.20456 
2   7 
21.41754   10.7688 
2   7 
21.41756   10.7688 
2   7 
21.41754   10.76881 
2   7 
25.34802   8.875531 
2   7 
25.34805   8.875531 
2   7 
25.34802   8.87554 
2   7 
24.48811   9.509021 
2   7 
24.48813   9.509021 
2   7 
24.48811   9.509031 
2   7 
25.88029   9.082834 
2   7 
25.88031   9.082834 
2   7 
25.88029   9.082843 
2   7 
32.39326   7.327063 
2   7 
27.67803   8.598198 
2   7 
27.67806   8.598198 
2   7 
27.67803   8.598206 
2   7 
31.12071   7.908523 
2   7 
31.12074   7.908523 
2   7 
31.12071   7.908531 
2   7 
32.42101   7.920126 
2   7 
32.42104   7.920126 
2   7 
32.42101   7.920134 
2   7 
37.17206   7.458439 
2   7 
37.1721   7.458439 
2   7 
37.17206   7.458447 
2   7 
42.16085   7.139294 
2   7 
42.1609   7.139294 
2   7 
42.16085   7.139301 
2   7 
48.203   6.930634 
2   7 
48.20305   6.930634 
2   7 
48.203   6.930641 
2   7 
63.9462   6.052923 
2   7 
51.32158   6.756768 
2   7 
51.32163   6.756768 
2   7 
51.32158   6.756775 
2   7 
61.52814   6.413383 
2   7 
61.52821   6.413383 
2   7 
61.52814   6.41339 
2   7 
66.4643   6.398417 
2   7 
66.46437   6.398417 
2   7 
66.4643   6.398423 
2   7 
79.57108   6.180144 
2   7 
79.57116   6.180144 
2   7 
79.57108   6.18015 
2   7 
91.93832   6.087796 
2   7 
91.93841   6.087796 
2   7 
91.93832   6.087802 
2   7 
109.2296   5.950678 
2   7 
109.2297   5.950678 
2   7 
109.2296   5.950684 
2   7 
132.6035   5.903065 
2   7 
132.6037   5.903065 
2   7 
132.6035   5.90307 
2   7 
178.7453   5.646915 
2   7 
178.7455   5.646915 
2   7 
178.7453   5.646921 
2   7 
166.6323   5.77407 
2   7 
166.6325   5.77407 
2   7 
166.6323   5.774076 
2   7 
182.4093   5.745498 
2   7 
182.4095   5.745498 
2   7 
182.4093   5.745504 
2   7 
243.5691   5.627368 
2   7 
243.5694   5.627368 
2   7 
243.5691   5.627373 
2   7 
277.46   5.612523 
2   7 
277.4602   5.612523 
2   7 
277.46   5.612529 
2   7 
342.1447   5.578691 
2   7 
342.1451   5.578691 
2   7 
342.1447   5.578696 
2   7 
419.4604   5.552997 
2   7 
419.4608   5.552997 
2   7 
419.4604   5.553002 
2   7 
530.8157   5.519265 
2   7 
530.8162   5.519265 
2   7 
530.8157   5.519271 
2   7 
677.1647   5.518128 
2   7 
677.1653   5.518128 
2   7 
677.1647   5.518133 
2   7 
962.3225   5.45018 
2   7 
962.3235   5.45018 
2   7 
962.3225   5.450186 
2   7 
1005.843   5.469963 
2   7 
1005.844   5.469963 
2   7 
1005.843   5.469968 
2   7 
1209.761   5.471891 
2   7 
1209.763   5.471891 
2   7 
1209.761   5.471896 
2   7 
1566.952   5.459085 
2   7 
1566.954   5.459085 
2   7 
1566.952   5.459091 
2   7 
2067.878   5.445281 
2   7 
2067.88   5.445281 
2   7 
2067.878   5.445287 
2   7 
2629.223   5.43973 
2   7 
2629.226   5.43973 
2   7 
2629.223   5.439736 
2   7 
3394.369   5.43777 
2   7 
3394.373   5.43777 
2   7 
3394.369   5.437775 
2   7 
4398.828   5.435337 
2   7 
4398.832   5.435337 
2   7 
4398.828   5.435343 
2   7 
5759.155   5.432713 
2   7 
5759.16   5.432713 
2   7 
5759.155   5.432718 
2   7 
7549.257   5.430845 
2   7 
7549.264   5.430845 
2   7 
7549.257   5.430851 
2   7 
9918.616   5.429448 
2   7 
9918.626   5.429448 
2   7 
9918.616   5.429453 
2   7 
13058.39   5.428368 
2   7 
13058.41   5.428368 
2   7 
13058.39   5.428373 
2   7 
17216.82   5.427548 
2   7 
17216.84   5.427548 
2   7 
17216.82   5.427554 
2   7 
22721.5   5.426925 
2   7 
22721.53   5.426925 
2   7 
22721.5   5.42693 
2   7 
29721.51   5.42647 
2   7 
29721.54   5.42647 
2   7 
29721.51   5.426475 
2   7 
36721.52   5.426201 
2   7 
36721.56   5.426201 
2   7 
36721.52   5.426206 
2   7 
43721.53   5.426017 
2   7 
43721.57   5.426017 
2   7 
43721.53   5.426022 
2   7 
50721.53   5.425884 
2   7 
50721.58   5.425884 
2   7 
50721.53   5.425889 
2   7 
57721.54   5.425782 
2   7 
57721.6   5.425782 
2   7 
57721.54   5.425788 
Fit Mean:  57721.54  Size:  5.425782  Code:  5 
Try Mean:  7  Size:  0.001 
2   7 
7   0.001 
2   7 
7   0.001 
2   7 
7.000007   0.001 
2   7 
7   0.001001 
2   7 
7.000013   0.1045063 
2   7 
7.00002   0.1045063 
2   7 
7.000013   0.1045073 
2   7 
7.1749   1.212571 
2   7 
7.174908   1.212571 
2   7 
7.1749   1.212572 
2   7 
7.552755   2.259653 
2   7 
7.552763   2.259653 
2   7 
7.552755   2.259655 
2   7 
8.517335   4.310948 
2   7 
8.517343   4.310948 
2   7 
8.517335   4.310952 
2   7 
10.06517   7.269679 
2   7 
10.06518   7.269679 
2   7 
10.06517   7.269686 
2   7 
11.98842   10.83336 
2   7 
11.98843   10.83336 
2   7 
11.98842   10.83337 
2   7 
13.66057   13.90583 
2   7 
13.66059   13.90583 
2   7 
13.66057   13.90584 
2   7 
14.8166   16.02416 
2   7 
14.81661   16.02416 
2   7 
14.8166   16.02418 
2   7 
15.36851   17.03344 
2   7 
15.36852   17.03344 
2   7 
15.36851   17.03346 
2   7 
15.51326   17.29661 
2   7 
15.51327   17.29661 
2   7 
15.51326   17.29663 
2   7 
15.5281   17.3221 
2   7 
15.52811   17.3221 
2   7 
15.5281   17.32212 
2   7 
15.53119   17.32573 
2   7 
15.53121   17.32573 
2   7 
15.53119   17.32574 
2   7 
15.55123   17.3395 
2   7 
15.55125   17.3395 
2   7 
15.55123   17.33952 
2   7 
15.58063   17.34132 
2   7 
15.58064   17.34132 
2   7 
15.58063   17.34134 
2   7 
15.65189   17.30361 
2   7 
15.6519   17.30361 
2   7 
15.65189   17.30362 
2   7 
15.80983   17.13702 
2   7 
15.80984   17.13702 
2   7 
15.80983   17.13703 
2   7 
16.26251   16.49227 
2   7 
16.26253   16.49227 
2   7 
16.26251   16.49228 
2   7 
20.74908   9.554976 
2   7 
18.14008   13.5891 
2   7 
18.1401   13.5891 
2   7 
18.14008   13.58912 
Fit Mean:  27.47888  Size:  -0.7374933  Code:  1 
Try Mean:  2  Size:  10000 
2   7 
2   10000 
2   7 
2   10000 
2   7 
2.000002   10000 
2   7 
2   10000.01 
2   7 
2.203379   10000 
2   7 
2.203381   10000 
2   7 
2.203379   10000.01 
2   7 
4.468191   10000 
2   7 
4.468196   10000 
2   7 
4.468191   10000.01 
2   7 
6.316301   10000 
2   7 
6.316308   10000 
2   7 
6.316301   10000.01 
2   7 
8.070287   10000 
2   7 
8.070295   10000 
2   7 
8.070287   10000.01 
2   7 
9.327105   10000 
2   7 
9.327114   10000 
2   7 
9.327105   10000.01 
2   7 
10.20831   10000 
2   7 
10.20832   10000 
2   7 
10.20831   10000.01 
2   7 
10.64153   10000 
2   7 
10.64154   10000 
2   7 
10.64153   10000.01 
2   7 
10.76607   10000 
2   7 
10.76608   10000 
2   7 
10.76607   10000.01 
2   7 
10.78029   10000 
2   7 
10.7803   10000 
2   7 
10.78029   10000.01 
2   7 
10.78068   10000 
2   7 
10.78069   10000 
2   7 
10.78068   10000.01 
2   7 
10.78068   10000 
2   7 
10.78069   10000 
2   7 
10.78068   10000.01 
Fit Mean:  10.78068  Size:  10000  Code:  2 
Try Mean:  2  Size:  1000 
2   7 
2   1000 
2   7 
2   1000 
2   7 
2.000002   1000 
2   7 
2   1000.001 
2   7 
2.203273   1000 
2   7 
2.203275   1000 
2   7 
2.203273   1000.001 
2   7 
4.465475   1000 
2   7 
4.46548   1000 
2   7 
4.465475   1000.001 
2   7 
6.308708   1000 
2   7 
6.308714   1000 
2   7 
6.308708   1000.001 
2   7 
8.066997   1000 
2   7 
8.067005   1000 
2   7 
8.066997   1000.001 
2   7 
9.335862   1000 
2   7 
9.335871   1000 
2   7 
9.335862   1000.001 
2   7 
10.23419   1000 
2   7 
10.2342   1000 
2   7 
10.23419   1000.001 
2   7 
10.68352   1000 
2   7 
10.68353   1000 
2   7 
10.68352   1000.001 
2   7 
10.81643   1000 
2   7 
10.81644   1000 
2   7 
10.81643   1000.001 
2   7 
10.83232   1000 
2   7 
10.83233   1000 
2   7 
10.83232   1000.001 
2   7 
10.83278   1000 
2   7 
10.83279   1000 
2   7 
10.83278   1000.001 
2   7 
10.83278   1000 
2   7 
10.83279   1000 
2   7 
10.83278   1000.001 
Fit Mean:  10.83278  Size:  1000  Code:  2 
Try Mean:  2  Size:  100 
2   7 
2   100 
2   7 
2   100 
2   7 
2.000002   100 
2   7 
2   100.0001 
2   7 
2.202197   99.99996 
2   7 
2.202199   99.99996 
2   7 
2.202197   100.0001 
2   7 
4.437878   99.99941 
2   7 
4.437882   99.99941 
2   7 
4.437878   99.99951 
2   7 
6.23493   99.99941 
2   7 
6.234937   99.99941 
2   7 
6.23493   99.99951 
2   7 
8.031386   100.0002 
2   7 
8.031394   100.0002 
2   7 
8.031386   100.0003 
2   7 
9.412571   100.0012 
2   7 
9.41258   100.0012 
2   7 
9.412571   100.0013 
2   7 
10.47909   100.0023 
2   7 
10.4791   100.0023 
2   7 
10.47909   100.0024 
2   7 
11.10101   100.0029 
2   7 
11.10102   100.0029 
2   7 
11.10101   100.003 
2   7 
11.33874   100.0031 
2   7 
11.33875   100.0031 
2   7 
11.33874   100.0032 
2   7 
11.38174   100.0031 
2   7 
11.38175   100.0031 
2   7 
11.38174   100.0032 
2   7 
11.38414   100.0031 
2   7 
11.38415   100.0031 
2   7 
11.38414   100.0032 
2   7 
11.38418   100.0031 
2   7 
11.38419   100.0031 
2   7 
11.38418   100.0032 
2   7 
11.3853   100.0009 
2   7 
11.38531   100.0009 
2   7 
11.3853   100.001 
2   7 
11.38648   99.99638 
2   7 
11.38649   99.99638 
2   7 
11.38648   99.99648 
2   7 
11.38884   99.98084 
2   7 
11.38886   99.98084 
2   7 
11.38884   99.98094 
2   7 
11.39252   99.94067 
2   7 
11.39254   99.94067 
2   7 
11.39252   99.94077 
2   7 
11.39896   99.82913 
2   7 
11.39897   99.82913 
2   7 
11.39896   99.82923 
2   7 
11.41012   99.53285 
2   7 
11.41013   99.53285 
2   7 
11.41012   99.53295 
2   7 
11.43084   98.73226 
2   7 
11.43085   98.73226 
2   7 
11.43084   98.73236 
2   7 
11.47301   96.50616 
2   7 
11.47302   96.50616 
2   7 
11.47301   96.50625 
2   7 
11.58412   89.22629 
2   7 
11.58413   89.22629 
2   7 
11.58412   89.22638 
Fit Mean:  14.6481  Size:  -121.0309  Code:  1 
Try Mean:  2  Size:  10 
2   7 
2   10 
2   7 
2   10 
2   7 
2.000002   10 
2   7 
2   10.00001 
2   7 
2.190525   9.996871 
2   7 
2.190528   9.996871 
2   7 
2.190525   9.996881 
2   7 
4.157146   9.963374 
2   7 
4.157151   9.963374 
2   7 
4.157146   9.963384 
2   7 
5.655973   9.968613 
2   7 
5.655979   9.968613 
2   7 
5.655973   9.968623 
2   7 
7.574429   10.02516 
2   7 
7.574436   10.02516 
2   7 
7.574429   10.02517 
2   7 
9.538119   10.13033 
2   7 
9.538128   10.13033 
2   7 
9.538119   10.13034 
2   7 
11.7395   10.28566 
2   7 
11.73952   10.28566 
2   7 
11.7395   10.28567 
2   7 
14.05999   10.47528 
2   7 
14.06   10.47528 
2   7 
14.05999   10.47529 
2   7 
16.39181   10.68102 
2   7 
16.39183   10.68102 
2   7 
16.39181   10.68103 
2   7 
18.46807   10.87116 
2   7 
18.46808   10.87116 
2   7 
18.46807   10.87117 
2   7 
19.97687   11.01114 
2   7 
19.97689   11.01114 
2   7 
19.97687   11.01115 
2   7 
20.74636   11.08205 
2   7 
20.74638   11.08205 
2   7 
20.74636   11.08207 
2   7 
20.96587   11.10122 
2   7 
20.96589   11.10122 
2   7 
20.96587   11.10124 
2   7 
20.99461   11.10261 
2   7 
20.99463   11.10261 
2   7 
20.99461   11.10262 
2   7 
21.02341   11.10205 
2   7 
21.02343   11.10205 
2   7 
21.02341   11.10206 
2   7 
21.09171   11.09552 
2   7 
21.09173   11.09552 
2   7 
21.09171   11.09554 
2   7 
21.22048   11.07211 
2   7 
21.2205   11.07211 
2   7 
21.22048   11.07212 
2   7 
21.51722   10.99422 
2   7 
21.51724   10.99422 
2   7 
21.51722   10.99423 
2   7 
22.32917   10.73196 
2   7 
22.32919   10.73196 
2   7 
22.32917   10.73197 
2   7 
30.58616   7.901536 
2   7 
30.58619   7.901536 
2   7 
30.58616   7.901544 
2   7 
24.50015   9.978053 
2   7 
28.42502   8.638907 
2   7 
28.42505   8.638907 
2   7 
28.42502   8.638916 
2   7 
29.19207   8.39854 
2   7 
29.1921   8.39854 
2   7 
29.19207   8.398549 
2   7 
29.86333   8.213007 
2   7 
29.86336   8.213007 
2   7 
29.86333   8.213015 
2   7 
30.07946   8.180602 
2   7 
30.07949   8.180602 
2   7 
30.07946   8.18061 
2   7 
35.14227   7.587146 
2   7 
35.1423   7.587146 
2   7 
35.14227   7.587154 
2   7 
38.4151   7.414601 
2   7 
38.41514   7.414601 
2   7 
38.4151   7.414608 
2   7 
46.11017   6.797284 
2   7 
46.11022   6.797284 
2   7 
46.11017   6.797291 
2   7 
47.76173   6.943143 
2   7 
47.76177   6.943143 
2   7 
47.76173   6.94315 
2   7 
54.08481   6.701166 
2   7 
54.08486   6.701166 
2   7 
54.08481   6.701173 
2   7 
68.56186   6.22517 
2   7 
68.56193   6.22517 
2   7 
68.56186   6.225176 
2   7 
67.13571   6.404978 
2   7 
67.13578   6.404978 
2   7 
67.13571   6.404984 
2   7 
73.77161   6.313294 
2   7 
73.77168   6.313294 
2   7 
73.77161   6.313301 
2   7 
96.21339   5.972 
2   7 
96.21349   5.972 
2   7 
96.21339   5.972006 
2   7 
97.13774   6.052554 
2   7 
97.13783   6.052554 
2   7 
97.13774   6.05256 
2   7 
110.9994   5.980106 
2   7 
110.9995   5.980106 
2   7 
110.9994   5.980112 
2   7 
141.8878   5.791599 
2   7 
141.8879   5.791599 
2   7 
141.8878   5.791605 
2   7 
155.5012   5.782353 
2   7 
155.5013   5.782353 
2   7 
155.5012   5.782359 
2   7 
191.7062   5.704253 
2   7 
191.7064   5.704253 
2   7 
191.7062   5.704259 
2   7 
227.3202   5.682369 
2   7 
227.3205   5.682369 
2   7 
227.3202   5.682375 
2   7 
299.5112   5.567991 
2   7 
299.5115   5.567991 
2   7 
299.5112   5.567996 
2   7 
328.1556   5.584949 
2   7 
328.156   5.584949 
2   7 
328.1556   5.584955 
2   7 
407.0755   5.556213 
2   7 
407.0759   5.556213 
2   7 
407.0755   5.556218 
2   7 
510.9554   5.522255 
2   7 
510.9559   5.522255 
2   7 
510.9554   5.52226 
2   7 
641.6863   5.505696 
2   7 
641.6869   5.505696 
2   7 
641.6863   5.505702 
2   7 
811.1005   5.48497 
2   7 
811.1013   5.48497 
2   7 
811.1005   5.484975 
2   7 
1035.55   5.477529 
2   7 
1035.551   5.477529 
2   7 
1035.55   5.477534 
2   7 
1354.515   5.454484 
2   7 
1354.516   5.454484 
2   7 
1354.515   5.45449 
2   7 
1744.768   5.455296 
2   7 
1744.769   5.455296 
2   7 
1744.768   5.455302 
2   7 
2257.346   5.444319 
2   7 
2257.348   5.444319 
2   7 
2257.346   5.444325 
2   7 
2938.578   5.440826 
2   7 
2938.58   5.440826 
2   7 
2938.578   5.440831 
2   7 
3809.019   5.436945 
2   7 
3809.023   5.436945 
2   7 
3809.019   5.43695 
2   7 
4983.52   5.43432 
2   7 
4983.525   5.43432 
2   7 
4983.52   5.434326 
2   7 
6526.808   5.431957 
2   7 
6526.815   5.431957 
2   7 
6526.808   5.431962 
2   7 
8576.135   5.430426 
2   7 
8576.144   5.430426 
2   7 
8576.135   5.430431 
2   7 
11286.96   5.428978 
2   7 
11286.97   5.428978 
2   7 
11286.96   5.428983 
2   7 
14878.7   5.428155 
2   7 
14878.72   5.428155 
2   7 
14878.7   5.428161 
2   7 
19642.46   5.427223 
2   7 
19642.48   5.427223 
2   7 
19642.46   5.427228 
2   7 
25932.69   5.426861 
2   7 
25932.71   5.426861 
2   7 
25932.69   5.426866 
2   7 
34304.92   5.426187 
2   7 
34304.96   5.426187 
2   7 
34304.92   5.426192 
2   7 
44502.96   5.42614 
2   7 
44503.01   5.42614 
2   7 
44502.96   5.426145 
2   7 
54701   5.425755 
2   7 
54701.06   5.425755 
2   7 
54701   5.425761 
2   7 
64899.04   5.42574 
2   7 
64899.11   5.42574 
2   7 
64899.04   5.425745 
2   7 
75097.08   5.42559 
2   7 
75097.16   5.42559 
2   7 
75097.08   5.425596 
2   7 
85295.12   5.425545 
2   7 
85295.2   5.425545 
2   7 
85295.12   5.425551 
Fit Mean:  85295.12  Size:  5.425545  Code:  5 
Try Mean:  2  Size:  1 
2   7 
2   1 
2   7 
2   1 
2   7 
2.000002   1 
2   7 
2   1.000001 
2   7 
2.100872   0.9409145 
2   7 
2.100874   0.9409145 
2   7 
2.100872   0.9409155 
2   7 
2.935915   0.1425232 
2   7 
2.935918   0.1425232 
2   7 
2.935915   0.1425242 
Fit Mean:  3.116046  Size:  -0.2830392  Code:  1 
Try Mean:  2  Size:  0.1 
2   7 
2   0.1 
2   7 
2   0.1 
2   7 
2.000002   0.1 
2   7 
2   0.100001 
Fit Mean:  2.015489  Size:  -0.01893718  Code:  1 
Try Mean:  2  Size:  0.01 
2   7 
2   0.01 
2   7 
2   0.01 
2   7 
2.000002   0.01 
2   7 
2   0.010001 
Fit Mean:  2.001625  Size:  -0.1186192  Code:  1 
Try Mean:  2  Size:  0.001 
2   7 
2   0.001 
2   7 
2   0.001 
2   7 
2.000002   0.001 
2   7 
2   0.001001 
Fit Mean:  2.000163  Size:  -0.1286373  Code:  1 
Try Mean:  2.25  Size:  10000 
2   7 
2.25   10000 
2   7 
2.25   10000 
2   7 
2.250002   10000 
2   7 
2.25   10000.01 
2   7 
2.433097   10000 
2   7 
2.433099   10000 
2   7 
2.433097   10000.01 
2   7 
4.860151   10000 
2   7 
4.860156   10000 
2   7 
4.860151   10000.01 
2   7 
6.677441   10000 
2   7 
6.677447   10000 
2   7 
6.677441   10000.01 
2   7 
8.333868   10000 
2   7 
8.333876   10000 
2   7 
8.333868   10000.01 
2   7 
9.526386   10000 
2   7 
9.526396   10000 
2   7 
9.526386   10000.01 
2   7 
10.32135   10000 
2   7 
10.32136   10000 
2   7 
10.32135   10000.01 
2   7 
10.68222   10000 
2   7 
10.68224   10000 
2   7 
10.68222   10000.01 
2   7 
10.77229   10000 
2   7 
10.7723   10000 
2   7 
10.77229   10000.01 
2   7 
10.78052   10000 
2   7 
10.78053   10000 
2   7 
10.78052   10000.01 
2   7 
10.78068   10000 
2   7 
10.78069   10000 
2   7 
10.78068   10000.01 
2   7 
10.78068   10000 
2   7 
10.78069   10000 
2   7 
10.78068   10000.01 
Fit Mean:  10.78068  Size:  10000  Code:  2 
Try Mean:  2.25  Size:  1000 
2   7 
2.25   1000 
2   7 
2.25   1000 
2   7 
2.250002   1000 
2   7 
2.25   1000.001 
2   7 
2.432979   1000 
2   7 
2.432982   1000 
2   7 
2.432979   1000.001 
2   7 
4.856739   1000 
2   7 
4.856743   1000 
2   7 
4.856739   1000.001 
2   7 
6.669589   1000 
2   7 
6.669596   1000 
2   7 
6.669589   1000.001 
2   7 
8.332608   1000 
2   7 
8.332616   1000 
2   7 
8.332608   1000.001 
2   7 
9.538121   1000 
2   7 
9.53813   1000 
2   7 
9.538121   1000.001 
2   7 
10.35063   1000 
2   7 
10.35064   1000 
2   7 
10.35063   1000.001 
2   7 
10.72651   1000 
2   7 
10.72652   1000 
2   7 
10.72651   1000.001 
2   7 
10.8233   1000 
2   7 
10.82331   1000 
2   7 
10.8233   1000.001 
2   7 
10.83259   1000 
2   7 
10.8326   1000 
2   7 
10.83259   1000.001 
2   7 
10.83278   1000 
2   7 
10.83279   1000 
2   7 
10.83278   1000.001 
2   7 
10.83278   1000 
2   7 
10.83279   1000 
2   7 
10.83278   1000.001 
Fit Mean:  10.83278  Size:  1000  Code:  2 
Try Mean:  2.25  Size:  100 
2   7 
2.25   100 
2   7 
2.25   100 
2   7 
2.250002   100 
2   7 
2.25   100.0001 
2   7 
2.431789   99.99996 
2   7 
2.431791   99.99996 
2   7 
2.431789   100.0001 
2   7 
4.822219   99.99947 
2   7 
4.822223   99.99947 
2   7 
4.822219   99.99957 
2   7 
6.593367   99.99975 
2   7 
6.593374   99.99975 
2   7 
6.593367   99.99985 
2   7 
8.315671   100.0009 
2   7 
8.315679   100.0009 
2   7 
8.315671   100.001 
2   7 
9.643421   100.0022 
2   7 
9.643431   100.0022 
2   7 
9.643421   100.0023 
2   7 
10.63045   100.0034 
2   7 
10.63046   100.0034 
2   7 
10.63045   100.0035 
2   7 
11.17085   100.0041 
2   7 
11.17086   100.0041 
2   7 
11.17085   100.0042 
2   7 
11.35523   100.0043 
2   7 
11.35524   100.0043 
2   7 
11.35523   100.0044 
2   7 
11.38298   100.0043 
2   7 
11.38299   100.0043 
2   7 
11.38298   100.0044 
2   7 
11.38415   100.0043 
2   7 
11.38416   100.0043 
2   7 
11.38415   100.0044 
2   7 
11.3842   100.0042 
2   7 
11.38421   100.0042 
2   7 
11.3842   100.0043 
2   7 
11.38526   100.0022 
2   7 
11.38527   100.0022 
2   7 
11.38526   100.0023 
2   7 
11.38638   99.99812 
2   7 
11.3864   99.99812 
2   7 
11.38638   99.99822 
2   7 
11.38863   99.98403 
2   7 
11.38864   99.98403 
2   7 
11.38863   99.98413 
2   7 
11.39212   99.94756 
2   7 
11.39213   99.94756 
2   7 
11.39212   99.94766 
2   7 
11.3982   99.84649 
2   7 
11.39821   99.84649 
2   7 
11.3982   99.84659 
2   7 
11.40872   99.5782 
2   7 
11.40874   99.5782 
2   7 
11.40872   99.5783 
2   7 
11.42811   98.85479 
2   7 
11.42812   98.85479 
2   7 
11.42811   98.85489 
2   7 
11.46704   96.8566 
2   7 
11.46705   96.8566 
2   7 
11.46704   96.8567 
2   7 
11.56524   90.52642 
2   7 
11.56525   90.52642 
2   7 
11.56524   90.52651 
2   7 
12.633   16.43695 
2   7 
11.67202   83.11747 
2   7 
11.67203   83.11747 
2   7 
11.67202   83.11756 
Fit Mean:  13.14286  Size:  -18.88815  Code:  1 
Try Mean:  2.25  Size:  10 
2   7 
2.25   10 
2   7 
2.25   10 
2   7 
2.250002   10 
2   7 
2.25   10.00001 
2   7 
2.418882   9.997227 
2   7 
2.418884   9.997227 
2   7 
2.418882   9.997237 
2   7 
4.490941   9.971345 
2   7 
4.490946   9.971345 
2   7 
4.490941   9.971355 
2   7 
6.002316   9.994778 
2   7 
6.002322   9.994778 
2   7 
6.002316   9.994788 
2   7 
7.9582   10.08396 
2   7 
7.958208   10.08396 
2   7 
7.9582   10.08397 
2   7 
9.960455   10.22832 
2   7 
9.960465   10.22832 
2   7 
9.960455   10.22833 
2   7 
12.19871   10.43005 
2   7 
12.19872   10.43005 
2   7 
12.19871   10.43006 
2   7 
14.52464   10.66626 
2   7 
14.52466   10.66626 
2   7 
14.52464   10.66627 
2   7 
16.79206   10.911 
2   7 
16.79208   10.911 
2   7 
16.79206   10.91101 
2   7 
18.69509   11.12218 
2   7 
18.69511   11.12218 
2   7 
18.69509   11.12219 
2   7 
19.93778   11.26098 
2   7 
19.9378   11.26098 
2   7 
19.93778   11.26099 
2   7 
20.46558   11.31904 
2   7 
20.4656   11.31904 
2   7 
20.46558   11.31905 
2   7 
20.57871   11.33024 
2   7 
20.57873   11.33024 
2   7 
20.57871   11.33025 
2   7 
20.59372   11.33043 
2   7 
20.59374   11.33043 
2   7 
20.59372   11.33044 
2   7 
20.65775   11.32596 
2   7 
20.65777   11.32596 
2   7 
20.65775   11.32597 
2   7 
20.7593   11.30857 
2   7 
20.75933   11.30857 
2   7 
20.7593   11.30858 
2   7 
21.00569   11.24323 
2   7 
21.00571   11.24323 
2   7 
21.00569   11.24324 
2   7 
21.62758   11.03168 
2   7 
21.6276   11.03168 
2   7 
21.62758   11.0317 
2   7 
25.0985   9.734476 
2   7 
25.09852   9.734476 
2   7 
25.0985   9.734486 
2   7 
32.73371   6.922216 
2   7 
26.74819   9.126851 
2   7 
26.74821   9.126851 
2   7 
26.74819   9.12686 
2   7 
52.2325   0.0130603 
2   7 
29.29662   8.215472 
2   7 
29.29665   8.215472 
2   7 
29.29662   8.21548 
2   7 
28.46532   8.5314 
2   7 
28.46534   8.5314 
2   7 
28.46532   8.531408 
2   7 
28.7887   8.435125 
2   7 
28.78873   8.435125 
2   7 
28.7887   8.435134 
2   7 
29.55304   8.246447 
2   7 
29.55307   8.246447 
2   7 
29.55304   8.246455 
2   7 
30.37014   8.096164 
2   7 
30.37017   8.096164 
2   7 
30.37014   8.096172 
2   7 
32.80522   7.758954 
2   7 
32.80525   7.758954 
2   7 
32.80522   7.758962 
2   7 
35.51768   7.537145 
2   7 
35.51772   7.537145 
2   7 
35.51768   7.537153 
2   7 
39.39397   7.356883 
2   7 
39.39401   7.356883 
2   7 
39.39397   7.356891 
2   7 
46.54312   6.826123 
2   7 
46.54316   6.826123 
2   7 
46.54312   6.82613 
2   7 
49.19968   6.85218 
2   7 
49.19972   6.85218 
2   7 
49.19968   6.852187 
2   7 
58.1472   6.54125 
2   7 
58.14726   6.54125 
2   7 
58.1472   6.541257 
2   7 
66.88657   6.366009 
2   7 
66.88663   6.366009 
2   7 
66.88657   6.366015 
2   7 
76.89637   6.278847 
2   7 
76.89645   6.278847 
2   7 
76.89637   6.278853 
2   7 
101.1866   5.867222 
2   7 
87.47945   6.099505 
2   7 
87.47954   6.099505 
2   7 
87.47945   6.099511 
2   7 
100.6307   5.99393 
2   7 
100.6308   5.99393 
2   7 
100.6307   5.993936 
2   7 
116.8185   5.95074 
2   7 
116.8186   5.95074 
2   7 
116.8185   5.950746 
2   7 
147.5321   5.764912 
2   7 
147.5323   5.764912 
2   7 
147.5321   5.764918 
2   7 
159.3077   5.777756 
2   7 
159.3079   5.777756 
2   7 
159.3077   5.777762 
2   7 
196.0483   5.704337 
2   7 
196.0485   5.704337 
2   7 
196.0483   5.704343 
2   7 
236.3277   5.655718 
2   7 
236.3279   5.655718 
2   7 
236.3277   5.655724 
2   7 
290.1742   5.612611 
2   7 
290.1745   5.612611 
2   7 
290.1742   5.612617 
2   7 
360.2012   5.574528 
2   7 
360.2016   5.574528 
2   7 
360.2012   5.574534 
2   7 
451.8916   5.547887 
2   7 
451.892   5.547887 
2   7 
451.8916   5.547892 
2   7 
583.9127   5.499368 
2   7 
583.9133   5.499368 
2   7 
583.9127   5.499374 
2   7 
789.7666   5.50894 
2   7 
789.7674   5.50894 
2   7 
789.7666   5.508946 
2   7 
1015.695   5.468807 
2   7 
1015.696   5.468807 
2   7 
1015.695   5.468812 
2   7 
1205.972   5.457482 
2   7 
1205.973   5.457482 
2   7 
1205.972   5.457487 
2   7 
1542.346   5.453961 
2   7 
1542.348   5.453961 
2   7 
1542.346   5.453967 
2   7 
1948.491   5.44955 
2   7 
1948.493   5.44955 
2   7 
1948.491   5.449556 
2   7 
2532.842   5.443152 
2   7 
2532.844   5.443152 
2   7 
2532.842   5.443158 
2   7 
3285.577   5.439261 
2   7 
3285.58   5.439261 
2   7 
3285.577   5.439266 
2   7 
4286.962   5.435709 
2   7 
4286.966   5.435709 
2   7 
4286.962   5.435714 
2   7 
5609.772   5.433352 
2   7 
5609.778   5.433352 
2   7 
5609.772   5.433358 
2   7 
7362.457   5.431176 
2   7 
7362.464   5.431176 
2   7 
7362.457   5.431182 
2   7 
9681.283   5.429883 
2   7 
9681.292   5.429883 
2   7 
9681.283   5.429889 
2   7 
12758.82   5.428471 
2   7 
12758.83   5.428471 
2   7 
12758.82   5.428476 
2   7 
16828.16   5.427897 
2   7 
16828.17   5.427897 
2   7 
16828.16   5.427902 
2   7 
22233.05   5.426847 
2   7 
22233.08   5.426847 
2   7 
22233.05   5.426853 
2   7 
29391.34   5.426808 
2   7 
29391.37   5.426808 
2   7 
29391.34   5.426813 
2   7 
38955.38   5.42584 
2   7 
38955.42   5.42584 
2   7 
38955.38   5.425846 
2   7 
49205.38   5.426141 
2   7 
49205.43   5.426141 
2   7 
49205.38   5.426146 
Fit Mean:  49205.38  Size:  5.426141  Code:  1 
> 
> cat("Final Fit Mean: ", nb_fit_mu, " Size: ", nb_fit_size, " Code: ", nb_fit$code, " Try Size: ", try_size, "\n")
Final Fit Mean:  49205.38  Size:  5.426141  Code:  1  Try Size:  10 
> 
> ## Fit failed = reset parameters so graphing and output code can recognize this
> if ((nb_fit_mu < 0) || (nb_fit_size < 0) || (nb_fit$code != 1))
+ {
+   nb_fit_mu = 0
+   nb_fit_size = 0
+ }
> 
> 
> ## things can go wrong with fitting and we can still end up with invalid values
> 
> fit_nb = c()
> included_fract = 0
> if (nb_fit_mu > 0)
+ {
+   end_fract = pnbinom(end_i_for_fits, mu = nb_fit_mu, size=nb_fit_size)
+   start_fract = pnbinom(start_i_for_fits, mu = nb_fit_mu, size=nb_fit_size)
+   included_fract = end_fract-start_fract;
+ 
+   if (included_fract >= 0.01) {
+ 
+     ## Adjust so that we are back in full coords before making fit!!
+     if (num_per_bin > 1) 
+     {
+       nb_fit_mu = nb_fit_mu * num_per_bin
+     }
+     fit_nb = dnbinom(0:max(X$coverage), mu = nb_fit_mu, size=nb_fit_size)*inner_total/included_fract;
+   }
+ }
> 
> ## If an insufficient amount of fit was included, then invalidate it
> if (included_fract < 0.01)
+ {
+   nb_fit_mu = 0
+   nb_fit_size = 0
+ }
> 
> f_p <- function(par) {
+ 
+   lambda = par[1];
+ 
+   if (lambda <= 0)
+   {
+     return(0);
+   }
+   
+ 	total <- 0;
+ 	for (i in start_i_for_fits:end_i_for_fits)
+ 	{	
+     #cat(i, " ", lambda, "\n");
+ 		dist[i] <- dpois(i, lambda=lambda);
+ 		total <- total + dist[i] 
+ 	}
+ 	#print (total)
+ 
+  	l <- 0;
+ 	for (i in start_i_for_fits:end_i_for_fits)
+ 	{
+ 		l <- l + ((X.for.fits[i]/inner_total)-(dist[i]/total))^2;
+ 	}
+ 	return(l);
+ }
> 
> 
> ## Fit Poisson 
> ## - allow fit to fail and set all params to zero/empty if that is the case
> 
> p_fit = NULL
> try(suppressWarnings(p_fit<-nlm(f_p, c(m), print.level=this.print.level)))
> 
> fit_p = c()
> if (!is.null(p_fit) && (p_fit$estimate[1] > 0))
+ {
+   #print (nb_fit$estimate[1])
+   p_fit_lambda = p_fit$estimate[1];
+   #print(0:max(X$coverage))
+ 
+   end_fract = ppois(end_i_for_fits, lambda = p_fit_lambda)
+   start_fract = ppois(start_i_for_fits, lambda = p_fit_lambda)
+   included_fract = end_fract-start_fract;
+ 
+   ## Adjust so that we are back in full coords before making fit!!
+   if (num_per_bin > 1) 
+   {
+     p_fit_lambda = p_fit_lambda * num_per_bin
+   }
+   fit_p<-dpois(0:max(X$coverage), lambda = p_fit_lambda)*inner_total/included_fract;
+ }
> 
> 
> ## Graphing
> ##
> ## don't graph very high values with very little coverage
> i<-max_i
> while (i <= length(X$n) && X$n[i]>0.01*max_n)
+ {		
+ 	i <- i+1;
+ }
> graph_end_i <-i
> 
> ## Ths leaves enough room to the right of the peak for the legend
> graph_end_i = max(floor(2.2 * max_i), graph_end_i);
> 
> ## graphics settings
> my_pch = 21
> my_col = "black";
> my_col_censored = "red";
> 
> if (pdf_output == 0) {
+   
+   ## bitmap() requires ghostscript to be installed.
+   ## taa=4, gaa=2 options NOT compatible with earlier R versions!
+   ## units = "px" NOT compatible with even earlier R versions!
+   
+   if(!capabilities(what = "png"))
+   {
+     ## fallback to ghostscript
+     bitmap(plot_file, height=6, width=7, type = "png16m", res = 72, pointsize=18)
+   } else {
+     ## use X11 function, which gives better resolution
+     png(plot_file, height=6, width=7, units ="in", res = 72, pointsize=18)
+     par(family="sans")
+   }
+ } else {
+   pdf(plot_file, height=6, width=7)
+   par(family="sans")
+ }
> 
> par(mar=c(5.5,7.5,3,1.5));
> 
> max_y = 0
> if (plot_poisson) {
+ 	max_y = max(X$n, fit_p, fit_nb)
+ } else {
+ 	max_y = max(X$n, fit_nb)
+ }
> 
> plot(0:10, 0:10, type="n", lty="solid", ylim=c(0, max_y)*1.05, xlim=c(0, graph_end_i), lwd=1, xaxs="i", yaxs="i", axes=F, las=1, main="Coverage Distribution at Unique-Only Positions", xlab="Coverage depth (reads)", ylab="", cex.lab=1.2, cex.axis=1.2)
> 
> mtext(side = 2, text = "Number of reference positions", line = 5.5, cex=1.2)
> 
> sciNotation <- function(x, digits = 1) {
+     if (length(x) > 1) {
+         return(append(sciNotation(x[1]), sciNotation(x[-1])))     
+ 	} 
+     if (!x) return(0) 
+ 
+ 	exponent <- floor(log10(x)) 
+     base <- round(x / 10^exponent, digits)     
+ 	as.expression(substitute(base %*% 10^exponent, list(base = base, exponent = exponent))) 
+ }
> 
> #axis(2, cex.lab=1.2, las=1, cex.axis=1.2, labels=T, at=(0:6)*50000)
> axis(2, cex.lab=1.2, las=1, cex.axis=1.2, at = axTicks(2), labels = sciNotation(axTicks(2), 1))
> axis(1, cex.lab=1.2, cex.axis=1.2, labels=T)
> box()
> 
> #graph the coverage as points
> fit_data <- subset(X, (coverage>=start_i) & (coverage<=end_i) );
> points(fit_data$coverage, fit_data$n, pch=my_pch, col=my_col, bg="white", cex=1.2)
> 
> #graph the censored coverage as red points
> cat(start_i, " ", end_i, "\n", sep="")
2 7
> 
> censored_data <- subset(X, (coverage<start_i) | (coverage>end_i) );
> points(censored_data$coverage, censored_data$n, pch=my_pch, col=my_col_censored, bg="white", cex=1.2)
> 
> #graph the poisson fit IF REQUESTED
> if (plot_poisson) {
+ 	lines(0:max(X$coverage), fit_p, lwd=3, lty="22", col="black");
+ }
> 
> #graph the negative binomial fit
> if (nb_fit_mu > 0) {
+   lines(0:max(X$coverage), fit_nb, lwd=3, col="black");
+ }
> 
> if (plot_poisson) {
+ 	legend("topright", c("Coverage distribution", "Censored data", "Negative binomial", "Poisson"), lty=c("blank","blank","solid","22"), lwd=c(1,1,2,2), pch=c(my_pch, my_pch, -1, -1), col=c("black", "red", "black", "black"), bty="n")
+ } else {
+ 	legend("topright", c("Coverage distribution", "Censored data", "Negative binomial"), lty=c("blank","blank","solid"), lwd=c(1,1,2), pch=c(my_pch, my_pch, -1), col=c("black", "red", "black"), bty="n")
+ }
> 
> dev.off()
null device 
          1 
> 
> ## Fit the marginal value that we use for propagating deletions
> 
> if (nb_fit_mu > 0) {
+   cat(nb_fit_size, " ", nb_fit_mu, "\n")
+   deletion_propagation_coverage = suppressWarnings(qnbinom(deletion_propagation_pr_cutoff, size = nb_fit_size, mu = nb_fit_mu))
+ } else {
+   cat("Fallback to calculating off an estimate of just variance = mu + mu^2/size\n")
+   size_estimate = (1/(v-m))*(m*m)
+   cat("Mu estimate=", m," Size estimate =", size_estimate, "\n")
+   deletion_propagation_coverage = suppressWarnings(qnbinom(deletion_propagation_pr_cutoff, size = size_estimate, mu = m))
+   if (is.na(deletion_propagation_coverage) || is.nan(deletion_propagation_coverage) || (deletion_propagation_coverage < 1)) {
+     cat("Double fallback to calculating as just 10% of the mean\n")
+     deletion_propagation_coverage = m * 0.1
+   }
+ }
Fallback to calculating off an estimate of just variance = mu + mu^2/size
Mu estimate= 5.550562  Size estimate = -12.64379 
Double fallback to calculating as just 10% of the mean
> 
> #Don't allow one read to indicate non-deleted regions
> if (deletion_propagation_coverage < 1) {
+     deletion_propagation_coverage = 1
+ }
> 
> #This works fine with the negative values
> #If we have both low fit coverage and low straight average coverage then we're deleted...
> if ( (nb_fit_mu <= 3) && (m <= 3) ) {
+   deletion_propagation_coverage = -1
+ }
> 
> #print out statistics
> 
> print(nb_fit_size);
[1] 0
> print(nb_fit_mu);
[1] 0
> 
> print(m)
[1] 5.550562
> print(v)
[1] 3.113892
> print(D)
[1] 0.5610048
> 
> print(deletion_propagation_coverage)
[1] 1
> 
> warnings()
> 
