
R version 4.3.1 (2023-06-16) -- "Beagle Scouts"
Copyright (C) 2023 The R Foundation for Statistical Computing
Platform: x86_64-pc-linux-gnu (64-bit)

R is free software and comes with ABSOLUTELY NO WARRANTY.
You are welcome to redistribute it under certain conditions.
Type 'license()' or 'licence()' for distribution details.

  Natural language support but running in an English locale

R is a collaborative project with many contributors.
Type 'contributors()' for more information and
'citation()' on how to cite R or R packages in publications.

Type 'demo()' for some demos, 'help()' for on-line help, or
'help.start()' for an HTML browser interface to help.
Type 'q()' to quit R.

> ##
> ##
> ## AUTHORS
> ##
> ## Jeffrey E. Barrick <jeffrey.e.barrick@gmail.com>
> ##
> ## LICENSE AND COPYRIGHT
> ##
> ## Copyright (c) 2008-2010 Michigan State University
> ## Copyright (c) 2011-2022 The University of Texas at Austin
> ##
> ## breseq is free software; you can redistribute it and/or modify it under the
> ## terms the GNU General Public License as published by the Free Software
> ## Foundation; either version 1, or (at your option) any later version.
> ##
> ##
> 
> ## Arguments:
> ##   distribution_file=/path/to/input 
> ##   plot_file=/path/to/output 
> ##   deletion_propagation_pr_cutoff=float
> ##   plot_poisson=0 or 1
> ##   pdf_output=0 or 1
> 
> ## Returns these values printed out to output log
> ## 
> ##  1. print(nb_fit_size); # 0 if fit failed
> ##  2. print(nb_fit_mu);   # 0 if fit failed
> ##  3. print(m)q
> ##  4. print(v)
> ##  5. print(D)
> ##  6. print(deletion_propagation_coverage)
> ##     -1 if it was <1 after fitting (implying reference sequence is deleted)
> ##
> 
> plot_poisson = 0;
> pdf_output = 1;
> 
> this.print.level = 0
> #this.print.level = 2
> 
> for (e in commandArgs(TRUE)) {
+   ta = strsplit(e,"=",fixed=TRUE)[[1]]
+   if(length(ta)>1) {
+     temp = ta[2]
+     assign(ta[1],temp)
+     cat("assigned ",ta[1]," the value of |",temp,"|\n")
+   } else {
+     assign(ta[[1]][1],TRUE)
+     cat("assigned ",ta[1]," the value of TRUE\n")
+   }
+ }
assigned  distribution_file  the value of | 3a+_BHI_c50_out/07_error_calibration/82.unique_only_coverage_distribution.tab |
assigned  plot_file  the value of | 3a+_BHI_c50_out/output/calibration/82.unique_coverage.pdf |
assigned  deletion_propagation_pr_cutoff  the value of | 0.0024544 |
> 
> deletion_propagation_pr_cutoff = as.numeric(deletion_propagation_pr_cutoff);
> 
> ## initialize values to be filled in
> nb_fit_mu = 0
> nb_fit_size = 0
> m = 0
> v = 0
> D = 0
> deletion_propagation_coverage = -1
> 
> min_fraction_included_in_nb_fit = 0.01
> 
> #load data
> X<-read.table(distribution_file, header=T)
> 
> #table might be empty
> if (nrow(X) == 0)
+ {
+   #print out statistics
+   
+   print(nb_fit_size);
+   print(nb_fit_mu);
+   
+   print(m)
+   print(v)
+   print(D)
+   
+   print(deletion_propagation_coverage)
+   
+   q()
+ }
> 
> #create the distribution vector and fit
> Y<-rep(X$coverage, X$n)
> m<-mean(Y)
> v<-var(Y)
> D<-v/m
> 
> ###
> ## Smooth the distribution with a moving average window of size 5
> ## so that we can more reliably find it's maximum value
> ###
> 
> ma5 = c(1, 1, 1, 1, 1)/5;
> 
> ## filtering fails if there are too few points
> if (nrow(X) >= 5) {
+   X$ma = filter(X$n, ma5)
+ } else {
+ 	X$ma = X$n
+ }
> 
> i<-0
> max_n <- 0;
> min_i <- max( trunc(m/4), 1 ); #prevents zero for pathological distributions
> max_i <- i;
> for (i in min_i:length(X$ma))
+ {		
+   #cat(i, "\n")
+ 	if (!is.na(X$ma[i]) && (X$ma[i] > max_n))
+ 	{
+ 		max_n = X$ma[i];
+ 		max_i = i;
+ 	}
+ }
> 
> ##
> # Censor data on the right and left of the maximum
> ##
> 
> start_i = max(floor(max_i*0.5), 1);
> end_i = min(ceiling(max_i*1.5), length(X$ma));
> 
> if (start_i == end_i)
+ {
+   print(nb_fit_size);
+   print(nb_fit_mu);
+   
+   print(m)
+   print(v)
+   print(D)
+   
+   print(deletion_propagation_coverage)
+   
+   q()
+ }
> 
> cat("Fitting from coverage of ", start_i, " to ", end_i, ".\n", sep="")
Fitting from coverage of 9 to 27.
> 
> ##
> # Coarse grain so that we are only fitting a number of bins that is 1000-2000
> #
> # The later adjustment for doing the fits this way is to multiply the means
> # of the negative binomial and poisson distributions by the binning number.
> # (The size parameter of the negative binomial doesn't need to be adjusted.)
> ##
> 
> 
> num_per_bin = trunc((end_i - start_i) / 1000)
> 
> if (num_per_bin > 1) 
+ {
+   cat("Coarse-graining for fits\n")
+   start_i_for_fits = trunc(start_i/num_per_bin)
+   end_i_for_fits = ceiling(end_i/num_per_bin)
+   num_bins = end_i - start_i  + 1
+   cat("Fitting from coverage in adjusted bins ", start_i_for_fits, " to ", end_i_for_fits, ".\n", sep="")
+   cat("Number of bins ", num_bins, ". Each bin has ", num_per_bin, " coverage values.\n", sep="")
+ 
+   # Create a new vector where we've added together values in bins
+   X.for.fits = vector("double", end_i_for_fits)
+   for (i in start_i_for_fits:end_i_for_fits)
+   {
+     for (j in 1:num_per_bin)
+     {
+       if (i*num_per_bin+j <= length(X$n))
+       {
+         X.for.fits[i] = X.for.fits[i] + X$n[i*num_per_bin+j]
+       }
+     }
+   }
+ 
+ } else {
+   ## AVOID num_per_bin equalling zero!!
+   X.for.fits = X$n[1:end_i]
+   num_per_bin = 1
+   start_i_for_fits = start_i
+   end_i_for_fits = end_i
+ }
> 
> 
> ##
> # Now perform negative binomial fitting to the censored data
> ##
> 
> inner_total<-0;
> for (i in start_i_for_fits:end_i_for_fits)
+ {
+ 	inner_total = inner_total + X.for.fits[i]; 
+ }
> # Yes: it's correct to use X here because we want the overall total total
> total_total<-sum(X$n);
> 
> ## let's preconstruct these for speed
> dist = vector("double", end_i_for_fits)
> 
> f_nb <- function(par) {
+ 
+ 	mu = par[1];
+ 	size = par[2];
+ 
+   if ((mu <= 0) || (size <= 0))
+   {
+     return(0);
+   }
+   
+   cat(start_i_for_fits, " ", end_i_for_fits, "\n");
+   cat(mu, " ", size, "\n");
+   
+ 	dist<-c()
+ 	total <- 0;
+ 	for (i in start_i_for_fits:end_i_for_fits)
+ 	{	
+ 		dist[i] <- dnbinom(i, size=size, mu=mu);
+ 		total <- total + dist[i] 
+ 	}
+ 	#print (mu, size)
+ 
+  	l <- 0;
+ 	for (i in start_i_for_fits:end_i_for_fits)
+ 	{
+ 		l <- l + ((X.for.fits[i]/inner_total)-(dist[i]/total))^2;
+ 	}
+ 	return(l);
+ }
> 
> 
> 
> ## Fit negative binomial 
> ## - allow fit to fail and set all params to zero/empty if that is the case
> nb_fit = NULL
> ## as.numeric prevents overflow in sums involving integers
> mean_estimate = sum((as.numeric(1:end_i_for_fits)*as.numeric(X.for.fits)))/sum(as.numeric(X.for.fits))
> 
> nb_fit_mu = -1
> nb_fit_size = -1
> try_size = 100000
> try_means_index = 1
> #This is a list of different means to test <-  sometimes the actual mean doesn't lead to a fit
> try_means = c(mean_estimate, 
+               end_i_for_fits, 
+               start_i_for_fits, 
+               1*(end_i_for_fits + start_i_for_fits)/4,
+               2*(end_i_for_fits + start_i_for_fits)/4,
+               3*(end_i_for_fits + start_i_for_fits)/4
+               )
>               
>               
> nb_fit = c()
> 
> while ( ((nb_fit_mu < 0) || (nb_fit_size < 0) || (nb_fit$code != 1)) && (try_size > 0.001) && (try_means_index <= length(try_means)))
+ {
+   try_size = try_size / 10
+   try_mean = try_means[try_means_index]
+ 
+   ## SIZE ESTIMATE from the censored data can be negative, so try various values instead
+   cat("Try Mean: ", try_mean, " Size: ", try_size, "\n")
+ 
+   try( suppressWarnings(nb_fit<-nlm(f_nb, c(try_mean, try_size), iterlim=1000, print.level=this.print.level)) )
+ 
+   nb_fit_mu = nb_fit$estimate[1];
+   nb_fit_size = nb_fit$estimate[2];
+ 
+   cat("Fit Mean: ", nb_fit_mu, " Size: ", nb_fit_size, " Code: ", nb_fit$code, "\n")
+   
+   if (try_size <= 0.001) {
+     try_size = 100000
+     try_means_index = try_means_index + 1
+   }
+ }
Try Mean:  15.95977  Size:  10000 
9   27 
15.95977   10000 
9   27 
15.95977   10000 
9   27 
15.95979   10000 
9   27 
15.95977   10000.01 
9   27 
15.97424   10000 
9   27 
15.97426   10000 
9   27 
15.97424   10000.01 
9   27 
18.7095   10000 
9   27 
18.70952   10000 
9   27 
18.7095   10000.01 
9   27 
18.70443   10000 
9   27 
18.70445   10000 
9   27 
18.70443   10000.01 
9   27 
18.70391   10000 
9   27 
18.70392   10000 
9   27 
18.70391   10000.01 
9   27 
18.70391   10000 
9   27 
18.70392   10000 
9   27 
18.70391   10000.01 
Fit Mean:  18.70391  Size:  10000  Code:  2 
Try Mean:  15.95977  Size:  1000 
9   27 
15.95977   1000 
9   27 
15.95977   1000 
9   27 
15.95979   1000 
9   27 
15.95977   1000.001 
9   27 
15.9741   1000 
9   27 
15.97411   1000 
9   27 
15.9741   1000.001 
9   27 
18.70599   1000 
9   27 
18.70601   1000 
9   27 
18.70599   1000.001 
9   27 
18.71538   1000 
9   27 
18.7154   1000 
9   27 
18.71538   1000.001 
9   27 
18.7164   1000 
9   27 
18.71642   1000 
9   27 
18.7164   1000.001 
9   27 
18.7164   1000 
9   27 
18.71642   1000 
9   27 
18.7164   1000.001 
Fit Mean:  18.7164  Size:  1000  Code:  2 
Try Mean:  15.95977  Size:  100 
9   27 
15.95977   100 
9   27 
15.95977   100 
9   27 
15.95979   100 
9   27 
15.95977   100.0001 
9   27 
15.97278   100 
9   27 
15.9728   100 
9   27 
15.97278   100.0001 
9   27 
18.68695   100.0108 
9   27 
18.68697   100.0108 
9   27 
18.68695   100.0109 
9   27 
18.8261   100.0159 
9   27 
18.82612   100.0159 
9   27 
18.8261   100.016 
9   27 
18.8479   100.0209 
9   27 
18.84792   100.0209 
9   27 
18.8479   100.021 
9   27 
18.84917   100.0255 
9   27 
18.84919   100.0255 
9   27 
18.84917   100.0256 
9   27 
18.86667   100.1556 
9   27 
18.86669   100.1556 
9   27 
18.86667   100.1557 
9   27 
18.88506   100.4285 
9   27 
18.88508   100.4285 
9   27 
18.88506   100.4286 
9   27 
18.91916   101.3364 
9   27 
18.91918   101.3364 
9   27 
18.91916   101.3365 
9   27 
18.96602   103.6065 
9   27 
18.96604   103.6065 
9   27 
18.96602   103.6066 
9   27 
19.02786   109.3937 
9   27 
19.02787   109.3937 
9   27 
19.02786   109.3938 
9   27 
19.0848   122.591 
9   27 
19.08482   122.591 
9   27 
19.0848   122.5911 
9   27 
19.0904   151.1649 
9   27 
19.09042   151.1649 
9   27 
19.0904   151.1651 
9   27 
18.96989   207.6985 
9   27 
18.9699   207.6985 
9   27 
18.96989   207.6987 
9   27 
18.76206   286.8925 
9   27 
18.76207   286.8925 
9   27 
18.76206   286.8928 
9   27 
18.65546   349.9628 
9   27 
18.65547   349.9628 
9   27 
18.65546   349.9631 
9   27 
18.61648   414.6446 
9   27 
18.6165   414.6446 
9   27 
18.61648   414.645 
9   27 
18.61886   536.8003 
9   27 
18.61887   536.8003 
9   27 
18.61886   536.8008 
9   27 
18.67154   714.8523 
9   27 
18.67155   714.8523 
9   27 
18.67154   714.853 
9   27 
18.72418   930.997 
9   27 
18.7242   930.997 
9   27 
18.72418   930.998 
9   27 
18.74872   1181.295 
9   27 
18.74874   1181.295 
9   27 
18.74872   1181.296 
9   27 
18.74894   1538.258 
9   27 
18.74896   1538.258 
9   27 
18.74894   1538.259 
9   27 
18.72846   2054.378 
9   27 
18.72848   2054.378 
9   27 
18.72846   2054.38 
9   27 
18.70421   2716.566 
9   27 
18.70423   2716.566 
9   27 
18.70421   2716.569 
9   27 
18.68987   3522.807 
9   27 
18.68989   3522.807 
9   27 
18.68987   3522.811 
9   27 
18.68694   4600.797 
9   27 
18.68695   4600.797 
9   27 
18.68694   4600.801 
9   27 
18.6934   6102.045 
9   27 
18.69342   6102.045 
9   27 
18.6934   6102.051 
9   27 
18.70289   8075.398 
9   27 
18.70291   8075.398 
9   27 
18.70289   8075.406 
9   27 
18.70923   10580.88 
9   27 
18.70925   10580.88 
9   27 
18.70923   10580.89 
9   27 
18.71066   13899.88 
9   27 
18.71068   13899.88 
9   27 
18.71066   13899.89 
9   27 
18.70795   18432.68 
9   27 
18.70797   18432.68 
9   27 
18.70795   18432.69 
9   27 
18.70365   24441.34 
9   27 
18.70367   24441.34 
9   27 
18.70365   24441.36 
9   27 
18.70045   32193.57 
9   27 
18.70047   32193.57 
9   27 
18.70045   32193.6 
9   27 
18.69941   42399.09 
9   27 
18.69943   42399.09 
9   27 
18.69941   42399.13 
9   27 
18.7003   56153.22 
9   27 
18.70032   56153.22 
9   27 
18.7003   56153.28 
9   27 
18.70207   74428.02 
9   27 
18.70209   74428.02 
9   27 
18.70207   74428.09 
9   27 
18.70352   98297.33 
9   27 
18.70354   98297.33 
9   27 
18.70352   98297.42 
9   27 
18.70405   129658.9 
9   27 
18.70407   129658.9 
9   27 
18.70405   129659 
9   27 
18.7037   171752.8 
9   27 
18.70372   171752.8 
9   27 
18.7037   171753 
9   27 
18.70291   227813.8 
9   27 
18.70293   227813.8 
9   27 
18.70291   227814.1 
9   27 
18.70223   298598.3 
9   27 
18.70225   298598.3 
9   27 
18.70223   298598.6 
9   27 
18.7019   397308.6 
9   27 
18.70192   397308.6 
9   27 
18.7019   397309 
9   27 
18.70199   498574.1 
9   27 
18.70201   498574.1 
9   27 
18.70199   498574.6 
9   27 
18.70217   599839.7 
9   27 
18.70219   599839.7 
9   27 
18.70217   599840.3 
9   27 
18.70238   701105.3 
9   27 
18.7024   701105.3 
9   27 
18.70238   701106 
9   27 
18.7025   802370.8 
9   27 
18.70252   802370.8 
9   27 
18.7025   802371.6 
9   27 
18.70257   903636.4 
9   27 
18.70259   903636.4 
9   27 
18.70257   903637.3 
Fit Mean:  18.70257  Size:  903636.4  Code:  5 
Try Mean:  15.95977  Size:  10 
9   27 
15.95977   10 
9   27 
15.95977   10 
9   27 
15.95979   10 
9   27 
15.95977   10.00001 
9   27 
15.96664   10.00068 
9   27 
15.96665   10.00068 
9   27 
15.96664   10.00069 
9   27 
19.3849   11.20838 
9   27 
19.38492   11.20838 
9   27 
19.3849   11.20839 
9   27 
20.3278   11.99248 
9   27 
20.32782   11.99248 
9   27 
20.3278   11.99249 
9   27 
20.65742   12.61646 
9   27 
20.65744   12.61646 
9   27 
20.65742   12.61647 
9   27 
20.81597   13.63401 
9   27 
20.81599   13.63401 
9   27 
20.81597   13.63402 
9   27 
20.75321   16.7566 
9   27 
20.75323   16.7566 
9   27 
20.75321   16.75662 
9   27 
19.74101   26.68304 
9   27 
19.74103   26.68304 
9   27 
19.74101   26.68307 
9   27 
17.80798   45.41469 
9   27 
17.808   45.41469 
9   27 
17.80798   45.41474 
9   27 
18.91485   38.95973 
9   27 
18.91487   38.95973 
9   27 
18.91485   38.95977 
9   27 
18.89053   42.7754 
9   27 
18.89054   42.7754 
9   27 
18.89053   42.77544 
9   27 
18.87478   62.96311 
9   27 
18.8748   62.96311 
9   27 
18.87478   62.96317 
9   27 
18.84506   81.77278 
9   27 
18.84508   81.77278 
9   27 
18.84506   81.77286 
9   27 
18.80026   110.6306 
9   27 
18.80028   110.6306 
9   27 
18.80026   110.6307 
9   27 
18.77931   146.5462 
9   27 
18.77933   146.5462 
9   27 
18.77931   146.5463 
9   27 
18.75858   194.9691 
9   27 
18.7586   194.9691 
9   27 
18.75858   194.9693 
9   27 
18.74655   258.4194 
9   27 
18.74657   258.4194 
9   27 
18.74655   258.4197 
9   27 
18.73424   342.598 
9   27 
18.73426   342.598 
9   27 
18.73424   342.5984 
9   27 
18.72817   453.8352 
9   27 
18.72819   453.8352 
9   27 
18.72817   453.8356 
9   27 
18.72001   601.1907 
9   27 
18.72002   601.1907 
9   27 
18.72001   601.1913 
9   27 
18.71797   796.2416 
9   27 
18.71799   796.2416 
9   27 
18.71797   796.2424 
9   27 
18.71145   1054.7 
9   27 
18.71147   1054.7 
9   27 
18.71145   1054.701 
9   27 
18.71268   1397.003 
9   27 
18.7127   1397.003 
9   27 
18.71268   1397.004 
9   27 
18.70589   1850.976 
9   27 
18.7059   1850.976 
9   27 
18.70589   1850.977 
9   27 
18.71045   2452.848 
9   27 
18.71046   2452.848 
9   27 
18.71045   2452.851 
9   27 
18.70189   3253.103 
9   27 
18.70191   3253.103 
9   27 
18.70189   3253.107 
9   27 
18.70961   4317.312 
9   27 
18.70963   4317.312 
9   27 
18.70961   4317.316 
9   27 
18.70013   5735.874 
9   27 
18.70015   5735.874 
9   27 
18.70013   5735.879 
9   27 
18.70718   7617.255 
9   27 
18.7072   7617.255 
9   27 
18.70718   7617.262 
9   27 
18.70168   10105.58 
9   27 
18.7017   10105.58 
9   27 
18.70168   10105.59 
9   27 
18.70429   13394.54 
9   27 
18.70431   13394.54 
9   27 
18.70429   13394.56 
9   27 
18.70265   17746.61 
9   27 
18.70267   17746.61 
9   27 
18.70265   17746.63 
9   27 
18.7032   23511.01 
9   27 
18.70322   23511.01 
9   27 
18.7032   23511.03 
9   27 
18.70276   31143.53 
9   27 
18.70278   31143.53 
9   27 
18.70276   31143.57 
9   27 
18.70284   41261.41 
9   27 
18.70285   41261.41 
9   27 
18.70284   41261.45 
9   27 
18.7027   54649.27 
9   27 
18.70271   54649.27 
9   27 
18.7027   54649.32 
9   27 
18.70268   72399.74 
9   27 
18.7027   72399.74 
9   27 
18.70268   72399.81 
9   27 
18.70264   91233.6 
9   27 
18.70266   91233.6 
9   27 
18.70264   91233.69 
9   27 
18.70263   110067.5 
9   27 
18.70264   110067.5 
9   27 
18.70263   110067.6 
9   27 
18.70261   128901.3 
9   27 
18.70263   128901.3 
9   27 
18.70261   128901.4 
9   27 
18.7026   147735.2 
9   27 
18.70262   147735.2 
9   27 
18.7026   147735.3 
9   27 
18.70259   166569 
9   27 
18.70261   166569 
9   27 
18.70259   166569.2 
Fit Mean:  18.70259  Size:  166569  Code:  5 
Try Mean:  15.95977  Size:  1 
9   27 
15.95977   1 
9   27 
15.95977   1 
9   27 
15.95979   1 
9   27 
15.95977   1.000001 
9   27 
15.96107   1.003343 
9   27 
15.96108   1.003343 
9   27 
15.96107   1.003344 
9   27 
15.96237   1.006686 
9   27 
15.96239   1.006686 
9   27 
15.96237   1.006687 
9   27 
15.96368   1.010027 
9   27 
15.96369   1.010027 
9   27 
15.96368   1.010028 
9   27 
15.96499   1.013367 
9   27 
15.965   1.013367 
9   27 
15.96499   1.013368 
9   27 
15.9663   1.016706 
9   27 
15.96631   1.016706 
9   27 
15.9663   1.016707 
9   27 
15.96761   1.020043 
9   27 
15.96763   1.020043 
9   27 
15.96761   1.020044 
9   27 
15.96893   1.02338 
9   27 
15.96895   1.02338 
9   27 
15.96893   1.023381 
9   27 
15.97026   1.026715 
9   27 
15.97027   1.026715 
9   27 
15.97026   1.026716 
9   27 
15.97158   1.030049 
9   27 
15.9716   1.030049 
9   27 
15.97158   1.03005 
9   27 
15.97291   1.033382 
9   27 
15.97293   1.033382 
9   27 
15.97291   1.033383 
9   27 
15.97425   1.036714 
9   27 
15.97426   1.036714 
9   27 
15.97425   1.036715 
9   27 
15.97559   1.040045 
9   27 
15.9756   1.040045 
9   27 
15.97559   1.040046 
9   27 
15.97693   1.043374 
9   27 
15.97694   1.043374 
9   27 
15.97693   1.043375 
9   27 
15.97827   1.046703 
9   27 
15.97829   1.046703 
9   27 
15.97827   1.046704 
9   27 
15.97962   1.05003 
9   27 
15.97963   1.05003 
9   27 
15.97962   1.050031 
9   27 
15.98097   1.053356 
9   27 
15.98099   1.053356 
9   27 
15.98097   1.053357 
9   27 
15.98233   1.056681 
9   27 
15.98234   1.056681 
9   27 
15.98233   1.056682 
9   27 
15.98368   1.060005 
9   27 
15.9837   1.060005 
9   27 
15.98368   1.060006 
9   27 
15.98505   1.063328 
9   27 
15.98506   1.063328 
9   27 
15.98505   1.063329 
9   27 
15.98641   1.06665 
9   27 
15.98643   1.06665 
9   27 
15.98641   1.066651 
9   27 
15.98778   1.069971 
9   27 
15.9878   1.069971 
9   27 
15.98778   1.069972 
9   27 
15.98915   1.07329 
9   27 
15.98917   1.07329 
9   27 
15.98915   1.073291 
9   27 
15.99053   1.076609 
9   27 
15.99054   1.076609 
9   27 
15.99053   1.07661 
9   27 
15.99191   1.079926 
9   27 
15.99192   1.079926 
9   27 
15.99191   1.079927 
9   27 
15.99329   1.083243 
9   27 
15.99331   1.083243 
9   27 
15.99329   1.083244 
9   27 
15.99467   1.086558 
9   27 
15.99469   1.086558 
9   27 
15.99467   1.086559 
9   27 
15.99606   1.089872 
9   27 
15.99608   1.089872 
9   27 
15.99606   1.089874 
9   27 
15.99746   1.093186 
9   27 
15.99747   1.093186 
9   27 
15.99746   1.093187 
9   27 
15.99885   1.096498 
9   27 
15.99887   1.096498 
9   27 
15.99885   1.096499 
9   27 
16.00025   1.099809 
9   27 
16.00027   1.099809 
9   27 
16.00025   1.09981 
9   27 
16.00166   1.103119 
9   27 
16.00167   1.103119 
9   27 
16.00166   1.10312 
9   27 
16.00306   1.106428 
9   27 
16.00308   1.106428 
9   27 
16.00306   1.106429 
9   27 
16.00447   1.109736 
9   27 
16.00449   1.109736 
9   27 
16.00447   1.109737 
9   27 
16.00588   1.113043 
9   27 
16.0059   1.113043 
9   27 
16.00588   1.113044 
9   27 
16.0073   1.116349 
9   27 
16.00732   1.116349 
9   27 
16.0073   1.11635 
9   27 
16.00872   1.119654 
9   27 
16.00874   1.119654 
9   27 
16.00872   1.119655 
9   27 
16.01014   1.122958 
9   27 
16.01016   1.122958 
9   27 
16.01014   1.122959 
9   27 
16.01157   1.126261 
9   27 
16.01159   1.126261 
9   27 
16.01157   1.126262 
9   27 
16.013   1.129563 
9   27 
16.01302   1.129563 
9   27 
16.013   1.129564 
9   27 
16.01443   1.132864 
9   27 
16.01445   1.132864 
9   27 
16.01443   1.132865 
9   27 
16.01587   1.136164 
9   27 
16.01589   1.136164 
9   27 
16.01587   1.136165 
9   27 
16.01731   1.139463 
9   27 
16.01733   1.139463 
9   27 
16.01731   1.139464 
9   27 
16.01875   1.142761 
9   27 
16.01877   1.142761 
9   27 
16.01875   1.142762 
9   27 
16.0202   1.146058 
9   27 
16.02022   1.146058 
9   27 
16.0202   1.146059 
9   27 
16.02165   1.149354 
9   27 
16.02166   1.149354 
9   27 
16.02165   1.149355 
9   27 
16.0231   1.152649 
9   27 
16.02312   1.152649 
9   27 
16.0231   1.15265 
9   27 
16.02456   1.155943 
9   27 
16.02457   1.155943 
9   27 
16.02456   1.155944 
9   27 
16.02602   1.159236 
9   27 
16.02603   1.159236 
9   27 
16.02602   1.159238 
9   27 
16.02748   1.162529 
9   27 
16.0275   1.162529 
9   27 
16.02748   1.16253 
9   27 
16.02895   1.16582 
9   27 
16.02896   1.16582 
9   27 
16.02895   1.165821 
9   27 
16.03042   1.16911 
9   27 
16.03043   1.16911 
9   27 
16.03042   1.169111 
9   27 
16.03189   1.172399 
9   27 
16.0319   1.172399 
9   27 
16.03189   1.172401 
9   27 
16.03336   1.175688 
9   27 
16.03338   1.175688 
9   27 
16.03336   1.175689 
9   27 
16.03484   1.178975 
9   27 
16.03486   1.178975 
9   27 
16.03484   1.178976 
9   27 
16.03633   1.182262 
9   27 
16.03634   1.182262 
9   27 
16.03633   1.182263 
9   27 
16.03781   1.185547 
9   27 
16.03783   1.185547 
9   27 
16.03781   1.185549 
9   27 
16.0393   1.188832 
9   27 
16.03932   1.188832 
9   27 
16.0393   1.188833 
9   27 
16.04079   1.192116 
9   27 
16.04081   1.192116 
9   27 
16.04079   1.192117 
9   27 
16.04229   1.195399 
9   27 
16.0423   1.195399 
9   27 
16.04229   1.1954 
9   27 
16.04378   1.198681 
9   27 
16.0438   1.198681 
9   27 
16.04378   1.198682 
9   27 
16.04529   1.201962 
9   27 
16.0453   1.201962 
9   27 
16.04529   1.201963 
9   27 
16.04679   1.205242 
9   27 
16.04681   1.205242 
9   27 
16.04679   1.205243 
9   27 
16.0483   1.208521 
9   27 
16.04831   1.208521 
9   27 
16.0483   1.208522 
9   27 
16.04981   1.211799 
9   27 
16.04983   1.211799 
9   27 
16.04981   1.211801 
9   27 
16.05132   1.215077 
9   27 
16.05134   1.215077 
9   27 
16.05132   1.215078 
9   27 
16.05284   1.218353 
9   27 
16.05286   1.218353 
9   27 
16.05284   1.218355 
9   27 
16.05436   1.221629 
9   27 
16.05438   1.221629 
9   27 
16.05436   1.22163 
9   27 
16.05589   1.224904 
9   27 
16.0559   1.224904 
9   27 
16.05589   1.224905 
9   27 
16.05741   1.228178 
9   27 
16.05743   1.228178 
9   27 
16.05741   1.228179 
9   27 
16.05894   1.231451 
9   27 
16.05896   1.231451 
9   27 
16.05894   1.231452 
9   27 
16.06048   1.234723 
9   27 
16.06049   1.234723 
9   27 
16.06048   1.234724 
9   27 
16.06201   1.237994 
9   27 
16.06203   1.237994 
9   27 
16.06201   1.237995 
9   27 
16.06355   1.241265 
9   27 
16.06357   1.241265 
9   27 
16.06355   1.241266 
9   27 
16.06509   1.244534 
9   27 
16.06511   1.244534 
9   27 
16.06509   1.244536 
9   27 
16.06664   1.247803 
9   27 
16.06665   1.247803 
9   27 
16.06664   1.247804 
9   27 
16.06819   1.251071 
9   27 
16.0682   1.251071 
9   27 
16.06819   1.251072 
9   27 
16.06974   1.254338 
9   27 
16.06975   1.254338 
9   27 
16.06974   1.254339 
9   27 
16.07129   1.257604 
9   27 
16.07131   1.257604 
9   27 
16.07129   1.257605 
9   27 
16.07285   1.26087 
9   27 
16.07287   1.26087 
9   27 
16.07285   1.260871 
9   27 
16.07441   1.264134 
9   27 
16.07443   1.264134 
9   27 
16.07441   1.264135 
9   27 
16.07598   1.267398 
9   27 
16.07599   1.267398 
9   27 
16.07598   1.267399 
9   27 
16.07754   1.270661 
9   27 
16.07756   1.270661 
9   27 
16.07754   1.270662 
9   27 
16.07911   1.273923 
9   27 
16.07913   1.273923 
9   27 
16.07911   1.273924 
9   27 
16.08069   1.277184 
9   27 
16.0807   1.277184 
9   27 
16.08069   1.277185 
9   27 
16.08226   1.280444 
9   27 
16.08228   1.280444 
9   27 
16.08226   1.280446 
9   27 
16.08384   1.283704 
9   27 
16.08386   1.283704 
9   27 
16.08384   1.283705 
9   27 
16.08542   1.286963 
9   27 
16.08544   1.286963 
9   27 
16.08542   1.286964 
9   27 
16.08701   1.290221 
9   27 
16.08702   1.290221 
9   27 
16.08701   1.290222 
9   27 
16.0886   1.293478 
9   27 
16.08861   1.293478 
9   27 
16.0886   1.293479 
9   27 
16.09019   1.296735 
9   27 
16.0902   1.296735 
9   27 
16.09019   1.296736 
9   27 
16.09178   1.29999 
9   27 
16.0918   1.29999 
9   27 
16.09178   1.299991 
9   27 
16.09338   1.303245 
9   27 
16.09339   1.303245 
9   27 
16.09338   1.303246 
9   27 
16.09498   1.306499 
9   27 
16.09499   1.306499 
9   27 
16.09498   1.3065 
9   27 
16.09658   1.309752 
9   27 
16.0966   1.309752 
9   27 
16.09658   1.309754 
9   27 
16.09819   1.313005 
9   27 
16.0982   1.313005 
9   27 
16.09819   1.313006 
9   27 
16.0998   1.316256 
9   27 
16.09981   1.316256 
9   27 
16.0998   1.316258 
9   27 
16.10141   1.319507 
9   27 
16.10142   1.319507 
9   27 
16.10141   1.319509 
9   27 
16.10302   1.322758 
9   27 
16.10304   1.322758 
9   27 
16.10302   1.322759 
9   27 
16.10464   1.326007 
9   27 
16.10466   1.326007 
9   27 
16.10464   1.326008 
9   27 
16.10626   1.329256 
9   27 
16.10628   1.329256 
9   27 
16.10626   1.329257 
9   27 
16.10789   1.332503 
9   27 
16.1079   1.332503 
9   27 
16.10789   1.332505 
9   27 
16.10951   1.335751 
9   27 
16.10953   1.335751 
9   27 
16.10951   1.335752 
9   27 
16.11114   1.338997 
9   27 
16.11116   1.338997 
9   27 
16.11114   1.338998 
9   27 
16.11277   1.342242 
9   27 
16.11279   1.342242 
9   27 
16.11277   1.342244 
9   27 
16.11441   1.345487 
9   27 
16.11443   1.345487 
9   27 
16.11441   1.345489 
9   27 
16.11605   1.348731 
9   27 
16.11606   1.348731 
9   27 
16.11605   1.348733 
9   27 
16.11769   1.351975 
9   27 
16.11771   1.351975 
9   27 
16.11769   1.351976 
9   27 
16.11933   1.355217 
9   27 
16.11935   1.355217 
9   27 
16.11933   1.355219 
9   27 
16.12098   1.358459 
9   27 
16.121   1.358459 
9   27 
16.12098   1.358461 
9   27 
16.12263   1.361701 
9   27 
16.12265   1.361701 
9   27 
16.12263   1.361702 
9   27 
16.12428   1.364941 
9   27 
16.1243   1.364941 
9   27 
16.12428   1.364942 
9   27 
16.12594   1.368181 
9   27 
16.12596   1.368181 
9   27 
16.12594   1.368182 
9   27 
16.1276   1.37142 
9   27 
16.12761   1.37142 
9   27 
16.1276   1.371421 
9   27 
16.12926   1.374658 
9   27 
16.12927   1.374658 
9   27 
16.12926   1.374659 
9   27 
16.13092   1.377895 
9   27 
16.13094   1.377895 
9   27 
16.13092   1.377897 
9   27 
16.13259   1.381132 
9   27 
16.13261   1.381132 
9   27 
16.13259   1.381134 
9   27 
16.13426   1.384368 
9   27 
16.13428   1.384368 
9   27 
16.13426   1.38437 
9   27 
16.13593   1.387604 
9   27 
16.13595   1.387604 
9   27 
16.13593   1.387605 
9   27 
16.13761   1.390839 
9   27 
16.13762   1.390839 
9   27 
16.13761   1.39084 
9   27 
16.13929   1.394073 
9   27 
16.1393   1.394073 
9   27 
16.13929   1.394074 
9   27 
16.14097   1.397306 
9   27 
16.14098   1.397306 
9   27 
16.14097   1.397307 
9   27 
16.14265   1.400539 
9   27 
16.14267   1.400539 
9   27 
16.14265   1.40054 
9   27 
16.14434   1.40377 
9   27 
16.14435   1.40377 
9   27 
16.14434   1.403772 
9   27 
16.14603   1.407002 
9   27 
16.14604   1.407002 
9   27 
16.14603   1.407003 
9   27 
16.14772   1.410232 
9   27 
16.14774   1.410232 
9   27 
16.14772   1.410234 
9   27 
16.14941   1.413462 
9   27 
16.14943   1.413462 
9   27 
16.14941   1.413463 
9   27 
16.15111   1.416691 
9   27 
16.15113   1.416691 
9   27 
16.15111   1.416693 
9   27 
16.15281   1.41992 
9   27 
16.15283   1.41992 
9   27 
16.15281   1.419921 
9   27 
16.15452   1.423148 
9   27 
16.15453   1.423148 
9   27 
16.15452   1.423149 
9   27 
16.15622   1.426375 
9   27 
16.15624   1.426375 
9   27 
16.15622   1.426376 
9   27 
16.15793   1.429601 
9   27 
16.15795   1.429601 
9   27 
16.15793   1.429603 
9   27 
16.15964   1.432827 
9   27 
16.15966   1.432827 
9   27 
16.15964   1.432828 
9   27 
16.16136   1.436052 
9   27 
16.16137   1.436052 
9   27 
16.16136   1.436054 
9   27 
16.16307   1.439277 
9   27 
16.16309   1.439277 
9   27 
16.16307   1.439278 
9   27 
16.16479   1.4425 
9   27 
16.16481   1.4425 
9   27 
16.16479   1.442502 
9   27 
16.16652   1.445724 
9   27 
16.16653   1.445724 
9   27 
16.16652   1.445725 
9   27 
16.16824   1.448946 
9   27 
16.16826   1.448946 
9   27 
16.16824   1.448948 
9   27 
16.16997   1.452168 
9   27 
16.16998   1.452168 
9   27 
16.16997   1.452169 
9   27 
16.1717   1.455389 
9   27 
16.17171   1.455389 
9   27 
16.1717   1.455391 
9   27 
16.17343   1.45861 
9   27 
16.17345   1.45861 
9   27 
16.17343   1.458611 
9   27 
16.17517   1.46183 
9   27 
16.17518   1.46183 
9   27 
16.17517   1.461831 
9   27 
16.17691   1.465049 
9   27 
16.17692   1.465049 
9   27 
16.17691   1.46505 
9   27 
16.17865   1.468268 
9   27 
16.17866   1.468268 
9   27 
16.17865   1.468269 
9   27 
16.18039   1.471486 
9   27 
16.18041   1.471486 
9   27 
16.18039   1.471487 
9   27 
16.18214   1.474703 
9   27 
16.18215   1.474703 
9   27 
16.18214   1.474704 
9   27 
16.18389   1.47792 
9   27 
16.1839   1.47792 
9   27 
16.18389   1.477921 
9   27 
16.18564   1.481136 
9   27 
16.18566   1.481136 
9   27 
16.18564   1.481137 
9   27 
16.18739   1.484351 
9   27 
16.18741   1.484351 
9   27 
16.18739   1.484353 
9   27 
16.18915   1.487566 
9   27 
16.18917   1.487566 
9   27 
16.18915   1.487567 
9   27 
16.19091   1.49078 
9   27 
16.19093   1.49078 
9   27 
16.19091   1.490782 
9   27 
16.19267   1.493994 
9   27 
16.19269   1.493994 
9   27 
16.19267   1.493995 
9   27 
16.19444   1.497207 
9   27 
16.19445   1.497207 
9   27 
16.19444   1.497208 
9   27 
16.19621   1.500419 
9   27 
16.19622   1.500419 
9   27 
16.19621   1.500421 
9   27 
16.19798   1.503631 
9   27 
16.19799   1.503631 
9   27 
16.19798   1.503632 
9   27 
16.19975   1.506842 
9   27 
16.19976   1.506842 
9   27 
16.19975   1.506843 
9   27 
16.20152   1.510053 
9   27 
16.20154   1.510053 
9   27 
16.20152   1.510054 
9   27 
16.2033   1.513262 
9   27 
16.20332   1.513262 
9   27 
16.2033   1.513264 
9   27 
16.20508   1.516472 
9   27 
16.2051   1.516472 
9   27 
16.20508   1.516473 
9   27 
16.20687   1.51968 
9   27 
16.20688   1.51968 
9   27 
16.20687   1.519682 
9   27 
16.20865   1.522889 
9   27 
16.20867   1.522889 
9   27 
16.20865   1.52289 
9   27 
16.21044   1.526096 
9   27 
16.21046   1.526096 
9   27 
16.21044   1.526098 
9   27 
16.21223   1.529303 
9   27 
16.21225   1.529303 
9   27 
16.21223   1.529305 
9   27 
16.21402   1.532509 
9   27 
16.21404   1.532509 
9   27 
16.21402   1.532511 
9   27 
16.21582   1.535715 
9   27 
16.21584   1.535715 
9   27 
16.21582   1.535717 
9   27 
16.21762   1.53892 
9   27 
16.21763   1.53892 
9   27 
16.21762   1.538922 
9   27 
16.21942   1.542125 
9   27 
16.21943   1.542125 
9   27 
16.21942   1.542126 
9   27 
16.22122   1.545329 
9   27 
16.22124   1.545329 
9   27 
16.22122   1.54533 
9   27 
16.22303   1.548532 
9   27 
16.22304   1.548532 
9   27 
16.22303   1.548534 
9   27 
16.22484   1.551735 
9   27 
16.22485   1.551735 
9   27 
16.22484   1.551736 
9   27 
16.22665   1.554937 
9   27 
16.22666   1.554937 
9   27 
16.22665   1.554939 
9   27 
16.22846   1.558139 
9   27 
16.22848   1.558139 
9   27 
16.22846   1.55814 
9   27 
16.23028   1.56134 
9   27 
16.23029   1.56134 
9   27 
16.23028   1.561341 
9   27 
16.2321   1.56454 
9   27 
16.23211   1.56454 
9   27 
16.2321   1.564542 
9   27 
16.23392   1.56774 
9   27 
16.23393   1.56774 
9   27 
16.23392   1.567742 
9   27 
16.23574   1.57094 
9   27 
16.23576   1.57094 
9   27 
16.23574   1.570941 
9   27 
16.23757   1.574138 
9   27 
16.23758   1.574138 
9   27 
16.23757   1.57414 
9   27 
16.23939   1.577337 
9   27 
16.23941   1.577337 
9   27 
16.23939   1.577338 
9   27 
16.24123   1.580534 
9   27 
16.24124   1.580534 
9   27 
16.24123   1.580536 
9   27 
16.24306   1.583731 
9   27 
16.24307   1.583731 
9   27 
16.24306   1.583733 
9   27 
16.24489   1.586928 
9   27 
16.24491   1.586928 
9   27 
16.24489   1.58693 
9   27 
16.24673   1.590124 
9   27 
16.24675   1.590124 
9   27 
16.24673   1.590126 
9   27 
16.24857   1.593319 
9   27 
16.24859   1.593319 
9   27 
16.24857   1.593321 
9   27 
16.25042   1.596514 
9   27 
16.25043   1.596514 
9   27 
16.25042   1.596516 
9   27 
16.25226   1.599709 
9   27 
16.25228   1.599709 
9   27 
16.25226   1.59971 
9   27 
16.25411   1.602902 
9   27 
16.25413   1.602902 
9   27 
16.25411   1.602904 
9   27 
16.25596   1.606096 
9   27 
16.25598   1.606096 
9   27 
16.25596   1.606097 
9   27 
16.25781   1.609288 
9   27 
16.25783   1.609288 
9   27 
16.25781   1.60929 
9   27 
16.25967   1.612481 
9   27 
16.25968   1.612481 
9   27 
16.25967   1.612482 
9   27 
16.26152   1.615672 
9   27 
16.26154   1.615672 
9   27 
16.26152   1.615674 
9   27 
16.26338   1.618863 
9   27 
16.2634   1.618863 
9   27 
16.26338   1.618865 
9   27 
16.26525   1.622054 
9   27 
16.26526   1.622054 
9   27 
16.26525   1.622055 
9   27 
16.26711   1.625244 
9   27 
16.26713   1.625244 
9   27 
16.26711   1.625245 
9   27 
16.26898   1.628433 
9   27 
16.269   1.628433 
9   27 
16.26898   1.628435 
9   27 
16.27085   1.631622 
9   27 
16.27086   1.631622 
9   27 
16.27085   1.631624 
9   27 
16.27272   1.63481 
9   27 
16.27274   1.63481 
9   27 
16.27272   1.634812 
9   27 
16.27459   1.637998 
9   27 
16.27461   1.637998 
9   27 
16.27459   1.638 
9   27 
16.27647   1.641186 
9   27 
16.27649   1.641186 
9   27 
16.27647   1.641187 
9   27 
16.27835   1.644372 
9   27 
16.27837   1.644372 
9   27 
16.27835   1.644374 
9   27 
16.28023   1.647559 
9   27 
16.28025   1.647559 
9   27 
16.28023   1.64756 
9   27 
16.28211   1.650744 
9   27 
16.28213   1.650744 
9   27 
16.28211   1.650746 
9   27 
16.284   1.65393 
9   27 
16.28402   1.65393 
9   27 
16.284   1.653931 
9   27 
16.28589   1.657114 
9   27 
16.2859   1.657114 
9   27 
16.28589   1.657116 
9   27 
16.28778   1.660299 
9   27 
16.28779   1.660299 
9   27 
16.28778   1.6603 
9   27 
16.28967   1.663482 
9   27 
16.28969   1.663482 
9   27 
16.28967   1.663484 
9   27 
16.29157   1.666665 
9   27 
16.29158   1.666665 
9   27 
16.29157   1.666667 
9   27 
16.29346   1.669848 
9   27 
16.29348   1.669848 
9   27 
16.29346   1.66985 
9   27 
16.29536   1.67303 
9   27 
16.29538   1.67303 
9   27 
16.29536   1.673032 
9   27 
16.29726   1.676212 
9   27 
16.29728   1.676212 
9   27 
16.29726   1.676214 
9   27 
16.29917   1.679393 
9   27 
16.29918   1.679393 
9   27 
16.29917   1.679395 
9   27 
16.30107   1.682574 
9   27 
16.30109   1.682574 
9   27 
16.30107   1.682575 
9   27 
16.30298   1.685754 
9   27 
16.303   1.685754 
9   27 
16.30298   1.685755 
9   27 
16.30489   1.688933 
9   27 
16.30491   1.688933 
9   27 
16.30489   1.688935 
9   27 
16.30681   1.692112 
9   27 
16.30682   1.692112 
9   27 
16.30681   1.692114 
9   27 
16.30872   1.695291 
9   27 
16.30874   1.695291 
9   27 
16.30872   1.695293 
9   27 
16.31064   1.698469 
9   27 
16.31066   1.698469 
9   27 
16.31064   1.698471 
9   27 
16.31256   1.701647 
9   27 
16.31258   1.701647 
9   27 
16.31256   1.701648 
9   27 
16.31448   1.704824 
9   27 
16.3145   1.704824 
9   27 
16.31448   1.704825 
9   27 
16.31641   1.708 
9   27 
16.31642   1.708 
9   27 
16.31641   1.708002 
9   27 
16.31833   1.711176 
9   27 
16.31835   1.711176 
9   27 
16.31833   1.711178 
9   27 
16.32026   1.714352 
9   27 
16.32028   1.714352 
9   27 
16.32026   1.714354 
9   27 
16.32219   1.717527 
9   27 
16.32221   1.717527 
9   27 
16.32219   1.717529 
9   27 
16.32413   1.720702 
9   27 
16.32414   1.720702 
9   27 
16.32413   1.720703 
9   27 
16.32606   1.723876 
9   27 
16.32608   1.723876 
9   27 
16.32606   1.723878 
9   27 
16.328   1.727049 
9   27 
16.32802   1.727049 
9   27 
16.328   1.727051 
9   27 
16.32994   1.730223 
9   27 
16.32996   1.730223 
9   27 
16.32994   1.730224 
9   27 
16.33188   1.733395 
9   27 
16.3319   1.733395 
9   27 
16.33188   1.733397 
9   27 
16.33382   1.736567 
9   27 
16.33384   1.736567 
9   27 
16.33382   1.736569 
9   27 
16.33577   1.739739 
9   27 
16.33579   1.739739 
9   27 
16.33577   1.739741 
9   27 
16.33772   1.74291 
9   27 
16.33774   1.74291 
9   27 
16.33772   1.742912 
9   27 
16.33967   1.746081 
9   27 
16.33969   1.746081 
9   27 
16.33967   1.746083 
9   27 
16.34162   1.749251 
9   27 
16.34164   1.749251 
9   27 
16.34162   1.749253 
9   27 
16.34358   1.752421 
9   27 
16.34359   1.752421 
9   27 
16.34358   1.752423 
9   27 
16.34553   1.75559 
9   27 
16.34555   1.75559 
9   27 
16.34553   1.755592 
9   27 
16.34749   1.758759 
9   27 
16.34751   1.758759 
9   27 
16.34749   1.758761 
9   27 
16.34946   1.761928 
9   27 
16.34947   1.761928 
9   27 
16.34946   1.761929 
9   27 
16.35142   1.765096 
9   27 
16.35143   1.765096 
9   27 
16.35142   1.765097 
9   27 
16.35338   1.768263 
9   27 
16.3534   1.768263 
9   27 
16.35338   1.768265 
9   27 
16.35535   1.77143 
9   27 
16.35537   1.77143 
9   27 
16.35535   1.771432 
9   27 
16.35732   1.774596 
9   27 
16.35734   1.774596 
9   27 
16.35732   1.774598 
9   27 
16.35929   1.777762 
9   27 
16.35931   1.777762 
9   27 
16.35929   1.777764 
9   27 
16.36127   1.780928 
9   27 
16.36128   1.780928 
9   27 
16.36127   1.78093 
9   27 
16.36324   1.784093 
9   27 
16.36326   1.784093 
9   27 
16.36324   1.784095 
9   27 
16.36522   1.787258 
9   27 
16.36524   1.787258 
9   27 
16.36522   1.787259 
9   27 
16.3672   1.790422 
9   27 
16.36722   1.790422 
9   27 
16.3672   1.790423 
9   27 
16.36918   1.793585 
9   27 
16.3692   1.793585 
9   27 
16.36918   1.793587 
9   27 
16.37117   1.796749 
9   27 
16.37118   1.796749 
9   27 
16.37117   1.79675 
9   27 
16.37315   1.799911 
9   27 
16.37317   1.799911 
9   27 
16.37315   1.799913 
9   27 
16.37514   1.803074 
9   27 
16.37516   1.803074 
9   27 
16.37514   1.803075 
9   27 
16.37713   1.806235 
9   27 
16.37715   1.806235 
9   27 
16.37713   1.806237 
9   27 
16.37912   1.809397 
9   27 
16.37914   1.809397 
9   27 
16.37912   1.809399 
9   27 
16.38112   1.812558 
9   27 
16.38114   1.812558 
9   27 
16.38112   1.812559 
9   27 
16.38312   1.815718 
9   27 
16.38313   1.815718 
9   27 
16.38312   1.81572 
9   27 
16.38511   1.818878 
9   27 
16.38513   1.818878 
9   27 
16.38511   1.81888 
9   27 
16.38711   1.822038 
9   27 
16.38713   1.822038 
9   27 
16.38711   1.822039 
9   27 
16.38912   1.825197 
9   27 
16.38913   1.825197 
9   27 
16.38912   1.825199 
9   27 
16.39112   1.828355 
9   27 
16.39114   1.828355 
9   27 
16.39112   1.828357 
9   27 
16.39313   1.831514 
9   27 
16.39315   1.831514 
9   27 
16.39313   1.831515 
9   27 
16.39514   1.834671 
9   27 
16.39515   1.834671 
9   27 
16.39514   1.834673 
9   27 
16.39715   1.837829 
9   27 
16.39716   1.837829 
9   27 
16.39715   1.83783 
9   27 
16.39916   1.840985 
9   27 
16.39918   1.840985 
9   27 
16.39916   1.840987 
9   27 
16.40117   1.844142 
9   27 
16.40119   1.844142 
9   27 
16.40117   1.844144 
9   27 
16.40319   1.847298 
9   27 
16.40321   1.847298 
9   27 
16.40319   1.8473 
9   27 
16.40521   1.850453 
9   27 
16.40523   1.850453 
9   27 
16.40521   1.850455 
9   27 
16.40723   1.853608 
9   27 
16.40725   1.853608 
9   27 
16.40723   1.85361 
9   27 
16.40925   1.856763 
9   27 
16.40927   1.856763 
9   27 
16.40925   1.856765 
9   27 
16.41128   1.859917 
9   27 
16.41129   1.859917 
9   27 
16.41128   1.859919 
9   27 
16.4133   1.863071 
9   27 
16.41332   1.863071 
9   27 
16.4133   1.863073 
9   27 
16.41533   1.866224 
9   27 
16.41535   1.866224 
9   27 
16.41533   1.866226 
9   27 
16.41736   1.869377 
9   27 
16.41738   1.869377 
9   27 
16.41736   1.869379 
9   27 
16.41939   1.872529 
9   27 
16.41941   1.872529 
9   27 
16.41939   1.872531 
9   27 
16.42143   1.875681 
9   27 
16.42144   1.875681 
9   27 
16.42143   1.875683 
9   27 
16.42346   1.878833 
9   27 
16.42348   1.878833 
9   27 
16.42346   1.878835 
9   27 
16.4255   1.881984 
9   27 
16.42552   1.881984 
9   27 
16.4255   1.881986 
9   27 
16.42754   1.885135 
9   27 
16.42756   1.885135 
9   27 
16.42754   1.885136 
9   27 
16.42958   1.888285 
9   27 
16.4296   1.888285 
9   27 
16.42958   1.888287 
9   27 
16.43163   1.891434 
9   27 
16.43164   1.891434 
9   27 
16.43163   1.891436 
9   27 
16.43367   1.894584 
9   27 
16.43369   1.894584 
9   27 
16.43367   1.894586 
9   27 
16.43572   1.897733 
9   27 
16.43573   1.897733 
9   27 
16.43572   1.897735 
9   27 
16.43777   1.900881 
9   27 
16.43778   1.900881 
9   27 
16.43777   1.900883 
9   27 
16.43982   1.904029 
9   27 
16.43984   1.904029 
9   27 
16.43982   1.904031 
9   27 
16.44187   1.907177 
9   27 
16.44189   1.907177 
9   27 
16.44187   1.907179 
9   27 
16.44393   1.910324 
9   27 
16.44394   1.910324 
9   27 
16.44393   1.910326 
9   27 
16.44598   1.913471 
9   27 
16.446   1.913471 
9   27 
16.44598   1.913473 
9   27 
16.44804   1.916617 
9   27 
16.44806   1.916617 
9   27 
16.44804   1.916619 
9   27 
16.4501   1.919763 
9   27 
16.45012   1.919763 
9   27 
16.4501   1.919765 
9   27 
16.45216   1.922908 
9   27 
16.45218   1.922908 
9   27 
16.45216   1.92291 
9   27 
16.45423   1.926053 
9   27 
16.45424   1.926053 
9   27 
16.45423   1.926055 
9   27 
16.45629   1.929198 
9   27 
16.45631   1.929198 
9   27 
16.45629   1.9292 
9   27 
16.45836   1.932342 
9   27 
16.45838   1.932342 
9   27 
16.45836   1.932344 
9   27 
16.46043   1.935486 
9   27 
16.46045   1.935486 
9   27 
16.46043   1.935488 
9   27 
16.4625   1.938629 
9   27 
16.46252   1.938629 
9   27 
16.4625   1.938631 
9   27 
16.46457   1.941772 
9   27 
16.46459   1.941772 
9   27 
16.46457   1.941774 
9   27 
16.46665   1.944915 
9   27 
16.46667   1.944915 
9   27 
16.46665   1.944916 
9   27 
16.46873   1.948057 
9   27 
16.46874   1.948057 
9   27 
16.46873   1.948059 
9   27 
16.4708   1.951198 
9   27 
16.47082   1.951198 
9   27 
16.4708   1.9512 
9   27 
16.47289   1.954339 
9   27 
16.4729   1.954339 
9   27 
16.47289   1.954341 
9   27 
16.47497   1.95748 
9   27 
16.47498   1.95748 
9   27 
16.47497   1.957482 
9   27 
16.47705   1.96062 
9   27 
16.47707   1.96062 
9   27 
16.47705   1.960622 
9   27 
16.47914   1.96376 
9   27 
16.47915   1.96376 
9   27 
16.47914   1.963762 
9   27 
16.48122   1.9669 
9   27 
16.48124   1.9669 
9   27 
16.48122   1.966902 
9   27 
16.48331   1.970039 
9   27 
16.48333   1.970039 
9   27 
16.48331   1.970041 
9   27 
16.4854   1.973178 
9   27 
16.48542   1.973178 
9   27 
16.4854   1.97318 
9   27 
16.4875   1.976316 
9   27 
16.48751   1.976316 
9   27 
16.4875   1.976318 
9   27 
16.48959   1.979454 
9   27 
16.48961   1.979454 
9   27 
16.48959   1.979456 
9   27 
16.49169   1.982591 
9   27 
16.4917   1.982591 
9   27 
16.49169   1.982593 
9   27 
16.49378   1.985728 
9   27 
16.4938   1.985728 
9   27 
16.49378   1.98573 
9   27 
16.49588   1.988865 
9   27 
16.4959   1.988865 
9   27 
16.49588   1.988867 
9   27 
16.49799   1.992001 
9   27 
16.498   1.992001 
9   27 
16.49799   1.992003 
9   27 
16.50009   1.995137 
9   27 
16.5001   1.995137 
9   27 
16.50009   1.995139 
9   27 
16.50219   1.998272 
9   27 
16.50221   1.998272 
9   27 
16.50219   1.998274 
9   27 
16.5043   2.001407 
9   27 
16.50432   2.001407 
9   27 
16.5043   2.001409 
9   27 
16.50641   2.004541 
9   27 
16.50642   2.004541 
9   27 
16.50641   2.004543 
9   27 
16.50852   2.007675 
9   27 
16.50853   2.007675 
9   27 
16.50852   2.007677 
9   27 
16.51063   2.010809 
9   27 
16.51064   2.010809 
9   27 
16.51063   2.010811 
9   27 
16.51274   2.013942 
9   27 
16.51276   2.013942 
9   27 
16.51274   2.013944 
9   27 
16.51486   2.017075 
9   27 
16.51487   2.017075 
9   27 
16.51486   2.017077 
9   27 
16.51697   2.020207 
9   27 
16.51699   2.020207 
9   27 
16.51697   2.020209 
9   27 
16.51909   2.023339 
9   27 
16.51911   2.023339 
9   27 
16.51909   2.023341 
9   27 
16.52121   2.026471 
9   27 
16.52123   2.026471 
9   27 
16.52121   2.026473 
9   27 
16.52333   2.029602 
9   27 
16.52335   2.029602 
9   27 
16.52333   2.029604 
9   27 
16.52546   2.032733 
9   27 
16.52547   2.032733 
9   27 
16.52546   2.032735 
9   27 
16.52758   2.035863 
9   27 
16.5276   2.035863 
9   27 
16.52758   2.035865 
9   27 
16.52971   2.038993 
9   27 
16.52972   2.038993 
9   27 
16.52971   2.038995 
9   27 
16.53183   2.042123 
9   27 
16.53185   2.042123 
9   27 
16.53183   2.042125 
9   27 
16.53396   2.045252 
9   27 
16.53398   2.045252 
9   27 
16.53396   2.045254 
9   27 
16.5361   2.04838 
9   27 
16.53611   2.04838 
9   27 
16.5361   2.048383 
9   27 
16.53823   2.051509 
9   27 
16.53824   2.051509 
9   27 
16.53823   2.051511 
9   27 
16.54036   2.054637 
9   27 
16.54038   2.054637 
9   27 
16.54036   2.054639 
9   27 
16.5425   2.057764 
9   27 
16.54252   2.057764 
9   27 
16.5425   2.057766 
9   27 
16.54464   2.060891 
9   27 
16.54465   2.060891 
9   27 
16.54464   2.060893 
9   27 
16.54678   2.064018 
9   27 
16.54679   2.064018 
9   27 
16.54678   2.06402 
9   27 
16.54892   2.067144 
9   27 
16.54893   2.067144 
9   27 
16.54892   2.067146 
9   27 
16.55106   2.07027 
9   27 
16.55108   2.07027 
9   27 
16.55106   2.070272 
9   27 
16.5532   2.073395 
9   27 
16.55322   2.073395 
9   27 
16.5532   2.073397 
9   27 
16.55535   2.07652 
9   27 
16.55537   2.07652 
9   27 
16.55535   2.076522 
9   27 
16.5575   2.079645 
9   27 
16.55751   2.079645 
9   27 
16.5575   2.079647 
9   27 
16.55964   2.082769 
9   27 
16.55966   2.082769 
9   27 
16.55964   2.082771 
9   27 
16.56179   2.085893 
9   27 
16.56181   2.085893 
9   27 
16.56179   2.085895 
9   27 
16.56395   2.089016 
9   27 
16.56396   2.089016 
9   27 
16.56395   2.089018 
9   27 
16.5661   2.092139 
9   27 
16.56612   2.092139 
9   27 
16.5661   2.092141 
9   27 
16.56826   2.095262 
9   27 
16.56827   2.095262 
9   27 
16.56826   2.095264 
9   27 
16.57041   2.098384 
9   27 
16.57043   2.098384 
9   27 
16.57041   2.098386 
9   27 
16.57257   2.101506 
9   27 
16.57259   2.101506 
9   27 
16.57257   2.101508 
9   27 
16.57473   2.104627 
9   27 
16.57475   2.104627 
9   27 
16.57473   2.104629 
9   27 
16.57689   2.107748 
9   27 
16.57691   2.107748 
9   27 
16.57689   2.10775 
9   27 
16.57905   2.110868 
9   27 
16.57907   2.110868 
9   27 
16.57905   2.11087 
9   27 
16.58122   2.113988 
9   27 
16.58123   2.113988 
9   27 
16.58122   2.11399 
9   27 
16.58338   2.117108 
9   27 
16.5834   2.117108 
9   27 
16.58338   2.11711 
9   27 
16.58555   2.120227 
9   27 
16.58557   2.120227 
9   27 
16.58555   2.120229 
9   27 
16.58772   2.123346 
9   27 
16.58774   2.123346 
9   27 
16.58772   2.123348 
9   27 
16.58989   2.126465 
9   27 
16.58991   2.126465 
9   27 
16.58989   2.126467 
9   27 
16.59206   2.129583 
9   27 
16.59208   2.129583 
9   27 
16.59206   2.129585 
9   27 
16.59423   2.1327 
9   27 
16.59425   2.1327 
9   27 
16.59423   2.132703 
9   27 
16.59641   2.135818 
9   27 
16.59642   2.135818 
9   27 
16.59641   2.13582 
9   27 
16.59858   2.138934 
9   27 
16.5986   2.138934 
9   27 
16.59858   2.138937 
9   27 
16.60076   2.142051 
9   27 
16.60078   2.142051 
9   27 
16.60076   2.142053 
9   27 
16.60294   2.145167 
9   27 
16.60296   2.145167 
9   27 
16.60294   2.145169 
9   27 
16.60512   2.148283 
9   27 
16.60514   2.148283 
9   27 
16.60512   2.148285 
9   27 
16.6073   2.151398 
9   27 
16.60732   2.151398 
9   27 
16.6073   2.1514 
9   27 
16.60949   2.154513 
9   27 
16.6095   2.154513 
9   27 
16.60949   2.154515 
9   27 
16.61167   2.157627 
9   27 
16.61169   2.157627 
9   27 
16.61167   2.157629 
9   27 
16.61386   2.160741 
9   27 
16.61387   2.160741 
9   27 
16.61386   2.160743 
9   27 
16.61604   2.163855 
9   27 
16.61606   2.163855 
9   27 
16.61604   2.163857 
9   27 
16.61823   2.166968 
9   27 
16.61825   2.166968 
9   27 
16.61823   2.16697 
9   27 
16.62042   2.170081 
9   27 
16.62044   2.170081 
9   27 
16.62042   2.170083 
9   27 
16.62262   2.173193 
9   27 
16.62263   2.173193 
9   27 
16.62262   2.173195 
9   27 
16.62481   2.176305 
9   27 
16.62483   2.176305 
9   27 
16.62481   2.176307 
9   27 
16.627   2.179416 
9   27 
16.62702   2.179416 
9   27 
16.627   2.179419 
9   27 
16.6292   2.182528 
9   27 
16.62922   2.182528 
9   27 
16.6292   2.18253 
9   27 
16.6314   2.185638 
9   27 
16.63141   2.185638 
9   27 
16.6314   2.18564 
9   27 
16.6336   2.188749 
9   27 
16.63361   2.188749 
9   27 
16.6336   2.188751 
9   27 
16.6358   2.191859 
9   27 
16.63581   2.191859 
9   27 
16.6358   2.191861 
9   27 
16.638   2.194968 
9   27 
16.63802   2.194968 
9   27 
16.638   2.19497 
9   27 
16.6402   2.198077 
9   27 
16.64022   2.198077 
9   27 
16.6402   2.198079 
9   27 
16.64241   2.201186 
9   27 
16.64242   2.201186 
9   27 
16.64241   2.201188 
9   27 
16.64461   2.204294 
9   27 
16.64463   2.204294 
9   27 
16.64461   2.204296 
9   27 
16.64682   2.207402 
9   27 
16.64684   2.207402 
9   27 
16.64682   2.207404 
9   27 
16.64903   2.21051 
9   27 
16.64904   2.21051 
9   27 
16.64903   2.210512 
9   27 
16.65124   2.213617 
9   27 
16.65125   2.213617 
9   27 
16.65124   2.213619 
9   27 
16.65345   2.216723 
9   27 
16.65346   2.216723 
9   27 
16.65345   2.216726 
9   27 
16.65566   2.21983 
9   27 
16.65568   2.21983 
9   27 
16.65566   2.219832 
9   27 
16.65787   2.222935 
9   27 
16.65789   2.222935 
9   27 
16.65787   2.222938 
9   27 
16.66009   2.226041 
9   27 
16.66011   2.226041 
9   27 
16.66009   2.226043 
9   27 
16.66231   2.229146 
9   27 
16.66232   2.229146 
9   27 
16.66231   2.229148 
9   27 
16.66452   2.23225 
9   27 
16.66454   2.23225 
9   27 
16.66452   2.232253 
9   27 
16.66674   2.235355 
9   27 
16.66676   2.235355 
9   27 
16.66674   2.235357 
9   27 
16.66896   2.238458 
9   27 
16.66898   2.238458 
9   27 
16.66896   2.238461 
9   27 
16.67119   2.241562 
9   27 
16.6712   2.241562 
9   27 
16.67119   2.241564 
9   27 
16.67341   2.244665 
9   27 
16.67342   2.244665 
9   27 
16.67341   2.244667 
9   27 
16.67563   2.247767 
9   27 
16.67565   2.247767 
9   27 
16.67563   2.24777 
9   27 
16.67786   2.25087 
9   27 
16.67787   2.25087 
9   27 
16.67786   2.250872 
9   27 
16.68008   2.253971 
9   27 
16.6801   2.253971 
9   27 
16.68008   2.253974 
9   27 
16.68231   2.257073 
9   27 
16.68233   2.257073 
9   27 
16.68231   2.257075 
9   27 
16.68454   2.260174 
9   27 
16.68456   2.260174 
9   27 
16.68454   2.260176 
9   27 
16.68677   2.263274 
9   27 
16.68679   2.263274 
9   27 
16.68677   2.263276 
9   27 
16.68901   2.266374 
9   27 
16.68902   2.266374 
9   27 
16.68901   2.266377 
9   27 
16.69124   2.269474 
9   27 
16.69126   2.269474 
9   27 
16.69124   2.269476 
9   27 
16.69347   2.272573 
9   27 
16.69349   2.272573 
9   27 
16.69347   2.272576 
9   27 
16.69571   2.275672 
9   27 
16.69573   2.275672 
9   27 
16.69571   2.275674 
9   27 
16.69795   2.278771 
9   27 
16.69796   2.278771 
9   27 
16.69795   2.278773 
9   27 
16.70018   2.281869 
9   27 
16.7002   2.281869 
9   27 
16.70018   2.281871 
9   27 
16.70242   2.284966 
9   27 
16.70244   2.284966 
9   27 
16.70242   2.284969 
9   27 
16.70466   2.288064 
9   27 
16.70468   2.288064 
9   27 
16.70466   2.288066 
9   27 
16.70691   2.29116 
9   27 
16.70692   2.29116 
9   27 
16.70691   2.291163 
9   27 
16.70915   2.294257 
9   27 
16.70917   2.294257 
9   27 
16.70915   2.294259 
9   27 
16.71139   2.297353 
9   27 
16.71141   2.297353 
9   27 
16.71139   2.297355 
9   27 
16.71364   2.300448 
9   27 
16.71366   2.300448 
9   27 
16.71364   2.300451 
9   27 
16.71589   2.303544 
9   27 
16.7159   2.303544 
9   27 
16.71589   2.303546 
9   27 
16.71813   2.306638 
9   27 
16.71815   2.306638 
9   27 
16.71813   2.306641 
9   27 
16.72038   2.309733 
9   27 
16.7204   2.309733 
9   27 
16.72038   2.309735 
9   27 
16.72263   2.312827 
9   27 
16.72265   2.312827 
9   27 
16.72263   2.312829 
9   27 
16.72488   2.31592 
9   27 
16.7249   2.31592 
9   27 
16.72488   2.315922 
9   27 
16.72714   2.319013 
9   27 
16.72715   2.319013 
9   27 
16.72714   2.319015 
9   27 
16.72939   2.322106 
9   27 
16.72941   2.322106 
9   27 
16.72939   2.322108 
9   27 
16.73165   2.325198 
9   27 
16.73166   2.325198 
9   27 
16.73165   2.3252 
9   27 
16.7339   2.32829 
9   27 
16.73392   2.32829 
9   27 
16.7339   2.328292 
9   27 
16.73616   2.331381 
9   27 
16.73618   2.331381 
9   27 
16.73616   2.331384 
9   27 
16.73842   2.334472 
9   27 
16.73844   2.334472 
9   27 
16.73842   2.334475 
9   27 
16.74068   2.337563 
9   27 
16.74069   2.337563 
9   27 
16.74068   2.337565 
9   27 
16.74294   2.340653 
9   27 
16.74296   2.340653 
9   27 
16.74294   2.340656 
9   27 
16.7452   2.343743 
9   27 
16.74522   2.343743 
9   27 
16.7452   2.343745 
9   27 
16.74746   2.346832 
9   27 
16.74748   2.346832 
9   27 
16.74746   2.346835 
9   27 
16.74973   2.349921 
9   27 
16.74974   2.349921 
9   27 
16.74973   2.349924 
9   27 
16.75199   2.35301 
9   27 
16.75201   2.35301 
9   27 
16.75199   2.353012 
9   27 
16.75426   2.356098 
9   27 
16.75428   2.356098 
9   27 
16.75426   2.3561 
9   27 
16.75653   2.359185 
9   27 
16.75654   2.359185 
9   27 
16.75653   2.359188 
9   27 
16.7588   2.362273 
9   27 
16.75881   2.362273 
9   27 
16.7588   2.362275 
9   27 
16.76107   2.36536 
9   27 
16.76108   2.36536 
9   27 
16.76107   2.365362 
9   27 
16.76334   2.368446 
9   27 
16.76335   2.368446 
9   27 
16.76334   2.368448 
9   27 
16.76561   2.371532 
9   27 
16.76563   2.371532 
9   27 
16.76561   2.371534 
9   27 
16.76788   2.374617 
9   27 
16.7679   2.374617 
9   27 
16.76788   2.37462 
9   27 
16.77016   2.377703 
9   27 
16.77017   2.377703 
9   27 
16.77016   2.377705 
9   27 
16.77243   2.380787 
9   27 
16.77245   2.380787 
9   27 
16.77243   2.38079 
9   27 
16.77471   2.383872 
9   27 
16.77472   2.383872 
9   27 
16.77471   2.383874 
9   27 
16.77699   2.386955 
9   27 
16.777   2.386955 
9   27 
16.77699   2.386958 
9   27 
16.77926   2.390039 
9   27 
16.77928   2.390039 
9   27 
16.77926   2.390041 
9   27 
16.78154   2.393122 
9   27 
16.78156   2.393122 
9   27 
16.78154   2.393124 
9   27 
16.78382   2.396205 
9   27 
16.78384   2.396205 
9   27 
16.78382   2.396207 
9   27 
16.78611   2.399287 
9   27 
16.78612   2.399287 
9   27 
16.78611   2.399289 
9   27 
16.78839   2.402368 
9   27 
16.78841   2.402368 
9   27 
16.78839   2.402371 
9   27 
16.79067   2.40545 
9   27 
16.79069   2.40545 
9   27 
16.79067   2.405452 
9   27 
16.79296   2.408531 
9   27 
16.79297   2.408531 
9   27 
16.79296   2.408533 
9   27 
16.79524   2.411611 
9   27 
16.79526   2.411611 
9   27 
16.79524   2.411614 
9   27 
16.79753   2.414691 
9   27 
16.79755   2.414691 
9   27 
16.79753   2.414694 
9   27 
16.79982   2.417771 
9   27 
16.79983   2.417771 
9   27 
16.79982   2.417773 
9   27 
16.80211   2.42085 
9   27 
16.80212   2.42085 
9   27 
16.80211   2.420852 
9   27 
16.8044   2.423929 
9   27 
16.80441   2.423929 
9   27 
16.8044   2.423931 
9   27 
16.80669   2.427007 
9   27 
16.8067   2.427007 
9   27 
16.80669   2.42701 
9   27 
16.80898   2.430085 
9   27 
16.809   2.430085 
9   27 
16.80898   2.430087 
9   27 
16.81127   2.433162 
9   27 
16.81129   2.433162 
9   27 
16.81127   2.433165 
9   27 
16.81357   2.436239 
9   27 
16.81358   2.436239 
9   27 
16.81357   2.436242 
9   27 
16.81586   2.439316 
9   27 
16.81588   2.439316 
9   27 
16.81586   2.439319 
9   27 
16.81816   2.442392 
9   27 
16.81817   2.442392 
9   27 
16.81816   2.442395 
9   27 
16.82045   2.445468 
9   27 
16.82047   2.445468 
9   27 
16.82045   2.44547 
9   27 
16.82275   2.448543 
9   27 
16.82277   2.448543 
9   27 
16.82275   2.448546 
9   27 
16.82505   2.451618 
9   27 
16.82507   2.451618 
9   27 
16.82505   2.451621 
9   27 
16.82735   2.454693 
9   27 
16.82737   2.454693 
9   27 
16.82735   2.454695 
9   27 
16.82965   2.457767 
9   27 
16.82967   2.457767 
9   27 
16.82965   2.457769 
9   27 
16.83195   2.46084 
9   27 
16.83197   2.46084 
9   27 
16.83195   2.460843 
9   27 
16.83426   2.463913 
9   27 
16.83427   2.463913 
9   27 
16.83426   2.463916 
9   27 
16.83656   2.466986 
9   27 
16.83658   2.466986 
9   27 
16.83656   2.466989 
9   27 
16.83887   2.470058 
9   27 
16.83888   2.470058 
9   27 
16.83887   2.470061 
9   27 
16.84117   2.47313 
9   27 
16.84119   2.47313 
9   27 
16.84117   2.473133 
9   27 
16.84348   2.476202 
9   27 
16.84349   2.476202 
9   27 
16.84348   2.476204 
9   27 
16.84578   2.479273 
9   27 
16.8458   2.479273 
9   27 
16.84578   2.479275 
9   27 
16.84809   2.482343 
9   27 
16.84811   2.482343 
9   27 
16.84809   2.482346 
9   27 
16.8504   2.485413 
9   27 
16.85042   2.485413 
9   27 
16.8504   2.485416 
9   27 
16.85271   2.488483 
9   27 
16.85273   2.488483 
9   27 
16.85271   2.488485 
9   27 
16.85502   2.491552 
9   27 
16.85504   2.491552 
9   27 
16.85502   2.491554 
9   27 
16.85734   2.494621 
9   27 
16.85735   2.494621 
9   27 
16.85734   2.494623 
9   27 
16.85965   2.497689 
9   27 
16.85967   2.497689 
9   27 
16.85965   2.497692 
9   27 
16.86196   2.500757 
9   27 
16.86198   2.500757 
9   27 
16.86196   2.500759 
9   27 
16.86428   2.503824 
9   27 
16.86429   2.503824 
9   27 
16.86428   2.503827 
9   27 
16.86659   2.506891 
9   27 
16.86661   2.506891 
9   27 
16.86659   2.506894 
9   27 
16.86891   2.509958 
9   27 
16.86893   2.509958 
9   27 
16.86891   2.50996 
9   27 
16.87123   2.513024 
9   27 
16.87124   2.513024 
9   27 
16.87123   2.513026 
9   27 
16.87355   2.51609 
9   27 
16.87356   2.51609 
9   27 
16.87355   2.516092 
9   27 
16.87586   2.519155 
9   27 
16.87588   2.519155 
9   27 
16.87586   2.519157 
9   27 
16.87818   2.52222 
9   27 
16.8782   2.52222 
9   27 
16.87818   2.522222 
9   27 
16.88051   2.525284 
9   27 
16.88052   2.525284 
9   27 
16.88051   2.525286 
9   27 
16.88283   2.528348 
9   27 
16.88284   2.528348 
9   27 
16.88283   2.52835 
9   27 
16.88515   2.531411 
9   27 
16.88517   2.531411 
9   27 
16.88515   2.531414 
9   27 
16.88747   2.534474 
9   27 
16.88749   2.534474 
9   27 
16.88747   2.534477 
9   27 
16.8898   2.537537 
9   27 
16.88981   2.537537 
9   27 
16.8898   2.537539 
9   27 
16.89212   2.540599 
9   27 
16.89214   2.540599 
9   27 
16.89212   2.540601 
9   27 
16.89445   2.54366 
9   27 
16.89447   2.54366 
9   27 
16.89445   2.543663 
9   27 
16.89678   2.546722 
9   27 
16.89679   2.546722 
9   27 
16.89678   2.546724 
9   27 
16.8991   2.549782 
9   27 
16.89912   2.549782 
9   27 
16.8991   2.549785 
9   27 
16.90143   2.552843 
9   27 
16.90145   2.552843 
9   27 
16.90143   2.552845 
9   27 
16.90376   2.555902 
9   27 
16.90378   2.555902 
9   27 
16.90376   2.555905 
9   27 
16.90609   2.558962 
9   27 
16.90611   2.558962 
9   27 
16.90609   2.558964 
9   27 
16.90842   2.562021 
9   27 
16.90844   2.562021 
9   27 
16.90842   2.562023 
9   27 
16.91075   2.565079 
9   27 
16.91077   2.565079 
9   27 
16.91075   2.565082 
9   27 
16.91309   2.568137 
9   27 
16.9131   2.568137 
9   27 
16.91309   2.56814 
9   27 
16.91542   2.571195 
9   27 
16.91544   2.571195 
9   27 
16.91542   2.571197 
9   27 
16.91775   2.574252 
9   27 
16.91777   2.574252 
9   27 
16.91775   2.574254 
9   27 
16.92009   2.577308 
9   27 
16.92011   2.577308 
9   27 
16.92009   2.577311 
9   27 
16.92243   2.580365 
9   27 
16.92244   2.580365 
9   27 
16.92243   2.580367 
9   27 
16.92476   2.58342 
9   27 
16.92478   2.58342 
9   27 
16.92476   2.583423 
9   27 
16.9271   2.586476 
9   27 
16.92712   2.586476 
9   27 
16.9271   2.586478 
9   27 
16.92944   2.58953 
9   27 
16.92945   2.58953 
9   27 
16.92944   2.589533 
9   27 
16.93178   2.592585 
9   27 
16.93179   2.592585 
9   27 
16.93178   2.592587 
9   27 
16.93412   2.595639 
9   27 
16.93413   2.595639 
9   27 
16.93412   2.595641 
9   27 
16.93646   2.598692 
9   27 
16.93647   2.598692 
9   27 
16.93646   2.598695 
9   27 
16.9388   2.601745 
9   27 
16.93881   2.601745 
9   27 
16.9388   2.601747 
9   27 
16.94114   2.604797 
9   27 
16.94116   2.604797 
9   27 
16.94114   2.6048 
9   27 
16.94348   2.607849 
9   27 
16.9435   2.607849 
9   27 
16.94348   2.607852 
9   27 
16.94582   2.610901 
9   27 
16.94584   2.610901 
9   27 
16.94582   2.610904 
9   27 
16.94817   2.613952 
9   27 
16.94819   2.613952 
9   27 
16.94817   2.613955 
9   27 
16.95051   2.617003 
9   27 
16.95053   2.617003 
9   27 
16.95051   2.617005 
9   27 
16.95286   2.620053 
9   27 
16.95288   2.620053 
9   27 
16.95286   2.620055 
9   27 
16.95521   2.623103 
9   27 
16.95522   2.623103 
9   27 
16.95521   2.623105 
9   27 
16.95755   2.626152 
9   27 
16.95757   2.626152 
9   27 
16.95755   2.626154 
9   27 
16.9599   2.6292 
9   27 
16.95992   2.6292 
9   27 
16.9599   2.629203 
9   27 
16.96225   2.632249 
9   27 
16.96227   2.632249 
9   27 
16.96225   2.632251 
9   27 
16.9646   2.635297 
9   27 
16.96461   2.635297 
9   27 
16.9646   2.635299 
9   27 
16.96695   2.638344 
9   27 
16.96696   2.638344 
9   27 
16.96695   2.638347 
9   27 
16.9693   2.641391 
9   27 
16.96931   2.641391 
9   27 
16.9693   2.641393 
9   27 
16.97165   2.644437 
9   27 
16.97167   2.644437 
9   27 
16.97165   2.64444 
9   27 
16.974   2.647483 
9   27 
16.97402   2.647483 
9   27 
16.974   2.647486 
9   27 
16.97635   2.650529 
9   27 
16.97637   2.650529 
9   27 
16.97635   2.650531 
9   27 
16.97871   2.653574 
9   27 
16.97872   2.653574 
9   27 
16.97871   2.653576 
9   27 
16.98106   2.656618 
9   27 
16.98108   2.656618 
9   27 
16.98106   2.656621 
9   27 
16.98342   2.659662 
9   27 
16.98343   2.659662 
9   27 
16.98342   2.659665 
9   27 
16.98577   2.662706 
9   27 
16.98579   2.662706 
9   27 
16.98577   2.662708 
9   27 
16.98813   2.665749 
9   27 
16.98814   2.665749 
9   27 
16.98813   2.665751 
9   27 
16.99048   2.668791 
9   27 
16.9905   2.668791 
9   27 
16.99048   2.668794 
9   27 
16.99284   2.671833 
9   27 
16.99286   2.671833 
9   27 
16.99284   2.671836 
9   27 
16.9952   2.674875 
9   27 
16.99522   2.674875 
9   27 
16.9952   2.674878 
9   27 
16.99756   2.677916 
9   27 
16.99757   2.677916 
9   27 
16.99756   2.677919 
9   27 
16.99992   2.680957 
9   27 
16.99993   2.680957 
9   27 
16.99992   2.68096 
9   27 
17.00228   2.683997 
9   27 
17.00229   2.683997 
9   27 
17.00228   2.684 
9   27 
17.00464   2.687037 
9   27 
17.00465   2.687037 
9   27 
17.00464   2.687039 
9   27 
17.007   2.690076 
9   27 
17.00701   2.690076 
9   27 
17.007   2.690079 
9   27 
17.00936   2.693115 
9   27 
17.00938   2.693115 
9   27 
17.00936   2.693117 
9   27 
4861.635   6233.691 
9   27 
501.472   625.7929 
9   27 
252.5808   305.6773 
9   27 
75.88391   78.41561 
9   27 
30.0596   19.4779 
9   27 
21.86933   8.943848 
9   27 
21.86935   8.943848 
9   27 
21.86933   8.943857 
9   27 
22.22453   9.402062 
9   27 
22.22455   9.402062 
9   27 
22.22453   9.402071 
9   27 
22.13562   9.288821 
9   27 
22.13564   9.288821 
9   27 
22.13562   9.288831 
9   27 
22.12868   9.281523 
9   27 
22.1287   9.281523 
9   27 
22.12868   9.281532 
9   27 
22.02584   9.194487 
9   27 
22.02586   9.194487 
9   27 
22.02584   9.194496 
9   27 
21.90051   9.129051 
9   27 
21.90053   9.129051 
9   27 
21.90051   9.129061 
9   27 
21.61701   9.085413 
9   27 
21.61703   9.085413 
9   27 
21.61701   9.085422 
9   27 
21.11276   9.226025 
9   27 
21.11278   9.226025 
9   27 
21.11276   9.226034 
9   27 
20.29234   9.890046 
9   27 
20.29236   9.890046 
9   27 
20.29234   9.890056 
9   27 
19.57965   11.25929 
9   27 
19.57967   11.25929 
9   27 
19.57965   11.2593 
9   27 
19.06813   14.41707 
9   27 
19.06815   14.41707 
9   27 
19.06813   14.41708 
9   27 
19.32378   20.66908 
9   27 
19.3238   20.66908 
9   27 
19.32378   20.6691 
9   27 
19.18864   28.64033 
9   27 
19.18866   28.64033 
9   27 
19.18864   28.64036 
9   27 
18.94761   39.87394 
9   27 
18.94763   39.87394 
9   27 
18.94761   39.87398 
9   27 
19.0555   54.38567 
9   27 
19.05552   54.38567 
9   27 
19.0555   54.38572 
9   27 
18.63639   76.13657 
9   27 
18.63641   76.13657 
9   27 
18.63639   76.13665 
9   27 
18.83795   99.99803 
9   27 
18.83796   99.99803 
9   27 
18.83795   99.99813 
9   27 
18.81392   132.0235 
9   27 
18.81394   132.0235 
9   27 
18.81392   132.0236 
9   27 
18.76112   176.5341 
9   27 
18.76114   176.5341 
9   27 
18.76112   176.5343 
9   27 
18.74786   233.9083 
9   27 
18.74788   233.9083 
9   27 
18.74786   233.9086 
9   27 
18.73726   310.1597 
9   27 
18.73727   310.1597 
9   27 
18.73726   310.16 
9   27 
18.72873   410.8563 
9   27 
18.72875   410.8563 
9   27 
18.72873   410.8568 
9   27 
18.72238   544.2375 
9   27 
18.7224   544.2375 
9   27 
18.72238   544.238 
9   27 
18.71751   720.7866 
9   27 
18.71753   720.7866 
9   27 
18.71751   720.7873 
9   27 
18.71386   954.6162 
9   27 
18.71388   954.6162 
9   27 
18.71386   954.6171 
9   27 
18.71107   1264.302 
9   27 
18.71109   1264.302 
9   27 
18.71107   1264.303 
9   27 
18.70899   1674.508 
9   27 
18.70901   1674.508 
9   27 
18.70899   1674.51 
9   27 
18.7074   2217.875 
9   27 
18.70742   2217.875 
9   27 
18.7074   2217.877 
9   27 
18.70621   2937.66 
9   27 
18.70623   2937.66 
9   27 
18.70621   2937.663 
9   27 
18.7053   3891.145 
9   27 
18.70532   3891.145 
9   27 
18.7053   3891.149 
9   27 
18.70462   5154.226 
9   27 
18.70464   5154.226 
9   27 
18.70462   5154.231 
9   27 
18.70411   6827.456 
9   27 
18.70413   6827.456 
9   27 
18.70411   6827.463 
9   27 
18.70372   9043.971 
9   27 
18.70374   9043.971 
9   27 
18.70372   9043.98 
9   27 
18.70343   11980.33 
9   27 
18.70345   11980.33 
9   27 
18.70343   11980.34 
9   27 
18.70321   15870.12 
9   27 
18.70323   15870.12 
9   27 
18.70321   15870.13 
9   27 
18.70304   21021.89 
9   27 
18.70306   21021.89 
9   27 
18.70304   21021.91 
9   27 
18.70291   27847.96 
9   27 
18.70293   27847.96 
9   27 
18.70291   27847.99 
9   27 
18.70282   36890.37 
9   27 
18.70284   36890.37 
9   27 
18.70282   36890.41 
9   27 
18.70275   48876.28 
9   27 
18.70277   48876.28 
9   27 
18.70275   48876.33 
9   27 
18.70269   64739.92 
9   27 
18.70271   64739.92 
9   27 
18.70269   64739.99 
9   27 
18.70266   80730.99 
9   27 
18.70268   80730.99 
9   27 
18.70266   80731.07 
9   27 
18.70264   96722.06 
9   27 
18.70266   96722.06 
9   27 
18.70264   96722.16 
9   27 
18.70262   112713.1 
9   27 
18.70264   112713.1 
9   27 
18.70262   112713.2 
9   27 
18.70261   128704.2 
9   27 
18.70263   128704.2 
9   27 
18.70261   128704.3 
Fit Mean:  18.70261  Size:  128704.2  Code:  5 
Try Mean:  15.95977  Size:  0.1 
9   27 
15.95977   0.1 
9   27 
15.95977   0.1 
9   27 
15.95979   0.1 
9   27 
15.95977   0.100001 
9   27 
15.95991   0.1041923 
9   27 
15.95993   0.1041923 
9   27 
15.95991   0.1041933 
9   27 
22.50453   12.95069 
9   27 
22.50455   12.95069 
9   27 
22.50453   12.9507 
9   27 
20.8564   10.78655 
9   27 
20.85642   10.78655 
9   27 
20.8564   10.78656 
9   27 
21.14481   11.69068 
9   27 
21.14483   11.69068 
9   27 
21.14481   11.69069 
9   27 
21.1716   13.28391 
9   27 
21.17162   13.28391 
9   27 
21.1716   13.28392 
9   27 
20.44914   19.48526 
9   27 
20.44916   19.48526 
9   27 
20.44914   19.48527 
9   27 
16.73809   44.096 
9   27 
19.08671   28.52054 
9   27 
19.08673   28.52054 
9   27 
19.08671   28.52057 
9   27 
18.57708   34.9026 
9   27 
18.5771   34.9026 
9   27 
18.57708   34.90264 
9   27 
18.65884   40.16942 
9   27 
18.65886   40.16942 
9   27 
18.65884   40.16946 
9   27 
18.98034   57.32906 
9   27 
18.98035   57.32906 
9   27 
18.98034   57.32912 
9   27 
18.89979   74.45626 
9   27 
18.89981   74.45626 
9   27 
18.89979   74.45634 
9   27 
18.79798   101.6146 
9   27 
18.798   101.6146 
9   27 
18.79798   101.6147 
9   27 
18.78838   134.5643 
9   27 
18.7884   134.5643 
9   27 
18.78838   134.5644 
9   27 
18.76095   179.1729 
9   27 
18.76097   179.1729 
9   27 
18.76095   179.1731 
9   27 
18.75181   237.5338 
9   27 
18.75183   237.5338 
9   27 
18.75181   237.534 
9   27 
18.73541   314.9911 
9   27 
18.73543   314.9911 
9   27 
18.73541   314.9914 
9   27 
18.73169   417.3046 
9   27 
18.7317   417.3046 
9   27 
18.73169   417.305 
9   27 
18.72005   552.8822 
9   27 
18.72007   552.8822 
9   27 
18.72005   552.8827 
9   27 
18.72071   732.322 
9   27 
18.72073   732.322 
9   27 
18.72071   732.3228 
9   27 
18.71065   970.2538 
9   27 
18.71067   970.2538 
9   27 
18.71065   970.2548 
9   27 
18.71505   1285.469 
9   27 
18.71507   1285.469 
9   27 
18.71505   1285.47 
9   27 
18.70468   1704.064 
9   27 
18.7047   1704.064 
9   27 
18.70468   1704.065 
9   27 
18.71216   2259.506 
9   27 
18.71218   2259.506 
9   27 
18.71216   2259.508 
9   27 
18.70148   2998.433 
9   27 
18.7015   2998.433 
9   27 
18.70148   2998.436 
9   27 
18.70939   3979.149 
9   27 
18.70941   3979.149 
9   27 
18.70939   3979.153 
9   27 
18.7015   5280.158 
9   27 
18.70152   5280.158 
9   27 
18.7015   5280.164 
9   27 
18.70605   7001.63 
9   27 
18.70606   7001.63 
9   27 
18.70605   7001.637 
9   27 
18.70251   9279.65 
9   27 
18.70253   9279.65 
9   27 
18.70251   9279.659 
9   27 
18.70406   12295.65 
9   27 
18.70408   12295.65 
9   27 
18.70406   12295.66 
9   27 
18.70281   16288.94 
9   27 
18.70283   16288.94 
9   27 
18.70281   16288.95 
9   27 
18.70323   21578.93 
9   27 
18.70324   21578.93 
9   27 
18.70323   21578.95 
9   27 
18.70279   28586.81 
9   27 
18.70281   28586.81 
9   27 
18.70279   28586.84 
9   27 
18.70287   37869.9 
9   27 
18.70289   37869.9 
9   27 
18.70287   37869.94 
9   27 
18.7027   50164.95 
9   27 
18.70272   50164.95 
9   27 
18.7027   50165 
9   27 
18.70271   66125.03 
9   27 
18.70272   66125.03 
9   27 
18.70271   66125.09 
9   27 
18.70265   82085.11 
9   27 
18.70267   82085.11 
9   27 
18.70265   82085.19 
9   27 
18.70264   98045.2 
9   27 
18.70266   98045.2 
9   27 
18.70264   98045.29 
9   27 
18.70262   114005.3 
9   27 
18.70264   114005.3 
9   27 
18.70262   114005.4 
9   27 
18.70261   129965.4 
9   27 
18.70263   129965.4 
9   27 
18.70261   129965.5 
Fit Mean:  18.70261  Size:  129965.4  Code:  5 
Try Mean:  15.95977  Size:  0.01 
9   27 
15.95977   0.01 
9   27 
15.95977   0.01 
9   27 
15.95979   0.01 
9   27 
15.95977   0.010001 
9   27 
15.95978   0.01429304 
9   27 
15.9598   0.01429304 
9   27 
15.95978   0.01429404 
9   27 
20.92664   10.18983 
9   27 
20.92666   10.18983 
9   27 
20.92664   10.18984 
9   27 
21.7773   12.08528 
9   27 
21.77732   12.08528 
9   27 
21.7773   12.08529 
9   27 
21.39348   11.98528 
9   27 
21.3935   11.98528 
9   27 
21.39348   11.9853 
9   27 
19.97039   13.16617 
9   27 
19.97041   13.16617 
9   27 
19.97039   13.16618 
9   27 
19.29909   15.2675 
9   27 
19.29911   15.2675 
9   27 
19.29909   15.26752 
9   27 
18.9476   20.37917 
9   27 
18.94762   20.37917 
9   27 
18.9476   20.37919 
9   27 
19.30029   28.72724 
9   27 
19.30031   28.72724 
9   27 
19.30029   28.72727 
9   27 
18.98235   39.50997 
9   27 
18.98237   39.50997 
9   27 
18.98235   39.51001 
9   27 
18.92344   54.33508 
9   27 
18.92345   54.33508 
9   27 
18.92344   54.33513 
9   27 
18.85332   72.87824 
9   27 
18.85334   72.87824 
9   27 
18.85332   72.87831 
9   27 
18.84072   97.71025 
9   27 
18.84074   97.71025 
9   27 
18.84072   97.71034 
9   27 
18.75762   130.5269 
9   27 
18.75764   130.5269 
9   27 
18.75762   130.527 
9   27 
18.84029   174.7384 
9   27 
18.84031   174.7384 
9   27 
18.84029   174.7386 
9   27 
18.66621   238.6207 
9   27 
18.66623   238.6207 
9   27 
18.66621   238.6209 
9   27 
18.73304   311.0536 
9   27 
18.73305   311.0536 
9   27 
18.73304   311.0539 
9   27 
18.73549   412.0154 
9   27 
18.73551   412.0154 
9   27 
18.73549   412.0159 
9   27 
18.72267   545.8492 
9   27 
18.72268   545.8492 
9   27 
18.72267   545.8497 
9   27 
18.71657   723.098 
9   27 
18.71659   723.098 
9   27 
18.71657   723.0988 
9   27 
18.71337   957.5594 
9   27 
18.71339   957.5594 
9   27 
18.71337   957.5604 
9   27 
18.71077   1268.186 
9   27 
18.71079   1268.186 
9   27 
18.71077   1268.188 
9   27 
18.70875   1679.608 
9   27 
18.70877   1679.608 
9   27 
18.70875   1679.61 
9   27 
18.70722   2224.608 
9   27 
18.70724   2224.608 
9   27 
18.70722   2224.611 
9   27 
18.70607   2946.54 
9   27 
18.70609   2946.54 
9   27 
18.70607   2946.543 
9   27 
18.7052   3902.888 
9   27 
18.70522   3902.888 
9   27 
18.7052   3902.892 
9   27 
18.70455   5169.749 
9   27 
18.70456   5169.749 
9   27 
18.70455   5169.754 
9   27 
18.70405   6847.938 
9   27 
18.70407   6847.938 
9   27 
18.70405   6847.944 
9   27 
18.70368   9071.11 
9   27 
18.7037   9071.11 
9   27 
18.70368   9071.119 
9   27 
18.70339   12016.17 
9   27 
18.70341   12016.17 
9   27 
18.70339   12016.18 
9   27 
18.70318   15917.5 
9   27 
18.7032   15917.5 
9   27 
18.70318   15917.51 
9   27 
18.70302   21085.52 
9   27 
18.70304   21085.52 
9   27 
18.70302   21085.54 
9   27 
18.7029   27932.96 
9   27 
18.70292   27932.96 
9   27 
18.7029   27932.99 
9   27 
18.70281   37001.42 
9   27 
18.70283   37001.42 
9   27 
18.70281   37001.46 
9   27 
18.70274   49013.37 
9   27 
18.70276   49013.37 
9   27 
18.70274   49013.42 
9   27 
18.70269   64930.08 
9   27 
18.7027   64930.08 
9   27 
18.70269   64930.15 
9   27 
18.70266   80889.86 
9   27 
18.70268   80889.86 
9   27 
18.70266   80889.94 
9   27 
18.70264   96849.63 
9   27 
18.70266   96849.63 
9   27 
18.70264   96849.73 
9   27 
18.70262   112809.4 
9   27 
18.70264   112809.4 
9   27 
18.70262   112809.5 
9   27 
18.70261   128769.2 
9   27 
18.70263   128769.2 
9   27 
18.70261   128769.3 
Fit Mean:  18.70261  Size:  128769.2  Code:  5 
Try Mean:  15.95977  Size:  0.001 
9   27 
15.95977   0.001 
9   27 
15.95977   0.001 
9   27 
15.95979   0.001 
9   27 
15.95977   0.001001 
9   27 
15.95977   0.005303297 
9   27 
15.95979   0.005303297 
9   27 
15.95977   0.005304297 
9   27 
20.79801   9.966993 
9   27 
20.79803   9.966993 
9   27 
20.79801   9.967003 
9   27 
21.90551   12.276 
9   27 
21.90553   12.276 
9   27 
21.90551   12.27602 
9   27 
21.38912   11.87797 
9   27 
21.38914   11.87797 
9   27 
21.38912   11.87798 
9   27 
20.64027   12.23528 
9   27 
20.64029   12.23528 
9   27 
20.64027   12.23529 
9   27 
19.35808   14.31523 
9   27 
19.35809   14.31523 
9   27 
19.35808   14.31525 
9   27 
19.22838   16.28489 
9   27 
19.2284   16.28489 
9   27 
19.22838   16.2849 
9   27 
19.55064   24.9892 
9   27 
19.55066   24.9892 
9   27 
19.55064   24.98923 
9   27 
18.73143   35.25555 
9   27 
18.73145   35.25555 
9   27 
18.73143   35.25558 
9   27 
18.90403   46.02037 
9   27 
18.90405   46.02037 
9   27 
18.90403   46.02042 
9   27 
18.88103   63.0249 
9   27 
18.88104   63.0249 
9   27 
18.88103   63.02497 
9   27 
18.83223   84.06916 
9   27 
18.83225   84.06916 
9   27 
18.83223   84.06924 
9   27 
18.81157   112.4724 
9   27 
18.81159   112.4724 
9   27 
18.81157   112.4725 
9   27 
18.76871   149.6677 
9   27 
18.76872   149.6677 
9   27 
18.76871   149.6679 
9   27 
18.78117   198.909 
9   27 
18.78119   198.909 
9   27 
18.78117   198.9092 
9   27 
18.70942   265.2429 
9   27 
18.70944   265.2429 
9   27 
18.70942   265.2432 
9   27 
18.78503   355.9556 
9   27 
18.78505   355.9556 
9   27 
18.78503   355.956 
9   27 
18.70109   476.827 
9   27 
18.70111   476.827 
9   27 
18.70109   476.8275 
9   27 
18.71397   626.8076 
9   27 
18.71399   626.8076 
9   27 
18.71397   626.8082 
9   27 
18.71589   831.3485 
9   27 
18.71591   831.3485 
9   27 
18.71589   831.3493 
9   27 
18.71223   1100.162 
9   27 
18.71225   1100.162 
9   27 
18.71223   1100.163 
9   27 
18.70968   1457.555 
9   27 
18.7097   1457.555 
9   27 
18.70968   1457.557 
9   27 
18.70794   1930.222 
9   27 
18.70796   1930.222 
9   27 
18.70794   1930.224 
9   27 
18.70661   2556.7 
9   27 
18.70663   2556.7 
9   27 
18.70661   2556.702 
9   27 
18.70561   3386.4 
9   27 
18.70563   3386.4 
9   27 
18.70561   3386.403 
9   27 
18.70485   4485.589 
9   27 
18.70487   4485.589 
9   27 
18.70485   4485.593 
9   27 
18.70428   5941.642 
9   27 
18.7043   5941.642 
9   27 
18.70428   5941.648 
9   27 
18.70385   7870.529 
9   27 
18.70387   7870.529 
9   27 
18.70385   7870.537 
9   27 
18.70353   10425.71 
9   27 
18.70355   10425.71 
9   27 
18.70353   10425.72 
9   27 
18.70328   13810.62 
9   27 
18.7033   13810.62 
9   27 
18.70328   13810.64 
9   27 
18.7031   18294.28 
9   27 
18.70312   18294.28 
9   27 
18.7031   18294.29 
9   27 
18.70296   24235.46 
9   27 
18.70298   24235.46 
9   27 
18.70296   24235.48 
9   27 
18.70285   32102.49 
9   27 
18.70287   32102.49 
9   27 
18.70285   32102.52 
9   27 
18.70277   42528.51 
9   27 
18.70279   42528.51 
9   27 
18.70277   42528.55 
9   27 
18.70271   56341.57 
9   27 
18.70273   56341.57 
9   27 
18.70271   56341.62 
9   27 
18.70267   72301.34 
9   27 
18.70269   72301.34 
9   27 
18.70267   72301.41 
9   27 
18.70265   88261.11 
9   27 
18.70267   88261.11 
9   27 
18.70265   88261.19 
9   27 
18.70263   104220.9 
9   27 
18.70265   104220.9 
9   27 
18.70263   104221 
9   27 
18.70262   120180.6 
9   27 
18.70264   120180.6 
9   27 
18.70262   120180.8 
9   27 
18.70261   136140.4 
9   27 
18.70263   136140.4 
9   27 
18.70261   136140.6 
Fit Mean:  18.70261  Size:  136140.4  Code:  5 
Try Mean:  27  Size:  10000 
9   27 
27   10000 
9   27 
27   10000 
9   27 
27.00003   10000 
9   27 
27   10000.01 
9   27 
26.9848   10000 
9   27 
26.98482   10000 
9   27 
26.9848   10000.01 
9   27 
26.96959   10000 
9   27 
26.96962   10000 
9   27 
26.96959   10000.01 
9   27 
26.95439   10000 
9   27 
26.95442   10000 
9   27 
26.95439   10000.01 
9   27 
26.93918   10000 
9   27 
26.93921   10000 
9   27 
26.93918   10000.01 
9   27 
26.92398   10000 
9   27 
26.924   10000 
9   27 
26.92398   10000.01 
9   27 
26.90877   10000 
9   27 
26.9088   10000 
9   27 
26.90877   10000.01 
9   27 
26.89357   10000 
9   27 
26.89359   10000 
9   27 
26.89357   10000.01 
9   27 
26.87836   10000 
9   27 
26.87839   10000 
9   27 
26.87836   10000.01 
9   27 
26.86315   10000 
9   27 
26.86318   10000 
9   27 
26.86315   10000.01 
9   27 
26.84794   10000 
9   27 
26.84797   10000 
9   27 
26.84794   10000.01 
9   27 
26.83274   10000 
9   27 
26.83276   10000 
9   27 
26.83274   10000.01 
9   27 
26.81753   10000 
9   27 
26.81756   10000 
9   27 
26.81753   10000.01 
9   27 
26.80232   10000 
9   27 
26.80235   10000 
9   27 
26.80232   10000.01 
9   27 
26.78711   10000 
9   27 
26.78714   10000 
9   27 
26.78711   10000.01 
9   27 
26.77191   10000 
9   27 
26.77193   10000 
9   27 
26.77191   10000.01 
9   27 
26.7567   10000 
9   27 
26.75672   10000 
9   27 
26.7567   10000.01 
Fit Mean:  -17179.79  Size:  9999.976  Code:  1 
Try Mean:  27  Size:  1000 
9   27 
27   1000 
9   27 
27   1000 
9   27 
27.00003   1000 
9   27 
27   1000.001 
9   27 
26.98512   1000 
9   27 
26.98515   1000 
9   27 
26.98512   1000.001 
9   27 
26.97024   1000 
9   27 
26.97027   1000 
9   27 
26.97024   1000.001 
9   27 
26.95536   1000 
9   27 
26.95539   1000 
9   27 
26.95536   1000.001 
9   27 
26.94049   1000 
9   27 
26.94051   1000 
9   27 
26.94049   1000.001 
9   27 
26.92561   1000 
9   27 
26.92563   1000 
9   27 
26.92561   1000.001 
9   27 
26.91072   1000 
9   27 
26.91075   1000 
9   27 
26.91072   1000.001 
9   27 
26.89584   1000 
9   27 
26.89587   1000 
9   27 
26.89584   1000.001 
9   27 
26.88096   1000 
9   27 
26.88099   1000 
9   27 
26.88096   1000.001 
9   27 
26.86608   1000 
9   27 
26.86611   1000 
9   27 
26.86608   1000.001 
9   27 
26.8512   1000 
9   27 
26.85123   1000 
9   27 
26.8512   1000.001 
9   27 
26.83632   1000 
9   27 
26.83634   1000 
9   27 
26.83632   1000.001 
9   27 
26.82144   1000 
9   27 
26.82146   1000 
9   27 
26.82144   1000.001 
9   27 
26.80655   1000 
9   27 
26.80658   1000 
9   27 
26.80655   1000.001 
9   27 
26.79167   1000 
9   27 
26.7917   1000 
9   27 
26.79167   1000.001 
9   27 
26.77679   1000 
9   27 
26.77681   1000 
9   27 
26.77679   1000.001 
9   27 
26.7619   1000 
9   27 
26.76193   1000 
9   27 
26.7619   1000.001 
9   27 
26.74702   1000 
9   27 
26.74705   1000 
9   27 
26.74702   1000.001 
Fit Mean:  -9258.546  Size:  998.7253  Code:  1 
Try Mean:  27  Size:  100 
9   27 
27   100 
9   27 
27   100 
9   27 
27.00003   100 
9   27 
27   100.0001 
9   27 
26.98786   99.99984 
9   27 
26.98789   99.99984 
9   27 
26.98786   99.99994 
9   27 
26.97573   99.99969 
9   27 
26.97575   99.99969 
9   27 
26.97573   99.99979 
9   27 
26.96359   99.99953 
9   27 
26.96361   99.99953 
9   27 
26.96359   99.99963 
9   27 
26.95145   99.99938 
9   27 
26.95148   99.99938 
9   27 
26.95145   99.99948 
9   27 
26.93931   99.99922 
9   27 
26.93934   99.99922 
9   27 
26.93931   99.99932 
9   27 
26.92717   99.99907 
9   27 
26.9272   99.99907 
9   27 
26.92717   99.99917 
9   27 
26.91504   99.99892 
9   27 
26.91506   99.99892 
9   27 
26.91504   99.99902 
9   27 
26.9029   99.99876 
9   27 
26.90292   99.99876 
9   27 
26.9029   99.99886 
9   27 
26.89076   99.99861 
9   27 
26.89079   99.99861 
9   27 
26.89076   99.99871 
9   27 
26.87862   99.99846 
9   27 
26.87865   99.99846 
9   27 
26.87862   99.99856 
Fit Mean:  -27473.21  Size:  -246.0528  Code:  1 
Try Mean:  27  Size:  10 
9   27 
27   10 
9   27 
27   10 
9   27 
27.00003   10 
9   27 
27   10.00001 
9   27 
26.9975   9.998705 
9   27 
26.99752   9.998705 
9   27 
26.9975   9.998715 
9   27 
18.58282   9.12773 
9   27 
18.58284   9.12773 
9   27 
18.58282   9.127739 
9   27 
22.61439   9.571927 
9   27 
22.61441   9.571927 
9   27 
22.61439   9.571936 
9   27 
21.15503   10.44873 
9   27 
21.15505   10.44873 
9   27 
21.15503   10.44875 
9   27 
17.58262   14.5499 
9   27 
19.90378   11.88518 
9   27 
19.9038   11.88518 
9   27 
19.90378   11.88519 
9   27 
19.2077   14.00828 
9   27 
19.20772   14.00828 
9   27 
19.2077   14.00829 
9   27 
19.00901   18.39762 
9   27 
19.00903   18.39762 
9   27 
19.00901   18.39764 
9   27 
19.43533   26.23669 
9   27 
19.43535   26.23669 
9   27 
19.43533   26.23672 
9   27 
18.99688   36.26653 
9   27 
18.9969   36.26653 
9   27 
18.99688   36.26657 
9   27 
18.91339   50.15511 
9   27 
18.91341   50.15511 
9   27 
18.91339   50.15516 
9   27 
18.89022   67.18505 
9   27 
18.89024   67.18505 
9   27 
18.89022   67.18512 
9   27 
18.80417   90.44912 
9   27 
18.80419   90.44912 
9   27 
18.80417   90.44921 
9   27 
18.85142   120.7386 
9   27 
18.85143   120.7386 
9   27 
18.85142   120.7387 
9   27 
18.68389   163.5181 
9   27 
18.68391   163.5181 
9   27 
18.68389   163.5183 
9   27 
18.8045   219.7014 
9   27 
18.80452   219.7014 
9   27 
18.8045   219.7017 
9   27 
18.74646   288.5943 
9   27 
18.74648   288.5943 
9   27 
18.74646   288.5946 
9   27 
18.72598   384.4943 
9   27 
18.72599   384.4943 
9   27 
18.72598   384.4947 
9   27 
18.72273   508.2277 
9   27 
18.72275   508.2277 
9   27 
18.72273   508.2282 
9   27 
18.71823   673.5067 
9   27 
18.71825   673.5067 
9   27 
18.71823   673.5073 
9   27 
18.71434   891.7447 
9   27 
18.71435   891.7447 
9   27 
18.71434   891.7456 
9   27 
18.71145   1181.126 
9   27 
18.71146   1181.126 
9   27 
18.71145   1181.127 
9   27 
18.70926   1564.247 
9   27 
18.70928   1564.247 
9   27 
18.70926   1564.249 
9   27 
18.70761   2071.827 
9   27 
18.70763   2071.827 
9   27 
18.70761   2071.829 
9   27 
18.70637   2744.15 
9   27 
18.70638   2744.15 
9   27 
18.70637   2744.153 
9   27 
18.70542   3634.787 
9   27 
18.70544   3634.787 
9   27 
18.70542   3634.79 
9   27 
18.70471   4814.614 
9   27 
18.70473   4814.614 
9   27 
18.70471   4814.619 
9   27 
18.70418   6377.526 
9   27 
18.7042   6377.526 
9   27 
18.70418   6377.532 
9   27 
18.70377   8447.915 
9   27 
18.70379   8447.915 
9   27 
18.70377   8447.923 
9   27 
18.70347   11190.7 
9   27 
18.70349   11190.7 
9   27 
18.70347   11190.71 
9   27 
18.70324   14823.86 
9   27 
18.70325   14823.86 
9   27 
18.70324   14823.88 
9   27 
18.70306   19637.22 
9   27 
18.70308   19637.22 
9   27 
18.70306   19637.24 
9   27 
18.70293   26013.88 
9   27 
18.70295   26013.88 
9   27 
18.70293   26013.91 
9   27 
18.70283   34457.11 
9   27 
18.70285   34457.11 
9   27 
18.70283   34457.14 
9   27 
18.70276   45654.78 
9   27 
18.70277   45654.78 
9   27 
18.70276   45654.82 
9   27 
18.7027   60480.2 
9   27 
18.70272   60480.2 
9   27 
18.7027   60480.27 
9   27 
18.70266   80120.51 
9   27 
18.70268   80120.51 
9   27 
18.70266   80120.59 
9   27 
18.70263   106002.7 
9   27 
18.70264   106002.7 
9   27 
18.70263   106002.8 
9   27 
18.7026   134795 
9   27 
18.70262   134795 
9   27 
18.7026   134795.1 
9   27 
18.70259   163587.4 
9   27 
18.70261   163587.4 
9   27 
18.70259   163587.5 
9   27 
18.70258   192379.7 
9   27 
18.7026   192379.7 
9   27 
18.70258   192379.9 
9   27 
18.70258   221172.1 
9   27 
18.70259   221172.1 
9   27 
18.70258   221172.3 
9   27 
18.70257   249964.5 
9   27 
18.70259   249964.5 
9   27 
18.70257   249964.7 
Fit Mean:  18.70257  Size:  249964.5  Code:  1 
> 
> cat("Final Fit Mean: ", nb_fit_mu, " Size: ", nb_fit_size, " Code: ", nb_fit$code, " Try Size: ", try_size, "\n")
Final Fit Mean:  18.70257  Size:  249964.5  Code:  1  Try Size:  10 
> 
> ## Fit failed = reset parameters so graphing and output code can recognize this
> if ((nb_fit_mu < 0) || (nb_fit_size < 0) || (nb_fit$code != 1))
+ {
+   nb_fit_mu = 0
+   nb_fit_size = 0
+ }
> 
> 
> ## things can go wrong with fitting and we can still end up with invalid values
> 
> fit_nb = c()
> included_fract = 0
> if (nb_fit_mu > 0)
+ {
+   end_fract = pnbinom(end_i_for_fits, mu = nb_fit_mu, size=nb_fit_size)
+   start_fract = pnbinom(start_i_for_fits, mu = nb_fit_mu, size=nb_fit_size)
+   included_fract = end_fract-start_fract;
+ 
+   if (included_fract >= 0.01) {
+ 
+     ## Adjust so that we are back in full coords before making fit!!
+     if (num_per_bin > 1) 
+     {
+       nb_fit_mu = nb_fit_mu * num_per_bin
+     }
+     fit_nb = dnbinom(0:max(X$coverage), mu = nb_fit_mu, size=nb_fit_size)*inner_total/included_fract;
+   }
+ }
> 
> ## If an insufficient amount of fit was included, then invalidate it
> if (included_fract < 0.01)
+ {
+   nb_fit_mu = 0
+   nb_fit_size = 0
+ }
> 
> f_p <- function(par) {
+ 
+   lambda = par[1];
+ 
+   if (lambda <= 0)
+   {
+     return(0);
+   }
+   
+ 	total <- 0;
+ 	for (i in start_i_for_fits:end_i_for_fits)
+ 	{	
+     #cat(i, " ", lambda, "\n");
+ 		dist[i] <- dpois(i, lambda=lambda);
+ 		total <- total + dist[i] 
+ 	}
+ 	#print (total)
+ 
+  	l <- 0;
+ 	for (i in start_i_for_fits:end_i_for_fits)
+ 	{
+ 		l <- l + ((X.for.fits[i]/inner_total)-(dist[i]/total))^2;
+ 	}
+ 	return(l);
+ }
> 
> 
> ## Fit Poisson 
> ## - allow fit to fail and set all params to zero/empty if that is the case
> 
> p_fit = NULL
> try(suppressWarnings(p_fit<-nlm(f_p, c(m), print.level=this.print.level)))
> 
> fit_p = c()
> if (!is.null(p_fit) && (p_fit$estimate[1] > 0))
+ {
+   #print (nb_fit$estimate[1])
+   p_fit_lambda = p_fit$estimate[1];
+   #print(0:max(X$coverage))
+ 
+   end_fract = ppois(end_i_for_fits, lambda = p_fit_lambda)
+   start_fract = ppois(start_i_for_fits, lambda = p_fit_lambda)
+   included_fract = end_fract-start_fract;
+ 
+   ## Adjust so that we are back in full coords before making fit!!
+   if (num_per_bin > 1) 
+   {
+     p_fit_lambda = p_fit_lambda * num_per_bin
+   }
+   fit_p<-dpois(0:max(X$coverage), lambda = p_fit_lambda)*inner_total/included_fract;
+ }
> 
> 
> ## Graphing
> ##
> ## don't graph very high values with very little coverage
> i<-max_i
> while (i <= length(X$n) && X$n[i]>0.01*max_n)
+ {		
+ 	i <- i+1;
+ }
> graph_end_i <-i
> 
> ## Ths leaves enough room to the right of the peak for the legend
> graph_end_i = max(floor(2.2 * max_i), graph_end_i);
> 
> ## graphics settings
> my_pch = 21
> my_col = "black";
> my_col_censored = "red";
> 
> if (pdf_output == 0) {
+   
+   ## bitmap() requires ghostscript to be installed.
+   ## taa=4, gaa=2 options NOT compatible with earlier R versions!
+   ## units = "px" NOT compatible with even earlier R versions!
+   
+   if(!capabilities(what = "png"))
+   {
+     ## fallback to ghostscript
+     bitmap(plot_file, height=6, width=7, type = "png16m", res = 72, pointsize=18)
+   } else {
+     ## use X11 function, which gives better resolution
+     png(plot_file, height=6, width=7, units ="in", res = 72, pointsize=18)
+     par(family="sans")
+   }
+ } else {
+   pdf(plot_file, height=6, width=7)
+   par(family="sans")
+ }
> 
> par(mar=c(5.5,7.5,3,1.5));
> 
> max_y = 0
> if (plot_poisson) {
+ 	max_y = max(X$n, fit_p, fit_nb)
+ } else {
+ 	max_y = max(X$n, fit_nb)
+ }
> 
> plot(0:10, 0:10, type="n", lty="solid", ylim=c(0, max_y)*1.05, xlim=c(0, graph_end_i), lwd=1, xaxs="i", yaxs="i", axes=F, las=1, main="Coverage Distribution at Unique-Only Positions", xlab="Coverage depth (reads)", ylab="", cex.lab=1.2, cex.axis=1.2)
> 
> mtext(side = 2, text = "Number of reference positions", line = 5.5, cex=1.2)
> 
> sciNotation <- function(x, digits = 1) {
+     if (length(x) > 1) {
+         return(append(sciNotation(x[1]), sciNotation(x[-1])))     
+ 	} 
+     if (!x) return(0) 
+ 
+ 	exponent <- floor(log10(x)) 
+     base <- round(x / 10^exponent, digits)     
+ 	as.expression(substitute(base %*% 10^exponent, list(base = base, exponent = exponent))) 
+ }
> 
> #axis(2, cex.lab=1.2, las=1, cex.axis=1.2, labels=T, at=(0:6)*50000)
> axis(2, cex.lab=1.2, las=1, cex.axis=1.2, at = axTicks(2), labels = sciNotation(axTicks(2), 1))
> axis(1, cex.lab=1.2, cex.axis=1.2, labels=T)
> box()
> 
> #graph the coverage as points
> fit_data <- subset(X, (coverage>=start_i) & (coverage<=end_i) );
> points(fit_data$coverage, fit_data$n, pch=my_pch, col=my_col, bg="white", cex=1.2)
> 
> #graph the censored coverage as red points
> cat(start_i, " ", end_i, "\n", sep="")
9 27
> 
> censored_data <- subset(X, (coverage<start_i) | (coverage>end_i) );
> points(censored_data$coverage, censored_data$n, pch=my_pch, col=my_col_censored, bg="white", cex=1.2)
> 
> #graph the poisson fit IF REQUESTED
> if (plot_poisson) {
+ 	lines(0:max(X$coverage), fit_p, lwd=3, lty="22", col="black");
+ }
> 
> #graph the negative binomial fit
> if (nb_fit_mu > 0) {
+   lines(0:max(X$coverage), fit_nb, lwd=3, col="black");
+ }
> 
> if (plot_poisson) {
+ 	legend("topright", c("Coverage distribution", "Censored data", "Negative binomial", "Poisson"), lty=c("blank","blank","solid","22"), lwd=c(1,1,2,2), pch=c(my_pch, my_pch, -1, -1), col=c("black", "red", "black", "black"), bty="n")
+ } else {
+ 	legend("topright", c("Coverage distribution", "Censored data", "Negative binomial"), lty=c("blank","blank","solid"), lwd=c(1,1,2), pch=c(my_pch, my_pch, -1), col=c("black", "red", "black"), bty="n")
+ }
> 
> dev.off()
null device 
          1 
> 
> ## Fit the marginal value that we use for propagating deletions
> 
> if (nb_fit_mu > 0) {
+   cat(nb_fit_size, " ", nb_fit_mu, "\n")
+   deletion_propagation_coverage = suppressWarnings(qnbinom(deletion_propagation_pr_cutoff, size = nb_fit_size, mu = nb_fit_mu))
+ } else {
+   cat("Fallback to calculating off an estimate of just variance = mu + mu^2/size\n")
+   size_estimate = (1/(v-m))*(m*m)
+   cat("Mu estimate=", m," Size estimate =", size_estimate, "\n")
+   deletion_propagation_coverage = suppressWarnings(qnbinom(deletion_propagation_pr_cutoff, size = size_estimate, mu = m))
+   if (is.na(deletion_propagation_coverage) || is.nan(deletion_propagation_coverage) || (deletion_propagation_coverage < 1)) {
+     cat("Double fallback to calculating as just 10% of the mean\n")
+     deletion_propagation_coverage = m * 0.1
+   }
+ }
249964.5   18.70257 
> 
> #Don't allow one read to indicate non-deleted regions
> if (deletion_propagation_coverage < 1) {
+     deletion_propagation_coverage = 1
+ }
> 
> #This works fine with the negative values
> #If we have both low fit coverage and low straight average coverage then we're deleted...
> if ( (nb_fit_mu <= 3) && (m <= 3) ) {
+   deletion_propagation_coverage = -1
+ }
> 
> #print out statistics
> 
> print(nb_fit_size);
[1] 249964.5
> print(nb_fit_mu);
[1] 18.70257
> 
> print(m)
[1] 15.95977
> print(v)
[1] 39.1223
> print(D)
[1] 2.451307
> 
> print(deletion_propagation_coverage)
[1] 8
> 
> warnings()
> 
