
R version 4.3.1 (2023-06-16) -- "Beagle Scouts"
Copyright (C) 2023 The R Foundation for Statistical Computing
Platform: x86_64-pc-linux-gnu (64-bit)

R is free software and comes with ABSOLUTELY NO WARRANTY.
You are welcome to redistribute it under certain conditions.
Type 'license()' or 'licence()' for distribution details.

  Natural language support but running in an English locale

R is a collaborative project with many contributors.
Type 'contributors()' for more information and
'citation()' on how to cite R or R packages in publications.

Type 'demo()' for some demos, 'help()' for on-line help, or
'help.start()' for an HTML browser interface to help.
Type 'q()' to quit R.

> ##
> ##
> ## AUTHORS
> ##
> ## Jeffrey E. Barrick <jeffrey.e.barrick@gmail.com>
> ##
> ## LICENSE AND COPYRIGHT
> ##
> ## Copyright (c) 2008-2010 Michigan State University
> ## Copyright (c) 2011-2022 The University of Texas at Austin
> ##
> ## breseq is free software; you can redistribute it and/or modify it under the
> ## terms the GNU General Public License as published by the Free Software
> ## Foundation; either version 1, or (at your option) any later version.
> ##
> ##
> 
> ## Arguments:
> ##   distribution_file=/path/to/input 
> ##   plot_file=/path/to/output 
> ##   deletion_propagation_pr_cutoff=float
> ##   plot_poisson=0 or 1
> ##   pdf_output=0 or 1
> 
> ## Returns these values printed out to output log
> ## 
> ##  1. print(nb_fit_size); # 0 if fit failed
> ##  2. print(nb_fit_mu);   # 0 if fit failed
> ##  3. print(m)q
> ##  4. print(v)
> ##  5. print(D)
> ##  6. print(deletion_propagation_coverage)
> ##     -1 if it was <1 after fitting (implying reference sequence is deleted)
> ##
> 
> plot_poisson = 0;
> pdf_output = 1;
> 
> this.print.level = 0
> #this.print.level = 2
> 
> for (e in commandArgs(TRUE)) {
+   ta = strsplit(e,"=",fixed=TRUE)[[1]]
+   if(length(ta)>1) {
+     temp = ta[2]
+     assign(ta[1],temp)
+     cat("assigned ",ta[1]," the value of |",temp,"|\n")
+   } else {
+     assign(ta[[1]][1],TRUE)
+     cat("assigned ",ta[1]," the value of TRUE\n")
+   }
+ }
assigned  distribution_file  the value of | 4a+_BHI_c50_out/07_error_calibration/74.unique_only_coverage_distribution.tab |
assigned  plot_file  the value of | 4a+_BHI_c50_out/output/calibration/74.unique_coverage.pdf |
assigned  deletion_propagation_pr_cutoff  the value of | 0.00301511 |
> 
> deletion_propagation_pr_cutoff = as.numeric(deletion_propagation_pr_cutoff);
> 
> ## initialize values to be filled in
> nb_fit_mu = 0
> nb_fit_size = 0
> m = 0
> v = 0
> D = 0
> deletion_propagation_coverage = -1
> 
> min_fraction_included_in_nb_fit = 0.01
> 
> #load data
> X<-read.table(distribution_file, header=T)
> 
> #table might be empty
> if (nrow(X) == 0)
+ {
+   #print out statistics
+   
+   print(nb_fit_size);
+   print(nb_fit_mu);
+   
+   print(m)
+   print(v)
+   print(D)
+   
+   print(deletion_propagation_coverage)
+   
+   q()
+ }
> 
> #create the distribution vector and fit
> Y<-rep(X$coverage, X$n)
> m<-mean(Y)
> v<-var(Y)
> D<-v/m
> 
> ###
> ## Smooth the distribution with a moving average window of size 5
> ## so that we can more reliably find it's maximum value
> ###
> 
> ma5 = c(1, 1, 1, 1, 1)/5;
> 
> ## filtering fails if there are too few points
> if (nrow(X) >= 5) {
+   X$ma = filter(X$n, ma5)
+ } else {
+ 	X$ma = X$n
+ }
> 
> i<-0
> max_n <- 0;
> min_i <- max( trunc(m/4), 1 ); #prevents zero for pathological distributions
> max_i <- i;
> for (i in min_i:length(X$ma))
+ {		
+   #cat(i, "\n")
+ 	if (!is.na(X$ma[i]) && (X$ma[i] > max_n))
+ 	{
+ 		max_n = X$ma[i];
+ 		max_i = i;
+ 	}
+ }
> 
> ##
> # Censor data on the right and left of the maximum
> ##
> 
> start_i = max(floor(max_i*0.5), 1);
> end_i = min(ceiling(max_i*1.5), length(X$ma));
> 
> if (start_i == end_i)
+ {
+   print(nb_fit_size);
+   print(nb_fit_mu);
+   
+   print(m)
+   print(v)
+   print(D)
+   
+   print(deletion_propagation_coverage)
+   
+   q()
+ }
> 
> cat("Fitting from coverage of ", start_i, " to ", end_i, ".\n", sep="")
Fitting from coverage of 18 to 38.
> 
> ##
> # Coarse grain so that we are only fitting a number of bins that is 1000-2000
> #
> # The later adjustment for doing the fits this way is to multiply the means
> # of the negative binomial and poisson distributions by the binning number.
> # (The size parameter of the negative binomial doesn't need to be adjusted.)
> ##
> 
> 
> num_per_bin = trunc((end_i - start_i) / 1000)
> 
> if (num_per_bin > 1) 
+ {
+   cat("Coarse-graining for fits\n")
+   start_i_for_fits = trunc(start_i/num_per_bin)
+   end_i_for_fits = ceiling(end_i/num_per_bin)
+   num_bins = end_i - start_i  + 1
+   cat("Fitting from coverage in adjusted bins ", start_i_for_fits, " to ", end_i_for_fits, ".\n", sep="")
+   cat("Number of bins ", num_bins, ". Each bin has ", num_per_bin, " coverage values.\n", sep="")
+ 
+   # Create a new vector where we've added together values in bins
+   X.for.fits = vector("double", end_i_for_fits)
+   for (i in start_i_for_fits:end_i_for_fits)
+   {
+     for (j in 1:num_per_bin)
+     {
+       if (i*num_per_bin+j <= length(X$n))
+       {
+         X.for.fits[i] = X.for.fits[i] + X$n[i*num_per_bin+j]
+       }
+     }
+   }
+ 
+ } else {
+   ## AVOID num_per_bin equalling zero!!
+   X.for.fits = X$n[1:end_i]
+   num_per_bin = 1
+   start_i_for_fits = start_i
+   end_i_for_fits = end_i
+ }
> 
> 
> ##
> # Now perform negative binomial fitting to the censored data
> ##
> 
> inner_total<-0;
> for (i in start_i_for_fits:end_i_for_fits)
+ {
+ 	inner_total = inner_total + X.for.fits[i]; 
+ }
> # Yes: it's correct to use X here because we want the overall total total
> total_total<-sum(X$n);
> 
> ## let's preconstruct these for speed
> dist = vector("double", end_i_for_fits)
> 
> f_nb <- function(par) {
+ 
+ 	mu = par[1];
+ 	size = par[2];
+ 
+   if ((mu <= 0) || (size <= 0))
+   {
+     return(0);
+   }
+   
+   cat(start_i_for_fits, " ", end_i_for_fits, "\n");
+   cat(mu, " ", size, "\n");
+   
+ 	dist<-c()
+ 	total <- 0;
+ 	for (i in start_i_for_fits:end_i_for_fits)
+ 	{	
+ 		dist[i] <- dnbinom(i, size=size, mu=mu);
+ 		total <- total + dist[i] 
+ 	}
+ 	#print (mu, size)
+ 
+  	l <- 0;
+ 	for (i in start_i_for_fits:end_i_for_fits)
+ 	{
+ 		l <- l + ((X.for.fits[i]/inner_total)-(dist[i]/total))^2;
+ 	}
+ 	return(l);
+ }
> 
> 
> 
> ## Fit negative binomial 
> ## - allow fit to fail and set all params to zero/empty if that is the case
> nb_fit = NULL
> ## as.numeric prevents overflow in sums involving integers
> mean_estimate = sum((as.numeric(1:end_i_for_fits)*as.numeric(X.for.fits)))/sum(as.numeric(X.for.fits))
> 
> nb_fit_mu = -1
> nb_fit_size = -1
> try_size = 100000
> try_means_index = 1
> #This is a list of different means to test <-  sometimes the actual mean doesn't lead to a fit
> try_means = c(mean_estimate, 
+               end_i_for_fits, 
+               start_i_for_fits, 
+               1*(end_i_for_fits + start_i_for_fits)/4,
+               2*(end_i_for_fits + start_i_for_fits)/4,
+               3*(end_i_for_fits + start_i_for_fits)/4
+               )
>               
>               
> nb_fit = c()
> 
> while ( ((nb_fit_mu < 0) || (nb_fit_size < 0) || (nb_fit$code != 1)) && (try_size > 0.001) && (try_means_index <= length(try_means)))
+ {
+   try_size = try_size / 10
+   try_mean = try_means[try_means_index]
+ 
+   ## SIZE ESTIMATE from the censored data can be negative, so try various values instead
+   cat("Try Mean: ", try_mean, " Size: ", try_size, "\n")
+ 
+   try( suppressWarnings(nb_fit<-nlm(f_nb, c(try_mean, try_size), iterlim=1000, print.level=this.print.level)) )
+ 
+   nb_fit_mu = nb_fit$estimate[1];
+   nb_fit_size = nb_fit$estimate[2];
+ 
+   cat("Fit Mean: ", nb_fit_mu, " Size: ", nb_fit_size, " Code: ", nb_fit$code, "\n")
+   
+   if (try_size <= 0.001) {
+     try_size = 100000
+     try_means_index = try_means_index + 1
+   }
+ }
Try Mean:  24.99512  Size:  10000 
18   38 
24.99512   10000 
18   38 
24.99512   10000 
18   38 
24.99515   10000 
18   38 
24.99512   10000.01 
18   38 
25.00004   10000 
18   38 
25.00007   10000 
18   38 
25.00004   10000.01 
18   38 
25.00496   10000 
18   38 
25.00499   10000 
18   38 
25.00496   10000.01 
18   38 
25.00988   10000 
18   38 
25.00991   10000 
18   38 
25.00988   10000.01 
18   38 
25.0148   10000 
18   38 
25.01483   10000 
18   38 
25.0148   10000.01 
18   38 
25.01972   10000 
18   38 
25.01975   10000 
18   38 
25.01972   10000.01 
18   38 
25.02464   10000 
18   38 
25.02467   10000 
18   38 
25.02464   10000.01 
18   38 
25.02956   10000 
18   38 
25.02959   10000 
18   38 
25.02956   10000.01 
18   38 
25.03448   10000 
18   38 
25.03451   10000 
18   38 
25.03448   10000.01 
18   38 
25.0394   10000 
18   38 
25.03943   10000 
18   38 
25.0394   10000.01 
18   38 
25.04432   10000 
18   38 
25.04435   10000 
18   38 
25.04432   10000.01 
18   38 
25.04924   10000 
18   38 
25.04927   10000 
18   38 
25.04924   10000.01 
18   38 
25.05416   10000 
18   38 
25.05419   10000 
18   38 
25.05416   10000.01 
18   38 
25.05908   10000 
18   38 
25.05911   10000 
18   38 
25.05908   10000.01 
18   38 
25.064   10000 
18   38 
25.06403   10000 
18   38 
25.064   10000.01 
18   38 
25.06892   10000 
18   38 
25.06895   10000 
18   38 
25.06892   10000.01 
18   38 
25.07385   10000 
18   38 
25.07387   10000 
18   38 
25.07385   10000.01 
18   38 
25.07877   10000 
18   38 
25.07879   10000 
18   38 
25.07877   10000.01 
18   38 
25.08369   10000 
18   38 
25.08371   10000 
18   38 
25.08369   10000.01 
18   38 
25.08861   10000 
18   38 
25.08864   10000 
18   38 
25.08861   10000.01 
18   38 
25.09353   10000 
18   38 
25.09356   10000 
18   38 
25.09353   10000.01 
18   38 
25.09845   10000 
18   38 
25.09848   10000 
18   38 
25.09845   10000.01 
18   38 
25.10338   10000 
18   38 
25.1034   10000 
18   38 
25.10338   10000.01 
18   38 
25.1083   10000 
18   38 
25.10833   10000 
18   38 
25.1083   10000.01 
18   38 
25.11322   10000 
18   38 
25.11325   10000 
18   38 
25.11322   10000.01 
18   38 
25.11815   10000 
18   38 
25.11817   10000 
18   38 
25.11815   10000.01 
18   38 
25.12307   10000 
18   38 
25.12309   10000 
18   38 
25.12307   10000.01 
18   38 
25.12799   10000 
18   38 
25.12802   10000 
18   38 
25.12799   10000.01 
18   38 
25.13292   10000 
18   38 
25.13294   10000 
18   38 
25.13292   10000.01 
18   38 
25.13784   10000 
18   38 
25.13787   10000 
18   38 
25.13784   10000.01 
18   38 
25.14277   10000 
18   38 
25.14279   10000 
18   38 
25.14277   10000.01 
18   38 
25.14769   10000 
18   38 
25.14772   10000 
18   38 
25.14769   10000.01 
18   38 
25.15262   10000 
18   38 
25.15264   10000 
18   38 
25.15262   10000.01 
18   38 
25.15754   10000 
18   38 
25.15757   10000 
18   38 
25.15754   10000.01 
18   38 
25.16247   10000 
18   38 
25.16249   10000 
18   38 
25.16247   10000.01 
18   38 
25.1674   10000 
18   38 
25.16742   10000 
18   38 
25.1674   10000.01 
18   38 
25.17232   10000 
18   38 
25.17235   10000 
18   38 
25.17232   10000.01 
18   38 
25.17725   10000 
18   38 
25.17727   10000 
18   38 
25.17725   10000.01 
18   38 
25.18218   10000 
18   38 
25.1822   10000 
18   38 
25.18218   10000.01 
18   38 
25.18711   10000 
18   38 
25.18713   10000 
18   38 
25.18711   10000.01 
18   38 
25.19203   10000 
18   38 
25.19206   10000 
18   38 
25.19203   10000.01 
18   38 
25.19696   10000 
18   38 
25.19699   10000 
18   38 
25.19696   10000.01 
18   38 
25.20189   10000 
18   38 
25.20192   10000 
18   38 
25.20189   10000.01 
18   38 
25.20682   10000 
18   38 
25.20685   10000 
18   38 
25.20682   10000.01 
18   38 
25.21175   10000 
18   38 
25.21178   10000 
18   38 
25.21175   10000.01 
18   38 
25.21668   10000 
18   38 
25.21671   10000 
18   38 
25.21668   10000.01 
18   38 
25.22161   10000 
18   38 
25.22164   10000 
18   38 
25.22161   10000.01 
18   38 
25.22654   10000 
18   38 
25.22657   10000 
18   38 
25.22654   10000.01 
18   38 
25.23148   10000 
18   38 
25.2315   10000 
18   38 
25.23148   10000.01 
18   38 
25.23641   10000 
18   38 
25.23643   10000 
18   38 
25.23641   10000.01 
18   38 
25.24134   10000 
18   38 
25.24137   10000 
18   38 
25.24134   10000.01 
18   38 
25.24628   10000 
18   38 
25.2463   10000 
18   38 
25.24628   10000.01 
18   38 
25.25121   10000 
18   38 
25.25124   10000 
18   38 
25.25121   10000.01 
18   38 
25.25614   10000 
18   38 
25.25617   10000 
18   38 
25.25614   10000.01 
18   38 
25.26108   10000 
18   38 
25.26111   10000 
18   38 
25.26108   10000.01 
18   38 
25.26602   10000 
18   38 
25.26604   10000 
18   38 
25.26602   10000.01 
18   38 
25.27095   10000 
18   38 
25.27098   10000 
18   38 
25.27095   10000.01 
18   38 
25.27589   10000 
18   38 
25.27591   10000 
18   38 
25.27589   10000.01 
18   38 
25.28083   10000 
18   38 
25.28085   10000 
18   38 
25.28083   10000.01 
18   38 
25.28576   10000 
18   38 
25.28579   10000 
18   38 
25.28576   10000.01 
18   38 
25.2907   10000 
18   38 
25.29073   10000 
18   38 
25.2907   10000.01 
18   38 
25.29564   10000 
18   38 
25.29567   10000 
18   38 
25.29564   10000.01 
18   38 
25.30058   10000 
18   38 
25.30061   10000 
18   38 
25.30058   10000.01 
18   38 
25.30552   10000 
18   38 
25.30555   10000 
18   38 
25.30552   10000.01 
18   38 
25.31046   10000 
18   38 
25.31049   10000 
18   38 
25.31046   10000.01 
18   38 
25.31541   10000 
18   38 
25.31543   10000 
18   38 
25.31541   10000.01 
18   38 
25.32035   10000 
18   38 
25.32037   10000 
18   38 
25.32035   10000.01 
18   38 
25.32529   10000 
18   38 
25.32532   10000 
18   38 
25.32529   10000.01 
18   38 
25.33023   10000 
18   38 
25.33026   10000 
18   38 
25.33023   10000.01 
18   38 
25.33518   10000 
18   38 
25.3352   10000 
18   38 
25.33518   10000.01 
18   38 
25.34012   10000 
18   38 
25.34015   10000 
18   38 
25.34012   10000.01 
18   38 
25.34507   10000 
18   38 
25.3451   10000 
18   38 
25.34507   10000.01 
18   38 
25.35002   10000 
18   38 
25.35004   10000 
18   38 
25.35002   10000.01 
18   38 
25.35496   10000 
18   38 
25.35499   10000 
18   38 
25.35496   10000.01 
18   38 
25.35991   10000 
18   38 
25.35994   10000 
18   38 
25.35991   10000.01 
18   38 
25.36486   10000 
18   38 
25.36489   10000 
18   38 
25.36486   10000.01 
18   38 
25.36981   10000 
18   38 
25.36984   10000 
18   38 
25.36981   10000.01 
18   38 
25.37476   10000 
18   38 
25.37479   10000 
18   38 
25.37476   10000.01 
18   38 
25.37971   10000 
18   38 
25.37974   10000 
18   38 
25.37971   10000.01 
18   38 
25.38466   10000 
18   38 
25.38469   10000 
18   38 
25.38466   10000.01 
18   38 
25.38962   10000 
18   38 
25.38964   10000 
18   38 
25.38962   10000.01 
18   38 
25.39457   10000 
18   38 
25.3946   10000 
18   38 
25.39457   10000.01 
18   38 
25.39952   10000 
18   38 
25.39955   10000 
18   38 
25.39952   10000.01 
18   38 
25.40448   10000 
18   38 
25.4045   10000 
18   38 
25.40448   10000.01 
18   38 
25.40943   10000 
18   38 
25.40946   10000 
18   38 
25.40943   10000.01 
18   38 
25.41439   10000 
18   38 
25.41442   10000 
18   38 
25.41439   10000.01 
18   38 
25.41935   10000 
18   38 
25.41937   10000 
18   38 
25.41935   10000.01 
18   38 
25.42431   10000 
18   38 
25.42433   10000 
18   38 
25.42431   10000.01 
18   38 
25.42927   10000 
18   38 
25.42929   10000 
18   38 
25.42927   10000.01 
18   38 
25.43423   10000 
18   38 
25.43425   10000 
18   38 
25.43423   10000.01 
18   38 
25.43919   10000 
18   38 
25.43921   10000 
18   38 
25.43919   10000.01 
18   38 
25.44415   10000 
18   38 
25.44418   10000 
18   38 
25.44415   10000.01 
18   38 
25.44911   10000 
18   38 
25.44914   10000 
18   38 
25.44911   10000.01 
18   38 
25.45408   10000 
18   38 
25.4541   10000 
18   38 
25.45408   10000.01 
18   38 
25.45904   10000 
18   38 
25.45907   10000 
18   38 
25.45904   10000.01 
18   38 
25.46401   10000 
18   38 
25.46403   10000 
18   38 
25.46401   10000.01 
18   38 
25.46897   10000 
18   38 
25.469   10000 
18   38 
25.46897   10000.01 
18   38 
25.47394   10000 
18   38 
25.47397   10000 
18   38 
25.47394   10000.01 
18   38 
25.47891   10000 
18   38 
25.47893   10000 
18   38 
25.47891   10000.01 
18   38 
25.48388   10000 
18   38 
25.4839   10000 
18   38 
25.48388   10000.01 
18   38 
25.48885   10000 
18   38 
25.48887   10000 
18   38 
25.48885   10000.01 
18   38 
25.49382   10000 
18   38 
25.49384   10000 
18   38 
25.49382   10000.01 
18   38 
25.49879   10000 
18   38 
25.49882   10000 
18   38 
25.49879   10000.01 
18   38 
25.50376   10000 
18   38 
25.50379   10000 
18   38 
25.50376   10000.01 
18   38 
25.50874   10000 
18   38 
25.50876   10000 
18   38 
25.50874   10000.01 
18   38 
25.51371   10000 
18   38 
25.51374   10000 
18   38 
25.51371   10000.01 
18   38 
25.51869   10000 
18   38 
25.51872   10000 
18   38 
25.51869   10000.01 
18   38 
25.52367   10000 
18   38 
25.52369   10000 
18   38 
25.52367   10000.01 
18   38 
25.52865   10000 
18   38 
25.52867   10000 
18   38 
25.52865   10000.01 
18   38 
25.53362   10000 
18   38 
25.53365   10000 
18   38 
25.53362   10000.01 
18   38 
25.53861   10000 
18   38 
25.53863   10000 
18   38 
25.53861   10000.01 
18   38 
25.54359   10000 
18   38 
25.54361   10000 
18   38 
25.54359   10000.01 
18   38 
25.54857   10000 
18   38 
25.54859   10000 
18   38 
25.54857   10000.01 
18   38 
25.55355   10000 
18   38 
25.55358   10000 
18   38 
25.55355   10000.01 
18   38 
25.55854   10000 
18   38 
25.55856   10000 
18   38 
25.55854   10000.01 
18   38 
25.56352   10000 
18   38 
25.56355   10000 
18   38 
25.56352   10000.01 
18   38 
25.56851   10000 
18   38 
25.56854   10000 
18   38 
25.56851   10000.01 
18   38 
25.5735   10000 
18   38 
25.57352   10000 
18   38 
25.5735   10000.01 
18   38 
25.57849   10000 
18   38 
25.57851   10000 
18   38 
25.57849   10000.01 
18   38 
25.58348   10000 
18   38 
25.5835   10000 
18   38 
25.58348   10000.01 
18   38 
25.58847   10000 
18   38 
25.58849   10000 
18   38 
25.58847   10000.01 
18   38 
25.59346   10000 
18   38 
25.59349   10000 
18   38 
25.59346   10000.01 
18   38 
25.59846   10000 
18   38 
25.59848   10000 
18   38 
25.59846   10000.01 
18   38 
25.60345   10000 
18   38 
25.60348   10000 
18   38 
25.60345   10000.01 
18   38 
25.60845   10000 
18   38 
25.60847   10000 
18   38 
25.60845   10000.01 
18   38 
25.61344   10000 
18   38 
25.61347   10000 
18   38 
25.61344   10000.01 
18   38 
25.61844   10000 
18   38 
25.61847   10000 
18   38 
25.61844   10000.01 
18   38 
25.62344   10000 
18   38 
25.62347   10000 
18   38 
25.62344   10000.01 
18   38 
25.62844   10000 
18   38 
25.62847   10000 
18   38 
25.62844   10000.01 
18   38 
25.63344   10000 
18   38 
25.63347   10000 
18   38 
25.63344   10000.01 
18   38 
25.63845   10000 
18   38 
25.63847   10000 
18   38 
25.63845   10000.01 
18   38 
25.64345   10000 
18   38 
25.64348   10000 
18   38 
25.64345   10000.01 
18   38 
25.64846   10000 
18   38 
25.64848   10000 
18   38 
25.64846   10000.01 
18   38 
25.65347   10000 
18   38 
25.65349   10000 
18   38 
25.65347   10000.01 
18   38 
25.65847   10000 
18   38 
25.6585   10000 
18   38 
25.65847   10000.01 
18   38 
25.66348   10000 
18   38 
25.66351   10000 
18   38 
25.66348   10000.01 
18   38 
25.66849   10000 
18   38 
25.66852   10000 
18   38 
25.66849   10000.01 
18   38 
25.67351   10000 
18   38 
25.67353   10000 
18   38 
25.67351   10000.01 
18   38 
25.67852   10000 
18   38 
25.67855   10000 
18   38 
25.67852   10000.01 
18   38 
25.68353   10000 
18   38 
25.68356   10000 
18   38 
25.68353   10000.01 
18   38 
25.68855   10000 
18   38 
25.68858   10000 
18   38 
25.68855   10000.01 
18   38 
25.69357   10000 
18   38 
25.69359   10000 
18   38 
25.69357   10000.01 
18   38 
25.69859   10000 
18   38 
25.69861   10000 
18   38 
25.69859   10000.01 
18   38 
25.70361   10000 
18   38 
25.70363   10000 
18   38 
25.70361   10000.01 
18   38 
25.70863   10000 
18   38 
25.70865   10000 
18   38 
25.70863   10000.01 
18   38 
25.71365   10000 
18   38 
25.71368   10000 
18   38 
25.71365   10000.01 
18   38 
25.71868   10000 
18   38 
25.7187   10000 
18   38 
25.71868   10000.01 
18   38 
25.7237   10000 
18   38 
25.72373   10000 
18   38 
25.7237   10000.01 
18   38 
25.72873   10000 
18   38 
25.72875   10000 
18   38 
25.72873   10000.01 
18   38 
25.73376   10000 
18   38 
25.73378   10000 
18   38 
25.73376   10000.01 
18   38 
25.73879   10000 
18   38 
25.73881   10000 
18   38 
25.73879   10000.01 
18   38 
25.74382   10000 
18   38 
25.74384   10000 
18   38 
25.74382   10000.01 
18   38 
25.74885   10000 
18   38 
25.74887   10000 
18   38 
25.74885   10000.01 
18   38 
25.75388   10000 
18   38 
25.75391   10000 
18   38 
25.75388   10000.01 
18   38 
25.75892   10000 
18   38 
25.75894   10000 
18   38 
25.75892   10000.01 
18   38 
25.76396   10000 
18   38 
25.76398   10000 
18   38 
25.76396   10000.01 
18   38 
25.76899   10000 
18   38 
25.76902   10000 
18   38 
25.76899   10000.01 
18   38 
25.77403   10000 
18   38 
25.77406   10000 
18   38 
25.77403   10000.01 
18   38 
25.77907   10000 
18   38 
25.7791   10000 
18   38 
25.77907   10000.01 
18   38 
25.78412   10000 
18   38 
25.78414   10000 
18   38 
25.78412   10000.01 
18   38 
25.78916   10000 
18   38 
25.78919   10000 
18   38 
25.78916   10000.01 
18   38 
25.79421   10000 
18   38 
25.79423   10000 
18   38 
25.79421   10000.01 
18   38 
25.79925   10000 
18   38 
25.79928   10000 
18   38 
25.79925   10000.01 
18   38 
25.8043   10000 
18   38 
25.80433   10000 
18   38 
25.8043   10000.01 
18   38 
25.80935   10000 
18   38 
25.80938   10000 
18   38 
25.80935   10000.01 
18   38 
25.8144   10000 
18   38 
25.81443   10000 
18   38 
25.8144   10000.01 
18   38 
25.81946   10000 
18   38 
25.81948   10000 
18   38 
25.81946   10000.01 
18   38 
25.82451   10000 
18   38 
25.82454   10000 
18   38 
25.82451   10000.01 
18   38 
25.82957   10000 
18   38 
25.82959   10000 
18   38 
25.82957   10000.01 
18   38 
25.83463   10000 
18   38 
25.83465   10000 
18   38 
25.83463   10000.01 
18   38 
25.83968   10000 
18   38 
25.83971   10000 
18   38 
25.83968   10000.01 
18   38 
25.84475   10000 
18   38 
25.84477   10000 
18   38 
25.84475   10000.01 
18   38 
25.84981   10000 
18   38 
25.84983   10000 
18   38 
25.84981   10000.01 
18   38 
25.85487   10000 
18   38 
25.8549   10000 
18   38 
25.85487   10000.01 
18   38 
25.85994   10000 
18   38 
25.85996   10000 
18   38 
25.85994   10000.01 
18   38 
25.86501   10000 
18   38 
25.86503   10000 
18   38 
25.86501   10000.01 
18   38 
25.87007   10000 
18   38 
25.8701   10000 
18   38 
25.87007   10000.01 
18   38 
25.87514   10000 
18   38 
25.87517   10000 
18   38 
25.87514   10000.01 
18   38 
25.88022   10000 
18   38 
25.88024   10000 
18   38 
25.88022   10000.01 
18   38 
25.88529   10000 
18   38 
25.88532   10000 
18   38 
25.88529   10000.01 
18   38 
25.89037   10000 
18   38 
25.89039   10000 
18   38 
25.89037   10000.01 
18   38 
25.89544   10000 
18   38 
25.89547   10000 
18   38 
25.89544   10000.01 
18   38 
25.90052   10000 
18   38 
25.90055   10000 
18   38 
25.90052   10000.01 
18   38 
25.9056   10000 
18   38 
25.90563   10000 
18   38 
25.9056   10000.01 
18   38 
25.91068   10000 
18   38 
25.91071   10000 
18   38 
25.91068   10000.01 
18   38 
25.91577   10000 
18   38 
25.91579   10000 
18   38 
25.91577   10000.01 
18   38 
25.92085   10000 
18   38 
25.92088   10000 
18   38 
25.92085   10000.01 
18   38 
25.92594   10000 
18   38 
25.92597   10000 
18   38 
25.92594   10000.01 
18   38 
25.93103   10000 
18   38 
25.93105   10000 
18   38 
25.93103   10000.01 
18   38 
25.93612   10000 
18   38 
25.93615   10000 
18   38 
25.93612   10000.01 
18   38 
25.94121   10000 
18   38 
25.94124   10000 
18   38 
25.94121   10000.01 
18   38 
25.94631   10000 
18   38 
25.94633   10000 
18   38 
25.94631   10000.01 
18   38 
25.9514   10000 
18   38 
25.95143   10000 
18   38 
25.9514   10000.01 
18   38 
25.9565   10000 
18   38 
25.95652   10000 
18   38 
25.9565   10000.01 
18   38 
25.9616   10000 
18   38 
25.96162   10000 
18   38 
25.9616   10000.01 
18   38 
25.9667   10000 
18   38 
25.96672   10000 
18   38 
25.9667   10000.01 
18   38 
25.9718   10000 
18   38 
25.97183   10000 
18   38 
25.9718   10000.01 
18   38 
25.97691   10000 
18   38 
25.97693   10000 
18   38 
25.97691   10000.01 
18   38 
25.98201   10000 
18   38 
25.98204   10000 
18   38 
25.98201   10000.01 
18   38 
25.98712   10000 
18   38 
25.98715   10000 
18   38 
25.98712   10000.01 
18   38 
25.99223   10000 
18   38 
25.99226   10000 
18   38 
25.99223   10000.01 
18   38 
25.99734   10000 
18   38 
25.99737   10000 
18   38 
25.99734   10000.01 
18   38 
26.00246   10000 
18   38 
26.00248   10000 
18   38 
26.00246   10000.01 
18   38 
26.00757   10000 
18   38 
26.0076   10000 
18   38 
26.00757   10000.01 
18   38 
26.01269   10000 
18   38 
26.01271   10000 
18   38 
26.01269   10000.01 
18   38 
26.01781   10000 
18   38 
26.01783   10000 
18   38 
26.01781   10000.01 
18   38 
26.02293   10000 
18   38 
26.02295   10000 
18   38 
26.02293   10000.01 
18   38 
26.02805   10000 
18   38 
26.02808   10000 
18   38 
26.02805   10000.01 
18   38 
26.03318   10000 
18   38 
26.0332   10000 
18   38 
26.03318   10000.01 
18   38 
26.0383   10000 
18   38 
26.03833   10000 
18   38 
26.0383   10000.01 
18   38 
26.04343   10000 
18   38 
26.04346   10000 
18   38 
26.04343   10000.01 
18   38 
26.04856   10000 
18   38 
26.04859   10000 
18   38 
26.04856   10000.01 
18   38 
26.05369   10000 
18   38 
26.05372   10000 
18   38 
26.05369   10000.01 
18   38 
26.05883   10000 
18   38 
26.05885   10000 
18   38 
26.05883   10000.01 
18   38 
26.06396   10000 
18   38 
26.06399   10000 
18   38 
26.06396   10000.01 
18   38 
26.0691   10000 
18   38 
26.06913   10000 
18   38 
26.0691   10000.01 
18   38 
26.07424   10000 
18   38 
26.07427   10000 
18   38 
26.07424   10000.01 
18   38 
26.07938   10000 
18   38 
26.07941   10000 
18   38 
26.07938   10000.01 
18   38 
26.08452   10000 
18   38 
26.08455   10000 
18   38 
26.08452   10000.01 
18   38 
26.08967   10000 
18   38 
26.0897   10000 
18   38 
26.08967   10000.01 
18   38 
26.09482   10000 
18   38 
26.09484   10000 
18   38 
26.09482   10000.01 
18   38 
26.09997   10000 
18   38 
26.09999   10000 
18   38 
26.09997   10000.01 
18   38 
26.10512   10000 
18   38 
26.10514   10000 
18   38 
26.10512   10000.01 
18   38 
26.11027   10000 
18   38 
26.1103   10000 
18   38 
26.11027   10000.01 
18   38 
26.11543   10000 
18   38 
26.11545   10000 
18   38 
26.11543   10000.01 
18   38 
26.12058   10000 
18   38 
26.12061   10000 
18   38 
26.12058   10000.01 
18   38 
26.12574   10000 
18   38 
26.12577   10000 
18   38 
26.12574   10000.01 
18   38 
26.1309   10000 
18   38 
26.13093   10000 
18   38 
26.1309   10000.01 
18   38 
26.13607   10000 
18   38 
26.13609   10000 
18   38 
26.13607   10000.01 
18   38 
26.14123   10000 
18   38 
26.14126   10000 
18   38 
26.14123   10000.01 
18   38 
26.1464   10000 
18   38 
26.14643   10000 
18   38 
26.1464   10000.01 
18   38 
26.15157   10000 
18   38 
26.1516   10000 
18   38 
26.15157   10000.01 
18   38 
26.15674   10000 
18   38 
26.15677   10000 
18   38 
26.15674   10000.01 
18   38 
26.16192   10000 
18   38 
26.16194   10000 
18   38 
26.16192   10000.01 
18   38 
26.16709   10000 
18   38 
26.16712   10000 
18   38 
26.16709   10000.01 
18   38 
26.17227   10000 
18   38 
26.17229   10000 
18   38 
26.17227   10000.01 
18   38 
26.17745   10000 
18   38 
26.17747   10000 
18   38 
26.17745   10000.01 
18   38 
26.18263   10000 
18   38 
26.18266   10000 
18   38 
26.18263   10000.01 
18   38 
26.18781   10000 
18   38 
26.18784   10000 
18   38 
26.18781   10000.01 
18   38 
26.193   10000 
18   38 
26.19303   10000 
18   38 
26.193   10000.01 
18   38 
26.19819   10000 
18   38 
26.19821   10000 
18   38 
26.19819   10000.01 
18   38 
26.20338   10000 
18   38 
26.2034   10000 
18   38 
26.20338   10000.01 
18   38 
26.20857   10000 
18   38 
26.2086   10000 
18   38 
26.20857   10000.01 
18   38 
26.21376   10000 
18   38 
26.21379   10000 
18   38 
26.21376   10000.01 
18   38 
26.21896   10000 
18   38 
26.21899   10000 
18   38 
26.21896   10000.01 
18   38 
26.22416   10000 
18   38 
26.22419   10000 
18   38 
26.22416   10000.01 
18   38 
26.22936   10000 
18   38 
26.22939   10000 
18   38 
26.22936   10000.01 
18   38 
26.23456   10000 
18   38 
26.23459   10000 
18   38 
26.23456   10000.01 
18   38 
26.23977   10000 
18   38 
26.23979   10000 
18   38 
26.23977   10000.01 
18   38 
26.24498   10000 
18   38 
26.245   10000 
18   38 
26.24498   10000.01 
18   38 
26.25019   10000 
18   38 
26.25021   10000 
18   38 
26.25019   10000.01 
18   38 
26.2554   10000 
18   38 
26.25542   10000 
18   38 
26.2554   10000.01 
18   38 
26.26061   10000 
18   38 
26.26064   10000 
18   38 
26.26061   10000.01 
18   38 
26.26583   10000 
18   38 
26.26585   10000 
18   38 
26.26583   10000.01 
18   38 
26.27105   10000 
18   38 
26.27107   10000 
18   38 
26.27105   10000.01 
18   38 
26.27627   10000 
18   38 
26.27629   10000 
18   38 
26.27627   10000.01 
18   38 
26.28149   10000 
18   38 
26.28151   10000 
18   38 
26.28149   10000.01 
18   38 
26.28671   10000 
18   38 
26.28674   10000 
18   38 
26.28671   10000.01 
18   38 
26.29194   10000 
18   38 
26.29197   10000 
18   38 
26.29194   10000.01 
18   38 
26.29717   10000 
18   38 
26.2972   10000 
18   38 
26.29717   10000.01 
18   38 
26.3024   10000 
18   38 
26.30243   10000 
18   38 
26.3024   10000.01 
18   38 
26.30763   10000 
18   38 
26.30766   10000 
18   38 
26.30763   10000.01 
18   38 
26.31287   10000 
18   38 
26.3129   10000 
18   38 
26.31287   10000.01 
18   38 
26.31811   10000 
18   38 
26.31814   10000 
18   38 
26.31811   10000.01 
18   38 
26.32335   10000 
18   38 
26.32338   10000 
18   38 
26.32335   10000.01 
18   38 
26.32859   10000 
18   38 
26.32862   10000 
18   38 
26.32859   10000.01 
18   38 
26.33384   10000 
18   38 
26.33386   10000 
18   38 
26.33384   10000.01 
18   38 
26.33908   10000 
18   38 
26.33911   10000 
18   38 
26.33908   10000.01 
18   38 
26.34433   10000 
18   38 
26.34436   10000 
18   38 
26.34433   10000.01 
18   38 
26.34959   10000 
18   38 
26.34961   10000 
18   38 
26.34959   10000.01 
18   38 
26.35484   10000 
18   38 
26.35487   10000 
18   38 
26.35484   10000.01 
18   38 
26.3601   10000 
18   38 
26.36012   10000 
18   38 
26.3601   10000.01 
18   38 
26.36536   10000 
18   38 
26.36538   10000 
18   38 
26.36536   10000.01 
18   38 
26.37062   10000 
18   38 
26.37064   10000 
18   38 
26.37062   10000.01 
18   38 
26.37588   10000 
18   38 
26.37591   10000 
18   38 
26.37588   10000.01 
18   38 
26.38115   10000 
18   38 
26.38117   10000 
18   38 
26.38115   10000.01 
18   38 
26.38642   10000 
18   38 
26.38644   10000 
18   38 
26.38642   10000.01 
18   38 
26.39169   10000 
18   38 
26.39171   10000 
18   38 
26.39169   10000.01 
18   38 
26.39696   10000 
18   38 
26.39699   10000 
18   38 
26.39696   10000.01 
18   38 
26.40223   10000 
18   38 
26.40226   10000 
18   38 
26.40223   10000.01 
18   38 
26.40751   10000 
18   38 
26.40754   10000 
18   38 
26.40751   10000.01 
18   38 
26.41279   10000 
18   38 
26.41282   10000 
18   38 
26.41279   10000.01 
18   38 
26.41808   10000 
18   38 
26.4181   10000 
18   38 
26.41808   10000.01 
18   38 
26.42336   10000 
18   38 
26.42339   10000 
18   38 
26.42336   10000.01 
18   38 
26.42865   10000 
18   38 
26.42867   10000 
18   38 
26.42865   10000.01 
18   38 
26.43394   10000 
18   38 
26.43396   10000 
18   38 
26.43394   10000.01 
18   38 
26.43923   10000 
18   38 
26.43926   10000 
18   38 
26.43923   10000.01 
18   38 
26.44452   10000 
18   38 
26.44455   10000 
18   38 
26.44452   10000.01 
18   38 
26.44982   10000 
18   38 
26.44985   10000 
18   38 
26.44982   10000.01 
18   38 
26.45512   10000 
18   38 
26.45515   10000 
18   38 
26.45512   10000.01 
18   38 
26.46042   10000 
18   38 
26.46045   10000 
18   38 
26.46042   10000.01 
18   38 
26.46573   10000 
18   38 
26.46575   10000 
18   38 
26.46573   10000.01 
18   38 
26.47103   10000 
18   38 
26.47106   10000 
18   38 
26.47103   10000.01 
18   38 
26.47634   10000 
18   38 
26.47637   10000 
18   38 
26.47634   10000.01 
18   38 
26.48166   10000 
18   38 
26.48168   10000 
18   38 
26.48166   10000.01 
18   38 
26.48697   10000 
18   38 
26.487   10000 
18   38 
26.48697   10000.01 
18   38 
26.49229   10000 
18   38 
26.49231   10000 
18   38 
26.49229   10000.01 
18   38 
26.49761   10000 
18   38 
26.49763   10000 
18   38 
26.49761   10000.01 
18   38 
26.50293   10000 
18   38 
26.50295   10000 
18   38 
26.50293   10000.01 
18   38 
26.50825   10000 
18   38 
26.50828   10000 
18   38 
26.50825   10000.01 
18   38 
26.51358   10000 
18   38 
26.51361   10000 
18   38 
26.51358   10000.01 
18   38 
26.51891   10000 
18   38 
26.51893   10000 
18   38 
26.51891   10000.01 
18   38 
26.52424   10000 
18   38 
26.52427   10000 
18   38 
26.52424   10000.01 
18   38 
26.52957   10000 
18   38 
26.5296   10000 
18   38 
26.52957   10000.01 
18   38 
26.53491   10000 
18   38 
26.53494   10000 
18   38 
26.53491   10000.01 
18   38 
26.54025   10000 
18   38 
26.54028   10000 
18   38 
26.54025   10000.01 
18   38 
26.54559   10000 
18   38 
26.54562   10000 
18   38 
26.54559   10000.01 
18   38 
26.55094   10000 
18   38 
26.55096   10000 
18   38 
26.55094   10000.01 
18   38 
26.55628   10000 
18   38 
26.55631   10000 
18   38 
26.55628   10000.01 
18   38 
26.56163   10000 
18   38 
26.56166   10000 
18   38 
26.56163   10000.01 
18   38 
26.56699   10000 
18   38 
26.56701   10000 
18   38 
26.56699   10000.01 
18   38 
26.57234   10000 
18   38 
26.57237   10000 
18   38 
26.57234   10000.01 
18   38 
26.5777   10000 
18   38 
26.57772   10000 
18   38 
26.5777   10000.01 
18   38 
26.58306   10000 
18   38 
26.58308   10000 
18   38 
26.58306   10000.01 
18   38 
26.58842   10000 
18   38 
26.58845   10000 
18   38 
26.58842   10000.01 
18   38 
26.59379   10000 
18   38 
26.59381   10000 
18   38 
26.59379   10000.01 
18   38 
26.59915   10000 
18   38 
26.59918   10000 
18   38 
26.59915   10000.01 
18   38 
26.60452   10000 
18   38 
26.60455   10000 
18   38 
26.60452   10000.01 
18   38 
26.6099   10000 
18   38 
26.60992   10000 
18   38 
26.6099   10000.01 
18   38 
26.61527   10000 
18   38 
26.6153   10000 
18   38 
26.61527   10000.01 
18   38 
26.62065   10000 
18   38 
26.62068   10000 
18   38 
26.62065   10000.01 
18   38 
26.62603   10000 
18   38 
26.62606   10000 
18   38 
26.62603   10000.01 
18   38 
26.63141   10000 
18   38 
26.63144   10000 
18   38 
26.63141   10000.01 
18   38 
26.6368   10000 
18   38 
26.63683   10000 
18   38 
26.6368   10000.01 
18   38 
26.64219   10000 
18   38 
26.64222   10000 
18   38 
26.64219   10000.01 
18   38 
26.64758   10000 
18   38 
26.64761   10000 
18   38 
26.64758   10000.01 
18   38 
26.65298   10000 
18   38 
26.653   10000 
18   38 
26.65298   10000.01 
18   38 
26.65837   10000 
18   38 
26.6584   10000 
18   38 
26.65837   10000.01 
18   38 
26.66377   10000 
18   38 
26.6638   10000 
18   38 
26.66377   10000.01 
18   38 
26.66917   10000 
18   38 
26.6692   10000 
18   38 
26.66917   10000.01 
18   38 
26.67458   10000 
18   38 
26.67461   10000 
18   38 
26.67458   10000.01 
18   38 
26.67999   10000 
18   38 
26.68001   10000 
18   38 
26.67999   10000.01 
18   38 
26.6854   10000 
18   38 
26.68542   10000 
18   38 
26.6854   10000.01 
18   38 
26.69081   10000 
18   38 
26.69084   10000 
18   38 
26.69081   10000.01 
18   38 
26.69623   10000 
18   38 
26.69625   10000 
18   38 
26.69623   10000.01 
18   38 
26.70164   10000 
18   38 
26.70167   10000 
18   38 
26.70164   10000.01 
18   38 
26.70707   10000 
18   38 
26.70709   10000 
18   38 
26.70707   10000.01 
18   38 
26.71249   10000 
18   38 
26.71252   10000 
18   38 
26.71249   10000.01 
18   38 
26.71792   10000 
18   38 
26.71794   10000 
18   38 
26.71792   10000.01 
18   38 
26.72335   10000 
18   38 
26.72337   10000 
18   38 
26.72335   10000.01 
18   38 
26.72878   10000 
18   38 
26.7288   10000 
18   38 
26.72878   10000.01 
18   38 
26.73421   10000 
18   38 
26.73424   10000 
18   38 
26.73421   10000.01 
18   38 
26.73965   10000 
18   38 
26.73968   10000 
18   38 
26.73965   10000.01 
18   38 
26.74509   10000 
18   38 
26.74512   10000 
18   38 
26.74509   10000.01 
18   38 
26.75053   10000 
18   38 
26.75056   10000 
18   38 
26.75053   10000.01 
18   38 
26.75598   10000 
18   38 
26.75601   10000 
18   38 
26.75598   10000.01 
18   38 
26.76143   10000 
18   38 
26.76146   10000 
18   38 
26.76143   10000.01 
18   38 
26.76688   10000 
18   38 
26.76691   10000 
18   38 
26.76688   10000.01 
18   38 
26.77234   10000 
18   38 
26.77236   10000 
18   38 
26.77234   10000.01 
18   38 
26.77779   10000 
18   38 
26.77782   10000 
18   38 
26.77779   10000.01 
18   38 
26.78325   10000 
18   38 
26.78328   10000 
18   38 
26.78325   10000.01 
18   38 
26.78872   10000 
18   38 
26.78874   10000 
18   38 
26.78872   10000.01 
18   38 
26.79418   10000 
18   38 
26.79421   10000 
18   38 
26.79418   10000.01 
18   38 
26.79965   10000 
18   38 
26.79968   10000 
18   38 
26.79965   10000.01 
18   38 
26.80512   10000 
18   38 
26.80515   10000 
18   38 
26.80512   10000.01 
18   38 
26.81059   10000 
18   38 
26.81062   10000 
18   38 
26.81059   10000.01 
18   38 
26.81607   10000 
18   38 
26.8161   10000 
18   38 
26.81607   10000.01 
18   38 
26.82155   10000 
18   38 
26.82158   10000 
18   38 
26.82155   10000.01 
18   38 
26.82703   10000 
18   38 
26.82706   10000 
18   38 
26.82703   10000.01 
18   38 
26.83252   10000 
18   38 
26.83255   10000 
18   38 
26.83252   10000.01 
18   38 
26.83801   10000 
18   38 
26.83804   10000 
18   38 
26.83801   10000.01 
18   38 
26.8435   10000 
18   38 
26.84353   10000 
18   38 
26.8435   10000.01 
18   38 
26.84899   10000 
18   38 
26.84902   10000 
18   38 
26.84899   10000.01 
18   38 
26.85449   10000 
18   38 
26.85452   10000 
18   38 
26.85449   10000.01 
18   38 
26.85999   10000 
18   38 
26.86002   10000 
18   38 
26.85999   10000.01 
18   38 
26.86549   10000 
18   38 
26.86552   10000 
18   38 
26.86549   10000.01 
18   38 
26.871   10000 
18   38 
26.87103   10000 
18   38 
26.871   10000.01 
18   38 
26.87651   10000 
18   38 
26.87653   10000 
18   38 
26.87651   10000.01 
18   38 
26.88202   10000 
18   38 
26.88205   10000 
18   38 
26.88202   10000.01 
18   38 
26.88753   10000 
18   38 
26.88756   10000 
18   38 
26.88753   10000.01 
18   38 
26.89305   10000 
18   38 
26.89308   10000 
18   38 
26.89305   10000.01 
18   38 
26.89857   10000 
18   38 
26.8986   10000 
18   38 
26.89857   10000.01 
18   38 
26.90409   10000 
18   38 
26.90412   10000 
18   38 
26.90409   10000.01 
18   38 
26.90962   10000 
18   38 
26.90965   10000 
18   38 
26.90962   10000.01 
18   38 
26.91515   10000 
18   38 
26.91518   10000 
18   38 
26.91515   10000.01 
18   38 
26.92068   10000 
18   38 
26.92071   10000 
18   38 
26.92068   10000.01 
18   38 
26.92622   10000 
18   38 
26.92624   10000 
18   38 
26.92622   10000.01 
18   38 
26.93175   10000 
18   38 
26.93178   10000 
18   38 
26.93175   10000.01 
18   38 
26.93729   10000 
18   38 
26.93732   10000 
18   38 
26.93729   10000.01 
18   38 
26.94284   10000 
18   38 
26.94287   10000 
18   38 
26.94284   10000.01 
18   38 
26.94838   10000 
18   38 
26.94841   10000 
18   38 
26.94838   10000.01 
18   38 
26.95393   10000 
18   38 
26.95396   10000 
18   38 
26.95393   10000.01 
18   38 
26.95949   10000 
18   38 
26.95951   10000 
18   38 
26.95949   10000.01 
18   38 
26.96504   10000 
18   38 
26.96507   10000 
18   38 
26.96504   10000.01 
18   38 
26.9706   10000 
18   38 
26.97063   10000 
18   38 
26.9706   10000.01 
18   38 
26.97616   10000 
18   38 
26.97619   10000 
18   38 
26.97616   10000.01 
18   38 
26.98173   10000 
18   38 
26.98175   10000 
18   38 
26.98173   10000.01 
18   38 
26.9873   10000 
18   38 
26.98732   10000 
18   38 
26.9873   10000.01 
18   38 
26.99287   10000 
18   38 
26.99289   10000 
18   38 
26.99287   10000.01 
18   38 
26.99844   10000 
18   38 
26.99847   10000 
18   38 
26.99844   10000.01 
18   38 
27.00402   10000 
18   38 
27.00404   10000 
18   38 
27.00402   10000.01 
18   38 
27.0096   10000 
18   38 
27.00962   10000 
18   38 
27.0096   10000.01 
18   38 
27.01518   10000 
18   38 
27.01521   10000 
18   38 
27.01518   10000.01 
18   38 
27.02076   10000 
18   38 
27.02079   10000 
18   38 
27.02076   10000.01 
18   38 
27.02635   10000 
18   38 
27.02638   10000 
18   38 
27.02635   10000.01 
18   38 
27.03194   10000 
18   38 
27.03197   10000 
18   38 
27.03194   10000.01 
18   38 
27.03754   10000 
18   38 
27.03757   10000 
18   38 
27.03754   10000.01 
18   38 
27.04314   10000 
18   38 
27.04316   10000 
18   38 
27.04314   10000.01 
18   38 
27.04874   10000 
18   38 
27.04876   10000 
18   38 
27.04874   10000.01 
18   38 
27.05434   10000 
18   38 
27.05437   10000 
18   38 
27.05434   10000.01 
18   38 
27.05995   10000 
18   38 
27.05998   10000 
18   38 
27.05995   10000.01 
18   38 
27.06556   10000 
18   38 
27.06559   10000 
18   38 
27.06556   10000.01 
18   38 
27.07117   10000 
18   38 
27.0712   10000 
18   38 
27.07117   10000.01 
18   38 
27.07679   10000 
18   38 
27.07682   10000 
18   38 
27.07679   10000.01 
18   38 
27.08241   10000 
18   38 
27.08243   10000 
18   38 
27.08241   10000.01 
18   38 
27.08803   10000 
18   38 
27.08806   10000 
18   38 
27.08803   10000.01 
18   38 
27.09365   10000 
18   38 
27.09368   10000 
18   38 
27.09365   10000.01 
18   38 
27.09928   10000 
18   38 
27.09931   10000 
18   38 
27.09928   10000.01 
18   38 
27.10492   10000 
18   38 
27.10494   10000 
18   38 
27.10492   10000.01 
18   38 
27.11055   10000 
18   38 
27.11058   10000 
18   38 
27.11055   10000.01 
18   38 
27.11619   10000 
18   38 
27.11621   10000 
18   38 
27.11619   10000.01 
18   38 
27.12183   10000 
18   38 
27.12186   10000 
18   38 
27.12183   10000.01 
18   38 
27.12747   10000 
18   38 
27.1275   10000 
18   38 
27.12747   10000.01 
18   38 
27.13312   10000 
18   38 
27.13315   10000 
18   38 
27.13312   10000.01 
18   38 
27.13877   10000 
18   38 
27.1388   10000 
18   38 
27.13877   10000.01 
18   38 
27.14442   10000 
18   38 
27.14445   10000 
18   38 
27.14442   10000.01 
18   38 
27.15008   10000 
18   38 
27.15011   10000 
18   38 
27.15008   10000.01 
18   38 
27.15574   10000 
18   38 
27.15577   10000 
18   38 
27.15574   10000.01 
18   38 
27.1614   10000 
18   38 
27.16143   10000 
18   38 
27.1614   10000.01 
18   38 
27.16707   10000 
18   38 
27.16709   10000 
18   38 
27.16707   10000.01 
18   38 
27.17274   10000 
18   38 
27.17276   10000 
18   38 
27.17274   10000.01 
18   38 
27.17841   10000 
18   38 
27.17844   10000 
18   38 
27.17841   10000.01 
18   38 
27.18408   10000 
18   38 
27.18411   10000 
18   38 
27.18408   10000.01 
18   38 
27.18976   10000 
18   38 
27.18979   10000 
18   38 
27.18976   10000.01 
18   38 
27.19544   10000 
18   38 
27.19547   10000 
18   38 
27.19544   10000.01 
18   38 
27.20113   10000 
18   38 
27.20116   10000 
18   38 
27.20113   10000.01 
18   38 
27.20682   10000 
18   38 
27.20684   10000 
18   38 
27.20682   10000.01 
18   38 
27.21251   10000 
18   38 
27.21254   10000 
18   38 
27.21251   10000.01 
18   38 
27.2182   10000 
18   38 
27.21823   10000 
18   38 
27.2182   10000.01 
18   38 
27.2239   10000 
18   38 
27.22393   10000 
18   38 
27.2239   10000.01 
18   38 
27.2296   10000 
18   38 
27.22963   10000 
18   38 
27.2296   10000.01 
18   38 
27.2353   10000 
18   38 
27.23533   10000 
18   38 
27.2353   10000.01 
18   38 
27.24101   10000 
18   38 
27.24104   10000 
18   38 
27.24101   10000.01 
18   38 
27.24672   10000 
18   38 
27.24675   10000 
18   38 
27.24672   10000.01 
18   38 
27.25243   10000 
18   38 
27.25246   10000 
18   38 
27.25243   10000.01 
18   38 
27.25815   10000 
18   38 
27.25818   10000 
18   38 
27.25815   10000.01 
18   38 
27.26387   10000 
18   38 
27.2639   10000 
18   38 
27.26387   10000.01 
18   38 
27.26959   10000 
18   38 
27.26962   10000 
18   38 
27.26959   10000.01 
18   38 
27.27532   10000 
18   38 
27.27535   10000 
18   38 
27.27532   10000.01 
18   38 
27.28105   10000 
18   38 
27.28108   10000 
18   38 
27.28105   10000.01 
18   38 
27.28678   10000 
18   38 
27.28681   10000 
18   38 
27.28678   10000.01 
18   38 
27.29252   10000 
18   38 
27.29255   10000 
18   38 
27.29252   10000.01 
18   38 
27.29826   10000 
18   38 
27.29828   10000 
18   38 
27.29826   10000.01 
18   38 
27.304   10000 
18   38 
27.30403   10000 
18   38 
27.304   10000.01 
18   38 
27.30975   10000 
18   38 
27.30977   10000 
18   38 
27.30975   10000.01 
18   38 
27.31549   10000 
18   38 
27.31552   10000 
18   38 
27.31549   10000.01 
18   38 
27.32125   10000 
18   38 
27.32127   10000 
18   38 
27.32125   10000.01 
18   38 
27.327   10000 
18   38 
27.32703   10000 
18   38 
27.327   10000.01 
18   38 
27.33276   10000 
18   38 
27.33279   10000 
18   38 
27.33276   10000.01 
18   38 
27.33852   10000 
18   38 
27.33855   10000 
18   38 
27.33852   10000.01 
18   38 
27.34429   10000 
18   38 
27.34431   10000 
18   38 
27.34429   10000.01 
18   38 
27.35005   10000 
18   38 
27.35008   10000 
18   38 
27.35005   10000.01 
18   38 
27.35583   10000 
18   38 
27.35585   10000 
18   38 
27.35583   10000.01 
18   38 
27.3616   10000 
18   38 
27.36163   10000 
18   38 
27.3616   10000.01 
18   38 
27.36738   10000 
18   38 
27.36741   10000 
18   38 
27.36738   10000.01 
18   38 
27.37316   10000 
18   38 
27.37319   10000 
18   38 
27.37316   10000.01 
18   38 
27.37894   10000 
18   38 
27.37897   10000 
18   38 
27.37894   10000.01 
18   38 
27.38473   10000 
18   38 
27.38476   10000 
18   38 
27.38473   10000.01 
18   38 
27.39052   10000 
18   38 
27.39055   10000 
18   38 
27.39052   10000.01 
18   38 
27.39632   10000 
18   38 
27.39635   10000 
18   38 
27.39632   10000.01 
18   38 
27.40212   10000 
18   38 
27.40214   10000 
18   38 
27.40212   10000.01 
18   38 
27.40792   10000 
18   38 
27.40794   10000 
18   38 
27.40792   10000.01 
18   38 
27.41372   10000 
18   38 
27.41375   10000 
18   38 
27.41372   10000.01 
18   38 
27.41953   10000 
18   38 
27.41956   10000 
18   38 
27.41953   10000.01 
18   38 
27.42534   10000 
18   38 
27.42537   10000 
18   38 
27.42534   10000.01 
18   38 
27.43115   10000 
18   38 
27.43118   10000 
18   38 
27.43115   10000.01 
18   38 
27.43697   10000 
18   38 
27.437   10000 
18   38 
27.43697   10000.01 
18   38 
27.44279   10000 
18   38 
27.44282   10000 
18   38 
27.44279   10000.01 
18   38 
27.44861   10000 
18   38 
27.44864   10000 
18   38 
27.44861   10000.01 
18   38 
27.45444   10000 
18   38 
27.45447   10000 
18   38 
27.45444   10000.01 
18   38 
27.46027   10000 
18   38 
27.4603   10000 
18   38 
27.46027   10000.01 
18   38 
27.46611   10000 
18   38 
27.46613   10000 
18   38 
27.46611   10000.01 
18   38 
27.47194   10000 
18   38 
27.47197   10000 
18   38 
27.47194   10000.01 
18   38 
27.47778   10000 
18   38 
27.47781   10000 
18   38 
27.47778   10000.01 
18   38 
27.48363   10000 
18   38 
27.48366   10000 
18   38 
27.48363   10000.01 
18   38 
27.48947   10000 
18   38 
27.4895   10000 
18   38 
27.48947   10000.01 
18   38 
27.49533   10000 
18   38 
27.49535   10000 
18   38 
27.49533   10000.01 
18   38 
27.50118   10000 
18   38 
27.50121   10000 
18   38 
27.50118   10000.01 
18   38 
27.50704   10000 
18   38 
27.50706   10000 
18   38 
27.50704   10000.01 
18   38 
27.5129   10000 
18   38 
27.51292   10000 
18   38 
27.5129   10000.01 
18   38 
27.51876   10000 
18   38 
27.51879   10000 
18   38 
27.51876   10000.01 
18   38 
27.52463   10000 
18   38 
27.52465   10000 
18   38 
27.52463   10000.01 
18   38 
27.5305   10000 
18   38 
27.53053   10000 
18   38 
27.5305   10000.01 
18   38 
27.53637   10000 
18   38 
27.5364   10000 
18   38 
27.53637   10000.01 
18   38 
27.54225   10000 
18   38 
27.54228   10000 
18   38 
27.54225   10000.01 
18   38 
27.54813   10000 
18   38 
27.54816   10000 
18   38 
27.54813   10000.01 
18   38 
27.55401   10000 
18   38 
27.55404   10000 
18   38 
27.55401   10000.01 
18   38 
27.5599   10000 
18   38 
27.55993   10000 
18   38 
27.5599   10000.01 
18   38 
27.56579   10000 
18   38 
27.56582   10000 
18   38 
27.56579   10000.01 
18   38 
27.57168   10000 
18   38 
27.57171   10000 
18   38 
27.57168   10000.01 
18   38 
27.57758   10000 
18   38 
27.57761   10000 
18   38 
27.57758   10000.01 
18   38 
27.58348   10000 
18   38 
27.58351   10000 
18   38 
27.58348   10000.01 
18   38 
27.58939   10000 
18   38 
27.58941   10000 
18   38 
27.58939   10000.01 
18   38 
27.59529   10000 
18   38 
27.59532   10000 
18   38 
27.59529   10000.01 
18   38 
27.6012   10000 
18   38 
27.60123   10000 
18   38 
27.6012   10000.01 
18   38 
27.60712   10000 
18   38 
27.60714   10000 
18   38 
27.60712   10000.01 
18   38 
27.61303   10000 
18   38 
27.61306   10000 
18   38 
27.61303   10000.01 
18   38 
27.61896   10000 
18   38 
27.61898   10000 
18   38 
27.61896   10000.01 
18   38 
27.62488   10000 
18   38 
27.62491   10000 
18   38 
27.62488   10000.01 
18   38 
27.63081   10000 
18   38 
27.63083   10000 
18   38 
27.63081   10000.01 
18   38 
27.63674   10000 
18   38 
27.63676   10000 
18   38 
27.63674   10000.01 
18   38 
27.64267   10000 
18   38 
27.6427   10000 
18   38 
27.64267   10000.01 
18   38 
27.64861   10000 
18   38 
27.64864   10000 
18   38 
27.64861   10000.01 
18   38 
27.65455   10000 
18   38 
27.65458   10000 
18   38 
27.65455   10000.01 
18   38 
27.66049   10000 
18   38 
27.66052   10000 
18   38 
27.66049   10000.01 
18   38 
27.66644   10000 
18   38 
27.66647   10000 
18   38 
27.66644   10000.01 
18   38 
27.67239   10000 
18   38 
27.67242   10000 
18   38 
27.67239   10000.01 
18   38 
27.67835   10000 
18   38 
27.67837   10000 
18   38 
27.67835   10000.01 
18   38 
27.6843   10000 
18   38 
27.68433   10000 
18   38 
27.6843   10000.01 
18   38 
27.69027   10000 
18   38 
27.69029   10000 
18   38 
27.69027   10000.01 
18   38 
27.69623   10000 
18   38 
27.69626   10000 
18   38 
27.69623   10000.01 
18   38 
27.7022   10000 
18   38 
27.70223   10000 
18   38 
27.7022   10000.01 
18   38 
27.70817   10000 
18   38 
27.7082   10000 
18   38 
27.70817   10000.01 
18   38 
27.71414   10000 
18   38 
27.71417   10000 
18   38 
27.71414   10000.01 
18   38 
27.72012   10000 
18   38 
27.72015   10000 
18   38 
27.72012   10000.01 
18   38 
27.7261   10000 
18   38 
27.72613   10000 
18   38 
27.7261   10000.01 
18   38 
27.73209   10000 
18   38 
27.73212   10000 
18   38 
27.73209   10000.01 
18   38 
27.73808   10000 
18   38 
27.7381   10000 
18   38 
27.73808   10000.01 
18   38 
27.74407   10000 
18   38 
27.7441   10000 
18   38 
27.74407   10000.01 
18   38 
27.75006   10000 
18   38 
27.75009   10000 
18   38 
27.75006   10000.01 
18   38 
27.75606   10000 
18   38 
27.75609   10000 
18   38 
27.75606   10000.01 
18   38 
27.76206   10000 
18   38 
27.76209   10000 
18   38 
27.76206   10000.01 
18   38 
27.76807   10000 
18   38 
27.7681   10000 
18   38 
27.76807   10000.01 
18   38 
27.77408   10000 
18   38 
27.7741   10000 
18   38 
27.77408   10000.01 
18   38 
27.78009   10000 
18   38 
27.78012   10000 
18   38 
27.78009   10000.01 
18   38 
27.7861   10000 
18   38 
27.78613   10000 
18   38 
27.7861   10000.01 
18   38 
27.79212   10000 
18   38 
27.79215   10000 
18   38 
27.79212   10000.01 
18   38 
27.79815   10000 
18   38 
27.79817   10000 
18   38 
27.79815   10000.01 
18   38 
27.80417   10000 
18   38 
27.8042   10000 
18   38 
27.80417   10000.01 
18   38 
27.8102   10000 
18   38 
27.81023   10000 
18   38 
27.8102   10000.01 
18   38 
27.81623   10000 
18   38 
27.81626   10000 
18   38 
27.81623   10000.01 
18   38 
27.82227   10000 
18   38 
27.8223   10000 
18   38 
27.82227   10000.01 
18   38 
27.82831   10000 
18   38 
27.82834   10000 
18   38 
27.82831   10000.01 
18   38 
27.83435   10000 
18   38 
27.83438   10000 
18   38 
27.83435   10000.01 
18   38 
27.8404   10000 
18   38 
27.84042   10000 
18   38 
27.8404   10000.01 
18   38 
27.84645   10000 
18   38 
27.84647   10000 
18   38 
27.84645   10000.01 
18   38 
27.8525   10000 
18   38 
27.85253   10000 
18   38 
27.8525   10000.01 
18   38 
27.85855   10000 
18   38 
27.85858   10000 
18   38 
27.85855   10000.01 
18   38 
27.86461   10000 
18   38 
27.86464   10000 
18   38 
27.86461   10000.01 
18   38 
27.87068   10000 
18   38 
27.8707   10000 
18   38 
27.87068   10000.01 
18   38 
27.87674   10000 
18   38 
27.87677   10000 
18   38 
27.87674   10000.01 
18   38 
27.88281   10000 
18   38 
27.88284   10000 
18   38 
27.88281   10000.01 
18   38 
27.88889   10000 
18   38 
27.88891   10000 
18   38 
27.88889   10000.01 
18   38 
27.89496   10000 
18   38 
27.89499   10000 
18   38 
27.89496   10000.01 
18   38 
27.90104   10000 
18   38 
27.90107   10000 
18   38 
27.90104   10000.01 
18   38 
27.90713   10000 
18   38 
27.90715   10000 
18   38 
27.90713   10000.01 
18   38 
27.91321   10000 
18   38 
27.91324   10000 
18   38 
27.91321   10000.01 
18   38 
27.9193   10000 
18   38 
27.91933   10000 
18   38 
27.9193   10000.01 
18   38 
27.9254   10000 
18   38 
27.92543   10000 
18   38 
27.9254   10000.01 
18   38 
27.93149   10000 
18   38 
27.93152   10000 
18   38 
27.93149   10000.01 
18   38 
27.93759   10000 
18   38 
27.93762   10000 
18   38 
27.93759   10000.01 
18   38 
27.9437   10000 
18   38 
27.94373   10000 
18   38 
27.9437   10000.01 
18   38 
27.94981   10000 
18   38 
27.94983   10000 
18   38 
27.94981   10000.01 
18   38 
27.95592   10000 
18   38 
27.95594   10000 
18   38 
27.95592   10000.01 
18   38 
27.96203   10000 
18   38 
27.96206   10000 
18   38 
27.96203   10000.01 
18   38 
27.96815   10000 
18   38 
27.96818   10000 
18   38 
27.96815   10000.01 
18   38 
27.97427   10000 
18   38 
27.9743   10000 
18   38 
27.97427   10000.01 
18   38 
27.98039   10000 
18   38 
27.98042   10000 
18   38 
27.98039   10000.01 
18   38 
27.98652   10000 
18   38 
27.98655   10000 
18   38 
27.98652   10000.01 
18   38 
27.99265   10000 
18   38 
27.99268   10000 
18   38 
27.99265   10000.01 
18   38 
27.99879   10000 
18   38 
27.99881   10000 
18   38 
27.99879   10000.01 
18   38 
28.00492   10000 
18   38 
28.00495   10000 
18   38 
28.00492   10000.01 
18   38 
28.01107   10000 
18   38 
28.01109   10000 
18   38 
28.01107   10000.01 
18   38 
28.01721   10000 
18   38 
28.01724   10000 
18   38 
28.01721   10000.01 
18   38 
28.02336   10000 
18   38 
28.02339   10000 
18   38 
28.02336   10000.01 
18   38 
28.02951   10000 
18   38 
28.02954   10000 
18   38 
28.02951   10000.01 
18   38 
28.03567   10000 
18   38 
28.03569   10000 
18   38 
28.03567   10000.01 
18   38 
28.04182   10000 
18   38 
28.04185   10000 
18   38 
28.04182   10000.01 
18   38 
28.04799   10000 
18   38 
28.04801   10000 
18   38 
28.04799   10000.01 
18   38 
28.05415   10000 
18   38 
28.05418   10000 
18   38 
28.05415   10000.01 
18   38 
28.06032   10000 
18   38 
28.06035   10000 
18   38 
28.06032   10000.01 
18   38 
28.06649   10000 
18   38 
28.06652   10000 
18   38 
28.06649   10000.01 
18   38 
28.07267   10000 
18   38 
28.07269   10000 
18   38 
28.07267   10000.01 
18   38 
28.07884   10000 
18   38 
28.07887   10000 
18   38 
28.07884   10000.01 
18   38 
28.08503   10000 
18   38 
28.08505   10000 
18   38 
28.08503   10000.01 
18   38 
28.09121   10000 
18   38 
28.09124   10000 
18   38 
28.09121   10000.01 
18   38 
28.0974   10000 
18   38 
28.09743   10000 
18   38 
28.0974   10000.01 
18   38 
28.10359   10000 
18   38 
28.10362   10000 
18   38 
28.10359   10000.01 
18   38 
28.10979   10000 
18   38 
28.10982   10000 
18   38 
28.10979   10000.01 
18   38 
28.11599   10000 
18   38 
28.11602   10000 
18   38 
28.11599   10000.01 
18   38 
28.12219   10000 
18   38 
28.12222   10000 
18   38 
28.12219   10000.01 
18   38 
28.1284   10000 
18   38 
28.12842   10000 
18   38 
28.1284   10000.01 
18   38 
28.13461   10000 
18   38 
28.13463   10000 
18   38 
28.13461   10000.01 
18   38 
28.14082   10000 
18   38 
28.14085   10000 
18   38 
28.14082   10000.01 
18   38 
28.14703   10000 
18   38 
28.14706   10000 
18   38 
28.14703   10000.01 
18   38 
28.15325   10000 
18   38 
28.15328   10000 
18   38 
28.15325   10000.01 
18   38 
28.15948   10000 
18   38 
28.1595   10000 
18   38 
28.15948   10000.01 
18   38 
28.1657   10000 
18   38 
28.16573   10000 
18   38 
28.1657   10000.01 
18   38 
28.17193   10000 
18   38 
28.17196   10000 
18   38 
28.17193   10000.01 
18   38 
28.17816   10000 
18   38 
28.17819   10000 
18   38 
28.17816   10000.01 
18   38 
28.1844   10000 
18   38 
28.18443   10000 
18   38 
28.1844   10000.01 
18   38 
28.19064   10000 
18   38 
28.19067   10000 
18   38 
28.19064   10000.01 
18   38 
28.19688   10000 
18   38 
28.19691   10000 
18   38 
28.19688   10000.01 
18   38 
28.20313   10000 
18   38 
28.20316   10000 
18   38 
28.20313   10000.01 
18   38 
28.20938   10000 
18   38 
28.20941   10000 
18   38 
28.20938   10000.01 
18   38 
28.21563   10000 
18   38 
28.21566   10000 
18   38 
28.21563   10000.01 
18   38 
28.22189   10000 
18   38 
28.22192   10000 
18   38 
28.22189   10000.01 
18   38 
28.22815   10000 
18   38 
28.22818   10000 
18   38 
28.22815   10000.01 
18   38 
28.23441   10000 
18   38 
28.23444   10000 
18   38 
28.23441   10000.01 
18   38 
28.24068   10000 
18   38 
28.2407   10000 
18   38 
28.24068   10000.01 
18   38 
28.24695   10000 
18   38 
28.24697   10000 
18   38 
28.24695   10000.01 
18   38 
28.25322   10000 
18   38 
28.25325   10000 
18   38 
28.25322   10000.01 
18   38 
28.2595   10000 
18   38 
28.25952   10000 
18   38 
28.2595   10000.01 
18   38 
28.26578   10000 
18   38 
28.2658   10000 
18   38 
28.26578   10000.01 
18   38 
28.27206   10000 
18   38 
28.27209   10000 
18   38 
28.27206   10000.01 
18   38 
28.27834   10000 
18   38 
28.27837   10000 
18   38 
28.27834   10000.01 
18   38 
28.28463   10000 
18   38 
28.28466   10000 
18   38 
28.28463   10000.01 
18   38 
28.29093   10000 
18   38 
28.29096   10000 
18   38 
28.29093   10000.01 
18   38 
28.29722   10000 
18   38 
28.29725   10000 
18   38 
28.29722   10000.01 
18   38 
28.30352   10000 
18   38 
28.30355   10000 
18   38 
28.30352   10000.01 
18   38 
28.30983   10000 
18   38 
28.30986   10000 
18   38 
28.30983   10000.01 
18   38 
28.31613   10000 
18   38 
28.31616   10000 
18   38 
28.31613   10000.01 
18   38 
28.32244   10000 
18   38 
28.32247   10000 
18   38 
28.32244   10000.01 
18   38 
28.32876   10000 
18   38 
28.32878   10000 
18   38 
28.32876   10000.01 
18   38 
28.33507   10000 
18   38 
28.3351   10000 
18   38 
28.33507   10000.01 
18   38 
28.34139   10000 
18   38 
28.34142   10000 
18   38 
28.34139   10000.01 
18   38 
28.34771   10000 
18   38 
28.34774   10000 
18   38 
28.34771   10000.01 
18   38 
28.35404   10000 
18   38 
28.35407   10000 
18   38 
28.35404   10000.01 
18   38 
28.36037   10000 
18   38 
28.3604   10000 
18   38 
28.36037   10000.01 
18   38 
28.3667   10000 
18   38 
28.36673   10000 
18   38 
28.3667   10000.01 
18   38 
28.37304   10000 
18   38 
28.37307   10000 
18   38 
28.37304   10000.01 
18   38 
28.37938   10000 
18   38 
28.37941   10000 
18   38 
28.37938   10000.01 
18   38 
28.38572   10000 
18   38 
28.38575   10000 
18   38 
28.38572   10000.01 
18   38 
28.39207   10000 
18   38 
28.3921   10000 
18   38 
28.39207   10000.01 
18   38 
28.39842   10000 
18   38 
28.39845   10000 
18   38 
28.39842   10000.01 
18   38 
28.40477   10000 
18   38 
28.4048   10000 
18   38 
28.40477   10000.01 
18   38 
28.41113   10000 
18   38 
28.41115   10000 
18   38 
28.41113   10000.01 
18   38 
28.41748   10000 
18   38 
28.41751   10000 
18   38 
28.41748   10000.01 
18   38 
28.42385   10000 
18   38 
28.42388   10000 
18   38 
28.42385   10000.01 
18   38 
28.43021   10000 
18   38 
28.43024   10000 
18   38 
28.43021   10000.01 
18   38 
28.43658   10000 
18   38 
28.43661   10000 
18   38 
28.43658   10000.01 
18   38 
28.44295   10000 
18   38 
28.44298   10000 
18   38 
28.44295   10000.01 
18   38 
28.44933   10000 
18   38 
28.44936   10000 
18   38 
28.44933   10000.01 
18   38 
28.45571   10000 
18   38 
28.45574   10000 
18   38 
28.45571   10000.01 
18   38 
28.46209   10000 
18   38 
28.46212   10000 
18   38 
28.46209   10000.01 
18   38 
28.46848   10000 
18   38 
28.4685   10000 
18   38 
28.46848   10000.01 
18   38 
28.47486   10000 
18   38 
28.47489   10000 
18   38 
28.47486   10000.01 
18   38 
28.48126   10000 
18   38 
28.48128   10000 
18   38 
28.48126   10000.01 
18   38 
28.48765   10000 
18   38 
28.48768   10000 
18   38 
28.48765   10000.01 
18   38 
28.49405   10000 
18   38 
28.49408   10000 
18   38 
28.49405   10000.01 
18   38 
28.50045   10000 
18   38 
28.50048   10000 
18   38 
28.50045   10000.01 
18   38 
28.50685   10000 
18   38 
28.50688   10000 
18   38 
28.50685   10000.01 
18   38 
28.51326   10000 
18   38 
28.51329   10000 
18   38 
28.51326   10000.01 
18   38 
28.51967   10000 
18   38 
28.5197   10000 
18   38 
28.51967   10000.01 
18   38 
28.52609   10000 
18   38 
28.52612   10000 
18   38 
28.52609   10000.01 
18   38 
28.53251   10000 
18   38 
28.53253   10000 
18   38 
28.53251   10000.01 
18   38 
28.53893   10000 
18   38 
28.53895   10000 
18   38 
28.53893   10000.01 
18   38 
28.54535   10000 
18   38 
28.54538   10000 
18   38 
28.54535   10000.01 
18   38 
28.55178   10000 
18   38 
28.55181   10000 
18   38 
28.55178   10000.01 
18   38 
28.55821   10000 
18   38 
28.55824   10000 
18   38 
28.55821   10000.01 
18   38 
28.56464   10000 
18   38 
28.56467   10000 
18   38 
28.56464   10000.01 
18   38 
28.57108   10000 
18   38 
28.57111   10000 
18   38 
28.57108   10000.01 
18   38 
28.57752   10000 
18   38 
28.57755   10000 
18   38 
28.57752   10000.01 
18   38 
28.58396   10000 
18   38 
28.58399   10000 
18   38 
28.58396   10000.01 
18   38 
28.59041   10000 
18   38 
28.59043   10000 
18   38 
28.59041   10000.01 
18   38 
28.59686   10000 
18   38 
28.59688   10000 
18   38 
28.59686   10000.01 
18   38 
28.60331   10000 
18   38 
28.60334   10000 
18   38 
28.60331   10000.01 
18   38 
28.60976   10000 
18   38 
28.60979   10000 
18   38 
28.60976   10000.01 
18   38 
28.61622   10000 
18   38 
28.61625   10000 
18   38 
28.61622   10000.01 
18   38 
28.62268   10000 
18   38 
28.62271   10000 
18   38 
28.62268   10000.01 
18   38 
28.62915   10000 
18   38 
28.62918   10000 
18   38 
28.62915   10000.01 
18   38 
28.63562   10000 
18   38 
28.63565   10000 
18   38 
28.63562   10000.01 
18   38 
28.64209   10000 
18   38 
28.64212   10000 
18   38 
28.64209   10000.01 
18   38 
28.64856   10000 
18   38 
28.64859   10000 
18   38 
28.64856   10000.01 
18   38 
28.65504   10000 
18   38 
28.65507   10000 
18   38 
28.65504   10000.01 
18   38 
28.66152   10000 
18   38 
28.66155   10000 
18   38 
28.66152   10000.01 
18   38 
28.66801   10000 
18   38 
28.66803   10000 
18   38 
28.66801   10000.01 
18   38 
28.67449   10000 
18   38 
28.67452   10000 
18   38 
28.67449   10000.01 
18   38 
28.68098   10000 
18   38 
28.68101   10000 
18   38 
28.68098   10000.01 
18   38 
28.68748   10000 
18   38 
28.6875   10000 
18   38 
28.68748   10000.01 
18   38 
28.69397   10000 
18   38 
28.694   10000 
18   38 
28.69397   10000.01 
18   38 
28.70047   10000 
18   38 
28.7005   10000 
18   38 
28.70047   10000.01 
18   38 
28.70697   10000 
18   38 
28.707   10000 
18   38 
28.70697   10000.01 
18   38 
28.71348   10000 
18   38 
28.71351   10000 
18   38 
28.71348   10000.01 
18   38 
28.71999   10000 
18   38 
28.72002   10000 
18   38 
28.71999   10000.01 
18   38 
28.7265   10000 
18   38 
28.72653   10000 
18   38 
28.7265   10000.01 
18   38 
28.73301   10000 
18   38 
28.73304   10000 
18   38 
28.73301   10000.01 
18   38 
28.73953   10000 
18   38 
28.73956   10000 
18   38 
28.73953   10000.01 
18   38 
28.74605   10000 
18   38 
28.74608   10000 
18   38 
28.74605   10000.01 
18   38 
28.75258   10000 
18   38 
28.7526   10000 
18   38 
28.75258   10000.01 
18   38 
28.7591   10000 
18   38 
28.75913   10000 
18   38 
28.7591   10000.01 
18   38 
28.76563   10000 
18   38 
28.76566   10000 
18   38 
28.76563   10000.01 
18   38 
28.77217   10000 
18   38 
28.77219   10000 
18   38 
28.77217   10000.01 
18   38 
28.7787   10000 
18   38 
28.77873   10000 
18   38 
28.7787   10000.01 
18   38 
28.78524   10000 
18   38 
28.78527   10000 
18   38 
28.78524   10000.01 
18   38 
28.79178   10000 
18   38 
28.79181   10000 
18   38 
28.79178   10000.01 
18   38 
28.79833   10000 
18   38 
28.79836   10000 
18   38 
28.79833   10000.01 
18   38 
28.80488   10000 
18   38 
28.8049   10000 
18   38 
28.80488   10000.01 
18   38 
28.81143   10000 
18   38 
28.81146   10000 
18   38 
28.81143   10000.01 
18   38 
28.81798   10000 
18   38 
28.81801   10000 
18   38 
28.81798   10000.01 
18   38 
28.82454   10000 
18   38 
28.82457   10000 
18   38 
28.82454   10000.01 
18   38 
28.8311   10000 
18   38 
28.83113   10000 
18   38 
28.8311   10000.01 
18   38 
28.83766   10000 
18   38 
28.83769   10000 
18   38 
28.83766   10000.01 
18   38 
28.84423   10000 
18   38 
28.84425   10000 
18   38 
28.84423   10000.01 
18   38 
28.85079   10000 
18   38 
28.85082   10000 
18   38 
28.85079   10000.01 
18   38 
28.85737   10000 
18   38 
28.85739   10000 
18   38 
28.85737   10000.01 
18   38 
28.86394   10000 
18   38 
28.86397   10000 
18   38 
28.86394   10000.01 
18   38 
28.87052   10000 
18   38 
28.87055   10000 
18   38 
28.87052   10000.01 
18   38 
28.8771   10000 
18   38 
28.87713   10000 
18   38 
28.8771   10000.01 
18   38 
28.88368   10000 
18   38 
28.88371   10000 
18   38 
28.88368   10000.01 
18   38 
28.89027   10000 
18   38 
28.8903   10000 
18   38 
28.89027   10000.01 
18   38 
28.89686   10000 
18   38 
28.89689   10000 
18   38 
28.89686   10000.01 
18   38 
28.90345   10000 
18   38 
28.90348   10000 
18   38 
28.90345   10000.01 
18   38 
28.91004   10000 
18   38 
28.91007   10000 
18   38 
28.91004   10000.01 
18   38 
28.91664   10000 
18   38 
28.91667   10000 
18   38 
28.91664   10000.01 
18   38 
28.92324   10000 
18   38 
28.92327   10000 
18   38 
28.92324   10000.01 
18   38 
28.92985   10000 
18   38 
28.92988   10000 
18   38 
28.92985   10000.01 
18   38 
28.93645   10000 
18   38 
28.93648   10000 
18   38 
28.93645   10000.01 
18   38 
28.94306   10000 
18   38 
28.94309   10000 
18   38 
28.94306   10000.01 
18   38 
28.94968   10000 
18   38 
28.9497   10000 
18   38 
28.94968   10000.01 
18   38 
28.95629   10000 
18   38 
28.95632   10000 
18   38 
28.95629   10000.01 
18   38 
28.96291   10000 
18   38 
28.96294   10000 
18   38 
28.96291   10000.01 
18   38 
28.96953   10000 
18   38 
28.96956   10000 
18   38 
28.96953   10000.01 
18   38 
28.97615   10000 
18   38 
28.97618   10000 
18   38 
28.97615   10000.01 
18   38 
28.98278   10000 
18   38 
28.98281   10000 
18   38 
28.98278   10000.01 
18   38 
28.98941   10000 
18   38 
28.98944   10000 
18   38 
28.98941   10000.01 
18   38 
28.99604   10000 
18   38 
28.99607   10000 
18   38 
28.99604   10000.01 
18   38 
29.00268   10000 
18   38 
29.00271   10000 
18   38 
29.00268   10000.01 
18   38 
29.00931   10000 
18   38 
29.00934   10000 
18   38 
29.00931   10000.01 
18   38 
29.01595   10000 
18   38 
29.01598   10000 
18   38 
29.01595   10000.01 
18   38 
29.0226   10000 
18   38 
29.02263   10000 
18   38 
29.0226   10000.01 
18   38 
29.02924   10000 
18   38 
29.02927   10000 
18   38 
29.02924   10000.01 
18   38 
29.03589   10000 
18   38 
29.03592   10000 
18   38 
29.03589   10000.01 
18   38 
29.04254   10000 
18   38 
29.04257   10000 
18   38 
29.04254   10000.01 
18   38 
29.0492   10000 
18   38 
29.04923   10000 
18   38 
29.0492   10000.01 
18   38 
29.05585   10000 
18   38 
29.05588   10000 
18   38 
29.05585   10000.01 
18   38 
29.06251   10000 
18   38 
29.06254   10000 
18   38 
29.06251   10000.01 
18   38 
29.06918   10000 
18   38 
29.06921   10000 
18   38 
29.06918   10000.01 
18   38 
29.07584   10000 
18   38 
29.07587   10000 
18   38 
29.07584   10000.01 
18   38 
29.08251   10000 
18   38 
29.08254   10000 
18   38 
29.08251   10000.01 
18   38 
29.08918   10000 
18   38 
29.08921   10000 
18   38 
29.08918   10000.01 
18   38 
29.09585   10000 
18   38 
29.09588   10000 
18   38 
29.09585   10000.01 
18   38 
29.10253   10000 
18   38 
29.10256   10000 
18   38 
29.10253   10000.01 
18   38 
29.10921   10000 
18   38 
29.10924   10000 
18   38 
29.10921   10000.01 
18   38 
29.11589   10000 
18   38 
29.11592   10000 
18   38 
29.11589   10000.01 
18   38 
29.12257   10000 
18   38 
29.1226   10000 
18   38 
29.12257   10000.01 
18   38 
29.12926   10000 
18   38 
29.12929   10000 
18   38 
29.12926   10000.01 
18   38 
29.13595   10000 
18   38 
29.13598   10000 
18   38 
29.13595   10000.01 
18   38 
29.14264   10000 
18   38 
29.14267   10000 
18   38 
29.14264   10000.01 
18   38 
29.14934   10000 
18   38 
29.14937   10000 
18   38 
29.14934   10000.01 
18   38 
29.15603   10000 
18   38 
29.15606   10000 
18   38 
29.15603   10000.01 
18   38 
29.16273   10000 
18   38 
29.16276   10000 
18   38 
29.16273   10000.01 
18   38 
29.16944   10000 
18   38 
29.16946   10000 
18   38 
29.16944   10000.01 
18   38 
29.17614   10000 
18   38 
29.17617   10000 
18   38 
29.17614   10000.01 
18   38 
29.18285   10000 
18   38 
29.18288   10000 
18   38 
29.18285   10000.01 
18   38 
29.18956   10000 
18   38 
29.18959   10000 
18   38 
29.18956   10000.01 
18   38 
29.19627   10000 
18   38 
29.1963   10000 
18   38 
29.19627   10000.01 
18   38 
29.20299   10000 
18   38 
29.20302   10000 
18   38 
29.20299   10000.01 
18   38 
29.2097   10000 
18   38 
29.20973   10000 
18   38 
29.2097   10000.01 
18   38 
29.21642   10000 
18   38 
29.21645   10000 
18   38 
29.21642   10000.01 
18   38 
29.22315   10000 
18   38 
29.22318   10000 
18   38 
29.22315   10000.01 
18   38 
29.22987   10000 
18   38 
29.2299   10000 
18   38 
29.22987   10000.01 
18   38 
29.2366   10000 
18   38 
29.23663   10000 
18   38 
29.2366   10000.01 
18   38 
29.24333   10000 
18   38 
29.24336   10000 
18   38 
29.24333   10000.01 
18   38 
29.25006   10000 
18   38 
29.25009   10000 
18   38 
29.25006   10000.01 
18   38 
29.2568   10000 
18   38 
29.25683   10000 
18   38 
29.2568   10000.01 
18   38 
29.26354   10000 
18   38 
29.26357   10000 
18   38 
29.26354   10000.01 
18   38 
29.27028   10000 
18   38 
29.27031   10000 
18   38 
29.27028   10000.01 
18   38 
29.27702   10000 
18   38 
29.27705   10000 
18   38 
29.27702   10000.01 
18   38 
29.28377   10000 
18   38 
29.28379   10000 
18   38 
29.28377   10000.01 
18   38 
29.29051   10000 
18   38 
29.29054   10000 
18   38 
29.29051   10000.01 
18   38 
29.29726   10000 
18   38 
29.29729   10000 
18   38 
29.29726   10000.01 
18   38 
29.30402   10000 
18   38 
29.30405   10000 
18   38 
29.30402   10000.01 
18   38 
29.31077   10000 
18   38 
29.3108   10000 
18   38 
29.31077   10000.01 
18   38 
29.31753   10000 
18   38 
29.31756   10000 
18   38 
29.31753   10000.01 
18   38 
29.32429   10000 
18   38 
29.32432   10000 
18   38 
29.32429   10000.01 
18   38 
29.33105   10000 
18   38 
29.33108   10000 
18   38 
29.33105   10000.01 
18   38 
29.33782   10000 
18   38 
29.33784   10000 
18   38 
29.33782   10000.01 
18   38 
29.34458   10000 
18   38 
29.34461   10000 
18   38 
29.34458   10000.01 
18   38 
29.35135   10000 
18   38 
29.35138   10000 
18   38 
29.35135   10000.01 
18   38 
29.35812   10000 
18   38 
29.35815   10000 
18   38 
29.35812   10000.01 
18   38 
29.3649   10000 
18   38 
29.36493   10000 
18   38 
29.3649   10000.01 
18   38 
29.37167   10000 
18   38 
29.3717   10000 
18   38 
29.37167   10000.01 
18   38 
29.37845   10000 
18   38 
29.37848   10000 
18   38 
29.37845   10000.01 
18   38 
29.38523   10000 
18   38 
29.38526   10000 
18   38 
29.38523   10000.01 
18   38 
29.39202   10000 
18   38 
29.39205   10000 
18   38 
29.39202   10000.01 
18   38 
29.3988   10000 
18   38 
29.39883   10000 
18   38 
29.3988   10000.01 
18   38 
29.40559   10000 
18   38 
29.40562   10000 
18   38 
29.40559   10000.01 
18   38 
29.41238   10000 
18   38 
29.41241   10000 
18   38 
29.41238   10000.01 
18   38 
29.41917   10000 
18   38 
29.4192   10000 
18   38 
29.41917   10000.01 
18   38 
29.42597   10000 
18   38 
29.426   10000 
18   38 
29.42597   10000.01 
18   38 
29.43276   10000 
18   38 
29.43279   10000 
18   38 
29.43276   10000.01 
18   38 
29.43956   10000 
18   38 
29.43959   10000 
18   38 
29.43956   10000.01 
18   38 
29.44636   10000 
18   38 
29.44639   10000 
18   38 
29.44636   10000.01 
18   38 
29.45317   10000 
18   38 
29.4532   10000 
18   38 
29.45317   10000.01 
18   38 
29.45997   10000 
18   38 
29.46   10000 
18   38 
29.45997   10000.01 
18   38 
29.46678   10000 
18   38 
29.46681   10000 
18   38 
29.46678   10000.01 
18   38 
29.47359   10000 
18   38 
29.47362   10000 
18   38 
29.47359   10000.01 
18   38 
29.4804   10000 
18   38 
29.48043   10000 
18   38 
29.4804   10000.01 
18   38 
29.48722   10000 
18   38 
29.48725   10000 
18   38 
29.48722   10000.01 
18   38 
29.49404   10000 
18   38 
29.49407   10000 
18   38 
29.49404   10000.01 
18   38 
29.50085   10000 
18   38 
29.50088   10000 
18   38 
29.50085   10000.01 
18   38 
29.50768   10000 
18   38 
29.50771   10000 
18   38 
29.50768   10000.01 
18   38 
29.5145   10000 
18   38 
29.51453   10000 
18   38 
29.5145   10000.01 
18   38 
29.52132   10000 
18   38 
29.52135   10000 
18   38 
29.52132   10000.01 
18   38 
29.52815   10000 
18   38 
29.52818   10000 
18   38 
29.52815   10000.01 
18   38 
29.53498   10000 
18   38 
29.53501   10000 
18   38 
29.53498   10000.01 
18   38 
29.54181   10000 
18   38 
29.54184   10000 
18   38 
29.54181   10000.01 
18   38 
29.54865   10000 
18   38 
29.54868   10000 
18   38 
29.54865   10000.01 
18   38 
29.55548   10000 
18   38 
29.55551   10000 
18   38 
29.55548   10000.01 
18   38 
29.56232   10000 
18   38 
29.56235   10000 
18   38 
29.56232   10000.01 
18   38 
29.56916   10000 
18   38 
29.56919   10000 
18   38 
29.56916   10000.01 
18   38 
29.576   10000 
18   38 
29.57603   10000 
18   38 
29.576   10000.01 
18   38 
29.58284   10000 
18   38 
29.58287   10000 
18   38 
29.58284   10000.01 
18   38 
29.58969   10000 
18   38 
29.58972   10000 
18   38 
29.58969   10000.01 
18   38 
29.59654   10000 
18   38 
29.59657   10000 
18   38 
29.59654   10000.01 
18   38 
29.60339   10000 
18   38 
29.60342   10000 
18   38 
29.60339   10000.01 
18   38 
29.61024   10000 
18   38 
29.61027   10000 
18   38 
29.61024   10000.01 
18   38 
29.61709   10000 
18   38 
29.61712   10000 
18   38 
29.61709   10000.01 
18   38 
29.62395   10000 
18   38 
29.62398   10000 
18   38 
29.62395   10000.01 
18   38 
29.63081   10000 
18   38 
29.63084   10000 
18   38 
29.63081   10000.01 
18   38 
29.63767   10000 
18   38 
29.6377   10000 
18   38 
29.63767   10000.01 
18   38 
29.64453   10000 
18   38 
29.64456   10000 
18   38 
29.64453   10000.01 
18   38 
29.65139   10000 
18   38 
29.65142   10000 
18   38 
29.65139   10000.01 
18   38 
29.65826   10000 
18   38 
29.65829   10000 
18   38 
29.65826   10000.01 
18   38 
29.66512   10000 
18   38 
29.66515   10000 
18   38 
29.66512   10000.01 
18   38 
29.67199   10000 
18   38 
29.67202   10000 
18   38 
29.67199   10000.01 
18   38 
29.67886   10000 
18   38 
29.67889   10000 
18   38 
29.67886   10000.01 
18   38 
29.68574   10000 
18   38 
29.68577   10000 
18   38 
29.68574   10000.01 
18   38 
29.69261   10000 
18   38 
29.69264   10000 
18   38 
29.69261   10000.01 
18   38 
29.69949   10000 
18   38 
29.69952   10000 
18   38 
29.69949   10000.01 
18   38 
29.70636   10000 
18   38 
29.70639   10000 
18   38 
29.70636   10000.01 
18   38 
29.71324   10000 
18   38 
29.71327   10000 
18   38 
29.71324   10000.01 
18   38 
29.72013   10000 
18   38 
29.72016   10000 
18   38 
29.72013   10000.01 
18   38 
29.72701   10000 
18   38 
29.72704   10000 
18   38 
29.72701   10000.01 
18   38 
29.7339   10000 
18   38 
29.73393   10000 
18   38 
29.7339   10000.01 
18   38 
29.74078   10000 
18   38 
29.74081   10000 
18   38 
29.74078   10000.01 
18   38 
29.74767   10000 
18   38 
29.7477   10000 
18   38 
29.74767   10000.01 
18   38 
29.75456   10000 
18   38 
29.75459   10000 
18   38 
29.75456   10000.01 
18   38 
29.76145   10000 
18   38 
29.76148   10000 
18   38 
29.76145   10000.01 
18   38 
29.76835   10000 
18   38 
29.76838   10000 
18   38 
29.76835   10000.01 
18   38 
29.77524   10000 
18   38 
29.77527   10000 
18   38 
29.77524   10000.01 
18   38 
29.78214   10000 
18   38 
29.78217   10000 
18   38 
29.78214   10000.01 
18   38 
29.78904   10000 
18   38 
29.78907   10000 
18   38 
29.78904   10000.01 
18   38 
29.79594   10000 
18   38 
29.79597   10000 
18   38 
29.79594   10000.01 
18   38 
29.80284   10000 
18   38 
29.80287   10000 
18   38 
29.80284   10000.01 
18   38 
29.80975   10000 
18   38 
29.80978   10000 
18   38 
29.80975   10000.01 
18   38 
29.81665   10000 
18   38 
29.81668   10000 
18   38 
29.81665   10000.01 
18   38 
29.82356   10000 
18   38 
29.82359   10000 
18   38 
29.82356   10000.01 
18   38 
29.83047   10000 
18   38 
29.8305   10000 
18   38 
29.83047   10000.01 
18   38 
29.83738   10000 
18   38 
29.83741   10000 
18   38 
29.83738   10000.01 
18   38 
29.84429   10000 
18   38 
29.84432   10000 
18   38 
29.84429   10000.01 
18   38 
29.85121   10000 
18   38 
29.85124   10000 
18   38 
29.85121   10000.01 
18   38 
29.85812   10000 
18   38 
29.85815   10000 
18   38 
29.85812   10000.01 
18   38 
29.86504   10000 
18   38 
29.86507   10000 
18   38 
29.86504   10000.01 
18   38 
29.87196   10000 
18   38 
29.87199   10000 
18   38 
29.87196   10000.01 
18   38 
29.87888   10000 
18   38 
29.87891   10000 
18   38 
29.87888   10000.01 
18   38 
29.8858   10000 
18   38 
29.88583   10000 
18   38 
29.8858   10000.01 
18   38 
29.89272   10000 
18   38 
29.89275   10000 
18   38 
29.89272   10000.01 
18   38 
29.89964   10000 
18   38 
29.89967   10000 
18   38 
29.89964   10000.01 
18   38 
29.90657   10000 
18   38 
29.9066   10000 
18   38 
29.90657   10000.01 
18   38 
29.9135   10000 
18   38 
29.91353   10000 
18   38 
29.9135   10000.01 
18   38 
29.92043   10000 
18   38 
29.92046   10000 
18   38 
29.92043   10000.01 
18   38 
29.92736   10000 
18   38 
29.92739   10000 
18   38 
29.92736   10000.01 
18   38 
29.93429   10000 
18   38 
29.93432   10000 
18   38 
29.93429   10000.01 
18   38 
29.94122   10000 
18   38 
29.94125   10000 
18   38 
29.94122   10000.01 
18   38 
29.94816   10000 
18   38 
29.94819   10000 
18   38 
29.94816   10000.01 
18   38 
29.95509   10000 
18   38 
29.95512   10000 
18   38 
29.95509   10000.01 
18   38 
29.96203   10000 
18   38 
29.96206   10000 
18   38 
29.96203   10000.01 
18   38 
29.96897   10000 
18   38 
29.969   10000 
18   38 
29.96897   10000.01 
18   38 
29.97591   10000 
18   38 
29.97594   10000 
18   38 
29.97591   10000.01 
18   38 
29.98285   10000 
18   38 
29.98288   10000 
18   38 
29.98285   10000.01 
18   38 
29.98979   10000 
18   38 
29.98982   10000 
18   38 
29.98979   10000.01 
18   38 
29.99674   10000 
18   38 
29.99677   10000 
18   38 
29.99674   10000.01 
18   38 
30.00368   10000 
18   38 
30.00371   10000 
18   38 
30.00368   10000.01 
18   38 
30.01063   10000 
18   38 
30.01066   10000 
18   38 
30.01063   10000.01 
18   38 
30.01757   10000 
18   38 
30.0176   10000 
18   38 
30.01757   10000.01 
18   38 
30.02452   10000 
18   38 
30.02455   10000 
18   38 
30.02452   10000.01 
18   38 
30.03147   10000 
18   38 
30.0315   10000 
18   38 
30.03147   10000.01 
18   38 
30.03843   10000 
18   38 
30.03846   10000 
18   38 
30.03843   10000.01 
18   38 
30.04538   10000 
18   38 
30.04541   10000 
18   38 
30.04538   10000.01 
18   38 
30.05233   10000 
18   38 
30.05236   10000 
18   38 
30.05233   10000.01 
18   38 
30.05929   10000 
18   38 
30.05932   10000 
18   38 
30.05929   10000.01 
18   38 
30.06624   10000 
18   38 
30.06627   10000 
18   38 
30.06624   10000.01 
18   38 
30.0732   10000 
18   38 
30.07323   10000 
18   38 
30.0732   10000.01 
18   38 
30.08016   10000 
18   38 
30.08019   10000 
18   38 
30.08016   10000.01 
18   38 
30.08712   10000 
18   38 
30.08715   10000 
18   38 
30.08712   10000.01 
18   38 
30.09408   10000 
18   38 
30.09411   10000 
18   38 
30.09408   10000.01 
18   38 
30.10104   10000 
18   38 
30.10107   10000 
18   38 
30.10104   10000.01 
18   38 
30.108   10000 
18   38 
30.10803   10000 
18   38 
30.108   10000.01 
18   38 
30.11497   10000 
18   38 
30.115   10000 
18   38 
30.11497   10000.01 
18   38 
30.12193   10000 
18   38 
30.12196   10000 
18   38 
30.12193   10000.01 
18   38 
30.1289   10000 
18   38 
30.12893   10000 
18   38 
30.1289   10000.01 
18   38 
30.13587   10000 
18   38 
30.1359   10000 
18   38 
30.13587   10000.01 
18   38 
30.14284   10000 
18   38 
30.14287   10000 
18   38 
30.14284   10000.01 
18   38 
30.14981   10000 
18   38 
30.14984   10000 
18   38 
30.14981   10000.01 
18   38 
30.15678   10000 
18   38 
30.15681   10000 
18   38 
30.15678   10000.01 
18   38 
30.16375   10000 
18   38 
30.16378   10000 
18   38 
30.16375   10000.01 
18   38 
30.17072   10000 
18   38 
30.17075   10000 
18   38 
30.17072   10000.01 
18   38 
30.17769   10000 
18   38 
30.17772   10000 
18   38 
30.17769   10000.01 
18   38 
30.18467   10000 
18   38 
30.1847   10000 
18   38 
30.18467   10000.01 
18   38 
30.19164   10000 
18   38 
30.19167   10000 
18   38 
30.19164   10000.01 
18   38 
30.19862   10000 
18   38 
30.19865   10000 
18   38 
30.19862   10000.01 
18   38 
30.2056   10000 
18   38 
30.20563   10000 
18   38 
30.2056   10000.01 
18   38 
30.21258   10000 
18   38 
30.21261   10000 
18   38 
30.21258   10000.01 
18   38 
30.21955   10000 
18   38 
30.21958   10000 
18   38 
30.21955   10000.01 
18   38 
30.22653   10000 
18   38 
30.22656   10000 
18   38 
30.22653   10000.01 
18   38 
30.23352   10000 
18   38 
30.23355   10000 
18   38 
30.23352   10000.01 
18   38 
30.2405   10000 
18   38 
30.24053   10000 
18   38 
30.2405   10000.01 
18   38 
30.24748   10000 
18   38 
30.24751   10000 
18   38 
30.24748   10000.01 
18   38 
30.25446   10000 
18   38 
30.25449   10000 
18   38 
30.25446   10000.01 
18   38 
30.26145   10000 
18   38 
30.26148   10000 
18   38 
30.26145   10000.01 
18   38 
30.26843   10000 
18   38 
30.26846   10000 
18   38 
30.26843   10000.01 
18   38 
30.27542   10000 
18   38 
30.27545   10000 
18   38 
30.27542   10000.01 
18   38 
30.2824   10000 
18   38 
30.28243   10000 
18   38 
30.2824   10000.01 
18   38 
30.28939   10000 
18   38 
30.28942   10000 
18   38 
30.28939   10000.01 
18   38 
30.29638   10000 
18   38 
30.29641   10000 
18   38 
30.29638   10000.01 
18   38 
30.30337   10000 
18   38 
30.3034   10000 
18   38 
30.30337   10000.01 
18   38 
30.31036   10000 
18   38 
30.31039   10000 
18   38 
30.31036   10000.01 
18   38 
30.31735   10000 
18   38 
30.31738   10000 
18   38 
30.31735   10000.01 
18   38 
30.32434   10000 
18   38 
30.32437   10000 
18   38 
30.32434   10000.01 
18   38 
30.33133   10000 
18   38 
30.33136   10000 
18   38 
30.33133   10000.01 
18   38 
30.33832   10000 
18   38 
30.33835   10000 
18   38 
30.33832   10000.01 
18   38 
30.34531   10000 
18   38 
30.34534   10000 
18   38 
30.34531   10000.01 
18   38 
30.35231   10000 
18   38 
30.35234   10000 
18   38 
30.35231   10000.01 
18   38 
30.3593   10000 
18   38 
30.35933   10000 
18   38 
30.3593   10000.01 
18   38 
30.3663   10000 
18   38 
30.36633   10000 
18   38 
30.3663   10000.01 
18   38 
30.37329   10000 
18   38 
30.37332   10000 
18   38 
30.37329   10000.01 
18   38 
30.38029   10000 
18   38 
30.38032   10000 
18   38 
30.38029   10000.01 
18   38 
30.38728   10000 
18   38 
30.38731   10000 
18   38 
30.38728   10000.01 
18   38 
30.39428   10000 
18   38 
30.39431   10000 
18   38 
30.39428   10000.01 
18   38 
30.40128   10000 
18   38 
30.40131   10000 
18   38 
30.40128   10000.01 
18   38 
30.40828   10000 
18   38 
30.40831   10000 
18   38 
30.40828   10000.01 
18   38 
30.41528   10000 
18   38 
30.41531   10000 
18   38 
30.41528   10000.01 
18   38 
30.42227   10000 
18   38 
30.42231   10000 
18   38 
30.42227   10000.01 
18   38 
30.42927   10000 
18   38 
30.4293   10000 
18   38 
30.42927   10000.01 
18   38 
30.43627   10000 
18   38 
30.4363   10000 
18   38 
30.43627   10000.01 
18   38 
30.44327   10000 
18   38 
30.44331   10000 
18   38 
30.44327   10000.01 
18   38 
30.45028   10000 
18   38 
30.45031   10000 
18   38 
30.45028   10000.01 
18   38 
30.45728   10000 
18   38 
30.45731   10000 
18   38 
30.45728   10000.01 
18   38 
30.46428   10000 
18   38 
30.46431   10000 
18   38 
30.46428   10000.01 
18   38 
30.47128   10000 
18   38 
30.47131   10000 
18   38 
30.47128   10000.01 
18   38 
30.47828   10000 
18   38 
30.47831   10000 
18   38 
30.47828   10000.01 
18   38 
30.48529   10000 
18   38 
30.48532   10000 
18   38 
30.48529   10000.01 
18   38 
30.49229   10000 
18   38 
30.49232   10000 
18   38 
30.49229   10000.01 
18   38 
30.49929   10000 
18   38 
30.49932   10000 
18   38 
30.49929   10000.01 
18   38 
30.5063   10000 
18   38 
30.50633   10000 
18   38 
30.5063   10000.01 
18   38 
30.5133   10000 
18   38 
30.51333   10000 
18   38 
30.5133   10000.01 
18   38 
30.52031   10000 
18   38 
30.52034   10000 
18   38 
30.52031   10000.01 
18   38 
30.52731   10000 
18   38 
30.52734   10000 
18   38 
30.52731   10000.01 
18   38 
30.53432   10000 
18   38 
30.53435   10000 
18   38 
30.53432   10000.01 
18   38 
30.54132   10000 
18   38 
30.54135   10000 
18   38 
30.54132   10000.01 
18   38 
30.54833   10000 
18   38 
30.54836   10000 
18   38 
30.54833   10000.01 
18   38 
30.55533   10000 
18   38 
30.55536   10000 
18   38 
30.55533   10000.01 
18   38 
30.56234   10000 
18   38 
30.56237   10000 
18   38 
30.56234   10000.01 
18   38 
30.56935   10000 
18   38 
30.56938   10000 
18   38 
30.56935   10000.01 
18   38 
30.57635   10000 
18   38 
30.57638   10000 
18   38 
30.57635   10000.01 
18   38 
30.58336   10000 
18   38 
30.58339   10000 
18   38 
30.58336   10000.01 
18   38 
30.59037   10000 
18   38 
30.5904   10000 
18   38 
30.59037   10000.01 
18   38 
30.59737   10000 
18   38 
30.5974   10000 
18   38 
30.59737   10000.01 
18   38 
30.60438   10000 
18   38 
30.60441   10000 
18   38 
30.60438   10000.01 
18   38 
30.61139   10000 
18   38 
30.61142   10000 
18   38 
30.61139   10000.01 
18   38 
30.6184   10000 
18   38 
30.61843   10000 
18   38 
30.6184   10000.01 
18   38 
30.6254   10000 
18   38 
30.62543   10000 
18   38 
30.6254   10000.01 
18   38 
30.63241   10000 
18   38 
30.63244   10000 
18   38 
30.63241   10000.01 
18   38 
30.63942   10000 
18   38 
30.63945   10000 
18   38 
30.63942   10000.01 
18   38 
30.64643   10000 
18   38 
30.64646   10000 
18   38 
30.64643   10000.01 
18   38 
30.65343   10000 
18   38 
30.65346   10000 
18   38 
30.65343   10000.01 
18   38 
30.66044   10000 
18   38 
30.66047   10000 
18   38 
30.66044   10000.01 
18   38 
30.66745   10000 
18   38 
30.66748   10000 
18   38 
30.66745   10000.01 
18   38 
7376.48   9999.993 
18   38 
765.2487   9999.999 
18   38 
392.6205   10000 
18   38 
141.3169   10000 
18   38 
60.6074   10000 
18   38 
40.49792   10000 
18   38 
40.49796   10000 
18   38 
40.49792   10000.01 
18   38 
39.29464   10000 
18   38 
39.29468   10000 
18   38 
39.29464   10000.01 
18   38 
39.46216   10000 
18   38 
39.4622   10000 
18   38 
39.46216   10000.01 
18   38 
39.45607   10000 
18   38 
39.45611   10000 
18   38 
39.45607   10000.01 
18   38 
39.45603   10000 
18   38 
39.46001   10000 
18   38 
39.45212   10000 
18   38 
39.45607   10001 
18   38 
39.45607   9999 
18   38 
39.45605   10000 
18   38 
39.46   10000 
18   38 
39.45211   10000 
18   38 
39.45605   10001 
18   38 
39.45605   9999 
Fit Mean:  39.45605  Size:  10000  Code:  1 
> 
> cat("Final Fit Mean: ", nb_fit_mu, " Size: ", nb_fit_size, " Code: ", nb_fit$code, " Try Size: ", try_size, "\n")
Final Fit Mean:  39.45605  Size:  10000  Code:  1  Try Size:  10000 
> 
> ## Fit failed = reset parameters so graphing and output code can recognize this
> if ((nb_fit_mu < 0) || (nb_fit_size < 0) || (nb_fit$code != 1))
+ {
+   nb_fit_mu = 0
+   nb_fit_size = 0
+ }
> 
> 
> ## things can go wrong with fitting and we can still end up with invalid values
> 
> fit_nb = c()
> included_fract = 0
> if (nb_fit_mu > 0)
+ {
+   end_fract = pnbinom(end_i_for_fits, mu = nb_fit_mu, size=nb_fit_size)
+   start_fract = pnbinom(start_i_for_fits, mu = nb_fit_mu, size=nb_fit_size)
+   included_fract = end_fract-start_fract;
+ 
+   if (included_fract >= 0.01) {
+ 
+     ## Adjust so that we are back in full coords before making fit!!
+     if (num_per_bin > 1) 
+     {
+       nb_fit_mu = nb_fit_mu * num_per_bin
+     }
+     fit_nb = dnbinom(0:max(X$coverage), mu = nb_fit_mu, size=nb_fit_size)*inner_total/included_fract;
+   }
+ }
> 
> ## If an insufficient amount of fit was included, then invalidate it
> if (included_fract < 0.01)
+ {
+   nb_fit_mu = 0
+   nb_fit_size = 0
+ }
> 
> f_p <- function(par) {
+ 
+   lambda = par[1];
+ 
+   if (lambda <= 0)
+   {
+     return(0);
+   }
+   
+ 	total <- 0;
+ 	for (i in start_i_for_fits:end_i_for_fits)
+ 	{	
+     #cat(i, " ", lambda, "\n");
+ 		dist[i] <- dpois(i, lambda=lambda);
+ 		total <- total + dist[i] 
+ 	}
+ 	#print (total)
+ 
+  	l <- 0;
+ 	for (i in start_i_for_fits:end_i_for_fits)
+ 	{
+ 		l <- l + ((X.for.fits[i]/inner_total)-(dist[i]/total))^2;
+ 	}
+ 	return(l);
+ }
> 
> 
> ## Fit Poisson 
> ## - allow fit to fail and set all params to zero/empty if that is the case
> 
> p_fit = NULL
> try(suppressWarnings(p_fit<-nlm(f_p, c(m), print.level=this.print.level)))
> 
> fit_p = c()
> if (!is.null(p_fit) && (p_fit$estimate[1] > 0))
+ {
+   #print (nb_fit$estimate[1])
+   p_fit_lambda = p_fit$estimate[1];
+   #print(0:max(X$coverage))
+ 
+   end_fract = ppois(end_i_for_fits, lambda = p_fit_lambda)
+   start_fract = ppois(start_i_for_fits, lambda = p_fit_lambda)
+   included_fract = end_fract-start_fract;
+ 
+   ## Adjust so that we are back in full coords before making fit!!
+   if (num_per_bin > 1) 
+   {
+     p_fit_lambda = p_fit_lambda * num_per_bin
+   }
+   fit_p<-dpois(0:max(X$coverage), lambda = p_fit_lambda)*inner_total/included_fract;
+ }
> 
> 
> ## Graphing
> ##
> ## don't graph very high values with very little coverage
> i<-max_i
> while (i <= length(X$n) && X$n[i]>0.01*max_n)
+ {		
+ 	i <- i+1;
+ }
> graph_end_i <-i
> 
> ## Ths leaves enough room to the right of the peak for the legend
> graph_end_i = max(floor(2.2 * max_i), graph_end_i);
> 
> ## graphics settings
> my_pch = 21
> my_col = "black";
> my_col_censored = "red";
> 
> if (pdf_output == 0) {
+   
+   ## bitmap() requires ghostscript to be installed.
+   ## taa=4, gaa=2 options NOT compatible with earlier R versions!
+   ## units = "px" NOT compatible with even earlier R versions!
+   
+   if(!capabilities(what = "png"))
+   {
+     ## fallback to ghostscript
+     bitmap(plot_file, height=6, width=7, type = "png16m", res = 72, pointsize=18)
+   } else {
+     ## use X11 function, which gives better resolution
+     png(plot_file, height=6, width=7, units ="in", res = 72, pointsize=18)
+     par(family="sans")
+   }
+ } else {
+   pdf(plot_file, height=6, width=7)
+   par(family="sans")
+ }
> 
> par(mar=c(5.5,7.5,3,1.5));
> 
> max_y = 0
> if (plot_poisson) {
+ 	max_y = max(X$n, fit_p, fit_nb)
+ } else {
+ 	max_y = max(X$n, fit_nb)
+ }
> 
> plot(0:10, 0:10, type="n", lty="solid", ylim=c(0, max_y)*1.05, xlim=c(0, graph_end_i), lwd=1, xaxs="i", yaxs="i", axes=F, las=1, main="Coverage Distribution at Unique-Only Positions", xlab="Coverage depth (reads)", ylab="", cex.lab=1.2, cex.axis=1.2)
> 
> mtext(side = 2, text = "Number of reference positions", line = 5.5, cex=1.2)
> 
> sciNotation <- function(x, digits = 1) {
+     if (length(x) > 1) {
+         return(append(sciNotation(x[1]), sciNotation(x[-1])))     
+ 	} 
+     if (!x) return(0) 
+ 
+ 	exponent <- floor(log10(x)) 
+     base <- round(x / 10^exponent, digits)     
+ 	as.expression(substitute(base %*% 10^exponent, list(base = base, exponent = exponent))) 
+ }
> 
> #axis(2, cex.lab=1.2, las=1, cex.axis=1.2, labels=T, at=(0:6)*50000)
> axis(2, cex.lab=1.2, las=1, cex.axis=1.2, at = axTicks(2), labels = sciNotation(axTicks(2), 1))
> axis(1, cex.lab=1.2, cex.axis=1.2, labels=T)
> box()
> 
> #graph the coverage as points
> fit_data <- subset(X, (coverage>=start_i) & (coverage<=end_i) );
> points(fit_data$coverage, fit_data$n, pch=my_pch, col=my_col, bg="white", cex=1.2)
> 
> #graph the censored coverage as red points
> cat(start_i, " ", end_i, "\n", sep="")
18 38
> 
> censored_data <- subset(X, (coverage<start_i) | (coverage>end_i) );
> points(censored_data$coverage, censored_data$n, pch=my_pch, col=my_col_censored, bg="white", cex=1.2)
> 
> #graph the poisson fit IF REQUESTED
> if (plot_poisson) {
+ 	lines(0:max(X$coverage), fit_p, lwd=3, lty="22", col="black");
+ }
> 
> #graph the negative binomial fit
> if (nb_fit_mu > 0) {
+   lines(0:max(X$coverage), fit_nb, lwd=3, col="black");
+ }
> 
> if (plot_poisson) {
+ 	legend("topright", c("Coverage distribution", "Censored data", "Negative binomial", "Poisson"), lty=c("blank","blank","solid","22"), lwd=c(1,1,2,2), pch=c(my_pch, my_pch, -1, -1), col=c("black", "red", "black", "black"), bty="n")
+ } else {
+ 	legend("topright", c("Coverage distribution", "Censored data", "Negative binomial"), lty=c("blank","blank","solid"), lwd=c(1,1,2), pch=c(my_pch, my_pch, -1), col=c("black", "red", "black"), bty="n")
+ }
> 
> dev.off()
null device 
          1 
> 
> ## Fit the marginal value that we use for propagating deletions
> 
> if (nb_fit_mu > 0) {
+   cat(nb_fit_size, " ", nb_fit_mu, "\n")
+   deletion_propagation_coverage = suppressWarnings(qnbinom(deletion_propagation_pr_cutoff, size = nb_fit_size, mu = nb_fit_mu))
+ } else {
+   cat("Fallback to calculating off an estimate of just variance = mu + mu^2/size\n")
+   size_estimate = (1/(v-m))*(m*m)
+   cat("Mu estimate=", m," Size estimate =", size_estimate, "\n")
+   deletion_propagation_coverage = suppressWarnings(qnbinom(deletion_propagation_pr_cutoff, size = size_estimate, mu = m))
+   if (is.na(deletion_propagation_coverage) || is.nan(deletion_propagation_coverage) || (deletion_propagation_coverage < 1)) {
+     cat("Double fallback to calculating as just 10% of the mean\n")
+     deletion_propagation_coverage = m * 0.1
+   }
+ }
10000   39.45605 
> 
> #Don't allow one read to indicate non-deleted regions
> if (deletion_propagation_coverage < 1) {
+     deletion_propagation_coverage = 1
+ }
> 
> #This works fine with the negative values
> #If we have both low fit coverage and low straight average coverage then we're deleted...
> if ( (nb_fit_mu <= 3) && (m <= 3) ) {
+   deletion_propagation_coverage = -1
+ }
> 
> #print out statistics
> 
> print(nb_fit_size);
[1] 10000
> print(nb_fit_mu);
[1] 39.45605
> 
> print(m)
[1] 24.99512
> print(v)
[1] 128.7108
> print(D)
[1] 5.149435
> 
> print(deletion_propagation_coverage)
[1] 23
> 
> warnings()
> 
