
R version 4.3.1 (2023-06-16) -- "Beagle Scouts"
Copyright (C) 2023 The R Foundation for Statistical Computing
Platform: x86_64-pc-linux-gnu (64-bit)

R is free software and comes with ABSOLUTELY NO WARRANTY.
You are welcome to redistribute it under certain conditions.
Type 'license()' or 'licence()' for distribution details.

  Natural language support but running in an English locale

R is a collaborative project with many contributors.
Type 'contributors()' for more information and
'citation()' on how to cite R or R packages in publications.

Type 'demo()' for some demos, 'help()' for on-line help, or
'help.start()' for an HTML browser interface to help.
Type 'q()' to quit R.

> ##
> ##
> ## AUTHORS
> ##
> ## Jeffrey E. Barrick <jeffrey.e.barrick@gmail.com>
> ##
> ## LICENSE AND COPYRIGHT
> ##
> ## Copyright (c) 2008-2010 Michigan State University
> ## Copyright (c) 2011-2022 The University of Texas at Austin
> ##
> ## breseq is free software; you can redistribute it and/or modify it under the
> ## terms the GNU General Public License as published by the Free Software
> ## Foundation; either version 1, or (at your option) any later version.
> ##
> ##
> 
> ## Arguments:
> ##   distribution_file=/path/to/input 
> ##   plot_file=/path/to/output 
> ##   deletion_propagation_pr_cutoff=float
> ##   plot_poisson=0 or 1
> ##   pdf_output=0 or 1
> 
> ## Returns these values printed out to output log
> ## 
> ##  1. print(nb_fit_size); # 0 if fit failed
> ##  2. print(nb_fit_mu);   # 0 if fit failed
> ##  3. print(m)q
> ##  4. print(v)
> ##  5. print(D)
> ##  6. print(deletion_propagation_coverage)
> ##     -1 if it was <1 after fitting (implying reference sequence is deleted)
> ##
> 
> plot_poisson = 0;
> pdf_output = 1;
> 
> this.print.level = 0
> #this.print.level = 2
> 
> for (e in commandArgs(TRUE)) {
+   ta = strsplit(e,"=",fixed=TRUE)[[1]]
+   if(length(ta)>1) {
+     temp = ta[2]
+     assign(ta[1],temp)
+     cat("assigned ",ta[1]," the value of |",temp,"|\n")
+   } else {
+     assign(ta[[1]][1],TRUE)
+     cat("assigned ",ta[1]," the value of TRUE\n")
+   }
+ }
assigned  distribution_file  the value of | p3_out/07_error_calibration/91.unique_only_coverage_distribution.tab |
assigned  plot_file  the value of | p3_out/output/calibration/91.unique_coverage.pdf |
assigned  deletion_propagation_pr_cutoff  the value of | 0.00281272 |
> 
> deletion_propagation_pr_cutoff = as.numeric(deletion_propagation_pr_cutoff);
> 
> ## initialize values to be filled in
> nb_fit_mu = 0
> nb_fit_size = 0
> m = 0
> v = 0
> D = 0
> deletion_propagation_coverage = -1
> 
> min_fraction_included_in_nb_fit = 0.01
> 
> #load data
> X<-read.table(distribution_file, header=T)
> 
> #table might be empty
> if (nrow(X) == 0)
+ {
+   #print out statistics
+   
+   print(nb_fit_size);
+   print(nb_fit_mu);
+   
+   print(m)
+   print(v)
+   print(D)
+   
+   print(deletion_propagation_coverage)
+   
+   q()
+ }
> 
> #create the distribution vector and fit
> Y<-rep(X$coverage, X$n)
> m<-mean(Y)
> v<-var(Y)
> D<-v/m
> 
> ###
> ## Smooth the distribution with a moving average window of size 5
> ## so that we can more reliably find it's maximum value
> ###
> 
> ma5 = c(1, 1, 1, 1, 1)/5;
> 
> ## filtering fails if there are too few points
> if (nrow(X) >= 5) {
+   X$ma = filter(X$n, ma5)
+ } else {
+ 	X$ma = X$n
+ }
> 
> i<-0
> max_n <- 0;
> min_i <- max( trunc(m/4), 1 ); #prevents zero for pathological distributions
> max_i <- i;
> for (i in min_i:length(X$ma))
+ {		
+   #cat(i, "\n")
+ 	if (!is.na(X$ma[i]) && (X$ma[i] > max_n))
+ 	{
+ 		max_n = X$ma[i];
+ 		max_i = i;
+ 	}
+ }
> 
> ##
> # Censor data on the right and left of the maximum
> ##
> 
> start_i = max(floor(max_i*0.5), 1);
> end_i = min(ceiling(max_i*1.5), length(X$ma));
> 
> if (start_i == end_i)
+ {
+   print(nb_fit_size);
+   print(nb_fit_mu);
+   
+   print(m)
+   print(v)
+   print(D)
+   
+   print(deletion_propagation_coverage)
+   
+   q()
+ }
> 
> cat("Fitting from coverage of ", start_i, " to ", end_i, ".\n", sep="")
Fitting from coverage of 4 to 14.
> 
> ##
> # Coarse grain so that we are only fitting a number of bins that is 1000-2000
> #
> # The later adjustment for doing the fits this way is to multiply the means
> # of the negative binomial and poisson distributions by the binning number.
> # (The size parameter of the negative binomial doesn't need to be adjusted.)
> ##
> 
> 
> num_per_bin = trunc((end_i - start_i) / 1000)
> 
> if (num_per_bin > 1) 
+ {
+   cat("Coarse-graining for fits\n")
+   start_i_for_fits = trunc(start_i/num_per_bin)
+   end_i_for_fits = ceiling(end_i/num_per_bin)
+   num_bins = end_i - start_i  + 1
+   cat("Fitting from coverage in adjusted bins ", start_i_for_fits, " to ", end_i_for_fits, ".\n", sep="")
+   cat("Number of bins ", num_bins, ". Each bin has ", num_per_bin, " coverage values.\n", sep="")
+ 
+   # Create a new vector where we've added together values in bins
+   X.for.fits = vector("double", end_i_for_fits)
+   for (i in start_i_for_fits:end_i_for_fits)
+   {
+     for (j in 1:num_per_bin)
+     {
+       if (i*num_per_bin+j <= length(X$n))
+       {
+         X.for.fits[i] = X.for.fits[i] + X$n[i*num_per_bin+j]
+       }
+     }
+   }
+ 
+ } else {
+   ## AVOID num_per_bin equalling zero!!
+   X.for.fits = X$n[1:end_i]
+   num_per_bin = 1
+   start_i_for_fits = start_i
+   end_i_for_fits = end_i
+ }
> 
> 
> ##
> # Now perform negative binomial fitting to the censored data
> ##
> 
> inner_total<-0;
> for (i in start_i_for_fits:end_i_for_fits)
+ {
+ 	inner_total = inner_total + X.for.fits[i]; 
+ }
> # Yes: it's correct to use X here because we want the overall total total
> total_total<-sum(X$n);
> 
> ## let's preconstruct these for speed
> dist = vector("double", end_i_for_fits)
> 
> f_nb <- function(par) {
+ 
+ 	mu = par[1];
+ 	size = par[2];
+ 
+   if ((mu <= 0) || (size <= 0))
+   {
+     return(0);
+   }
+   
+   cat(start_i_for_fits, " ", end_i_for_fits, "\n");
+   cat(mu, " ", size, "\n");
+   
+ 	dist<-c()
+ 	total <- 0;
+ 	for (i in start_i_for_fits:end_i_for_fits)
+ 	{	
+ 		dist[i] <- dnbinom(i, size=size, mu=mu);
+ 		total <- total + dist[i] 
+ 	}
+ 	#print (mu, size)
+ 
+  	l <- 0;
+ 	for (i in start_i_for_fits:end_i_for_fits)
+ 	{
+ 		l <- l + ((X.for.fits[i]/inner_total)-(dist[i]/total))^2;
+ 	}
+ 	return(l);
+ }
> 
> 
> 
> ## Fit negative binomial 
> ## - allow fit to fail and set all params to zero/empty if that is the case
> nb_fit = NULL
> ## as.numeric prevents overflow in sums involving integers
> mean_estimate = sum((as.numeric(1:end_i_for_fits)*as.numeric(X.for.fits)))/sum(as.numeric(X.for.fits))
> 
> nb_fit_mu = -1
> nb_fit_size = -1
> try_size = 100000
> try_means_index = 1
> #This is a list of different means to test <-  sometimes the actual mean doesn't lead to a fit
> try_means = c(mean_estimate, 
+               end_i_for_fits, 
+               start_i_for_fits, 
+               1*(end_i_for_fits + start_i_for_fits)/4,
+               2*(end_i_for_fits + start_i_for_fits)/4,
+               3*(end_i_for_fits + start_i_for_fits)/4
+               )
>               
>               
> nb_fit = c()
> 
> while ( ((nb_fit_mu < 0) || (nb_fit_size < 0) || (nb_fit$code != 1)) && (try_size > 0.001) && (try_means_index <= length(try_means)))
+ {
+   try_size = try_size / 10
+   try_mean = try_means[try_means_index]
+ 
+   ## SIZE ESTIMATE from the censored data can be negative, so try various values instead
+   cat("Try Mean: ", try_mean, " Size: ", try_size, "\n")
+ 
+   try( suppressWarnings(nb_fit<-nlm(f_nb, c(try_mean, try_size), iterlim=1000, print.level=this.print.level)) )
+ 
+   nb_fit_mu = nb_fit$estimate[1];
+   nb_fit_size = nb_fit$estimate[2];
+ 
+   cat("Fit Mean: ", nb_fit_mu, " Size: ", nb_fit_size, " Code: ", nb_fit$code, "\n")
+   
+   if (try_size <= 0.001) {
+     try_size = 100000
+     try_means_index = try_means_index + 1
+   }
+ }
Try Mean:  7.358491  Size:  10000 
4   14 
7.358491   10000 
4   14 
7.358491   10000 
4   14 
7.358498   10000 
4   14 
7.358491   10000.01 
4   14 
7.37095   10000 
4   14 
7.370958   10000 
4   14 
7.37095   10000.01 
4   14 
8.983256   10000 
4   14 
8.983265   10000 
4   14 
8.983256   10000.01 
4   14 
8.738872   10000 
4   14 
8.73888   10000 
4   14 
8.738872   10000.01 
4   14 
8.75032   10000 
4   14 
8.750329   10000 
4   14 
8.75032   10000.01 
4   14 
8.750269   10000 
4   14 
8.750278   10000 
4   14 
8.750269   10000.01 
4   14 
8.750269   10000 
4   14 
8.751144   10000 
4   14 
8.749394   10000 
4   14 
8.750269   10001 
4   14 
8.750269   9999 
4   14 
8.750274   10000 
4   14 
8.751149   10000 
4   14 
8.749399   10000 
4   14 
8.750274   10001 
4   14 
8.750274   9999 
Fit Mean:  8.750274  Size:  10000  Code:  2 
Try Mean:  7.358491  Size:  1000 
4   14 
7.358491   1000 
4   14 
7.358491   1000 
4   14 
7.358498   1000 
4   14 
7.358491   1000.001 
4   14 
7.370815   1000 
4   14 
7.370823   1000 
4   14 
7.370815   1000.001 
4   14 
8.967503   1000 
4   14 
8.967512   1000 
4   14 
8.967503   1000.001 
4   14 
8.735214   1000 
4   14 
8.735223   1000 
4   14 
8.735214   1000.001 
4   14 
8.745427   1000 
4   14 
8.745435   1000 
4   14 
8.745427   1000.001 
4   14 
8.74538   999.9999 
4   14 
8.745389   999.9999 
4   14 
8.74538   1000.001 
4   14 
8.745379   999.9999 
4   14 
8.745387   999.9999 
4   14 
8.745379   1000.001 
Fit Mean:  8.745379  Size:  999.9999  Code:  2 
Try Mean:  7.358491  Size:  100 
4   14 
7.358491   100 
4   14 
7.358491   100 
4   14 
7.358498   100 
4   14 
7.358491   100.0001 
4   14 
7.369564   99.99998 
4   14 
7.369572   99.99998 
4   14 
7.369564   100.0001 
4   14 
8.828069   99.99701 
4   14 
8.828078   99.99701 
4   14 
8.828069   99.99711 
4   14 
8.694859   99.99615 
4   14 
8.694868   99.99615 
4   14 
8.694859   99.99625 
4   14 
8.696941   99.99512 
4   14 
8.69695   99.99512 
4   14 
8.696941   99.99522 
4   14 
8.697394   99.99363 
4   14 
8.697402   99.99363 
4   14 
8.697394   99.99373 
4   14 
8.699985   99.97647 
4   14 
8.699994   99.97647 
4   14 
8.699985   99.97657 
4   14 
8.703023   99.93766 
4   14 
8.703032   99.93766 
4   14 
8.703023   99.93776 
4   14 
8.70864   99.81236 
4   14 
8.708648   99.81236 
4   14 
8.70864   99.81246 
4   14 
8.717306   99.48229 
4   14 
8.717314   99.48229 
4   14 
8.717306   99.48239 
4   14 
8.731797   98.56461 
4   14 
8.731806   98.56461 
4   14 
8.731797   98.56471 
4   14 
8.756329   96.04203 
4   14 
8.756338   96.04203 
4   14 
8.756329   96.04213 
4   14 
8.803716   88.53823 
4   14 
8.803725   88.53823 
4   14 
8.803716   88.53832 
4   14 
8.952928   56.93756 
4   14 
8.952937   56.93756 
4   14 
8.952928   56.93761 
Fit Mean:  9.258782  Size:  -8.999394  Code:  1 
Try Mean:  7.358491  Size:  10 
4   14 
7.358491   10 
4   14 
7.358491   10 
4   14 
7.358498   10 
4   14 
7.358491   10.00001 
4   14 
7.362967   9.999227 
4   14 
7.362974   9.999227 
4   14 
7.362967   9.999237 
4   14 
8.209487   9.763661 
4   14 
8.209495   9.763661 
4   14 
8.209487   9.763671 
4   14 
8.319747   9.62666 
4   14 
8.319755   9.62666 
4   14 
8.319747   9.62667 
4   14 
8.462569   9.223816 
4   14 
8.462577   9.223816 
4   14 
8.462569   9.223826 
4   14 
8.736338   7.846216 
4   14 
8.736346   7.846216 
4   14 
8.736338   7.846224 
Fit Mean:  12.28967  Size:  -13.53333  Code:  1 
Try Mean:  7.358491  Size:  1 
4   14 
7.358491   1 
4   14 
7.358491   1 
4   14 
7.358498   1 
4   14 
7.358491   1.000001 
4   14 
7.358584   0.9969004 
4   14 
7.358591   0.9969004 
4   14 
7.358584   0.9969014 
4   14 
7.358677   0.9937988 
4   14 
7.358684   0.9937988 
4   14 
7.358677   0.9937998 
4   14 
7.358769   0.9906952 
4   14 
7.358776   0.9906952 
4   14 
7.358769   0.9906962 
4   14 
7.35886   0.9875895 
4   14 
7.358867   0.9875895 
4   14 
7.35886   0.9875905 
4   14 
7.35895   0.9844819 
4   14 
7.358957   0.9844819 
4   14 
7.35895   0.9844829 
4   14 
7.359039   0.9813722 
4   14 
7.359046   0.9813722 
4   14 
7.359039   0.9813732 
4   14 
7.359128   0.9782605 
4   14 
7.359135   0.9782605 
4   14 
7.359128   0.9782615 
4   14 
7.359215   0.9751467 
4   14 
7.359223   0.9751467 
4   14 
7.359215   0.9751477 
4   14 
7.359302   0.9720309 
4   14 
7.35931   0.9720309 
4   14 
7.359302   0.9720319 
4   14 
7.359388   0.9689131 
4   14 
7.359396   0.9689131 
4   14 
7.359388   0.9689141 
4   14 
7.359474   0.9657932 
4   14 
7.359481   0.9657932 
4   14 
7.359474   0.9657942 
4   14 
7.359558   0.9626713 
4   14 
7.359566   0.9626713 
4   14 
7.359558   0.9626723 
4   14 
7.359642   0.9595473 
4   14 
7.359649   0.9595473 
4   14 
7.359642   0.9595483 
4   14 
7.359725   0.9564213 
4   14 
7.359732   0.9564213 
4   14 
7.359725   0.9564223 
4   14 
7.359807   0.9532932 
4   14 
7.359814   0.9532932 
4   14 
7.359807   0.9532942 
4   14 
7.359888   0.9501631 
4   14 
7.359895   0.9501631 
4   14 
7.359888   0.9501641 
4   14 
7.359969   0.9470309 
4   14 
7.359976   0.9470309 
4   14 
7.359969   0.9470319 
4   14 
7.360048   0.9438966 
4   14 
7.360056   0.9438966 
4   14 
7.360048   0.9438976 
4   14 
7.360127   0.9407603 
4   14 
7.360135   0.9407603 
4   14 
7.360127   0.9407613 
4   14 
7.360205   0.9376219 
4   14 
7.360213   0.9376219 
4   14 
7.360205   0.9376229 
4   14 
7.360283   0.9344814 
4   14 
7.36029   0.9344814 
4   14 
7.360283   0.9344824 
4   14 
7.360359   0.9313388 
4   14 
7.360367   0.9313388 
4   14 
7.360359   0.9313398 
4   14 
7.360435   0.9281941 
4   14 
7.360442   0.9281941 
4   14 
7.360435   0.9281951 
4   14 
7.36051   0.9250474 
4   14 
7.360517   0.9250474 
4   14 
7.36051   0.9250484 
4   14 
7.360584   0.9218985 
4   14 
7.360592   0.9218985 
4   14 
7.360584   0.9218995 
4   14 
7.360658   0.9187476 
4   14 
7.360665   0.9187476 
4   14 
7.360658   0.9187486 
4   14 
7.360731   0.9155946 
4   14 
7.360738   0.9155946 
4   14 
7.360731   0.9155956 
4   14 
7.360803   0.9124394 
4   14 
7.36081   0.9124394 
4   14 
7.360803   0.9124404 
4   14 
7.360874   0.9092822 
4   14 
7.360881   0.9092822 
4   14 
7.360874   0.9092832 
4   14 
7.360944   0.9061229 
4   14 
7.360952   0.9061229 
4   14 
7.360944   0.9061239 
4   14 
7.361014   0.9029614 
4   14 
7.361021   0.9029614 
4   14 
7.361014   0.9029624 
4   14 
7.361083   0.8997978 
4   14 
7.36109   0.8997978 
4   14 
7.361083   0.8997988 
4   14 
7.361151   0.8966321 
4   14 
7.361159   0.8966321 
4   14 
7.361151   0.8966331 
4   14 
7.361219   0.8934643 
4   14 
7.361226   0.8934643 
4   14 
7.361219   0.8934653 
4   14 
7.361286   0.8902944 
4   14 
7.361293   0.8902944 
4   14 
7.361286   0.8902954 
4   14 
7.361352   0.8871223 
4   14 
7.361359   0.8871223 
4   14 
7.361352   0.8871233 
4   14 
7.361417   0.8839481 
4   14 
7.361424   0.8839481 
4   14 
7.361417   0.8839491 
4   14 
7.361481   0.8807718 
4   14 
7.361489   0.8807718 
4   14 
7.361481   0.8807728 
4   14 
7.361545   0.8775933 
4   14 
7.361553   0.8775933 
4   14 
7.361545   0.8775943 
4   14 
7.361608   0.8744127 
4   14 
7.361616   0.8744127 
4   14 
7.361608   0.8744137 
4   14 
7.361671   0.8712299 
4   14 
7.361678   0.8712299 
4   14 
7.361671   0.8712309 
4   14 
7.361732   0.868045 
4   14 
7.36174   0.868045 
4   14 
7.361732   0.868046 
4   14 
7.361793   0.8648579 
4   14 
7.361801   0.8648579 
4   14 
7.361793   0.8648589 
4   14 
7.361854   0.8616687 
4   14 
7.361861   0.8616687 
4   14 
7.361854   0.8616697 
4   14 
7.361913   0.8584773 
4   14 
7.361921   0.8584773 
4   14 
7.361913   0.8584783 
4   14 
7.361972   0.8552837 
4   14 
7.361979   0.8552837 
4   14 
7.361972   0.8552847 
4   14 
7.36203   0.852088 
4   14 
7.362038   0.852088 
4   14 
7.36203   0.852089 
4   14 
7.362088   0.8488901 
4   14 
7.362095   0.8488901 
4   14 
7.362088   0.8488911 
4   14 
7.362144   0.84569 
4   14 
7.362152   0.84569 
4   14 
7.362144   0.845691 
4   14 
7.362201   0.8424878 
4   14 
7.362208   0.8424878 
4   14 
7.362201   0.8424888 
4   14 
7.362256   0.8392833 
4   14 
7.362263   0.8392833 
4   14 
7.362256   0.8392843 
4   14 
7.362311   0.8360767 
4   14 
7.362318   0.8360767 
4   14 
7.362311   0.8360777 
4   14 
7.362365   0.8328679 
4   14 
7.362372   0.8328679 
4   14 
7.362365   0.8328689 
4   14 
7.362418   0.8296569 
4   14 
7.362425   0.8296569 
4   14 
7.362418   0.8296579 
4   14 
7.362471   0.8264437 
4   14 
7.362478   0.8264437 
4   14 
7.362471   0.8264447 
4   14 
7.362523   0.8232284 
4   14 
7.36253   0.8232284 
4   14 
7.362523   0.8232294 
4   14 
7.362574   0.8200108 
4   14 
7.362581   0.8200108 
4   14 
7.362574   0.8200118 
4   14 
7.362625   0.816791 
4   14 
7.362632   0.816791 
4   14 
7.362625   0.816792 
4   14 
7.362675   0.8135689 
4   14 
7.362682   0.8135689 
4   14 
7.362675   0.8135699 
4   14 
7.362724   0.8103447 
4   14 
7.362731   0.8103447 
4   14 
7.362724   0.8103457 
4   14 
7.362773   0.8071183 
4   14 
7.36278   0.8071183 
4   14 
7.362773   0.8071193 
4   14 
7.362821   0.8038896 
4   14 
7.362828   0.8038896 
4   14 
7.362821   0.8038906 
4   14 
7.362868   0.8006587 
4   14 
7.362875   0.8006587 
4   14 
7.362868   0.8006597 
4   14 
7.362915   0.7974256 
4   14 
7.362922   0.7974256 
4   14 
7.362915   0.7974266 
4   14 
7.362961   0.7941903 
4   14 
7.362968   0.7941903 
4   14 
7.362961   0.7941913 
4   14 
7.363006   0.7909527 
4   14 
7.363013   0.7909527 
4   14 
7.363006   0.7909537 
4   14 
7.363051   0.7877129 
4   14 
7.363058   0.7877129 
4   14 
7.363051   0.7877139 
4   14 
7.363095   0.7844708 
4   14 
7.363102   0.7844708 
4   14 
7.363095   0.7844718 
4   14 
7.363139   0.7812265 
4   14 
7.363146   0.7812265 
4   14 
7.363139   0.7812275 
4   14 
7.363181   0.7779799 
4   14 
7.363189   0.7779799 
4   14 
7.363181   0.7779809 
4   14 
7.363224   0.7747311 
4   14 
7.363231   0.7747311 
4   14 
7.363224   0.7747321 
4   14 
7.363265   0.7714801 
4   14 
7.363273   0.7714801 
4   14 
7.363265   0.7714811 
4   14 
7.363306   0.7682267 
4   14 
7.363314   0.7682267 
4   14 
7.363306   0.7682277 
4   14 
7.363347   0.7649712 
4   14 
7.363354   0.7649712 
4   14 
7.363347   0.7649722 
4   14 
7.363387   0.7617133 
4   14 
7.363394   0.7617133 
4   14 
7.363387   0.7617143 
4   14 
7.363426   0.7584532 
4   14 
7.363433   0.7584532 
4   14 
7.363426   0.7584542 
4   14 
7.363464   0.7551908 
4   14 
7.363472   0.7551908 
4   14 
7.363464   0.7551918 
4   14 
7.363502   0.7519261 
4   14 
7.36351   0.7519261 
4   14 
7.363502   0.7519271 
4   14 
7.36354   0.7486591 
4   14 
7.363547   0.7486591 
4   14 
7.36354   0.7486601 
4   14 
7.363577   0.7453899 
4   14 
7.363584   0.7453899 
4   14 
7.363577   0.7453909 
4   14 
7.363613   0.7421183 
4   14 
7.36362   0.7421183 
4   14 
7.363613   0.7421193 
4   14 
7.363648   0.7388445 
4   14 
7.363656   0.7388445 
4   14 
7.363648   0.7388455 
4   14 
7.363683   0.7355684 
4   14 
7.363691   0.7355684 
4   14 
7.363683   0.7355694 
4   14 
7.363718   0.7322899 
4   14 
7.363725   0.7322899 
4   14 
7.363718   0.7322909 
4   14 
7.363752   0.7290092 
4   14 
7.363759   0.7290092 
4   14 
7.363752   0.7290102 
4   14 
7.363785   0.7257262 
4   14 
7.363792   0.7257262 
4   14 
7.363785   0.7257272 
4   14 
7.363818   0.7224408 
4   14 
7.363825   0.7224408 
4   14 
7.363818   0.7224418 
4   14 
7.36385   0.7191532 
4   14 
7.363857   0.7191532 
4   14 
7.36385   0.7191542 
4   14 
7.363881   0.7158632 
4   14 
7.363889   0.7158632 
4   14 
7.363881   0.7158642 
4   14 
7.363912   0.7125709 
4   14 
7.36392   0.7125709 
4   14 
7.363912   0.7125719 
4   14 
7.363943   0.7092763 
4   14 
7.36395   0.7092763 
4   14 
7.363943   0.7092773 
4   14 
7.363973   0.7059793 
4   14 
7.36398   0.7059793 
4   14 
7.363973   0.7059803 
4   14 
7.364002   0.70268 
4   14 
7.364009   0.70268 
4   14 
7.364002   0.702681 
4   14 
7.364031   0.6993784 
4   14 
7.364038   0.6993784 
4   14 
7.364031   0.6993794 
4   14 
7.364059   0.6960744 
4   14 
7.364066   0.6960744 
4   14 
7.364059   0.6960754 
4   14 
7.364087   0.6927681 
4   14 
7.364094   0.6927681 
4   14 
7.364087   0.6927691 
4   14 
7.364114   0.6894594 
4   14 
7.364121   0.6894594 
4   14 
7.364114   0.6894604 
4   14 
7.364141   0.6861484 
4   14 
7.364148   0.6861484 
4   14 
7.364141   0.6861494 
4   14 
7.364167   0.6828351 
4   14 
7.364174   0.6828351 
4   14 
7.364167   0.6828361 
4   14 
7.364192   0.6795193 
4   14 
7.3642   0.6795193 
4   14 
7.364192   0.6795203 
4   14 
7.364217   0.6762013 
4   14 
7.364225   0.6762013 
4   14 
7.364217   0.6762023 
4   14 
7.364242   0.6728808 
4   14 
7.364249   0.6728808 
4   14 
7.364242   0.6728818 
4   14 
7.364266   0.669558 
4   14 
7.364273   0.669558 
4   14 
7.364266   0.669559 
4   14 
7.364289   0.6662328 
4   14 
7.364297   0.6662328 
4   14 
7.364289   0.6662338 
4   14 
7.364312   0.6629052 
4   14 
7.36432   0.6629052 
4   14 
7.364312   0.6629062 
4   14 
7.364335   0.6595753 
4   14 
7.364342   0.6595753 
4   14 
7.364335   0.6595763 
4   14 
7.364357   0.6562429 
4   14 
7.364364   0.6562429 
4   14 
7.364357   0.6562439 
4   14 
7.364378   0.6529082 
4   14 
7.364385   0.6529082 
4   14 
7.364378   0.6529092 
4   14 
7.364399   0.6495711 
4   14 
7.364406   0.6495711 
4   14 
7.364399   0.6495721 
4   14 
7.36442   0.6462316 
4   14 
7.364427   0.6462316 
4   14 
7.36442   0.6462326 
4   14 
7.364439   0.6428897 
4   14 
7.364447   0.6428897 
4   14 
7.364439   0.6428907 
4   14 
7.364459   0.6395453 
4   14 
7.364466   0.6395453 
4   14 
7.364459   0.6395463 
4   14 
7.364478   0.6361986 
4   14 
7.364485   0.6361986 
4   14 
7.364478   0.6361996 
4   14 
7.364496   0.6328495 
4   14 
7.364504   0.6328495 
4   14 
7.364496   0.6328505 
4   14 
7.364514   0.6294979 
4   14 
7.364522   0.6294979 
4   14 
7.364514   0.6294989 
4   14 
7.364532   0.626144 
4   14 
7.364539   0.626144 
4   14 
7.364532   0.626145 
4   14 
7.364549   0.6227876 
4   14 
7.364557   0.6227876 
4   14 
7.364549   0.6227886 
4   14 
7.364566   0.6194288 
4   14 
7.364573   0.6194288 
4   14 
7.364566   0.6194298 
4   14 
7.364582   0.6160675 
4   14 
7.364589   0.6160675 
4   14 
7.364582   0.6160685 
4   14 
7.364598   0.6127038 
4   14 
7.364605   0.6127038 
4   14 
7.364598   0.6127048 
4   14 
7.364613   0.6093377 
4   14 
7.36462   0.6093377 
4   14 
7.364613   0.6093387 
4   14 
7.364628   0.6059692 
4   14 
7.364635   0.6059692 
4   14 
7.364628   0.6059702 
4   14 
7.364642   0.6025982 
4   14 
7.364649   0.6025982 
4   14 
7.364642   0.6025992 
4   14 
7.364656   0.5992247 
4   14 
7.364663   0.5992247 
4   14 
7.364656   0.5992257 
4   14 
7.364669   0.5958488 
4   14 
7.364677   0.5958488 
4   14 
7.364669   0.5958498 
4   14 
7.364682   0.5924705 
4   14 
7.36469   0.5924705 
4   14 
7.364682   0.5924715 
4   14 
7.364695   0.5890897 
4   14 
7.364702   0.5890897 
4   14 
7.364695   0.5890907 
4   14 
7.364707   0.5857064 
4   14 
7.364715   0.5857064 
4   14 
7.364707   0.5857074 
4   14 
7.364719   0.5823207 
4   14 
7.364726   0.5823207 
4   14 
7.364719   0.5823217 
4   14 
7.36473   0.5789324 
4   14 
7.364738   0.5789324 
4   14 
7.36473   0.5789334 
4   14 
7.364741   0.5755417 
4   14 
7.364748   0.5755417 
4   14 
7.364741   0.5755427 
4   14 
7.364752   0.5721486 
4   14 
7.364759   0.5721486 
4   14 
7.364752   0.5721496 
4   14 
7.364762   0.5687529 
4   14 
7.364769   0.5687529 
4   14 
7.364762   0.5687539 
4   14 
7.364771   0.5653548 
4   14 
7.364779   0.5653548 
4   14 
7.364771   0.5653558 
4   14 
7.364781   0.5619542 
4   14 
7.364788   0.5619542 
4   14 
7.364781   0.5619552 
4   14 
7.364789   0.5585511 
4   14 
7.364797   0.5585511 
4   14 
7.364789   0.5585521 
4   14 
7.364798   0.5551454 
4   14 
7.364805   0.5551454 
4   14 
7.364798   0.5551464 
4   14 
7.364806   0.5517373 
4   14 
7.364813   0.5517373 
4   14 
7.364806   0.5517383 
4   14 
7.364814   0.5483267 
4   14 
7.364821   0.5483267 
4   14 
7.364814   0.5483277 
4   14 
7.364821   0.5449136 
4   14 
7.364828   0.5449136 
4   14 
7.364821   0.5449146 
4   14 
7.364828   0.5414979 
4   14 
7.364835   0.5414979 
4   14 
7.364828   0.5414989 
4   14 
7.364834   0.5380798 
4   14 
7.364842   0.5380798 
4   14 
7.364834   0.5380808 
4   14 
7.36484   0.5346591 
4   14 
7.364848   0.5346591 
4   14 
7.36484   0.5346601 
4   14 
7.364846   0.5312359 
4   14 
7.364854   0.5312359 
4   14 
7.364846   0.5312369 
4   14 
7.364852   0.5278101 
4   14 
7.364859   0.5278101 
4   14 
7.364852   0.5278111 
4   14 
7.364857   0.5243819 
4   14 
7.364864   0.5243819 
4   14 
7.364857   0.5243829 
4   14 
7.364861   0.5209511 
4   14 
7.364869   0.5209511 
4   14 
7.364861   0.5209521 
4   14 
7.364866   0.5175177 
4   14 
7.364873   0.5175177 
4   14 
7.364866   0.5175187 
4   14 
7.36487   0.5140819 
4   14 
7.364877   0.5140819 
4   14 
7.36487   0.5140829 
4   14 
7.364873   0.5106434 
4   14 
7.364881   0.5106434 
4   14 
7.364873   0.5106444 
4   14 
7.364877   0.5072025 
4   14 
7.364884   0.5072025 
4   14 
7.364877   0.5072035 
4   14 
7.36488   0.5037589 
4   14 
7.364887   0.5037589 
4   14 
7.36488   0.5037599 
4   14 
7.364882   0.5003128 
4   14 
7.36489   0.5003128 
4   14 
7.364882   0.5003138 
4   14 
7.364885   0.4968642 
4   14 
7.364892   0.4968642 
4   14 
7.364885   0.4968652 
4   14 
7.364886   0.493413 
4   14 
7.364894   0.493413 
4   14 
7.364886   0.493414 
4   14 
7.364888   0.4899592 
4   14 
7.364895   0.4899592 
4   14 
7.364888   0.4899602 
4   14 
7.364889   0.4865028 
4   14 
7.364897   0.4865028 
4   14 
7.364889   0.4865038 
4   14 
7.36489   0.4830439 
4   14 
7.364898   0.4830439 
4   14 
7.36489   0.4830449 
4   14 
7.364891   0.4795823 
4   14 
7.364899   0.4795823 
4   14 
7.364891   0.4795833 
4   14 
7.364892   0.4761182 
4   14 
7.364899   0.4761182 
4   14 
7.364892   0.4761192 
4   14 
7.364892   0.4726515 
4   14 
7.364899   0.4726515 
4   14 
7.364892   0.4726525 
4   14 
7.364891   0.4691822 
4   14 
7.364899   0.4691822 
4   14 
7.364891   0.4691832 
4   14 
7.364891   0.4657103 
4   14 
7.364898   0.4657103 
4   14 
7.364891   0.4657113 
4   14 
7.36489   0.4622358 
4   14 
7.364897   0.4622358 
4   14 
7.36489   0.4622368 
4   14 
7.364889   0.4587587 
4   14 
7.364896   0.4587587 
4   14 
7.364889   0.4587597 
4   14 
7.364888   0.455279 
4   14 
7.364895   0.455279 
4   14 
7.364888   0.45528 
4   14 
7.364886   0.4517967 
4   14 
7.364893   0.4517967 
4   14 
7.364886   0.4517977 
4   14 
7.364884   0.4483118 
4   14 
7.364891   0.4483118 
4   14 
7.364884   0.4483128 
4   14 
7.364882   0.4448242 
4   14 
7.364889   0.4448242 
4   14 
7.364882   0.4448252 
4   14 
7.364879   0.4413341 
4   14 
7.364887   0.4413341 
4   14 
7.364879   0.4413351 
4   14 
7.364877   0.4378413 
4   14 
7.364884   0.4378413 
4   14 
7.364877   0.4378423 
4   14 
7.364874   0.4343458 
4   14 
7.364881   0.4343458 
4   14 
7.364874   0.4343468 
4   14 
7.36487   0.4308477 
4   14 
7.364878   0.4308477 
4   14 
7.36487   0.4308487 
4   14 
7.364867   0.427347 
4   14 
7.364874   0.427347 
4   14 
7.364867   0.427348 
4   14 
7.364863   0.4238437 
4   14 
7.364871   0.4238437 
4   14 
7.364863   0.4238447 
4   14 
7.364859   0.4203377 
4   14 
7.364867   0.4203377 
4   14 
7.364859   0.4203387 
4   14 
7.364855   0.416829 
4   14 
7.364862   0.416829 
4   14 
7.364855   0.41683 
4   14 
7.364851   0.4133177 
4   14 
7.364858   0.4133177 
4   14 
7.364851   0.4133187 
4   14 
7.364846   0.4098037 
4   14 
7.364853   0.4098037 
4   14 
7.364846   0.4098047 
4   14 
7.364841   0.4062871 
4   14 
7.364848   0.4062871 
4   14 
7.364841   0.4062881 
4   14 
7.364836   0.4027678 
4   14 
7.364843   0.4027678 
4   14 
7.364836   0.4027688 
4   14 
7.364831   0.3992458 
4   14 
7.364838   0.3992458 
4   14 
7.364831   0.3992468 
4   14 
7.364825   0.3957212 
4   14 
7.364832   0.3957212 
4   14 
7.364825   0.3957222 
4   14 
7.364819   0.3921939 
4   14 
7.364827   0.3921939 
4   14 
7.364819   0.3921949 
4   14 
7.364813   0.3886638 
4   14 
7.364821   0.3886638 
4   14 
7.364813   0.3886648 
4   14 
7.364807   0.3851312 
4   14 
7.364815   0.3851312 
4   14 
7.364807   0.3851322 
4   14 
7.364801   0.3815958 
4   14 
7.364808   0.3815958 
4   14 
7.364801   0.3815968 
4   14 
7.364794   0.3780577 
4   14 
7.364802   0.3780577 
4   14 
7.364794   0.3780587 
4   14 
7.364788   0.3745169 
4   14 
7.364795   0.3745169 
4   14 
7.364788   0.3745179 
4   14 
7.364781   0.3709734 
4   14 
7.364788   0.3709734 
4   14 
7.364781   0.3709744 
4   14 
7.364774   0.3674273 
4   14 
7.364781   0.3674273 
4   14 
7.364774   0.3674283 
4   14 
7.364766   0.3638784 
4   14 
7.364774   0.3638784 
4   14 
7.364766   0.3638794 
4   14 
7.364759   0.3603268 
4   14 
7.364766   0.3603268 
4   14 
7.364759   0.3603278 
4   14 
7.364751   0.3567724 
4   14 
7.364759   0.3567724 
4   14 
7.364751   0.3567734 
4   14 
7.364744   0.3532154 
4   14 
7.364751   0.3532154 
4   14 
7.364744   0.3532164 
4   14 
7.364736   0.3496556 
4   14 
7.364743   0.3496556 
4   14 
7.364736   0.3496566 
4   14 
7.364728   0.3460931 
4   14 
7.364735   0.3460931 
4   14 
7.364728   0.3460941 
4   14 
7.364719   0.3425279 
4   14 
7.364727   0.3425279 
4   14 
7.364719   0.3425289 
4   14 
7.364711   0.3389599 
4   14 
7.364718   0.3389599 
4   14 
7.364711   0.3389609 
4   14 
7.364703   0.3353892 
4   14 
7.36471   0.3353892 
4   14 
7.364703   0.3353902 
4   14 
7.364694   0.3318157 
4   14 
7.364701   0.3318157 
4   14 
7.364694   0.3318167 
4   14 
7.364685   0.3282395 
4   14 
7.364693   0.3282395 
4   14 
7.364685   0.3282405 
4   14 
7.364676   0.3246606 
4   14 
7.364684   0.3246606 
4   14 
7.364676   0.3246616 
4   14 
7.364667   0.3210788 
4   14 
7.364675   0.3210788 
4   14 
7.364667   0.3210798 
4   14 
7.364658   0.3174944 
4   14 
7.364666   0.3174944 
4   14 
7.364658   0.3174954 
4   14 
7.364649   0.3139071 
4   14 
7.364656   0.3139071 
4   14 
7.364649   0.3139081 
4   14 
7.36464   0.3103171 
4   14 
7.364647   0.3103171 
4   14 
7.36464   0.3103181 
4   14 
7.36463   0.3067243 
4   14 
7.364638   0.3067243 
4   14 
7.36463   0.3067253 
4   14 
7.364621   0.3031288 
4   14 
7.364628   0.3031288 
4   14 
7.364621   0.3031298 
4   14 
7.364611   0.2995304 
4   14 
7.364619   0.2995304 
4   14 
7.364611   0.2995314 
4   14 
7.364602   0.2959293 
4   14 
7.364609   0.2959293 
4   14 
7.364602   0.2959303 
4   14 
7.364592   0.2923254 
4   14 
7.364599   0.2923254 
4   14 
7.364592   0.2923264 
4   14 
7.364582   0.2887187 
4   14 
7.364589   0.2887187 
4   14 
7.364582   0.2887197 
4   14 
7.364572   0.2851092 
4   14 
7.364579   0.2851092 
4   14 
7.364572   0.2851102 
4   14 
7.364562   0.2814969 
4   14 
7.364569   0.2814969 
4   14 
7.364562   0.2814979 
4   14 
7.364552   0.2778818 
4   14 
7.364559   0.2778818 
4   14 
7.364552   0.2778828 
4   14 
7.364542   0.2742639 
4   14 
7.364549   0.2742639 
4   14 
7.364542   0.2742649 
4   14 
7.364532   0.2706432 
4   14 
7.364539   0.2706432 
4   14 
7.364532   0.2706442 
4   14 
7.364522   0.2670196 
4   14 
7.364529   0.2670196 
4   14 
7.364522   0.2670206 
4   14 
7.364511   0.2633933 
4   14 
7.364519   0.2633933 
4   14 
7.364511   0.2633943 
4   14 
7.364501   0.2597641 
4   14 
7.364509   0.2597641 
4   14 
7.364501   0.2597651 
4   14 
7.364491   0.2561321 
4   14 
7.364498   0.2561321 
4   14 
7.364491   0.2561331 
4   14 
7.36448   0.2524973 
4   14 
7.364488   0.2524973 
4   14 
7.36448   0.2524983 
4   14 
7.36447   0.2488596 
4   14 
7.364477   0.2488596 
4   14 
7.36447   0.2488606 
4   14 
7.36446   0.2452191 
4   14 
7.364467   0.2452191 
4   14 
7.36446   0.2452201 
4   14 
7.364449   0.2415757 
4   14 
7.364457   0.2415757 
4   14 
7.364449   0.2415767 
4   14 
7.364439   0.2379295 
4   14 
7.364446   0.2379295 
4   14 
7.364439   0.2379305 
4   14 
7.364429   0.2342805 
4   14 
7.364436   0.2342805 
4   14 
7.364429   0.2342815 
4   14 
7.364418   0.2306286 
4   14 
7.364425   0.2306286 
4   14 
7.364418   0.2306296 
4   14 
7.364408   0.2269738 
4   14 
7.364415   0.2269738 
4   14 
7.364408   0.2269748 
4   14 
7.364397   0.2233162 
4   14 
7.364405   0.2233162 
4   14 
7.364397   0.2233172 
4   14 
7.364387   0.2196557 
4   14 
7.364394   0.2196557 
4   14 
7.364387   0.2196567 
4   14 
7.364377   0.2159923 
4   14 
7.364384   0.2159923 
4   14 
7.364377   0.2159933 
4   14 
7.364366   0.2123261 
4   14 
7.364374   0.2123261 
4   14 
7.364366   0.2123271 
4   14 
7.364356   0.208657 
4   14 
7.364363   0.208657 
4   14 
7.364356   0.208658 
4   14 
7.364346   0.204985 
4   14 
7.364353   0.204985 
4   14 
7.364346   0.204986 
4   14 
7.364335   0.2013101 
4   14 
7.364343   0.2013101 
4   14 
7.364335   0.2013111 
4   14 
7.364325   0.1976324 
4   14 
7.364333   0.1976324 
4   14 
7.364325   0.1976334 
4   14 
7.364315   0.1939517 
4   14 
7.364323   0.1939517 
4   14 
7.364315   0.1939527 
4   14 
7.364305   0.1902682 
4   14 
7.364312   0.1902682 
4   14 
7.364305   0.1902692 
4   14 
7.364295   0.1865817 
4   14 
7.364302   0.1865817 
4   14 
7.364295   0.1865827 
4   14 
7.364285   0.1828924 
4   14 
7.364293   0.1828924 
4   14 
7.364285   0.1828934 
4   14 
7.364275   0.1792001 
4   14 
7.364283   0.1792001 
4   14 
7.364275   0.1792011 
4   14 
7.364265   0.1755049 
4   14 
7.364273   0.1755049 
4   14 
7.364265   0.1755059 
4   14 
7.364256   0.1718068 
4   14 
7.364263   0.1718068 
4   14 
7.364256   0.1718078 
4   14 
7.364246   0.1681058 
4   14 
7.364253   0.1681058 
4   14 
7.364246   0.1681068 
4   14 
7.364237   0.1644019 
4   14 
7.364244   0.1644019 
4   14 
7.364237   0.1644029 
4   14 
7.364227   0.160695 
4   14 
7.364234   0.160695 
4   14 
7.364227   0.160696 
4   14 
7.364218   0.1569852 
4   14 
7.364225   0.1569852 
4   14 
7.364218   0.1569862 
4   14 
7.364209   0.1532725 
4   14 
7.364216   0.1532725 
4   14 
7.364209   0.1532735 
4   14 
7.364199   0.1495568 
4   14 
7.364207   0.1495568 
4   14 
7.364199   0.1495578 
4   14 
7.36419   0.1458382 
4   14 
7.364198   0.1458382 
4   14 
7.36419   0.1458392 
4   14 
7.364182   0.1421166 
4   14 
7.364189   0.1421166 
4   14 
7.364182   0.1421176 
4   14 
7.364173   0.1383921 
4   14 
7.36418   0.1383921 
4   14 
7.364173   0.1383931 
4   14 
7.364164   0.1346647 
4   14 
7.364172   0.1346647 
4   14 
7.364164   0.1346657 
4   14 
7.364156   0.1309343 
4   14 
7.364163   0.1309343 
4   14 
7.364156   0.1309353 
4   14 
7.364147   0.1272009 
4   14 
7.364155   0.1272009 
4   14 
7.364147   0.1272019 
4   14 
7.364139   0.1234645 
4   14 
7.364147   0.1234645 
4   14 
7.364139   0.1234655 
4   14 
7.364131   0.1197252 
4   14 
7.364139   0.1197252 
4   14 
7.364131   0.1197262 
4   14 
7.364123   0.1159829 
4   14 
7.364131   0.1159829 
4   14 
7.364123   0.1159839 
4   14 
7.364116   0.1122377 
4   14 
7.364123   0.1122377 
4   14 
7.364116   0.1122387 
4   14 
7.364108   0.1084894 
4   14 
7.364115   0.1084894 
4   14 
7.364108   0.1084904 
4   14 
7.364101   0.1047382 
4   14 
7.364108   0.1047382 
4   14 
7.364101   0.1047392 
4   14 
7.364093   0.100984 
4   14 
7.364101   0.100984 
4   14 
7.364093   0.100985 
4   14 
7.364086   0.09722677 
4   14 
7.364094   0.09722677 
4   14 
7.364086   0.09722777 
4   14 
7.36408   0.09346657 
4   14 
7.364087   0.09346657 
4   14 
7.36408   0.09346757 
4   14 
7.364073   0.08970337 
4   14 
7.36408   0.08970337 
4   14 
7.364073   0.08970437 
4   14 
7.364067   0.08593717 
4   14 
7.364074   0.08593717 
4   14 
7.364067   0.08593817 
4   14 
7.36406   0.08216796 
4   14 
7.364068   0.08216796 
4   14 
7.36406   0.08216896 
4   14 
7.364055   0.07839574 
4   14 
7.364062   0.07839574 
4   14 
7.364055   0.07839674 
4   14 
7.364049   0.07462051 
4   14 
7.364056   0.07462051 
4   14 
7.364049   0.07462151 
4   14 
7.364043   0.07084226 
4   14 
7.364051   0.07084226 
4   14 
7.364043   0.07084326 
4   14 
7.364038   0.06706099 
4   14 
7.364045   0.06706099 
4   14 
7.364038   0.06706199 
4   14 
7.364033   0.0632767 
4   14 
7.36404   0.0632767 
4   14 
7.364033   0.0632777 
4   14 
7.364028   0.05948938 
4   14 
7.364035   0.05948938 
4   14 
7.364028   0.05949038 
4   14 
7.364023   0.05569903 
4   14 
7.364031   0.05569903 
4   14 
7.364023   0.05570003 
4   14 
7.364019   0.05190564 
4   14 
7.364026   0.05190564 
4   14 
7.364019   0.05190664 
4   14 
7.364015   0.04810921 
4   14 
7.364022   0.04810921 
4   14 
7.364015   0.04811021 
4   14 
7.364011   0.04430974 
4   14 
7.364019   0.04430974 
4   14 
7.364011   0.04431074 
4   14 
7.364008   0.04050723 
4   14 
7.364015   0.04050723 
4   14 
7.364008   0.04050823 
4   14 
7.364004   0.03670166 
4   14 
7.364012   0.03670166 
4   14 
7.364004   0.03670266 
4   14 
7.364001   0.03289304 
4   14 
7.364009   0.03289304 
4   14 
7.364001   0.03289404 
4   14 
7.363999   0.02908137 
4   14 
7.364006   0.02908137 
4   14 
7.363999   0.02908237 
4   14 
7.363996   0.02526663 
4   14 
7.364004   0.02526663 
4   14 
7.363996   0.02526763 
4   14 
7.363994   0.02144883 
4   14 
7.364002   0.02144883 
4   14 
7.363994   0.02144983 
4   14 
7.363992   0.01762797 
4   14 
7.364   0.01762797 
4   14 
7.363992   0.01762897 
4   14 
7.363991   0.01380403 
4   14 
7.363998   0.01380403 
4   14 
7.363991   0.01380503 
4   14 
7.36399   0.009977016 
4   14 
7.363997   0.009977016 
4   14 
7.36399   0.009978016 
4   14 
7.363989   0.006146926 
4   14 
7.363996   0.006146926 
4   14 
7.363989   0.006147926 
4   14 
7.363988   0.002313756 
4   14 
7.363996   0.002313756 
4   14 
7.363988   0.002314756 
Fit Mean:  7.363988  Size:  -0.0015225  Code:  1 
Try Mean:  7.358491  Size:  0.1 
4   14 
7.358491   0.1 
4   14 
7.358491   0.1 
4   14 
7.358498   0.1 
4   14 
7.358491   0.100001 
4   14 
7.358484   0.09624229 
4   14 
7.358491   0.09624229 
4   14 
7.358484   0.09624329 
4   14 
7.358477   0.0924816 
4   14 
7.358484   0.0924816 
4   14 
7.358477   0.0924826 
4   14 
7.35847   0.08871791 
4   14 
7.358478   0.08871791 
4   14 
7.35847   0.08871891 
4   14 
7.358464   0.08495123 
4   14 
7.358471   0.08495123 
4   14 
7.358464   0.08495223 
4   14 
7.358458   0.08118155 
4   14 
7.358465   0.08118155 
4   14 
7.358458   0.08118255 
4   14 
7.358452   0.07740887 
4   14 
7.358459   0.07740887 
4   14 
7.358452   0.07740987 
4   14 
7.358446   0.07363318 
4   14 
7.358454   0.07363318 
4   14 
7.358446   0.07363418 
4   14 
7.358441   0.06985448 
4   14 
7.358448   0.06985448 
4   14 
7.358441   0.06985548 
4   14 
7.358436   0.06607276 
4   14 
7.358443   0.06607276 
4   14 
7.358436   0.06607376 
4   14 
7.358431   0.06228803 
4   14 
7.358438   0.06228803 
4   14 
7.358431   0.06228903 
4   14 
7.358426   0.05850028 
4   14 
7.358433   0.05850028 
4   14 
7.358426   0.05850128 
4   14 
7.358421   0.05470951 
4   14 
7.358429   0.05470951 
4   14 
7.358421   0.05471051 
4   14 
7.358417   0.05091571 
4   14 
7.358424   0.05091571 
4   14 
7.358417   0.05091671 
4   14 
7.358413   0.04711887 
4   14 
7.35842   0.04711887 
4   14 
7.358413   0.04711987 
4   14 
7.358409   0.043319 
4   14 
7.358417   0.043319 
4   14 
7.358409   0.04332 
4   14 
7.358406   0.0395161 
4   14 
7.358413   0.0395161 
4   14 
7.358406   0.0395171 
4   14 
7.358403   0.03571015 
4   14 
7.35841   0.03571015 
4   14 
7.358403   0.03571115 
4   14 
7.3584   0.03190115 
4   14 
7.358407   0.03190115 
4   14 
7.3584   0.03190215 
4   14 
7.358397   0.0280891 
4   14 
7.358405   0.0280891 
4   14 
7.358397   0.0280901 
4   14 
7.358395   0.02427401 
4   14 
7.358402   0.02427401 
4   14 
7.358395   0.02427501 
4   14 
7.358393   0.02045585 
4   14 
7.3584   0.02045585 
4   14 
7.358393   0.02045685 
4   14 
7.358391   0.01663464 
4   14 
7.358399   0.01663464 
4   14 
7.358391   0.01663564 
4   14 
7.35839   0.01281036 
4   14 
7.358397   0.01281036 
4   14 
7.35839   0.01281136 
4   14 
7.358389   0.008983015 
4   14 
7.358396   0.008983015 
4   14 
7.358389   0.008984015 
4   14 
7.358388   0.0051526 
4   14 
7.358395   0.0051526 
4   14 
7.358388   0.0051536 
4   14 
7.358387   0.001319111 
4   14 
7.358395   0.001319111 
4   14 
7.358387   0.001320111 
Fit Mean:  7.358387  Size:  -0.002517455  Code:  1 
Try Mean:  7.358491  Size:  0.01 
4   14 
7.358491   0.01 
4   14 
7.358491   0.01 
4   14 
7.358498   0.01 
4   14 
7.358491   0.010001 
4   14 
7.35849   0.006170392 
4   14 
7.358497   0.006170392 
4   14 
7.35849   0.006171392 
4   14 
7.358489   0.002337712 
4   14 
7.358497   0.002337712 
4   14 
7.358489   0.002338712 
Fit Mean:  7.358489  Size:  -0.001498045  Code:  1 
Try Mean:  7.358491  Size:  0.001 
4   14 
7.358491   0.001 
4   14 
7.358491   0.001 
4   14 
7.358498   0.001 
4   14 
7.358491   0.001001 
Fit Mean:  7.35849  Size:  -0.002836831  Code:  1 
Try Mean:  14  Size:  10000 
4   14 
14   10000 
4   14 
14   10000 
4   14 
14.00001   10000 
4   14 
14   10000.01 
4   14 
13.9732   10000 
4   14 
13.97321   10000 
4   14 
13.9732   10000.01 
Fit Mean:  -22.53428  Size:  10000  Code:  1 
Try Mean:  14  Size:  1000 
4   14 
14   1000 
4   14 
14   1000 
4   14 
14.00001   1000 
4   14 
14   1000.001 
4   14 
13.97357   1000 
4   14 
13.97359   1000 
4   14 
13.97357   1000.001 
Fit Mean:  -22.97847  Size:  1000.018  Code:  1 
Try Mean:  14  Size:  100 
4   14 
14   100 
4   14 
14   100 
4   14 
14.00001   100 
4   14 
14   100.0001 
4   14 
13.97691   99.99989 
4   14 
13.97692   99.99989 
4   14 
13.97691   99.99999 
Fit Mean:  -27.4305  Size:  102.0635  Code:  1 
Try Mean:  14  Size:  10 
4   14 
14   10 
4   14 
14   10 
4   14 
14.00001   10 
4   14 
14   10.00001 
4   14 
13.99129   9.996975 
4   14 
13.9913   9.996975 
4   14 
13.99129   9.996985 
Fit Mean:  -31.80874  Size:  15.95529  Code:  1 
Try Mean:  14  Size:  1 
4   14 
14   1 
4   14 
14   1 
4   14 
14.00001   1 
4   14 
14   1.000001 
4   14 
13.99957   0.9931328 
4   14 
13.99958   0.9931328 
4   14 
13.99957   0.9931338 
Fit Mean:  18.07842  Size:  -9.4729  Code:  1 
Try Mean:  14  Size:  0.1 
4   14 
14   0.1 
4   14 
14   0.1 
4   14 
14.00001   0.1 
4   14 
14   0.100001 
4   14 
13.99999   0.09534309 
4   14 
14.00001   0.09534309 
4   14 
13.99999   0.09534409 
Fit Mean:  14.02287  Size:  -0.8787569  Code:  1 
Try Mean:  14  Size:  0.01 
4   14 
14   0.01 
4   14 
14   0.01 
4   14 
14.00001   0.01 
4   14 
14   0.010001 
4   14 
14   0.00580027 
4   14 
14.00001   0.00580027 
4   14 
14   0.00580127 
Fit Mean:  14.00457  Size:  -0.7612781  Code:  1 
Try Mean:  14  Size:  0.001 
4   14 
14   0.001 
4   14 
14   0.001 
4   14 
14.00001   0.001 
4   14 
14   0.001001 
Fit Mean:  14  Size:  -0.003150547  Code:  1 
Try Mean:  4  Size:  10000 
4   14 
4   10000 
4   14 
4   10000 
4   14 
4.000004   10000 
4   14 
4   10000.01 
4   14 
4.026053   10000 
4   14 
4.026057   10000 
4   14 
4.026053   10000.01 
4   14 
7.610305   10000 
4   14 
7.610313   10000 
4   14 
7.610305   10000.01 
4   14 
10.03922   10000 
4   14 
8.755247   10000 
4   14 
8.755256   10000 
4   14 
8.755247   10000.01 
4   14 
8.750075   10000 
4   14 
8.750084   10000 
4   14 
8.750075   10000.01 
4   14 
8.750269   10000 
4   14 
8.750278   10000 
4   14 
8.750269   10000.01 
4   14 
8.750269   10000 
4   14 
8.750278   10000 
4   14 
8.750269   10000.01 
Fit Mean:  8.750269  Size:  10000  Code:  2 
Try Mean:  4  Size:  1000 
4   14 
4   1000 
4   14 
4   1000 
4   14 
4.000004   1000 
4   14 
4   1000.001 
4   14 
4.026104   1000 
4   14 
4.026108   1000 
4   14 
4.026104   1000.001 
4   14 
7.624715   999.9999 
4   14 
7.624723   999.9999 
4   14 
7.624715   1000.001 
4   14 
9.95961   999.9998 
4   14 
8.750634   999.9998 
4   14 
8.750643   999.9998 
4   14 
8.750634   1000.001 
4   14 
8.745198   999.9998 
4   14 
8.745207   999.9998 
4   14 
8.745198   1000.001 
4   14 
8.74538   999.9998 
4   14 
8.745389   999.9998 
4   14 
8.74538   1000.001 
4   14 
8.745381   999.9998 
4   14 
8.74539   999.9998 
4   14 
8.745381   1000.001 
Fit Mean:  8.745381  Size:  999.9998  Code:  2 
Try Mean:  4  Size:  100 
4   14 
4   100 
4   14 
4   100 
4   14 
4.000004   100 
4   14 
4   100.0001 
4   14 
4.02655   99.99996 
4   14 
4.026554   99.99996 
4   14 
4.02655   100.0001 
4   14 
7.733618   99.98722 
4   14 
7.733626   99.98722 
4   14 
7.733618   99.98732 
4   14 
9.386561   99.98061 
4   14 
9.386571   99.98061 
4   14 
9.386561   99.98071 
4   14 
8.709865   99.98179 
4   14 
8.709874   99.98179 
4   14 
8.709865   99.98189 
4   14 
8.696468   99.98072 
4   14 
8.696477   99.98072 
4   14 
8.696468   99.98082 
4   14 
8.696856   99.97964 
4   14 
8.696864   99.97964 
4   14 
8.696856   99.97974 
4   14 
8.699494   99.96362 
4   14 
8.699502   99.96362 
4   14 
8.699494   99.96372 
4   14 
8.702514   99.9266 
4   14 
8.702523   99.9266 
4   14 
8.702514   99.9267 
4   14 
8.708158   99.80358 
4   14 
8.708167   99.80358 
4   14 
8.708158   99.80368 
4   14 
8.716834   99.47728 
4   14 
8.716843   99.47728 
4   14 
8.716834   99.47738 
4   14 
8.73136   98.5635 
4   14 
8.731369   98.5635 
4   14 
8.73136   98.5636 
4   14 
8.755932   96.04416 
4   14 
8.755941   96.04416 
4   14 
8.755932   96.04426 
4   14 
8.803406   88.53181 
4   14 
8.803415   88.53181 
4   14 
8.803406   88.5319 
4   14 
8.953045   56.82986 
4   14 
8.953054   56.82986 
4   14 
8.953045   56.82991 
Fit Mean:  9.261066  Size:  -9.589538  Code:  1 
Try Mean:  4  Size:  10 
4   14 
4   10 
4   14 
4   10 
4   14 
4.000004   10 
4   14 
4   10.00001 
4   14 
4.026939   9.997637 
4   14 
4.026943   9.997637 
4   14 
4.026939   9.997647 
4   14 
7.108484   9.522234 
4   14 
7.108491   9.522234 
4   14 
7.108484   9.522243 
4   14 
7.935294   9.331552 
4   14 
7.935302   9.331552 
4   14 
7.935294   9.331561 
4   14 
8.254172   9.194082 
4   14 
8.25418   9.194082 
4   14 
8.254172   9.194091 
4   14 
8.343689   9.079831 
4   14 
8.343697   9.079831 
4   14 
8.343689   9.07984 
4   14 
8.475423   8.731782 
4   14 
8.475431   8.731782 
4   14 
8.475423   8.731791 
4   14 
8.747573   7.513145 
4   14 
8.747582   7.513145 
4   14 
8.747573   7.513152 
Fit Mean:  11.45278  Size:  -7.054584  Code:  1 
Try Mean:  4  Size:  1 
4   14 
4   1 
4   14 
4   1 
4   14 
4.000004   1 
4   14 
4   1.000001 
4   14 
4.006261   0.9868385 
4   14 
4.006265   0.9868385 
4   14 
4.006261   0.9868395 
Fit Mean:  3.966765  Size:  -2.161172  Code:  1 
Try Mean:  4  Size:  0.1 
4   14 
4   0.1 
4   14 
4   0.1 
4   14 
4.000004   0.1 
4   14 
4   0.100001 
4   14 
4.000097   0.09440889 
4   14 
4.000101   0.09440889 
4   14 
4.000097   0.09440989 
Fit Mean:  3.982666  Size:  -0.1699862  Code:  1 
Try Mean:  4  Size:  0.01 
4   14 
4   0.01 
4   14 
4   0.01 
4   14 
4.000004   0.01 
4   14 
4   0.010001 
4   14 
3.999998   0.006455074 
4   14 
4.000002   0.006455074 
4   14 
3.999998   0.006456074 
Fit Mean:  4.000294  Size:  -0.1319568  Code:  1 
Try Mean:  4  Size:  0.001 
4   14 
4   0.001 
4   14 
4   0.001 
4   14 
4.000004   0.001 
4   14 
4   0.001001 
Fit Mean:  4  Size:  -0.002318939  Code:  1 
Try Mean:  4.5  Size:  10000 
4   14 
4.5   10000 
4   14 
4.5   10000 
4   14 
4.500005   10000 
4   14 
4.5   10000.01 
4   14 
4.523388   10000 
4   14 
4.523392   10000 
4   14 
4.523388   10000.01 
4   14 
10.93695   10000 
4   14 
10.93697   10000 
4   14 
10.93695   10000.01 
4   14 
8.168279   10000 
4   14 
8.168287   10000 
4   14 
8.168279   10000.01 
4   14 
8.825363   10000 
4   14 
8.825372   10000 
4   14 
8.825363   10000.01 
4   14 
8.74992   10000 
4   14 
8.749928   10000 
4   14 
8.74992   10000.01 
4   14 
8.75027   10000 
4   14 
8.750278   10000 
4   14 
8.75027   10000.01 
4   14 
8.750269   10000 
4   14 
8.751145   10000 
4   14 
8.749395   10000 
4   14 
8.75027   10001 
4   14 
8.75027   9999 
4   14 
8.750274   10000 
4   14 
8.751149   10000 
4   14 
8.749399   10000 
4   14 
8.750274   10001 
4   14 
8.750274   9999 
Fit Mean:  8.750274  Size:  10000  Code:  2 
Try Mean:  4.5  Size:  1000 
4   14 
4.5   1000 
4   14 
4.5   1000 
4   14 
4.500005   1000 
4   14 
4.5   1000.001 
4   14 
4.523433   1000 
4   14 
4.523438   1000 
4   14 
4.523433   1000.001 
4   14 
10.88764   999.9997 
4   14 
10.88765   999.9997 
4   14 
10.88764   1000.001 
4   14 
8.187863   999.9997 
4   14 
8.187871   999.9997 
4   14 
8.187863   1000.001 
4   14 
8.817114   999.9997 
4   14 
8.817123   999.9997 
4   14 
8.817114   1000.001 
4   14 
8.745174   999.9997 
4   14 
8.745183   999.9997 
4   14 
8.745174   1000.001 
4   14 
8.745381   999.9996 
4   14 
8.745389   999.9996 
4   14 
8.745381   1000.001 
4   14 
8.745381   999.9996 
4   14 
8.74539   999.9996 
4   14 
8.745381   1000.001 
Fit Mean:  8.745381  Size:  999.9996  Code:  2 
Try Mean:  4.5  Size:  100 
4   14 
4.5   100 
4   14 
4.5   100 
4   14 
4.500005   100 
4   14 
4.5   100.0001 
4   14 
4.523812   99.99996 
4   14 
4.523816   99.99996 
4   14 
4.523812   100.0001 
4   14 
10.39364   99.97559 
4   14 
10.39366   99.97559 
4   14 
10.39364   99.97569 
4   14 
8.354105   99.97813 
4   14 
8.354113   99.97813 
4   14 
8.354105   99.97823 
4   14 
8.73714   99.97492 
4   14 
8.737149   99.97492 
4   14 
8.73714   99.97502 
4   14 
8.697213   99.9733 
4   14 
8.697222   99.9733 
4   14 
8.697213   99.9734 
4   14 
8.696887   99.97134 
4   14 
8.696896   99.97134 
4   14 
8.696887   99.97144 
4   14 
8.691307   99.90289 
4   14 
8.691316   99.90289 
4   14 
8.691307   99.90299 
4   14 
8.685324   99.75759 
4   14 
8.685333   99.75759 
4   14 
8.685324   99.75769 
4   14 
8.673421   99.25781 
4   14 
8.67343   99.25781 
4   14 
8.673421   99.25791 
4   14 
8.654343   97.92964 
4   14 
8.654352   97.92964 
4   14 
8.654343   97.92974 
4   14 
8.61792   93.99832 
4   14 
8.617928   93.99832 
4   14 
8.61792   93.99841 
4   14 
8.530226   80.79473 
4   14 
8.530234   80.79473 
4   14 
8.530226   80.79481 
Fit Mean:  5.184929  Size:  -456.9034  Code:  1 
Try Mean:  4.5  Size:  10 
4   14 
4.5   10 
4   14 
4.5   10 
4   14 
4.500005   10 
4   14 
4.5   10.00001 
4   14 
4.522915   9.99778 
4   14 
4.52292   9.99778 
4   14 
4.522915   9.99779 
4   14 
7.543848   9.539229 
4   14 
7.543856   9.539229 
4   14 
7.543848   9.539238 
4   14 
8.074724   9.393152 
4   14 
8.074732   9.393152 
4   14 
8.074724   9.393161 
4   14 
8.298175   9.254396 
4   14 
8.298183   9.254396 
4   14 
8.298175   9.254405 
4   14 
8.375809   9.108058 
4   14 
8.375818   9.108058 
4   14 
8.375809   9.108068 
4   14 
8.573056   8.402482 
4   14 
8.573065   8.402482 
4   14 
8.573056   8.402491 
4   14 
9.08775   5.610494 
4   14 
9.087759   5.610494 
4   14 
9.08775   5.610499 
4   14 
9.915585   0.9934318 
4   14 
9.915594   0.9934318 
4   14 
9.915585   0.9934328 
Fit Mean:  15.30246  Size:  -24.7976  Code:  1 
Try Mean:  4.5  Size:  1 
4   14 
4.5   1 
4   14 
4.5   1 
4   14 
4.500005   1 
4   14 
4.5   1.000001 
4   14 
4.504124   0.990388 
4   14 
4.504128   0.990388 
4   14 
4.504124   0.990389 
Fit Mean:  4.323558  Size:  -2.390398  Code:  1 
Try Mean:  4.5  Size:  0.1 
4   14 
4.5   0.1 
4   14 
4.5   0.1 
4   14 
4.500005   0.1 
4   14 
4.5   0.100001 
4   14 
4.500054   0.09523921 
4   14 
4.500059   0.09523921 
4   14 
4.500054   0.09524021 
Fit Mean:  4.469651  Size:  -0.2929558  Code:  1 
Try Mean:  4.5  Size:  0.01 
4   14 
4.5   0.01 
4   14 
4.5   0.01 
4   14 
4.500005   0.01 
4   14 
4.5   0.010001 
4   14 
4.499998   0.006429154 
4   14 
4.500003   0.006429154 
4   14 
4.499998   0.006430154 
Fit Mean:  4.50151  Size:  -0.2380309  Code:  1 
Try Mean:  4.5  Size:  0.001 
4   14 
4.5   0.001 
4   14 
4.5   0.001 
4   14 
4.500005   0.001 
4   14 
4.5   0.001001 
Fit Mean:  4.5  Size:  -0.002440624  Code:  1 
Try Mean:  9  Size:  10000 
4   14 
9   10000 
4   14 
9   10000 
4   14 
9.000009   10000 
4   14 
9   10000.01 
4   14 
8.997633   10000 
4   14 
8.997642   10000 
4   14 
8.997633   10000.01 
4   14 
8.748493   10000 
4   14 
8.748502   10000 
4   14 
8.748493   10000.01 
4   14 
8.750278   10000 
4   14 
8.750287   10000 
4   14 
8.750278   10000.01 
4   14 
8.750269   10000 
4   14 
8.750278   10000 
4   14 
8.750269   10000.01 
4   14 
8.750269   10000 
4   14 
8.751144   10000 
4   14 
8.749394   10000 
4   14 
8.750269   10001 
4   14 
8.750269   9999 
4   14 
8.750274   10000 
4   14 
8.751149   10000 
4   14 
8.749399   10000 
4   14 
8.750274   10001 
4   14 
8.750274   9999 
Fit Mean:  8.750274  Size:  10000  Code:  2 
Try Mean:  9  Size:  1000 
4   14 
9   1000 
4   14 
9   1000 
4   14 
9.000009   1000 
4   14 
9   1000.001 
4   14 
8.997615   1000 
4   14 
8.997624   1000 
4   14 
8.997615   1000.001 
4   14 
8.743409   1000 
4   14 
8.743418   1000 
4   14 
8.743409   1000.001 
4   14 
8.745391   1000 
4   14 
8.7454   1000 
4   14 
8.745391   1000.001 
4   14 
8.74538   1000 
4   14 
8.745389   1000 
4   14 
8.74538   1000.001 
4   14 
8.745374   999.9999 
4   14 
8.745382   999.9999 
4   14 
8.745374   1000.001 
Fit Mean:  8.745374  Size:  999.9999  Code:  2 
Try Mean:  9  Size:  100 
4   14 
9   100 
4   14 
9   100 
4   14 
9.000009   100 
4   14 
9   100.0001 
4   14 
8.997466   99.99999 
4   14 
8.997475   99.99999 
4   14 
8.997466   100.0001 
4   14 
8.692446   99.99826 
4   14 
8.692454   99.99826 
4   14 
8.692446   99.99836 
4   14 
8.696988   99.99734 
4   14 
8.696996   99.99734 
4   14 
8.696988   99.99744 
4   14 
8.697127   99.99632 
4   14 
8.697136   99.99632 
4   14 
8.697127   99.99642 
4   14 
8.703632   99.90142 
4   14 
8.70364   99.90142 
4   14 
8.703632   99.90152 
4   14 
8.710272   99.70814 
4   14 
8.710281   99.70814 
4   14 
8.710272   99.70824 
4   14 
8.723503   99.03324 
4   14 
8.723512   99.03324 
4   14 
8.723503   99.03334 
4   14 
8.74413   97.24315 
4   14 
8.744139   97.24315 
4   14 
8.74413   97.24325 
4   14 
8.78283   91.85931 
4   14 
8.782839   91.85931 
4   14 
8.78283   91.8594 
4   14 
8.878063   72.85176 
4   14 
8.878072   72.85176 
4   14 
8.878063   72.85184 
4   14 
8.942936   55.96475 
4   14 
8.942944   55.96475 
4   14 
8.942936   55.9648 
4   14 
9.126532   16.678 
4   14 
9.126541   16.678 
4   14 
9.126532   16.67801 
Fit Mean:  14.01921  Size:  -832.5176  Code:  1 
Try Mean:  9  Size:  10 
4   14 
9   10 
4   14 
9   10 
4   14 
9.000009   10 
4   14 
9   10.00001 
4   14 
8.997497   9.999499 
4   14 
8.997506   9.999499 
4   14 
8.997497   9.999509 
4   14 
8.208257   9.688589 
4   14 
8.208266   9.688589 
4   14 
8.208257   9.688598 
4   14 
8.253512   9.515072 
4   14 
8.253521   9.515072 
4   14 
8.253512   9.515081 
4   14 
8.95691   3.343549 
4   14 
8.956919   3.343549 
4   14 
8.95691   3.343552 
Fit Mean:  10.77061  Size:  -14.60946  Code:  1 
Try Mean:  9  Size:  1 
4   14 
9   1 
4   14 
9   1 
4   14 
9.000009   1 
4   14 
9   1.000001 
4   14 
8.999677   0.996628 
4   14 
8.999686   0.996628 
4   14 
8.999677   0.996629 
4   14 
8.999355   0.9932535 
4   14 
8.999364   0.9932535 
4   14 
8.999355   0.9932545 
4   14 
8.999035   0.9898767 
4   14 
8.999044   0.9898767 
4   14 
8.999035   0.9898777 
4   14 
8.998717   0.9864974 
4   14 
8.998726   0.9864974 
4   14 
8.998717   0.9864984 
4   14 
8.9984   0.9831157 
4   14 
8.998409   0.9831157 
4   14 
8.9984   0.9831167 
4   14 
8.998085   0.9797316 
4   14 
8.998094   0.9797316 
4   14 
8.998085   0.9797326 
4   14 
8.997771   0.9763451 
4   14 
8.99778   0.9763451 
4   14 
8.997771   0.9763461 
4   14 
8.997459   0.9729561 
4   14 
8.997468   0.9729561 
4   14 
8.997459   0.9729571 
4   14 
8.997149   0.9695647 
4   14 
8.997158   0.9695647 
4   14 
8.997149   0.9695657 
4   14 
8.99684   0.9661709 
4   14 
8.996849   0.9661709 
4   14 
8.99684   0.9661719 
4   14 
8.996533   0.9627747 
4   14 
8.996542   0.9627747 
4   14 
8.996533   0.9627757 
4   14 
8.996228   0.959376 
4   14 
8.996237   0.959376 
4   14 
8.996228   0.959377 
4   14 
8.995924   0.9559749 
4   14 
8.995933   0.9559749 
4   14 
8.995924   0.9559759 
4   14 
8.995621   0.9525714 
4   14 
8.99563   0.9525714 
4   14 
8.995621   0.9525724 
4   14 
8.995321   0.9491654 
4   14 
8.99533   0.9491654 
4   14 
8.995321   0.9491664 
4   14 
8.995021   0.945757 
4   14 
8.99503   0.945757 
4   14 
8.995021   0.945758 
4   14 
8.994724   0.9423461 
4   14 
8.994733   0.9423461 
4   14 
8.994724   0.9423471 
4   14 
8.994428   0.9389329 
4   14 
8.994437   0.9389329 
4   14 
8.994428   0.9389339 
4   14 
8.994134   0.9355171 
4   14 
8.994143   0.9355171 
4   14 
8.994134   0.9355181 
4   14 
8.993841   0.9320989 
4   14 
8.99385   0.9320989 
4   14 
8.993841   0.9320999 
4   14 
8.99355   0.9286783 
4   14 
8.993559   0.9286783 
4   14 
8.99355   0.9286793 
4   14 
8.99326   0.9252552 
4   14 
8.993269   0.9252552 
4   14 
8.99326   0.9252562 
4   14 
8.992972   0.9218297 
4   14 
8.992981   0.9218297 
4   14 
8.992972   0.9218307 
4   14 
8.992686   0.9184017 
4   14 
8.992695   0.9184017 
4   14 
8.992686   0.9184027 
4   14 
8.992401   0.9149712 
4   14 
8.99241   0.9149712 
4   14 
8.992401   0.9149722 
4   14 
8.992118   0.9115383 
4   14 
8.992127   0.9115383 
4   14 
8.992118   0.9115393 
4   14 
8.991836   0.908103 
4   14 
8.991845   0.908103 
4   14 
8.991836   0.908104 
4   14 
8.991556   0.9046652 
4   14 
8.991565   0.9046652 
4   14 
8.991556   0.9046662 
4   14 
8.991277   0.9012249 
4   14 
8.991286   0.9012249 
4   14 
8.991277   0.9012259 
4   14 
8.991   0.8977821 
4   14 
8.991009   0.8977821 
4   14 
8.991   0.8977831 
4   14 
8.990725   0.8943369 
4   14 
8.990734   0.8943369 
4   14 
8.990725   0.8943379 
4   14 
8.990451   0.8908893 
4   14 
8.99046   0.8908893 
4   14 
8.990451   0.8908903 
4   14 
8.990179   0.8874391 
4   14 
8.990188   0.8874391 
4   14 
8.990179   0.8874401 
4   14 
8.989909   0.8839865 
4   14 
8.989918   0.8839865 
4   14 
8.989909   0.8839875 
4   14 
8.98964   0.8805314 
4   14 
8.989649   0.8805314 
4   14 
8.98964   0.8805324 
4   14 
8.989372   0.8770739 
4   14 
8.989381   0.8770739 
4   14 
8.989372   0.8770749 
4   14 
8.989106   0.8736139 
4   14 
8.989115   0.8736139 
4   14 
8.989106   0.8736149 
4   14 
8.988842   0.8701514 
4   14 
8.988851   0.8701514 
4   14 
8.988842   0.8701524 
4   14 
8.988579   0.8666864 
4   14 
8.988588   0.8666864 
4   14 
8.988579   0.8666874 
4   14 
8.988318   0.863219 
4   14 
8.988327   0.863219 
4   14 
8.988318   0.86322 
4   14 
8.988058   0.859749 
4   14 
8.988067   0.859749 
4   14 
8.988058   0.85975 
4   14 
8.9878   0.8562766 
4   14 
8.987809   0.8562766 
4   14 
8.9878   0.8562776 
4   14 
8.987544   0.8528018 
4   14 
8.987553   0.8528018 
4   14 
8.987544   0.8528028 
4   14 
8.987289   0.8493244 
4   14 
8.987298   0.8493244 
4   14 
8.987289   0.8493254 
4   14 
8.987036   0.8458446 
4   14 
8.987045   0.8458446 
4   14 
8.987036   0.8458456 
4   14 
8.986784   0.8423622 
4   14 
8.986793   0.8423622 
4   14 
8.986784   0.8423632 
4   14 
8.986534   0.8388774 
4   14 
8.986543   0.8388774 
4   14 
8.986534   0.8388784 
4   14 
8.986285   0.8353901 
4   14 
8.986294   0.8353901 
4   14 
8.986285   0.8353911 
4   14 
8.986038   0.8319003 
4   14 
8.986047   0.8319003 
4   14 
8.986038   0.8319013 
4   14 
8.985792   0.8284081 
4   14 
8.985801   0.8284081 
4   14 
8.985792   0.8284091 
4   14 
8.985548   0.8249133 
4   14 
8.985557   0.8249133 
4   14 
8.985548   0.8249143 
4   14 
8.985306   0.8214161 
4   14 
8.985315   0.8214161 
4   14 
8.985306   0.8214171 
4   14 
8.985065   0.8179163 
4   14 
8.985074   0.8179163 
4   14 
8.985065   0.8179173 
4   14 
8.984825   0.8144141 
4   14 
8.984834   0.8144141 
4   14 
8.984825   0.8144151 
4   14 
8.984588   0.8109094 
4   14 
8.984597   0.8109094 
4   14 
8.984588   0.8109104 
4   14 
8.984351   0.8074021 
4   14 
8.98436   0.8074021 
4   14 
8.984351   0.8074031 
4   14 
8.984117   0.8038924 
4   14 
8.984126   0.8038924 
4   14 
8.984117   0.8038934 
4   14 
8.983883   0.8003802 
4   14 
8.983892   0.8003802 
4   14 
8.983883   0.8003812 
4   14 
8.983652   0.7968655 
4   14 
8.983661   0.7968655 
4   14 
8.983652   0.7968665 
4   14 
8.983422   0.7933484 
4   14 
8.983431   0.7933484 
4   14 
8.983422   0.7933494 
4   14 
8.983193   0.7898287 
4   14 
8.983202   0.7898287 
4   14 
8.983193   0.7898297 
4   14 
8.982966   0.7863065 
4   14 
8.982975   0.7863065 
4   14 
8.982966   0.7863075 
4   14 
8.98274   0.7827818 
4   14 
8.982749   0.7827818 
4   14 
8.98274   0.7827828 
4   14 
8.982516   0.7792546 
4   14 
8.982525   0.7792546 
4   14 
8.982516   0.7792556 
4   14 
8.982294   0.775725 
4   14 
8.982303   0.775725 
4   14 
8.982294   0.775726 
4   14 
8.982073   0.7721928 
4   14 
8.982082   0.7721928 
4   14 
8.982073   0.7721938 
4   14 
8.981853   0.7686581 
4   14 
8.981862   0.7686581 
4   14 
8.981853   0.7686591 
4   14 
8.981636   0.765121 
4   14 
8.981645   0.765121 
4   14 
8.981636   0.765122 
4   14 
8.981419   0.7615813 
4   14 
8.981428   0.7615813 
4   14 
8.981419   0.7615823 
4   14 
8.981204   0.7580391 
4   14 
8.981213   0.7580391 
4   14 
8.981204   0.7580401 
4   14 
8.980991   0.7544945 
4   14 
8.981   0.7544945 
4   14 
8.980991   0.7544955 
4   14 
8.980779   0.7509473 
4   14 
8.980788   0.7509473 
4   14 
8.980779   0.7509483 
4   14 
8.980569   0.7473977 
4   14 
8.980578   0.7473977 
4   14 
8.980569   0.7473987 
4   14 
8.98036   0.7438455 
4   14 
8.980369   0.7438455 
4   14 
8.98036   0.7438465 
4   14 
8.980153   0.7402908 
4   14 
8.980162   0.7402908 
4   14 
8.980153   0.7402918 
4   14 
8.979947   0.7367337 
4   14 
8.979956   0.7367337 
4   14 
8.979947   0.7367347 
4   14 
8.979742   0.733174 
4   14 
8.979751   0.733174 
4   14 
8.979742   0.733175 
4   14 
8.97954   0.7296119 
4   14 
8.979549   0.7296119 
4   14 
8.97954   0.7296129 
4   14 
8.979338   0.7260472 
4   14 
8.979347   0.7260472 
4   14 
8.979338   0.7260482 
4   14 
8.979139   0.7224801 
4   14 
8.979148   0.7224801 
4   14 
8.979139   0.7224811 
4   14 
8.97894   0.7189104 
4   14 
8.978949   0.7189104 
4   14 
8.97894   0.7189114 
4   14 
8.978743   0.7153382 
4   14 
8.978752   0.7153382 
4   14 
8.978743   0.7153392 
4   14 
8.978548   0.7117636 
4   14 
8.978557   0.7117636 
4   14 
8.978548   0.7117646 
4   14 
8.978354   0.7081865 
4   14 
8.978363   0.7081865 
4   14 
8.978354   0.7081875 
4   14 
8.978162   0.7046068 
4   14 
8.978171   0.7046068 
4   14 
8.978162   0.7046078 
4   14 
8.977971   0.7010247 
4   14 
8.97798   0.7010247 
4   14 
8.977971   0.7010257 
4   14 
8.977782   0.69744 
4   14 
8.977791   0.69744 
4   14 
8.977782   0.697441 
4   14 
8.977594   0.6938529 
4   14 
8.977603   0.6938529 
4   14 
8.977594   0.6938539 
4   14 
8.977407   0.6902633 
4   14 
8.977416   0.6902633 
4   14 
8.977407   0.6902643 
4   14 
8.977222   0.6866711 
4   14 
8.977231   0.6866711 
4   14 
8.977222   0.6866721 
4   14 
8.977039   0.6830765 
4   14 
8.977048   0.6830765 
4   14 
8.977039   0.6830775 
4   14 
8.976857   0.6794794 
4   14 
8.976866   0.6794794 
4   14 
8.976857   0.6794804 
4   14 
8.976676   0.6758798 
4   14 
8.976685   0.6758798 
4   14 
8.976676   0.6758808 
4   14 
8.976497   0.6722777 
4   14 
8.976506   0.6722777 
4   14 
8.976497   0.6722787 
4   14 
8.976319   0.6686731 
4   14 
8.976328   0.6686731 
4   14 
8.976319   0.6686741 
4   14 
8.976143   0.6650661 
4   14 
8.976152   0.6650661 
4   14 
8.976143   0.6650671 
4   14 
8.975968   0.6614565 
4   14 
8.975977   0.6614565 
4   14 
8.975968   0.6614575 
4   14 
8.975795   0.6578445 
4   14 
8.975804   0.6578445 
4   14 
8.975795   0.6578455 
4   14 
8.975623   0.6542299 
4   14 
8.975632   0.6542299 
4   14 
8.975623   0.6542309 
4   14 
8.975453   0.6506129 
4   14 
8.975462   0.6506129 
4   14 
8.975453   0.6506139 
4   14 
8.975284   0.6469934 
4   14 
8.975293   0.6469934 
4   14 
8.975284   0.6469944 
4   14 
8.975117   0.6433714 
4   14 
8.975126   0.6433714 
4   14 
8.975117   0.6433724 
4   14 
8.97495   0.6397469 
4   14 
8.974959   0.6397469 
4   14 
8.97495   0.6397479 
4   14 
8.974786   0.63612 
4   14 
8.974795   0.63612 
4   14 
8.974786   0.636121 
4   14 
8.974623   0.6324906 
4   14 
8.974632   0.6324906 
4   14 
8.974623   0.6324916 
4   14 
8.974461   0.6288587 
4   14 
8.97447   0.6288587 
4   14 
8.974461   0.6288597 
4   14 
8.974301   0.6252243 
4   14 
8.97431   0.6252243 
4   14 
8.974301   0.6252253 
4   14 
8.974142   0.6215875 
4   14 
8.974151   0.6215875 
4   14 
8.974142   0.6215885 
4   14 
8.973984   0.6179481 
4   14 
8.973993   0.6179481 
4   14 
8.973984   0.6179491 
4   14 
8.973828   0.6143063 
4   14 
8.973837   0.6143063 
4   14 
8.973828   0.6143073 
4   14 
8.973673   0.6106621 
4   14 
8.973682   0.6106621 
4   14 
8.973673   0.6106631 
4   14 
8.97352   0.6070154 
4   14 
8.973529   0.6070154 
4   14 
8.97352   0.6070164 
4   14 
8.973368   0.6033662 
4   14 
8.973377   0.6033662 
4   14 
8.973368   0.6033672 
4   14 
8.973218   0.5997145 
4   14 
8.973227   0.5997145 
4   14 
8.973218   0.5997155 
4   14 
8.973069   0.5960604 
4   14 
8.973078   0.5960604 
4   14 
8.973069   0.5960614 
4   14 
8.972921   0.5924038 
4   14 
8.97293   0.5924038 
4   14 
8.972921   0.5924048 
4   14 
8.972775   0.5887448 
4   14 
8.972784   0.5887448 
4   14 
8.972775   0.5887458 
4   14 
8.97263   0.5850833 
4   14 
8.972639   0.5850833 
4   14 
8.97263   0.5850843 
4   14 
8.972487   0.5814194 
4   14 
8.972496   0.5814194 
4   14 
8.972487   0.5814204 
4   14 
8.972345   0.577753 
4   14 
8.972354   0.577753 
4   14 
8.972345   0.577754 
4   14 
8.972204   0.5740842 
4   14 
8.972213   0.5740842 
4   14 
8.972204   0.5740852 
4   14 
8.972065   0.5704129 
4   14 
8.972074   0.5704129 
4   14 
8.972065   0.5704139 
4   14 
8.971927   0.5667392 
4   14 
8.971936   0.5667392 
4   14 
8.971927   0.5667402 
4   14 
8.97179   0.5630631 
4   14 
8.971799   0.5630631 
4   14 
8.97179   0.5630641 
4   14 
8.971655   0.5593845 
4   14 
8.971664   0.5593845 
4   14 
8.971655   0.5593855 
4   14 
8.971521   0.5557034 
4   14 
8.97153   0.5557034 
4   14 
8.971521   0.5557044 
4   14 
8.971389   0.55202 
4   14 
8.971398   0.55202 
4   14 
8.971389   0.552021 
4   14 
8.971258   0.5483341 
4   14 
8.971267   0.5483341 
4   14 
8.971258   0.5483351 
4   14 
8.971128   0.5446458 
4   14 
8.971137   0.5446458 
4   14 
8.971128   0.5446468 
4   14 
8.971   0.5409551 
4   14 
8.971009   0.5409551 
4   14 
8.971   0.5409561 
4   14 
8.970873   0.5372619 
4   14 
8.970882   0.5372619 
4   14 
8.970873   0.5372629 
4   14 
8.970747   0.5335664 
4   14 
8.970756   0.5335664 
4   14 
8.970747   0.5335674 
4   14 
8.970623   0.5298684 
4   14 
8.970632   0.5298684 
4   14 
8.970623   0.5298694 
4   14 
8.9705   0.526168 
4   14 
8.970509   0.526168 
4   14 
8.9705   0.526169 
4   14 
8.970378   0.5224652 
4   14 
8.970387   0.5224652 
4   14 
8.970378   0.5224662 
4   14 
8.970258   0.5187601 
4   14 
8.970267   0.5187601 
4   14 
8.970258   0.5187611 
4   14 
8.970139   0.5150525 
4   14 
8.970148   0.5150525 
4   14 
8.970139   0.5150535 
4   14 
8.970021   0.5113425 
4   14 
8.97003   0.5113425 
4   14 
8.970021   0.5113435 
4   14 
8.969905   0.5076301 
4   14 
8.969914   0.5076301 
4   14 
8.969905   0.5076311 
4   14 
8.96979   0.5039154 
4   14 
8.969798   0.5039154 
4   14 
8.96979   0.5039164 
4   14 
8.969676   0.5001982 
4   14 
8.969685   0.5001982 
4   14 
8.969676   0.5001992 
4   14 
8.969563   0.4964787 
4   14 
8.969572   0.4964787 
4   14 
8.969563   0.4964797 
4   14 
8.969452   0.4927568 
4   14 
8.969461   0.4927568 
4   14 
8.969452   0.4927578 
4   14 
8.969342   0.4890326 
4   14 
8.969351   0.4890326 
4   14 
8.969342   0.4890336 
4   14 
8.969234   0.485306 
4   14 
8.969243   0.485306 
4   14 
8.969234   0.485307 
4   14 
8.969126   0.481577 
4   14 
8.969135   0.481577 
4   14 
8.969126   0.481578 
4   14 
8.96902   0.4778456 
4   14 
8.969029   0.4778456 
4   14 
8.96902   0.4778466 
4   14 
8.968916   0.4741119 
4   14 
8.968925   0.4741119 
4   14 
8.968916   0.4741129 
4   14 
8.968812   0.4703759 
4   14 
8.968821   0.4703759 
4   14 
8.968812   0.4703769 
4   14 
8.96871   0.4666375 
4   14 
8.968719   0.4666375 
4   14 
8.96871   0.4666385 
4   14 
8.968609   0.4628968 
4   14 
8.968618   0.4628968 
4   14 
8.968609   0.4628978 
4   14 
8.968509   0.4591537 
4   14 
8.968518   0.4591537 
4   14 
8.968509   0.4591547 
4   14 
8.968411   0.4554083 
4   14 
8.96842   0.4554083 
4   14 
8.968411   0.4554093 
4   14 
8.968314   0.4516606 
4   14 
8.968323   0.4516606 
4   14 
8.968314   0.4516616 
4   14 
8.968218   0.4479106 
4   14 
8.968227   0.4479106 
4   14 
8.968218   0.4479116 
4   14 
8.968123   0.4441582 
4   14 
8.968132   0.4441582 
4   14 
8.968123   0.4441592 
4   14 
8.96803   0.4404035 
4   14 
8.968038   0.4404035 
4   14 
8.96803   0.4404045 
4   14 
8.967937   0.4366466 
4   14 
8.967946   0.4366466 
4   14 
8.967937   0.4366476 
4   14 
8.967846   0.4328873 
4   14 
8.967855   0.4328873 
4   14 
8.967846   0.4328883 
4   14 
8.967756   0.4291258 
4   14 
8.967765   0.4291258 
4   14 
8.967756   0.4291268 
4   14 
8.967668   0.4253619 
4   14 
8.967677   0.4253619 
4   14 
8.967668   0.4253629 
4   14 
8.967581   0.4215958 
4   14 
8.967589   0.4215958 
4   14 
8.967581   0.4215968 
4   14 
8.967494   0.4178274 
4   14 
8.967503   0.4178274 
4   14 
8.967494   0.4178284 
4   14 
8.967409   0.4140568 
4   14 
8.967418   0.4140568 
4   14 
8.967409   0.4140578 
4   14 
8.967326   0.4102839 
4   14 
8.967335   0.4102839 
4   14 
8.967326   0.4102849 
4   14 
8.967243   0.4065087 
4   14 
8.967252   0.4065087 
4   14 
8.967243   0.4065097 
4   14 
8.967162   0.4027312 
4   14 
8.967171   0.4027312 
4   14 
8.967162   0.4027322 
4   14 
8.967081   0.3989516 
4   14 
8.96709   0.3989516 
4   14 
8.967081   0.3989526 
4   14 
8.967002   0.3951697 
4   14 
8.967011   0.3951697 
4   14 
8.967002   0.3951707 
4   14 
8.966924   0.3913855 
4   14 
8.966933   0.3913855 
4   14 
8.966924   0.3913865 
4   14 
8.966848   0.3875992 
4   14 
8.966857   0.3875992 
4   14 
8.966848   0.3876002 
4   14 
8.966772   0.3838106 
4   14 
8.966781   0.3838106 
4   14 
8.966772   0.3838116 
4   14 
8.966698   0.3800198 
4   14 
8.966707   0.3800198 
4   14 
8.966698   0.3800208 
4   14 
8.966624   0.3762268 
4   14 
8.966633   0.3762268 
4   14 
8.966624   0.3762278 
4   14 
8.966552   0.3724316 
4   14 
8.966561   0.3724316 
4   14 
8.966552   0.3724326 
4   14 
8.966481   0.3686342 
4   14 
8.96649   0.3686342 
4   14 
8.966481   0.3686352 
4   14 
8.966411   0.3648347 
4   14 
8.96642   0.3648347 
4   14 
8.966411   0.3648357 
4   14 
8.966343   0.3610329 
4   14 
8.966352   0.3610329 
4   14 
8.966343   0.3610339 
4   14 
8.966275   0.357229 
4   14 
8.966284   0.357229 
4   14 
8.966275   0.35723 
4   14 
8.966208   0.353423 
4   14 
8.966217   0.353423 
4   14 
8.966208   0.353424 
4   14 
8.966143   0.3496147 
4   14 
8.966152   0.3496147 
4   14 
8.966143   0.3496157 
4   14 
8.966079   0.3458044 
4   14 
8.966088   0.3458044 
4   14 
8.966079   0.3458054 
4   14 
8.966015   0.3419919 
4   14 
8.966024   0.3419919 
4   14 
8.966015   0.3419929 
4   14 
8.965953   0.3381773 
4   14 
8.965962   0.3381773 
4   14 
8.965953   0.3381783 
4   14 
8.965892   0.3343605 
4   14 
8.965901   0.3343605 
4   14 
8.965892   0.3343615 
4   14 
8.965832   0.3305417 
4   14 
8.965841   0.3305417 
4   14 
8.965832   0.3305427 
4   14 
8.965773   0.3267207 
4   14 
8.965782   0.3267207 
4   14 
8.965773   0.3267217 
4   14 
8.965715   0.3228977 
4   14 
8.965724   0.3228977 
4   14 
8.965715   0.3228987 
4   14 
8.965658   0.3190725 
4   14 
8.965667   0.3190725 
4   14 
8.965658   0.3190735 
4   14 
8.965602   0.3152453 
4   14 
8.965611   0.3152453 
4   14 
8.965602   0.3152463 
4   14 
8.965548   0.3114161 
4   14 
8.965557   0.3114161 
4   14 
8.965548   0.3114171 
4   14 
8.965494   0.3075847 
4   14 
8.965503   0.3075847 
4   14 
8.965494   0.3075857 
4   14 
8.965441   0.3037513 
4   14 
8.96545   0.3037513 
4   14 
8.965441   0.3037523 
4   14 
8.965389   0.2999159 
4   14 
8.965398   0.2999159 
4   14 
8.965389   0.2999169 
4   14 
8.965339   0.2960785 
4   14 
8.965348   0.2960785 
4   14 
8.965339   0.2960795 
4   14 
8.965289   0.292239 
4   14 
8.965298   0.292239 
4   14 
8.965289   0.29224 
4   14 
8.96524   0.2883975 
4   14 
8.965249   0.2883975 
4   14 
8.96524   0.2883985 
4   14 
8.965193   0.284554 
4   14 
8.965202   0.284554 
4   14 
8.965193   0.284555 
4   14 
8.965146   0.2807086 
4   14 
8.965155   0.2807086 
4   14 
8.965146   0.2807096 
4   14 
8.9651   0.2768611 
4   14 
8.965109   0.2768611 
4   14 
8.9651   0.2768621 
4   14 
8.965055   0.2730117 
4   14 
8.965064   0.2730117 
4   14 
8.965055   0.2730127 
4   14 
8.965011   0.2691603 
4   14 
8.96502   0.2691603 
4   14 
8.965011   0.2691613 
4   14 
8.964969   0.2653069 
4   14 
8.964977   0.2653069 
4   14 
8.964969   0.2653079 
4   14 
8.964927   0.2614517 
4   14 
8.964936   0.2614517 
4   14 
8.964927   0.2614527 
4   14 
8.964886   0.2575945 
4   14 
8.964894   0.2575945 
4   14 
8.964886   0.2575955 
4   14 
8.964845   0.2537353 
4   14 
8.964854   0.2537353 
4   14 
8.964845   0.2537363 
4   14 
8.964806   0.2498743 
4   14 
8.964815   0.2498743 
4   14 
8.964806   0.2498753 
4   14 
8.964768   0.2460114 
4   14 
8.964777   0.2460114 
4   14 
8.964768   0.2460124 
4   14 
8.964731   0.2421466 
4   14 
8.96474   0.2421466 
4   14 
8.964731   0.2421476 
4   14 
8.964694   0.2382799 
4   14 
8.964703   0.2382799 
4   14 
8.964694   0.2382809 
4   14 
8.964659   0.2344113 
4   14 
8.964667   0.2344113 
4   14 
8.964659   0.2344123 
4   14 
8.964624   0.2305409 
4   14 
8.964633   0.2305409 
4   14 
8.964624   0.2305419 
4   14 
8.96459   0.2266687 
4   14 
8.964599   0.2266687 
4   14 
8.96459   0.2266697 
4   14 
8.964557   0.2227947 
4   14 
8.964566   0.2227947 
4   14 
8.964557   0.2227957 
4   14 
8.964525   0.2189188 
4   14 
8.964534   0.2189188 
4   14 
8.964525   0.2189198 
4   14 
8.964494   0.2150411 
4   14 
8.964503   0.2150411 
4   14 
8.964494   0.2150421 
4   14 
8.964463   0.2111617 
4   14 
8.964472   0.2111617 
4   14 
8.964463   0.2111627 
4   14 
8.964434   0.2072804 
4   14 
8.964442   0.2072804 
4   14 
8.964434   0.2072814 
4   14 
8.964405   0.2033974 
4   14 
8.964414   0.2033974 
4   14 
8.964405   0.2033984 
4   14 
8.964377   0.1995127 
4   14 
8.964386   0.1995127 
4   14 
8.964377   0.1995137 
4   14 
8.96435   0.1956262 
4   14 
8.964359   0.1956262 
4   14 
8.96435   0.1956272 
4   14 
8.964323   0.191738 
4   14 
8.964332   0.191738 
4   14 
8.964323   0.191739 
4   14 
8.964298   0.1878481 
4   14 
8.964306   0.1878481 
4   14 
8.964298   0.1878491 
4   14 
8.964273   0.1839565 
4   14 
8.964282   0.1839565 
4   14 
8.964273   0.1839575 
4   14 
8.964249   0.1800632 
4   14 
8.964258   0.1800632 
4   14 
8.964249   0.1800642 
4   14 
8.964225   0.1761682 
4   14 
8.964234   0.1761682 
4   14 
8.964225   0.1761692 
4   14 
8.964203   0.1722716 
4   14 
8.964212   0.1722716 
4   14 
8.964203   0.1722726 
4   14 
8.964181   0.1683733 
4   14 
8.96419   0.1683733 
4   14 
8.964181   0.1683743 
4   14 
8.96416   0.1644734 
4   14 
8.964169   0.1644734 
4   14 
8.96416   0.1644744 
4   14 
8.964139   0.1605719 
4   14 
8.964148   0.1605719 
4   14 
8.964139   0.1605729 
4   14 
8.96412   0.1566688 
4   14 
8.964129   0.1566688 
4   14 
8.96412   0.1566698 
4   14 
8.964101   0.1527641 
4   14 
8.96411   0.1527641 
4   14 
8.964101   0.1527651 
4   14 
8.964082   0.1488579 
4   14 
8.964091   0.1488579 
4   14 
8.964082   0.1488589 
4   14 
8.964065   0.1449501 
4   14 
8.964074   0.1449501 
4   14 
8.964065   0.1449511 
4   14 
8.964048   0.1410407 
4   14 
8.964057   0.1410407 
4   14 
8.964048   0.1410417 
4   14 
8.964032   0.1371299 
4   14 
8.964041   0.1371299 
4   14 
8.964032   0.1371309 
4   14 
8.964016   0.1332175 
4   14 
8.964025   0.1332175 
4   14 
8.964016   0.1332185 
4   14 
8.964001   0.1293037 
4   14 
8.96401   0.1293037 
4   14 
8.964001   0.1293047 
4   14 
8.963987   0.1253883 
4   14 
8.963996   0.1253883 
4   14 
8.963987   0.1253893 
4   14 
8.963973   0.1214715 
4   14 
8.963982   0.1214715 
4   14 
8.963973   0.1214725 
4   14 
8.96396   0.1175533 
4   14 
8.963969   0.1175533 
4   14 
8.96396   0.1175543 
4   14 
8.963947   0.1136337 
4   14 
8.963956   0.1136337 
4   14 
8.963947   0.1136347 
4   14 
8.963935   0.1097126 
4   14 
8.963944   0.1097126 
4   14 
8.963935   0.1097136 
4   14 
8.963924   0.1057901 
4   14 
8.963933   0.1057901 
4   14 
8.963924   0.1057911 
4   14 
8.963913   0.1018663 
4   14 
8.963922   0.1018663 
4   14 
8.963913   0.1018673 
4   14 
8.963903   0.09794112 
4   14 
8.963912   0.09794112 
4   14 
8.963903   0.09794212 
4   14 
8.963893   0.09401459 
4   14 
8.963902   0.09401459 
4   14 
8.963893   0.09401559 
4   14 
8.963884   0.09008674 
4   14 
8.963893   0.09008674 
4   14 
8.963884   0.09008774 
4   14 
8.963875   0.08615759 
4   14 
8.963884   0.08615759 
4   14 
8.963875   0.08615859 
4   14 
8.963867   0.08222715 
4   14 
8.963876   0.08222715 
4   14 
8.963867   0.08222815 
4   14 
8.963859   0.07829544 
4   14 
8.963868   0.07829544 
4   14 
8.963859   0.07829644 
4   14 
8.963852   0.07436249 
4   14 
8.963861   0.07436249 
4   14 
8.963852   0.07436349 
4   14 
8.963846   0.0704283 
4   14 
8.963855   0.0704283 
4   14 
8.963846   0.0704293 
4   14 
8.963839   0.0664929 
4   14 
8.963848   0.0664929 
4   14 
8.963839   0.0664939 
4   14 
8.963834   0.0625563 
4   14 
8.963843   0.0625563 
4   14 
8.963834   0.0625573 
4   14 
8.963828   0.05861853 
4   14 
8.963837   0.05861853 
4   14 
8.963828   0.05861953 
4   14 
8.963823   0.05467961 
4   14 
8.963832   0.05467961 
4   14 
8.963823   0.05468061 
4   14 
8.963819   0.05073955 
4   14 
8.963828   0.05073955 
4   14 
8.963819   0.05074055 
4   14 
8.963815   0.04679838 
4   14 
8.963824   0.04679838 
4   14 
8.963815   0.04679938 
4   14 
8.963811   0.0428561 
4   14 
8.96382   0.0428561 
4   14 
8.963811   0.0428571 
4   14 
8.963808   0.03891276 
4   14 
8.963817   0.03891276 
4   14 
8.963808   0.03891376 
4   14 
8.963805   0.03496835 
4   14 
8.963814   0.03496835 
4   14 
8.963805   0.03496935 
4   14 
8.963802   0.03102291 
4   14 
8.963811   0.03102291 
4   14 
8.963802   0.03102391 
4   14 
8.9638   0.02707646 
4   14 
8.963809   0.02707646 
4   14 
8.9638   0.02707746 
4   14 
8.963798   0.02312901 
4   14 
8.963807   0.02312901 
4   14 
8.963798   0.02313001 
4   14 
8.963796   0.01918059 
4   14 
8.963805   0.01918059 
4   14 
8.963796   0.01918159 
4   14 
8.963795   0.01523122 
4   14 
8.963804   0.01523122 
4   14 
8.963795   0.01523222 
4   14 
8.963794   0.01128092 
4   14 
8.963803   0.01128092 
4   14 
8.963794   0.01128192 
4   14 
8.963793   0.007329709 
4   14 
8.963802   0.007329709 
4   14 
8.963793   0.007330709 
4   14 
8.963793   0.003377612 
4   14 
8.963802   0.003377612 
4   14 
8.963793   0.003378612 
Fit Mean:  8.963793  Size:  -0.0005753496  Code:  1 
Try Mean:  9  Size:  0.1 
4   14 
9   0.1 
4   14 
9   0.1 
4   14 
9.000009   0.1 
4   14 
9   0.100001 
4   14 
8.99999   0.09606916 
4   14 
8.999999   0.09606916 
4   14 
8.99999   0.09607016 
4   14 
8.999981   0.09213709 
4   14 
8.99999   0.09213709 
4   14 
8.999981   0.09213809 
4   14 
8.999972   0.08820382 
4   14 
8.999981   0.08820382 
4   14 
8.999972   0.08820482 
4   14 
8.999963   0.08426935 
4   14 
8.999972   0.08426935 
4   14 
8.999963   0.08427035 
4   14 
8.999955   0.08033371 
4   14 
8.999964   0.08033371 
4   14 
8.999955   0.08033471 
4   14 
8.999948   0.07639692 
4   14 
8.999957   0.07639692 
4   14 
8.999948   0.07639792 
4   14 
8.999941   0.07245899 
4   14 
8.99995   0.07245899 
4   14 
8.999941   0.07245999 
4   14 
8.999934   0.06851994 
4   14 
8.999943   0.06851994 
4   14 
8.999934   0.06852094 
4   14 
8.999928   0.06457981 
4   14 
8.999937   0.06457981 
4   14 
8.999928   0.06458081 
4   14 
8.999923   0.06063859 
4   14 
8.999932   0.06063859 
4   14 
8.999923   0.06063959 
4   14 
8.999918   0.05669632 
4   14 
8.999927   0.05669632 
4   14 
8.999918   0.05669732 
4   14 
8.999913   0.05275302 
4   14 
8.999922   0.05275302 
4   14 
8.999913   0.05275402 
4   14 
8.999909   0.0488087 
4   14 
8.999918   0.0488087 
4   14 
8.999909   0.0488097 
4   14 
8.999905   0.04486339 
4   14 
8.999914   0.04486339 
4   14 
8.999905   0.04486439 
4   14 
8.999901   0.0409171 
4   14 
8.99991   0.0409171 
4   14 
8.999901   0.0409181 
4   14 
8.999898   0.03696986 
4   14 
8.999907   0.03696986 
4   14 
8.999898   0.03697086 
4   14 
8.999895   0.03302169 
4   14 
8.999904   0.03302169 
4   14 
8.999895   0.03302269 
4   14 
8.999893   0.02907262 
4   14 
8.999902   0.02907262 
4   14 
8.999893   0.02907362 
4   14 
8.999891   0.02512265 
4   14 
8.9999   0.02512265 
4   14 
8.999891   0.02512365 
4   14 
8.999889   0.02117182 
4   14 
8.999898   0.02117182 
4   14 
8.999889   0.02117282 
4   14 
8.999888   0.01722014 
4   14 
8.999897   0.01722014 
4   14 
8.999888   0.01722114 
4   14 
8.999887   0.01326764 
4   14 
8.999896   0.01326764 
4   14 
8.999887   0.01326864 
4   14 
8.999886   0.00931434 
4   14 
8.999895   0.00931434 
4   14 
8.999886   0.00931534 
4   14 
8.999885   0.005360264 
4   14 
8.999894   0.005360264 
4   14 
8.999885   0.005361264 
4   14 
8.999885   0.001405433 
4   14 
8.999894   0.001405433 
4   14 
8.999885   0.001406433 
Fit Mean:  8.999885  Size:  -0.002550128  Code:  1 
Try Mean:  9  Size:  0.01 
4   14 
9   0.01 
4   14 
9   0.01 
4   14 
9.000009   0.01 
4   14 
9   0.010001 
4   14 
8.999999   0.006046049 
4   14 
9.000008   0.006046049 
4   14 
8.999999   0.006047049 
4   14 
8.999999   0.002091341 
4   14 
9.000008   0.002091341 
4   14 
8.999999   0.002092341 
Fit Mean:  8.999999  Size:  -0.001864102  Code:  1 
Try Mean:  9  Size:  0.001 
4   14 
9   0.001 
4   14 
9   0.001 
4   14 
9.000009   0.001 
4   14 
9   0.001001 
Fit Mean:  9  Size:  -0.002955642  Code:  1 
Try Mean:  13.5  Size:  10000 
4   14 
13.5   10000 
4   14 
13.5   10000 
4   14 
13.50001   10000 
4   14 
13.5   10000.01 
4   14 
13.47369   10000 
4   14 
13.4737   10000 
4   14 
13.47369   10000.01 
Fit Mean:  -6.958944  Size:  10000  Code:  1 
Try Mean:  13.5  Size:  1000 
4   14 
13.5   1000 
4   14 
13.5   1000 
4   14 
13.50001   1000 
4   14 
13.5   1000.001 
4   14 
13.47405   1000 
4   14 
13.47407   1000 
4   14 
13.47405   1000.001 
Fit Mean:  -7.117945  Size:  1000.005  Code:  1 
Try Mean:  13.5  Size:  100 
4   14 
13.5   100 
4   14 
13.5   100 
4   14 
13.50001   100 
4   14 
13.5   100.0001 
4   14 
13.4773   99.99991 
4   14 
13.47731   99.99991 
4   14 
13.4773   100 
Fit Mean:  -8.694476  Size:  100.5175  Code:  1 
Try Mean:  13.5  Size:  10 
4   14 
13.5   10 
4   14 
13.5   10 
4   14 
13.50001   10 
4   14 
13.5   10.00001 
4   14 
13.49134   9.997334 
4   14 
13.49135   9.997334 
4   14 
13.49134   9.997344 
Fit Mean:  -19.49913  Size:  15.3722  Code:  1 
Try Mean:  13.5  Size:  1 
4   14 
13.5   1 
4   14 
13.5   1 
4   14 
13.50001   1 
4   14 
13.5   1.000001 
4   14 
13.49956   0.9935012 
4   14 
13.49957   0.9935012 
4   14 
13.49956   0.9935022 
Fit Mean:  19.70642  Size:  -14.02554  Code:  1 
Try Mean:  13.5  Size:  0.1 
4   14 
13.5   0.1 
4   14 
13.5   0.1 
4   14 
13.50001   0.1 
4   14 
13.5   0.100001 
4   14 
13.49999   0.09540901 
4   14 
13.50001   0.09540901 
4   14 
13.49999   0.09541001 
Fit Mean:  13.52964  Size:  -0.9807193  Code:  1 
Try Mean:  13.5  Size:  0.01 
4   14 
13.5   0.01 
4   14 
13.5   0.01 
4   14 
13.50001   0.01 
4   14 
13.5   0.010001 
4   14 
13.5   0.005818447 
4   14 
13.50001   0.005818447 
4   14 
13.5   0.005819447 
Fit Mean:  13.506  Size:  -0.8450809  Code:  1 
Try Mean:  13.5  Size:  0.001 
4   14 
13.5   0.001 
4   14 
13.5   0.001 
4   14 
13.50001   0.001 
4   14 
13.5   0.001001 
Fit Mean:  13.5  Size:  -0.003137374  Code:  1 
> 
> cat("Final Fit Mean: ", nb_fit_mu, " Size: ", nb_fit_size, " Code: ", nb_fit$code, " Try Size: ", try_size, "\n")
Final Fit Mean:  13.5  Size:  -0.003137374  Code:  1  Try Size:  1e+05 
> 
> ## Fit failed = reset parameters so graphing and output code can recognize this
> if ((nb_fit_mu < 0) || (nb_fit_size < 0) || (nb_fit$code != 1))
+ {
+   nb_fit_mu = 0
+   nb_fit_size = 0
+ }
> 
> 
> ## things can go wrong with fitting and we can still end up with invalid values
> 
> fit_nb = c()
> included_fract = 0
> if (nb_fit_mu > 0)
+ {
+   end_fract = pnbinom(end_i_for_fits, mu = nb_fit_mu, size=nb_fit_size)
+   start_fract = pnbinom(start_i_for_fits, mu = nb_fit_mu, size=nb_fit_size)
+   included_fract = end_fract-start_fract;
+ 
+   if (included_fract >= 0.01) {
+ 
+     ## Adjust so that we are back in full coords before making fit!!
+     if (num_per_bin > 1) 
+     {
+       nb_fit_mu = nb_fit_mu * num_per_bin
+     }
+     fit_nb = dnbinom(0:max(X$coverage), mu = nb_fit_mu, size=nb_fit_size)*inner_total/included_fract;
+   }
+ }
> 
> ## If an insufficient amount of fit was included, then invalidate it
> if (included_fract < 0.01)
+ {
+   nb_fit_mu = 0
+   nb_fit_size = 0
+ }
> 
> f_p <- function(par) {
+ 
+   lambda = par[1];
+ 
+   if (lambda <= 0)
+   {
+     return(0);
+   }
+   
+ 	total <- 0;
+ 	for (i in start_i_for_fits:end_i_for_fits)
+ 	{	
+     #cat(i, " ", lambda, "\n");
+ 		dist[i] <- dpois(i, lambda=lambda);
+ 		total <- total + dist[i] 
+ 	}
+ 	#print (total)
+ 
+  	l <- 0;
+ 	for (i in start_i_for_fits:end_i_for_fits)
+ 	{
+ 		l <- l + ((X.for.fits[i]/inner_total)-(dist[i]/total))^2;
+ 	}
+ 	return(l);
+ }
> 
> 
> ## Fit Poisson 
> ## - allow fit to fail and set all params to zero/empty if that is the case
> 
> p_fit = NULL
> try(suppressWarnings(p_fit<-nlm(f_p, c(m), print.level=this.print.level)))
> 
> fit_p = c()
> if (!is.null(p_fit) && (p_fit$estimate[1] > 0))
+ {
+   #print (nb_fit$estimate[1])
+   p_fit_lambda = p_fit$estimate[1];
+   #print(0:max(X$coverage))
+ 
+   end_fract = ppois(end_i_for_fits, lambda = p_fit_lambda)
+   start_fract = ppois(start_i_for_fits, lambda = p_fit_lambda)
+   included_fract = end_fract-start_fract;
+ 
+   ## Adjust so that we are back in full coords before making fit!!
+   if (num_per_bin > 1) 
+   {
+     p_fit_lambda = p_fit_lambda * num_per_bin
+   }
+   fit_p<-dpois(0:max(X$coverage), lambda = p_fit_lambda)*inner_total/included_fract;
+ }
> 
> 
> ## Graphing
> ##
> ## don't graph very high values with very little coverage
> i<-max_i
> while (i <= length(X$n) && X$n[i]>0.01*max_n)
+ {		
+ 	i <- i+1;
+ }
> graph_end_i <-i
> 
> ## Ths leaves enough room to the right of the peak for the legend
> graph_end_i = max(floor(2.2 * max_i), graph_end_i);
> 
> ## graphics settings
> my_pch = 21
> my_col = "black";
> my_col_censored = "red";
> 
> if (pdf_output == 0) {
+   
+   ## bitmap() requires ghostscript to be installed.
+   ## taa=4, gaa=2 options NOT compatible with earlier R versions!
+   ## units = "px" NOT compatible with even earlier R versions!
+   
+   if(!capabilities(what = "png"))
+   {
+     ## fallback to ghostscript
+     bitmap(plot_file, height=6, width=7, type = "png16m", res = 72, pointsize=18)
+   } else {
+     ## use X11 function, which gives better resolution
+     png(plot_file, height=6, width=7, units ="in", res = 72, pointsize=18)
+     par(family="sans")
+   }
+ } else {
+   pdf(plot_file, height=6, width=7)
+   par(family="sans")
+ }
> 
> par(mar=c(5.5,7.5,3,1.5));
> 
> max_y = 0
> if (plot_poisson) {
+ 	max_y = max(X$n, fit_p, fit_nb)
+ } else {
+ 	max_y = max(X$n, fit_nb)
+ }
> 
> plot(0:10, 0:10, type="n", lty="solid", ylim=c(0, max_y)*1.05, xlim=c(0, graph_end_i), lwd=1, xaxs="i", yaxs="i", axes=F, las=1, main="Coverage Distribution at Unique-Only Positions", xlab="Coverage depth (reads)", ylab="", cex.lab=1.2, cex.axis=1.2)
> 
> mtext(side = 2, text = "Number of reference positions", line = 5.5, cex=1.2)
> 
> sciNotation <- function(x, digits = 1) {
+     if (length(x) > 1) {
+         return(append(sciNotation(x[1]), sciNotation(x[-1])))     
+ 	} 
+     if (!x) return(0) 
+ 
+ 	exponent <- floor(log10(x)) 
+     base <- round(x / 10^exponent, digits)     
+ 	as.expression(substitute(base %*% 10^exponent, list(base = base, exponent = exponent))) 
+ }
> 
> #axis(2, cex.lab=1.2, las=1, cex.axis=1.2, labels=T, at=(0:6)*50000)
> axis(2, cex.lab=1.2, las=1, cex.axis=1.2, at = axTicks(2), labels = sciNotation(axTicks(2), 1))
> axis(1, cex.lab=1.2, cex.axis=1.2, labels=T)
> box()
> 
> #graph the coverage as points
> fit_data <- subset(X, (coverage>=start_i) & (coverage<=end_i) );
> points(fit_data$coverage, fit_data$n, pch=my_pch, col=my_col, bg="white", cex=1.2)
> 
> #graph the censored coverage as red points
> cat(start_i, " ", end_i, "\n", sep="")
4 14
> 
> censored_data <- subset(X, (coverage<start_i) | (coverage>end_i) );
> points(censored_data$coverage, censored_data$n, pch=my_pch, col=my_col_censored, bg="white", cex=1.2)
> 
> #graph the poisson fit IF REQUESTED
> if (plot_poisson) {
+ 	lines(0:max(X$coverage), fit_p, lwd=3, lty="22", col="black");
+ }
> 
> #graph the negative binomial fit
> if (nb_fit_mu > 0) {
+   lines(0:max(X$coverage), fit_nb, lwd=3, col="black");
+ }
> 
> if (plot_poisson) {
+ 	legend("topright", c("Coverage distribution", "Censored data", "Negative binomial", "Poisson"), lty=c("blank","blank","solid","22"), lwd=c(1,1,2,2), pch=c(my_pch, my_pch, -1, -1), col=c("black", "red", "black", "black"), bty="n")
+ } else {
+ 	legend("topright", c("Coverage distribution", "Censored data", "Negative binomial"), lty=c("blank","blank","solid"), lwd=c(1,1,2), pch=c(my_pch, my_pch, -1), col=c("black", "red", "black"), bty="n")
+ }
> 
> dev.off()
null device 
          1 
> 
> ## Fit the marginal value that we use for propagating deletions
> 
> if (nb_fit_mu > 0) {
+   cat(nb_fit_size, " ", nb_fit_mu, "\n")
+   deletion_propagation_coverage = suppressWarnings(qnbinom(deletion_propagation_pr_cutoff, size = nb_fit_size, mu = nb_fit_mu))
+ } else {
+   cat("Fallback to calculating off an estimate of just variance = mu + mu^2/size\n")
+   size_estimate = (1/(v-m))*(m*m)
+   cat("Mu estimate=", m," Size estimate =", size_estimate, "\n")
+   deletion_propagation_coverage = suppressWarnings(qnbinom(deletion_propagation_pr_cutoff, size = size_estimate, mu = m))
+   if (is.na(deletion_propagation_coverage) || is.nan(deletion_propagation_coverage) || (deletion_propagation_coverage < 1)) {
+     cat("Double fallback to calculating as just 10% of the mean\n")
+     deletion_propagation_coverage = m * 0.1
+   }
+ }
Fallback to calculating off an estimate of just variance = mu + mu^2/size
Mu estimate= 20.89535  Size estimate = 0.5938547 
Double fallback to calculating as just 10% of the mean
> 
> #Don't allow one read to indicate non-deleted regions
> if (deletion_propagation_coverage < 1) {
+     deletion_propagation_coverage = 1
+ }
> 
> #This works fine with the negative values
> #If we have both low fit coverage and low straight average coverage then we're deleted...
> if ( (nb_fit_mu <= 3) && (m <= 3) ) {
+   deletion_propagation_coverage = -1
+ }
> 
> #print out statistics
> 
> print(nb_fit_size);
[1] 0
> print(nb_fit_mu);
[1] 0
> 
> print(m)
[1] 20.89535
> print(v)
[1] 756.1183
> print(D)
[1] 36.18596
> 
> print(deletion_propagation_coverage)
[1] 2.089535
> 
> warnings()
> 
