
R version 4.3.1 (2023-06-16) -- "Beagle Scouts"
Copyright (C) 2023 The R Foundation for Statistical Computing
Platform: x86_64-pc-linux-gnu (64-bit)

R is free software and comes with ABSOLUTELY NO WARRANTY.
You are welcome to redistribute it under certain conditions.
Type 'license()' or 'licence()' for distribution details.

  Natural language support but running in an English locale

R is a collaborative project with many contributors.
Type 'contributors()' for more information and
'citation()' on how to cite R or R packages in publications.

Type 'demo()' for some demos, 'help()' for on-line help, or
'help.start()' for an HTML browser interface to help.
Type 'q()' to quit R.

> ##
> ##
> ## AUTHORS
> ##
> ## Jeffrey E. Barrick <jeffrey.e.barrick@gmail.com>
> ##
> ## LICENSE AND COPYRIGHT
> ##
> ## Copyright (c) 2008-2010 Michigan State University
> ## Copyright (c) 2011-2022 The University of Texas at Austin
> ##
> ## breseq is free software; you can redistribute it and/or modify it under the
> ## terms the GNU General Public License as published by the Free Software
> ## Foundation; either version 1, or (at your option) any later version.
> ##
> ##
> 
> ## Arguments:
> ##   distribution_file=/path/to/input 
> ##   plot_file=/path/to/output 
> ##   deletion_propagation_pr_cutoff=float
> ##   plot_poisson=0 or 1
> ##   pdf_output=0 or 1
> 
> ## Returns these values printed out to output log
> ## 
> ##  1. print(nb_fit_size); # 0 if fit failed
> ##  2. print(nb_fit_mu);   # 0 if fit failed
> ##  3. print(m)q
> ##  4. print(v)
> ##  5. print(D)
> ##  6. print(deletion_propagation_coverage)
> ##     -1 if it was <1 after fitting (implying reference sequence is deleted)
> ##
> 
> plot_poisson = 0;
> pdf_output = 1;
> 
> this.print.level = 0
> #this.print.level = 2
> 
> for (e in commandArgs(TRUE)) {
+   ta = strsplit(e,"=",fixed=TRUE)[[1]]
+   if(length(ta)>1) {
+     temp = ta[2]
+     assign(ta[1],temp)
+     cat("assigned ",ta[1]," the value of |",temp,"|\n")
+   } else {
+     assign(ta[[1]][1],TRUE)
+     cat("assigned ",ta[1]," the value of TRUE\n")
+   }
+ }
assigned  distribution_file  the value of | 4a-_BHI_c50_out/07_error_calibration/65.unique_only_coverage_distribution.tab |
assigned  plot_file  the value of | 4a-_BHI_c50_out/output/calibration/65.unique_coverage.pdf |
assigned  deletion_propagation_pr_cutoff  the value of | 0.00250627 |
> 
> deletion_propagation_pr_cutoff = as.numeric(deletion_propagation_pr_cutoff);
> 
> ## initialize values to be filled in
> nb_fit_mu = 0
> nb_fit_size = 0
> m = 0
> v = 0
> D = 0
> deletion_propagation_coverage = -1
> 
> min_fraction_included_in_nb_fit = 0.01
> 
> #load data
> X<-read.table(distribution_file, header=T)
> 
> #table might be empty
> if (nrow(X) == 0)
+ {
+   #print out statistics
+   
+   print(nb_fit_size);
+   print(nb_fit_mu);
+   
+   print(m)
+   print(v)
+   print(D)
+   
+   print(deletion_propagation_coverage)
+   
+   q()
+ }
> 
> #create the distribution vector and fit
> Y<-rep(X$coverage, X$n)
> m<-mean(Y)
> v<-var(Y)
> D<-v/m
> 
> ###
> ## Smooth the distribution with a moving average window of size 5
> ## so that we can more reliably find it's maximum value
> ###
> 
> ma5 = c(1, 1, 1, 1, 1)/5;
> 
> ## filtering fails if there are too few points
> if (nrow(X) >= 5) {
+   X$ma = filter(X$n, ma5)
+ } else {
+ 	X$ma = X$n
+ }
> 
> i<-0
> max_n <- 0;
> min_i <- max( trunc(m/4), 1 ); #prevents zero for pathological distributions
> max_i <- i;
> for (i in min_i:length(X$ma))
+ {		
+   #cat(i, "\n")
+ 	if (!is.na(X$ma[i]) && (X$ma[i] > max_n))
+ 	{
+ 		max_n = X$ma[i];
+ 		max_i = i;
+ 	}
+ }
> 
> ##
> # Censor data on the right and left of the maximum
> ##
> 
> start_i = max(floor(max_i*0.5), 1);
> end_i = min(ceiling(max_i*1.5), length(X$ma));
> 
> if (start_i == end_i)
+ {
+   print(nb_fit_size);
+   print(nb_fit_mu);
+   
+   print(m)
+   print(v)
+   print(D)
+   
+   print(deletion_propagation_coverage)
+   
+   q()
+ }
> 
> cat("Fitting from coverage of ", start_i, " to ", end_i, ".\n", sep="")
Fitting from coverage of 7 to 23.
> 
> ##
> # Coarse grain so that we are only fitting a number of bins that is 1000-2000
> #
> # The later adjustment for doing the fits this way is to multiply the means
> # of the negative binomial and poisson distributions by the binning number.
> # (The size parameter of the negative binomial doesn't need to be adjusted.)
> ##
> 
> 
> num_per_bin = trunc((end_i - start_i) / 1000)
> 
> if (num_per_bin > 1) 
+ {
+   cat("Coarse-graining for fits\n")
+   start_i_for_fits = trunc(start_i/num_per_bin)
+   end_i_for_fits = ceiling(end_i/num_per_bin)
+   num_bins = end_i - start_i  + 1
+   cat("Fitting from coverage in adjusted bins ", start_i_for_fits, " to ", end_i_for_fits, ".\n", sep="")
+   cat("Number of bins ", num_bins, ". Each bin has ", num_per_bin, " coverage values.\n", sep="")
+ 
+   # Create a new vector where we've added together values in bins
+   X.for.fits = vector("double", end_i_for_fits)
+   for (i in start_i_for_fits:end_i_for_fits)
+   {
+     for (j in 1:num_per_bin)
+     {
+       if (i*num_per_bin+j <= length(X$n))
+       {
+         X.for.fits[i] = X.for.fits[i] + X$n[i*num_per_bin+j]
+       }
+     }
+   }
+ 
+ } else {
+   ## AVOID num_per_bin equalling zero!!
+   X.for.fits = X$n[1:end_i]
+   num_per_bin = 1
+   start_i_for_fits = start_i
+   end_i_for_fits = end_i
+ }
> 
> 
> ##
> # Now perform negative binomial fitting to the censored data
> ##
> 
> inner_total<-0;
> for (i in start_i_for_fits:end_i_for_fits)
+ {
+ 	inner_total = inner_total + X.for.fits[i]; 
+ }
> # Yes: it's correct to use X here because we want the overall total total
> total_total<-sum(X$n);
> 
> ## let's preconstruct these for speed
> dist = vector("double", end_i_for_fits)
> 
> f_nb <- function(par) {
+ 
+ 	mu = par[1];
+ 	size = par[2];
+ 
+   if ((mu <= 0) || (size <= 0))
+   {
+     return(0);
+   }
+   
+   cat(start_i_for_fits, " ", end_i_for_fits, "\n");
+   cat(mu, " ", size, "\n");
+   
+ 	dist<-c()
+ 	total <- 0;
+ 	for (i in start_i_for_fits:end_i_for_fits)
+ 	{	
+ 		dist[i] <- dnbinom(i, size=size, mu=mu);
+ 		total <- total + dist[i] 
+ 	}
+ 	#print (mu, size)
+ 
+  	l <- 0;
+ 	for (i in start_i_for_fits:end_i_for_fits)
+ 	{
+ 		l <- l + ((X.for.fits[i]/inner_total)-(dist[i]/total))^2;
+ 	}
+ 	return(l);
+ }
> 
> 
> 
> ## Fit negative binomial 
> ## - allow fit to fail and set all params to zero/empty if that is the case
> nb_fit = NULL
> ## as.numeric prevents overflow in sums involving integers
> mean_estimate = sum((as.numeric(1:end_i_for_fits)*as.numeric(X.for.fits)))/sum(as.numeric(X.for.fits))
> 
> nb_fit_mu = -1
> nb_fit_size = -1
> try_size = 100000
> try_means_index = 1
> #This is a list of different means to test <-  sometimes the actual mean doesn't lead to a fit
> try_means = c(mean_estimate, 
+               end_i_for_fits, 
+               start_i_for_fits, 
+               1*(end_i_for_fits + start_i_for_fits)/4,
+               2*(end_i_for_fits + start_i_for_fits)/4,
+               3*(end_i_for_fits + start_i_for_fits)/4
+               )
>               
>               
> nb_fit = c()
> 
> while ( ((nb_fit_mu < 0) || (nb_fit_size < 0) || (nb_fit$code != 1)) && (try_size > 0.001) && (try_means_index <= length(try_means)))
+ {
+   try_size = try_size / 10
+   try_mean = try_means[try_means_index]
+ 
+   ## SIZE ESTIMATE from the censored data can be negative, so try various values instead
+   cat("Try Mean: ", try_mean, " Size: ", try_size, "\n")
+ 
+   try( suppressWarnings(nb_fit<-nlm(f_nb, c(try_mean, try_size), iterlim=1000, print.level=this.print.level)) )
+ 
+   nb_fit_mu = nb_fit$estimate[1];
+   nb_fit_size = nb_fit$estimate[2];
+ 
+   cat("Fit Mean: ", nb_fit_mu, " Size: ", nb_fit_size, " Code: ", nb_fit$code, "\n")
+   
+   if (try_size <= 0.001) {
+     try_size = 100000
+     try_means_index = try_means_index + 1
+   }
+ }
Try Mean:  14.79661  Size:  10000 
7   23 
14.79661   10000 
7   23 
14.79661   10000 
7   23 
14.79662   10000 
7   23 
14.79661   10000.01 
7   23 
14.81085   10000 
7   23 
14.81086   10000 
7   23 
14.81085   10000.01 
7   23 
16.57864   10000 
7   23 
16.57865   10000 
7   23 
16.57864   10000.01 
7   23 
16.69879   10000 
7   23 
16.69881   10000 
7   23 
16.69879   10000.01 
7   23 
16.7165   10000 
7   23 
16.71651   10000 
7   23 
16.7165   10000.01 
7   23 
16.71675   10000 
7   23 
16.71677   10000 
7   23 
16.71675   10000.01 
7   23 
16.71675   10000 
7   23 
16.71677   10000 
7   23 
16.71675   10000.01 
Fit Mean:  16.71675  Size:  10000  Code:  2 
Try Mean:  14.79661  Size:  1000 
7   23 
14.79661   1000 
7   23 
14.79661   1000 
7   23 
14.79662   1000 
7   23 
14.79661   1000.001 
7   23 
14.81074   1000 
7   23 
14.81075   1000 
7   23 
14.81074   1000.001 
7   23 
16.5922   1000 
7   23 
16.59221   1000 
7   23 
16.5922   1000.001 
7   23 
16.71851   1000 
7   23 
16.71852   1000 
7   23 
16.71851   1000.001 
7   23 
16.73759   1000 
7   23 
16.73761   1000 
7   23 
16.73759   1000.001 
7   23 
16.73788   1000 
7   23 
16.7379   1000 
7   23 
16.73788   1000.001 
7   23 
16.73789   1000 
7   23 
16.73791   1000 
7   23 
16.73789   1000.001 
Fit Mean:  16.73789  Size:  1000  Code:  2 
Try Mean:  14.79661  Size:  100 
7   23 
14.79661   100 
7   23 
14.79661   100 
7   23 
14.79662   100 
7   23 
14.79661   100.0001 
7   23 
14.80977   100 
7   23 
14.80978   100 
7   23 
14.80977   100.0001 
7   23 
16.72505   100.0115 
7   23 
16.72507   100.0115 
7   23 
16.72505   100.0116 
7   23 
16.9165   100.0168 
7   23 
16.91651   100.0168 
7   23 
16.9165   100.0169 
7   23 
16.95301   100.0217 
7   23 
16.95303   100.0217 
7   23 
16.95301   100.0218 
7   23 
16.95447   100.0258 
7   23 
16.95449   100.0258 
7   23 
16.95447   100.0259 
7   23 
16.96809   100.1048 
7   23 
16.96811   100.1048 
7   23 
16.96809   100.1049 
7   23 
16.98284   100.2766 
7   23 
16.98286   100.2766 
7   23 
16.98284   100.2767 
7   23 
17.00996   100.8451 
7   23 
17.00997   100.8451 
7   23 
17.00996   100.8452 
7   23 
17.04817   102.2949 
7   23 
17.04819   102.2949 
7   23 
17.04817   102.295 
7   23 
17.1014   106.0926 
7   23 
17.10142   106.0926 
7   23 
17.1014   106.0927 
7   23 
17.15862   115.1578 
7   23 
17.15864   115.1578 
7   23 
17.15862   115.1579 
7   23 
17.18694   135.7953 
7   23 
17.18696   135.7953 
7   23 
17.18694   135.7954 
7   23 
17.11483   180.8858 
7   23 
17.11485   180.8858 
7   23 
17.11483   180.886 
7   23 
16.88719   262.181 
7   23 
16.8872   262.181 
7   23 
16.88719   262.1813 
7   23 
16.70688   338.7063 
7   23 
16.70689   338.7063 
7   23 
16.70688   338.7066 
7   23 
16.65685   388.8477 
7   23 
16.65687   388.8477 
7   23 
16.65685   388.848 
7   23 
16.6351   491.4692 
7   23 
16.63512   491.4692 
7   23 
16.6351   491.4697 
7   23 
16.67118   648.5916 
7   23 
16.6712   648.5916 
7   23 
16.67118   648.5923 
7   23 
16.72881   855.5773 
7   23 
16.72882   855.5773 
7   23 
16.72881   855.5782 
7   23 
16.76068   1092.313 
7   23 
16.7607   1092.313 
7   23 
16.76068   1092.314 
7   23 
16.76638   1414.24 
7   23 
16.7664   1414.24 
7   23 
16.76638   1414.242 
7   23 
16.74906   1885.909 
7   23 
16.74908   1885.909 
7   23 
16.74906   1885.911 
7   23 
16.72348   2510.098 
7   23 
16.7235   2510.098 
7   23 
16.72348   2510.101 
7   23 
16.70627   3273.889 
7   23 
16.70629   3273.889 
7   23 
16.70627   3273.893 
7   23 
16.70089   4272.606 
7   23 
16.70091   4272.606 
7   23 
16.70089   4272.611 
7   23 
16.70559   5655.534 
7   23 
16.70561   5655.534 
7   23 
16.70559   5655.539 
7   23 
16.71442   7491.668 
7   23 
16.71444   7491.668 
7   23 
16.71442   7491.676 
7   23 
16.72082   9844.693 
7   23 
16.72083   9844.693 
7   23 
16.72082   9844.703 
7   23 
16.72247   12951.44 
7   23 
16.72249   12951.44 
7   23 
16.72247   12951.45 
7   23 
16.72004   17170.63 
7   23 
16.72005   17170.63 
7   23 
16.72004   17170.65 
7   23 
16.71597   22774.1 
7   23 
16.71598   22774.1 
7   23 
16.71597   22774.13 
7   23 
16.71287   30054.69 
7   23 
16.71289   30054.69 
7   23 
16.71287   30054.72 
7   23 
16.71184   39644.32 
7   23 
16.71185   39644.32 
7   23 
16.71184   39644.36 
7   23 
16.71261   52491.59 
7   23 
16.71263   52491.59 
7   23 
16.71261   52491.64 
7   23 
16.71416   69570.47 
7   23 
16.71418   69570.47 
7   23 
16.71416   69570.54 
7   23 
16.71538   91898.38 
7   23 
16.7154   91898.38 
7   23 
16.71538   91898.47 
7   23 
16.71576   121447.4 
7   23 
16.71578   121447.4 
7   23 
16.71576   121447.5 
7   23 
16.71539   161229.7 
7   23 
16.71541   161229.7 
7   23 
16.71539   161229.8 
7   23 
16.71469   213863 
7   23 
16.71471   213863 
7   23 
16.71469   213863.2 
7   23 
16.71412   283979.6 
7   23 
16.71413   283979.6 
7   23 
16.71412   283979.8 
7   23 
16.71392   372849.6 
7   23 
16.71394   372849.6 
7   23 
16.71392   372850 
7   23 
16.71403   473938.4 
7   23 
16.71405   473938.4 
7   23 
16.71403   473938.9 
7   23 
16.71422   575027.2 
7   23 
16.71423   575027.2 
7   23 
16.71422   575027.8 
7   23 
16.71435   676116 
7   23 
16.71437   676116 
7   23 
16.71435   676116.6 
7   23 
16.71442   777204.7 
7   23 
16.71444   777204.7 
7   23 
16.71442   777205.5 
7   23 
16.71446   878293.5 
7   23 
16.71448   878293.5 
7   23 
16.71446   878294.4 
Fit Mean:  16.71446  Size:  878293.5  Code:  5 
Try Mean:  14.79661  Size:  10 
7   23 
14.79661   10 
7   23 
14.79661   10 
7   23 
14.79662   10 
7   23 
14.79661   10.00001 
7   23 
14.80493   10.00132 
7   23 
14.80494   10.00132 
7   23 
14.80493   10.00133 
7   23 
18.16016   11.4324 
7   23 
18.16018   11.4324 
7   23 
18.16016   11.43241 
7   23 
19.06783   12.25019 
7   23 
19.06785   12.25019 
7   23 
19.06783   12.2502 
7   23 
19.36761   12.84532 
7   23 
19.36763   12.84532 
7   23 
19.36761   12.84533 
7   23 
19.47352   13.70774 
7   23 
19.47354   13.70774 
7   23 
19.47352   13.70775 
7   23 
19.32133   16.57344 
7   23 
19.32135   16.57344 
7   23 
19.32133   16.57345 
7   23 
17.93078   27.34866 
7   23 
17.9308   27.34866 
7   23 
17.93078   27.34869 
7   23 
15.35755   48.46985 
7   23 
17.16803   33.60942 
7   23 
17.16804   33.60942 
7   23 
17.16803   33.60945 
7   23 
16.93363   38.51213 
7   23 
16.93364   38.51213 
7   23 
16.93363   38.51216 
7   23 
16.84438   50.24742 
7   23 
16.8444   50.24742 
7   23 
16.84438   50.24747 
7   23 
16.99049   67.33613 
7   23 
16.99051   67.33613 
7   23 
16.99049   67.3362 
7   23 
16.97297   88.97407 
7   23 
16.97299   88.97407 
7   23 
16.97297   88.97416 
7   23 
16.86729   120.566 
7   23 
16.8673   120.566 
7   23 
16.86729   120.5661 
7   23 
16.82041   160.9452 
7   23 
16.82043   160.9452 
7   23 
16.82041   160.9453 
7   23 
16.80023   214.5051 
7   23 
16.80025   214.5051 
7   23 
16.80023   214.5053 
7   23 
16.77776   285.3928 
7   23 
16.77778   285.3928 
7   23 
16.77776   285.3931 
7   23 
16.76334   379.4137 
7   23 
16.76336   379.4137 
7   23 
16.76334   379.4141 
7   23 
16.75071   503.9008 
7   23 
16.75072   503.9008 
7   23 
16.75071   503.9013 
7   23 
16.74237   668.8463 
7   23 
16.74238   668.8463 
7   23 
16.74237   668.847 
7   23 
16.73509   887.3353 
7   23 
16.7351   887.3353 
7   23 
16.73509   887.3362 
7   23 
16.73041   1176.773 
7   23 
16.73043   1176.773 
7   23 
16.73041   1176.774 
7   23 
16.72614   1560.205 
7   23 
16.72616   1560.205 
7   23 
16.72614   1560.206 
7   23 
16.7236   2068.126 
7   23 
16.72361   2068.126 
7   23 
16.7236   2068.128 
7   23 
16.72103   2741.005 
7   23 
16.72105   2741.005 
7   23 
16.72103   2741.008 
7   23 
16.71971   3632.349 
7   23 
16.71973   3632.349 
7   23 
16.71971   3632.353 
7   23 
16.71812   4813.187 
7   23 
16.71813   4813.187 
7   23 
16.71812   4813.192 
7   23 
16.7175   6377.392 
7   23 
16.71751   6377.392 
7   23 
16.7175   6377.398 
7   23 
16.71645   8449.619 
7   23 
16.71647   8449.619 
7   23 
16.71645   8449.628 
7   23 
16.71624   11194.81 
7   23 
16.71625   11194.81 
7   23 
16.71624   11194.82 
7   23 
16.7155   14831.31 
7   23 
16.71552   14831.31 
7   23 
16.7155   14831.33 
7   23 
16.71552   19648.92 
7   23 
16.71553   19648.92 
7   23 
16.71552   19648.94 
7   23 
16.71496   26030.79 
7   23 
16.71498   26030.79 
7   23 
16.71496   26030.81 
7   23 
16.71511   34481.5 
7   23 
16.71513   34481.5 
7   23 
16.71511   34481.53 
7   23 
16.71465   45686.73 
7   23 
16.71467   45686.73 
7   23 
16.71465   45686.78 
7   23 
16.71487   60530.75 
7   23 
16.71489   60530.75 
7   23 
16.71487   60530.81 
7   23 
16.71452   78389.63 
7   23 
16.71453   78389.63 
7   23 
16.71452   78389.71 
7   23 
16.71466   96248.51 
7   23 
16.71468   96248.51 
7   23 
16.71466   96248.61 
7   23 
16.71454   114107.4 
7   23 
16.71456   114107.4 
7   23 
16.71454   114107.5 
7   23 
16.71456   131966.3 
7   23 
16.71458   131966.3 
7   23 
16.71456   131966.4 
7   23 
16.71453   149825.2 
7   23 
16.71455   149825.2 
7   23 
16.71453   149825.3 
Fit Mean:  16.71453  Size:  149825.2  Code:  5 
Try Mean:  14.79661  Size:  1 
7   23 
14.79661   1 
7   23 
14.79661   1 
7   23 
14.79662   1 
7   23 
14.79661   1.000001 
7   23 
14.79863   1.007263 
7   23 
14.79864   1.007263 
7   23 
14.79863   1.007264 
7   23 
31.17662   20.85818 
7   23 
22.25712   10.04732 
7   23 
22.25715   10.04732 
7   23 
22.25712   10.04733 
7   23 
21.00515   8.970866 
7   23 
21.00517   8.970866 
7   23 
21.00515   8.970875 
7   23 
20.98818   9.218288 
7   23 
20.98821   9.218288 
7   23 
20.98818   9.218297 
7   23 
19.20606   14.32459 
7   23 
19.20608   14.32459 
7   23 
19.20606   14.32461 
7   23 
10.04437   38.15577 
7   23 
18.28989   16.70771 
7   23 
18.28991   16.70771 
7   23 
18.28989   16.70773 
7   23 
16.65187   23.39426 
7   23 
16.65189   23.39426 
7   23 
16.65187   23.39429 
7   23 
17.46559   23.004 
7   23 
17.46561   23.004 
7   23 
17.46559   23.00402 
7   23 
17.65385   26.76639 
7   23 
17.65387   26.76639 
7   23 
17.65385   26.76642 
7   23 
17.52478   36.67039 
7   23 
17.5248   36.67039 
7   23 
17.52478   36.67043 
7   23 
17.02876   52.15615 
7   23 
17.02878   52.15615 
7   23 
17.02876   52.15621 
7   23 
16.86931   68.75114 
7   23 
16.86933   68.75114 
7   23 
16.86931   68.75121 
7   23 
16.92089   92.23687 
7   23 
16.92091   92.23687 
7   23 
16.92089   92.23696 
7   23 
16.86485   123.0645 
7   23 
16.86487   123.0645 
7   23 
16.86485   123.0647 
7   23 
16.82721   164.7585 
7   23 
16.82723   164.7585 
7   23 
16.82721   164.7586 
7   23 
16.79954   219.4673 
7   23 
16.79956   219.4673 
7   23 
16.79954   219.4676 
7   23 
16.7787   292.1973 
7   23 
16.77872   292.1973 
7   23 
16.7787   292.1976 
7   23 
16.76296   388.4096 
7   23 
16.76298   388.4096 
7   23 
16.76296   388.41 
7   23 
16.75111   515.9294 
7   23 
16.75112   515.9294 
7   23 
16.75111   515.9299 
7   23 
16.7421   684.8219 
7   23 
16.74212   684.8219 
7   23 
16.7421   684.8226 
7   23 
16.73536   908.5717 
7   23 
16.73537   908.5717 
7   23 
16.73536   908.5726 
7   23 
16.73018   1204.969 
7   23 
16.7302   1204.969 
7   23 
16.73018   1204.971 
7   23 
16.72638   1597.612 
7   23 
16.7264   1597.612 
7   23 
16.72638   1597.614 
7   23 
16.72336   2117.759 
7   23 
16.72338   2117.759 
7   23 
16.72336   2117.761 
7   23 
16.72129   2806.791 
7   23 
16.7213   2806.791 
7   23 
16.72129   2806.793 
7   23 
16.71944   3719.598 
7   23 
16.71945   3719.598 
7   23 
16.71944   3719.602 
7   23 
16.71844   4928.751 
7   23 
16.71845   4928.751 
7   23 
16.71844   4928.756 
7   23 
16.71712   6530.679 
7   23 
16.71713   6530.679 
7   23 
16.71712   6530.685 
7   23 
16.71693   8652.681 
7   23 
16.71694   8652.681 
7   23 
16.71693   8652.689 
7   23 
16.71563   11464.24 
7   23 
16.71565   11464.24 
7   23 
16.71563   11464.25 
7   23 
16.7163   15189.52 
7   23 
16.71632   15189.52 
7   23 
16.7163   15189.54 
7   23 
16.71445   20129.73 
7   23 
16.71447   20129.73 
7   23 
16.71445   20129.75 
7   23 
16.71639   26684.58 
7   23 
16.7164   26684.58 
7   23 
16.71639   26684.61 
7   23 
16.71327   35415.11 
7   23 
16.71328   35415.11 
7   23 
16.71327   35415.14 
7   23 
16.71674   47085.84 
7   23 
16.71675   47085.84 
7   23 
16.71674   47085.89 
7   23 
16.71321   61916.21 
7   23 
16.71323   61916.21 
7   23 
16.71321   61916.27 
7   23 
16.71488   76746.57 
7   23 
16.7149   76746.57 
7   23 
16.71488   76746.65 
7   23 
16.71453   91576.93 
7   23 
16.71455   91576.93 
7   23 
16.71453   91577.03 
7   23 
16.71457   106407.3 
7   23 
16.71459   106407.3 
7   23 
16.71457   106407.4 
7   23 
16.71455   121237.7 
7   23 
16.71457   121237.7 
7   23 
16.71455   121237.8 
Fit Mean:  16.71455  Size:  121237.7  Code:  5 
Try Mean:  14.79661  Size:  0.1 
7   23 
14.79661   0.1 
7   23 
14.79661   0.1 
7   23 
14.79662   0.1 
7   23 
14.79661   0.100001 
7   23 
14.79685   0.1096997 
7   23 
14.79686   0.1096997 
7   23 
14.79685   0.1097007 
7   23 
17.15343   4.729768 
7   23 
17.15344   4.729768 
7   23 
17.15343   4.729772 
7   23 
22.24366   11.81057 
7   23 
22.24369   11.81057 
7   23 
22.24366   11.81058 
7   23 
20.89798   10.20418 
7   23 
20.898   10.20418 
7   23 
20.89798   10.20419 
7   23 
20.6236   10.08644 
7   23 
20.62362   10.08644 
7   23 
20.6236   10.08645 
7   23 
20.00563   10.24659 
7   23 
20.00565   10.24659 
7   23 
20.00563   10.2466 
7   23 
18.75228   11.3168 
7   23 
18.7523   11.3168 
7   23 
18.75228   11.31681 
7   23 
18.24501   12.70726 
7   23 
18.24503   12.70726 
7   23 
18.24501   12.70728 
7   23 
17.62554   18.49491 
7   23 
17.62555   18.49491 
7   23 
17.62554   18.49493 
7   23 
17.83112   24.89635 
7   23 
17.83114   24.89635 
7   23 
17.83112   24.89637 
7   23 
16.9116   36.75416 
7   23 
16.91162   36.75416 
7   23 
16.9116   36.75419 
7   23 
17.12802   47.12555 
7   23 
17.12804   47.12555 
7   23 
17.12802   47.12559 
7   23 
16.99419   65.07763 
7   23 
16.99421   65.07763 
7   23 
16.99419   65.0777 
7   23 
16.94296   87.04279 
7   23 
16.94297   87.04279 
7   23 
16.94296   87.04287 
7   23 
16.86611   117.1653 
7   23 
16.86613   117.1653 
7   23 
16.86611   117.1655 
7   23 
16.85945   156.5457 
7   23 
16.85947   156.5457 
7   23 
16.85945   156.5458 
7   23 
16.76996   210.0123 
7   23 
16.76998   210.0123 
7   23 
16.76996   210.0125 
7   23 
16.83724   282.167 
7   23 
16.83726   282.167 
7   23 
16.83724   282.1673 
7   23 
16.7233   381.8569 
7   23 
16.72332   381.8569 
7   23 
16.7233   381.8572 
7   23 
16.74609   502.3356 
7   23 
16.7461   502.3356 
7   23 
16.74609   502.3361 
7   23 
16.74213   667.0756 
7   23 
16.74215   667.0756 
7   23 
16.74213   667.0763 
7   23 
16.73454   884.5495 
7   23 
16.73456   884.5495 
7   23 
16.73454   884.5504 
7   23 
16.72959   1173.242 
7   23 
16.72961   1173.242 
7   23 
16.72959   1173.243 
7   23 
16.72587   1555.278 
7   23 
16.72589   1555.278 
7   23 
16.72587   1555.279 
7   23 
16.72307   2061.567 
7   23 
16.72308   2061.567 
7   23 
16.72307   2061.569 
7   23 
16.72094   2732.151 
7   23 
16.72096   2732.151 
7   23 
16.72094   2732.154 
7   23 
16.71934   3620.54 
7   23 
16.71936   3620.54 
7   23 
16.71934   3620.544 
7   23 
16.71813   4797.372 
7   23 
16.71815   4797.372 
7   23 
16.71813   4797.377 
7   23 
16.71722   6356.377 
7   23 
16.71724   6356.377 
7   23 
16.71722   6356.384 
7   23 
16.71653   8421.52 
7   23 
16.71655   8421.52 
7   23 
16.71653   8421.529 
7   23 
16.71601   11157.44 
7   23 
16.71603   11157.44 
7   23 
16.71601   11157.45 
7   23 
16.71562   14781.76 
7   23 
16.71563   14781.76 
7   23 
16.71562   14781.78 
7   23 
16.71532   19582.98 
7   23 
16.71534   19582.98 
7   23 
16.71532   19583 
7   23 
16.7151   25943.85 
7   23 
16.71511   25943.85 
7   23 
16.7151   25943.87 
7   23 
16.71493   34363.67 
7   23 
16.71494   34363.67 
7   23 
16.71493   34363.71 
7   23 
16.7148   45528.38 
7   23 
16.71482   45528.38 
7   23 
16.7148   45528.42 
7   23 
16.7147   60311.42 
7   23 
16.71472   60311.42 
7   23 
16.7147   60311.48 
7   23 
16.71465   75108.37 
7   23 
16.71466   75108.37 
7   23 
16.71465   75108.44 
7   23 
16.71461   89905.32 
7   23 
16.71463   89905.32 
7   23 
16.71461   89905.41 
7   23 
16.71458   104702.3 
7   23 
16.7146   104702.3 
7   23 
16.71458   104702.4 
7   23 
16.71456   119499.2 
7   23 
16.71458   119499.2 
7   23 
16.71456   119499.3 
Fit Mean:  16.71456  Size:  119499.2  Code:  5 
Try Mean:  14.79661  Size:  0.01 
7   23 
14.79661   0.01 
7   23 
14.79661   0.01 
7   23 
14.79662   0.01 
7   23 
14.79661   0.010001 
7   23 
14.79663   0.02000692 
7   23 
14.79665   0.02000692 
7   23 
14.79663   0.02000792 
7   23 
16.79966   4.265245 
7   23 
16.79967   4.265245 
7   23 
16.79966   4.265249 
7   23 
21.91261   11.64518 
7   23 
21.91263   11.64518 
7   23 
21.91261   11.64519 
7   23 
20.79998   10.30108 
7   23 
20.8   10.30108 
7   23 
20.79998   10.30109 
7   23 
20.56447   10.22083 
7   23 
20.56449   10.22083 
7   23 
20.56447   10.22084 
7   23 
19.81455   10.46021 
7   23 
19.81457   10.46021 
7   23 
19.81455   10.46022 
7   23 
18.63887   11.60374 
7   23 
18.63889   11.60374 
7   23 
18.63887   11.60375 
7   23 
18.13295   13.15898 
7   23 
18.13297   13.15898 
7   23 
18.13295   13.15899 
7   23 
17.64042   19.11057 
7   23 
17.64044   19.11057 
7   23 
17.64042   19.11059 
7   23 
17.74919   25.68298 
7   23 
17.74921   25.68298 
7   23 
17.74919   25.683 
7   23 
16.84028   37.99604 
7   23 
16.8403   37.99604 
7   23 
16.84028   37.99607 
7   23 
17.16657   48.91749 
7   23 
17.16659   48.91749 
7   23 
17.16657   48.91753 
7   23 
17.03339   66.43472 
7   23 
17.03341   66.43472 
7   23 
17.03339   66.43479 
7   23 
16.90716   90.06668 
7   23 
16.90717   90.06668 
7   23 
16.90716   90.06677 
7   23 
16.88497   120.7065 
7   23 
16.88499   120.7065 
7   23 
16.88497   120.7067 
7   23 
16.81656   161.5746 
7   23 
16.81658   161.5746 
7   23 
16.81656   161.5748 
7   23 
16.8224   215.6238 
7   23 
16.82242   215.6238 
7   23 
16.8224   215.6241 
7   23 
16.75531   288.2981 
7   23 
16.75533   288.2981 
7   23 
16.75531   288.2984 
7   23 
16.79099   385.0439 
7   23 
16.79101   385.0439 
7   23 
16.79099   385.0442 
7   23 
16.72875   515.3258 
7   23 
16.72877   515.3258 
7   23 
16.72875   515.3263 
7   23 
16.7492   684.9208 
7   23 
16.74922   684.9208 
7   23 
16.7492   684.9215 
7   23 
16.73122   908.622 
7   23 
16.73124   908.622 
7   23 
16.73122   908.6229 
7   23 
16.73049   1205.555 
7   23 
16.73051   1205.555 
7   23 
16.73049   1205.557 
7   23 
16.72522   1597.822 
7   23 
16.72524   1597.822 
7   23 
16.72522   1597.824 
7   23 
16.72314   2118.2 
7   23 
16.72315   2118.2 
7   23 
16.72314   2118.202 
7   23 
16.72075   2807.044 
7   23 
16.72077   2807.044 
7   23 
16.72075   2807.047 
7   23 
16.71931   3719.885 
7   23 
16.71933   3719.885 
7   23 
16.71931   3719.889 
7   23 
16.71805   4928.942 
7   23 
16.71807   4928.942 
7   23 
16.71805   4928.947 
7   23 
16.71719   6530.701 
7   23 
16.7172   6530.701 
7   23 
16.71719   6530.708 
7   23 
16.71649   8652.561 
7   23 
16.71651   8652.561 
7   23 
16.71649   8652.57 
7   23 
16.71599   11463.49 
7   23 
16.716   11463.49 
7   23 
16.71599   11463.51 
7   23 
16.7156   15187.03 
7   23 
16.71561   15187.03 
7   23 
16.7156   15187.05 
7   23 
16.71531   20119.64 
7   23 
16.71532   20119.64 
7   23 
16.71531   20119.66 
7   23 
16.71508   26653.99 
7   23 
16.7151   26653.99 
7   23 
16.71508   26654.01 
7   23 
16.71492   35312.04 
7   23 
16.71494   35312.04 
7   23 
16.71492   35312.07 
7   23 
16.71479   46782.22 
7   23 
16.71481   46782.22 
7   23 
16.71479   46782.27 
7   23 
16.7147   61578.83 
7   23 
16.71472   61578.83 
7   23 
16.7147   61578.89 
7   23 
16.71465   76375.45 
7   23 
16.71466   76375.45 
7   23 
16.71465   76375.52 
7   23 
16.71461   91172.06 
7   23 
16.71463   91172.06 
7   23 
16.71461   91172.15 
7   23 
16.71458   105968.7 
7   23 
16.7146   105968.7 
7   23 
16.71458   105968.8 
7   23 
16.71456   120765.3 
7   23 
16.71458   120765.3 
7   23 
16.71456   120765.4 
Fit Mean:  16.71456  Size:  120765.3  Code:  5 
Try Mean:  14.79661  Size:  0.001 
7   23 
14.79661   0.001 
7   23 
14.79661   0.001 
7   23 
14.79662   0.001 
7   23 
14.79661   0.001001 
7   23 
14.79661   0.01103843 
7   23 
14.79663   0.01103843 
7   23 
14.79661   0.01103943 
7   23 
16.76743   4.222202 
7   23 
16.76745   4.222202 
7   23 
16.76743   4.222206 
7   23 
21.8675   11.61223 
7   23 
21.86753   11.61223 
7   23 
21.8675   11.61224 
7   23 
20.78863   10.30991 
7   23 
20.78865   10.30991 
7   23 
20.78863   10.30992 
7   23 
20.55734   10.23468 
7   23 
20.55736   10.23468 
7   23 
20.55734   10.23469 
7   23 
19.78423   10.49033 
7   23 
19.78425   10.49033 
7   23 
19.78423   10.49034 
7   23 
18.6187   11.64947 
7   23 
18.61871   11.64947 
7   23 
18.6187   11.64948 
7   23 
18.11513   13.23486 
7   23 
18.11515   13.23486 
7   23 
18.11513   13.23487 
7   23 
17.64783   19.23563 
7   23 
17.64785   19.23563 
7   23 
17.64783   19.23565 
7   23 
17.72777   25.84223 
7   23 
17.72779   25.84223 
7   23 
17.72777   25.84226 
7   23 
16.82898   38.18769 
7   23 
16.829   38.18769 
7   23 
16.82898   38.18773 
7   23 
17.18343   49.45955 
7   23 
17.18344   49.45955 
7   23 
17.18343   49.45959 
7   23 
17.04214   66.72342 
7   23 
17.04216   66.72342 
7   23 
17.04214   66.72348 
7   23 
16.90011   90.90815 
7   23 
16.90013   90.90815 
7   23 
16.90011   90.90824 
7   23 
16.88229   121.6549 
7   23 
16.88231   121.6549 
7   23 
16.88229   121.6551 
7   23 
16.81647   162.8466 
7   23 
16.81649   162.8466 
7   23 
16.81647   162.8468 
7   23 
16.81765   217.2129 
7   23 
16.81767   217.2129 
7   23 
16.81765   217.2131 
7   23 
16.76049   290.009 
7   23 
16.76051   290.009 
7   23 
16.76049   290.0093 
7   23 
16.78538   386.6152 
7   23 
16.7854   386.6152 
7   23 
16.78538   386.6156 
7   23 
16.72953   516.7907 
7   23 
16.72955   516.7907 
7   23 
16.72953   516.7912 
7   23 
16.7539   688.0319 
7   23 
16.75392   688.0319 
7   23 
16.7539   688.0325 
7   23 
16.72829   913.977 
7   23 
16.72831   913.977 
7   23 
16.72829   913.9779 
7   23 
16.73176   1212.903 
7   23 
16.73177   1212.903 
7   23 
16.73176   1212.904 
7   23 
16.72454   1607.611 
7   23 
16.72456   1607.611 
7   23 
16.72454   1607.612 
7   23 
16.7234   2131.329 
7   23 
16.72342   2131.329 
7   23 
16.7234   2131.331 
7   23 
16.72057   2824.358 
7   23 
16.72058   2824.358 
7   23 
16.72057   2824.36 
7   23 
16.71936   3742.911 
7   23 
16.71938   3742.911 
7   23 
16.71936   3742.914 
7   23 
16.718   4959.395 
7   23 
16.71801   4959.395 
7   23 
16.718   4959.4 
7   23 
16.71719   6571.108 
7   23 
16.71721   6571.108 
7   23 
16.71719   6571.114 
7   23 
16.71647   8706.009 
7   23 
16.71649   8706.009 
7   23 
16.71647   8706.018 
7   23 
16.71599   11534.27 
7   23 
16.716   11534.27 
7   23 
16.71599   11534.28 
7   23 
16.71559   15280.56 
7   23 
16.7156   15280.56 
7   23 
16.71559   15280.58 
7   23 
16.7153   20245.3 
7   23 
16.71532   20245.3 
7   23 
16.7153   20245.32 
7   23 
16.71508   26819.66 
7   23 
16.7151   26819.66 
7   23 
16.71508   26819.69 
7   23 
16.71492   35530.42 
7   23 
16.71493   35530.42 
7   23 
16.71492   35530.46 
7   23 
16.71479   47058.76 
7   23 
16.71481   47058.76 
7   23 
16.71479   47058.81 
7   23 
16.7147   61855.37 
7   23 
16.71472   61855.37 
7   23 
16.7147   61855.43 
7   23 
16.71465   76651.98 
7   23 
16.71466   76651.98 
7   23 
16.71465   76652.06 
7   23 
16.71461   91448.59 
7   23 
16.71463   91448.59 
7   23 
16.71461   91448.68 
7   23 
16.71458   106245.2 
7   23 
16.7146   106245.2 
7   23 
16.71458   106245.3 
7   23 
16.71456   121041.8 
7   23 
16.71458   121041.8 
7   23 
16.71456   121041.9 
Fit Mean:  16.71456  Size:  121041.8  Code:  5 
Try Mean:  23  Size:  10000 
7   23 
23   10000 
7   23 
23   10000 
7   23 
23.00002   10000 
7   23 
23   10000.01 
7   23 
22.98359   10000 
7   23 
22.98361   10000 
7   23 
22.98359   10000.01 
Fit Mean:  -58.62631  Size:  10000  Code:  1 
Try Mean:  23  Size:  1000 
7   23 
23   1000 
7   23 
23   1000 
7   23 
23.00002   1000 
7   23 
23   1000.001 
7   23 
22.98393   1000 
7   23 
22.98396   1000 
7   23 
22.98393   1000.001 
Fit Mean:  -55.03271  Size:  1000.126  Code:  1 
Try Mean:  23  Size:  100 
7   23 
23   100 
7   23 
23   100 
7   23 
23.00002   100 
7   23 
23   100.0001 
7   23 
22.98693   99.99987 
7   23 
22.98695   99.99987 
7   23 
22.98693   99.99997 
Fit Mean:  -26.58613  Size:  104.41  Code:  1 
Try Mean:  23  Size:  10 
7   23 
23   10 
7   23 
23   10 
7   23 
23.00002   10 
7   23 
23   10.00001 
7   23 
22.99813   9.999632 
7   23 
22.99815   9.999632 
7   23 
22.99813   9.999642 
7   23 
16.6285   11.66533 
7   23 
16.62852   11.66533 
7   23 
16.6285   11.66534 
7   23 
20.91203   10.71295 
7   23 
20.91205   10.71295 
7   23 
20.91203   10.71296 
7   23 
19.75281   11.62301 
7   23 
19.75283   11.62301 
7   23 
19.75281   11.62302 
7   23 
15.76239   16.28674 
7   23 
18.68481   12.87121 
7   23 
18.68483   12.87121 
7   23 
18.68481   12.87122 
7   23 
17.66947   15.00882 
7   23 
17.66949   15.00882 
7   23 
17.66947   15.00883 
7   23 
17.68625   16.51646 
7   23 
17.68627   16.51646 
7   23 
17.68625   16.51648 
7   23 
17.68955   24.67494 
7   23 
17.68957   24.67494 
7   23 
17.68955   24.67496 
7   23 
17.06582   33.94096 
7   23 
17.06584   33.94096 
7   23 
17.06582   33.94099 
7   23 
17.33878   47.98452 
7   23 
17.3388   47.98452 
7   23 
17.33878   47.98456 
7   23 
16.92534   65.55159 
7   23 
16.92535   65.55159 
7   23 
16.92534   65.55165 
7   23 
16.87359   87.27842 
7   23 
16.87361   87.27842 
7   23 
16.87359   87.2785 
7   23 
16.88964   116.4895 
7   23 
16.88965   116.4895 
7   23 
16.88964   116.4897 
7   23 
16.81757   156.0887 
7   23 
16.81759   156.0887 
7   23 
16.81757   156.0889 
7   23 
16.81852   208.1466 
7   23 
16.81854   208.1466 
7   23 
16.81852   208.1468 
7   23 
16.76749   277.6982 
7   23 
16.76751   277.6982 
7   23 
16.76749   277.6985 
7   23 
16.78015   369.6776 
7   23 
16.78017   369.6776 
7   23 
16.78015   369.678 
7   23 
16.73764   492.6458 
7   23 
16.73766   492.6458 
7   23 
16.73764   492.6463 
7   23 
16.75534   655.4262 
7   23 
16.75536   655.4262 
7   23 
16.75534   655.4268 
7   23 
16.72629   871.8702 
7   23 
16.7263   871.8702 
7   23 
16.72629   871.871 
7   23 
16.7359   1157.767 
7   23 
16.73591   1157.767 
7   23 
16.7359   1157.768 
7   23 
16.72296   1535.864 
7   23 
16.72297   1535.864 
7   23 
16.72296   1535.865 
7   23 
16.72523   2036.705 
7   23 
16.72525   2036.705 
7   23 
16.72523   2036.707 
7   23 
16.72007   2699.35 
7   23 
16.72009   2699.35 
7   23 
16.72007   2699.353 
7   23 
16.72012   3577.6 
7   23 
16.72014   3577.6 
7   23 
16.72012   3577.604 
7   23 
16.71788   4740.438 
7   23 
16.7179   4740.438 
7   23 
16.71788   4740.443 
7   23 
16.71752   6281.239 
7   23 
16.71754   6281.239 
7   23 
16.71752   6281.246 
7   23 
16.71646   8322.045 
7   23 
16.71648   8322.045 
7   23 
16.71646   8322.054 
7   23 
16.71614   11025.72 
7   23 
16.71615   11025.72 
7   23 
16.71614   11025.73 
7   23 
16.71561   14607.16 
7   23 
16.71562   14607.16 
7   23 
16.71561   14607.18 
7   23 
16.71538   19351.06 
7   23 
16.71539   19351.06 
7   23 
16.71538   19351.08 
7   23 
16.7151   25635.6 
7   23 
16.71512   25635.6 
7   23 
16.7151   25635.62 
7   23 
16.71495   33963.35 
7   23 
16.71497   33963.35 
7   23 
16.71495   33963.38 
7   23 
16.7148   44986.04 
7   23 
16.71482   44986.04 
7   23 
16.7148   44986.08 
7   23 
16.71472   59608.9 
7   23 
16.71473   59608.9 
7   23 
16.71472   59608.96 
7   23 
16.71463   78979.78 
7   23 
16.71465   78979.78 
7   23 
16.71463   78979.86 
7   23 
16.71458   104059.7 
7   23 
16.7146   104059.7 
7   23 
16.71458   104059.8 
7   23 
16.71455   129139.5 
7   23 
16.71457   129139.5 
7   23 
16.71455   129139.7 
7   23 
16.71453   154219.4 
7   23 
16.71454   154219.4 
7   23 
16.71453   154219.5 
7   23 
16.71451   179299.3 
7   23 
16.71453   179299.3 
7   23 
16.71451   179299.4 
7   23 
16.7145   204379.1 
7   23 
16.71452   204379.1 
7   23 
16.7145   204379.3 
Fit Mean:  16.7145  Size:  204379.1  Code:  5 
Try Mean:  23  Size:  1 
7   23 
23   1 
7   23 
23   1 
7   23 
23.00002   1 
7   23 
23   1.000001 
7   23 
23.00071   1.014681 
7   23 
23.00073   1.014681 
7   23 
23.00071   1.014682 
7   23 
23.3926   3.359866 
7   23 
23.39262   3.359866 
7   23 
23.3926   3.359869 
7   23 
23.75022   4.709046 
7   23 
23.75024   4.709046 
7   23 
23.75022   4.709051 
7   23 
24.07171   6.029014 
7   23 
24.07173   6.029014 
7   23 
24.07171   6.02902 
7   23 
24.13961   6.727024 
7   23 
24.13963   6.727024 
7   23 
24.13961   6.727031 
7   23 
24.04885   7.18994 
7   23 
24.04887   7.18994 
7   23 
24.04885   7.189947 
7   23 
23.61549   8.14325 
7   23 
23.61551   8.14325 
7   23 
23.61549   8.143258 
7   23 
19.74627   15.02497 
7   23 
19.74629   15.02497 
7   23 
19.74627   15.02499 
7   23 
11.81507   29.45812 
7   23 
18.93535   16.50068 
7   23 
18.93536   16.50068 
7   23 
18.93535   16.5007 
7   23 
15.8908   22.60637 
7   23 
17.94956   18.47763 
7   23 
17.94958   18.47763 
7   23 
17.94956   18.47765 
7   23 
17.50352   19.72827 
7   23 
17.50353   19.72827 
7   23 
17.50352   19.72829 
7   23 
17.46053   20.39927 
7   23 
17.46055   20.39927 
7   23 
17.46053   20.39929 
7   23 
17.38838   31.18492 
7   23 
17.3884   31.18492 
7   23 
17.38838   31.18495 
7   23 
17.18757   41.01483 
7   23 
17.18758   41.01483 
7   23 
17.18757   41.01487 
7   23 
17.08552   56.91097 
7   23 
17.08554   56.91097 
7   23 
17.08552   56.91103 
7   23 
16.93576   76.63035 
7   23 
16.93577   76.63035 
7   23 
16.93576   76.63043 
7   23 
17.00913   103.8902 
7   23 
17.00915   103.8902 
7   23 
17.00913   103.8904 
7   23 
16.67029   145.8287 
7   23 
16.67031   145.8287 
7   23 
16.67029   145.8289 
7   23 
16.79881   186.2017 
7   23 
16.79883   186.2017 
7   23 
16.79881   186.2019 
7   23 
16.80932   246.8028 
7   23 
16.80934   246.8028 
7   23 
16.80932   246.8031 
7   23 
16.77317   328.8781 
7   23 
16.77319   328.8781 
7   23 
16.77317   328.8785 
7   23 
16.75269   437.3562 
7   23 
16.75271   437.3562 
7   23 
16.75269   437.3567 
7   23 
16.74428   580.4129 
7   23 
16.7443   580.4129 
7   23 
16.74428   580.4135 
7   23 
16.73746   770.0156 
7   23 
16.73748   770.0156 
7   23 
16.73746   770.0163 
7   23 
16.73179   1021.242 
7   23 
16.7318   1021.242 
7   23 
16.73179   1021.243 
7   23 
16.72752   1354.053 
7   23 
16.72754   1354.053 
7   23 
16.72752   1354.055 
7   23 
16.72431   1794.923 
7   23 
16.72433   1794.923 
7   23 
16.72431   1794.925 
7   23 
16.72189   2378.952 
7   23 
16.7219   2378.952 
7   23 
16.72189   2378.955 
7   23 
16.72005   3152.619 
7   23 
16.72007   3152.619 
7   23 
16.72005   3152.622 
7   23 
16.71867   4177.522 
7   23 
16.71869   4177.522 
7   23 
16.71867   4177.526 
7   23 
16.71763   5535.207 
7   23 
16.71764   5535.207 
7   23 
16.71763   5535.213 
7   23 
16.71684   7333.797 
7   23 
16.71685   7333.797 
7   23 
16.71684   7333.804 
7   23 
16.71624   9716.296 
7   23 
16.71626   9716.296 
7   23 
16.71624   9716.305 
7   23 
16.71579   12872.69 
7   23 
16.71581   12872.69 
7   23 
16.71579   12872.7 
7   23 
16.71545   17053.6 
7   23 
16.71547   17053.6 
7   23 
16.71545   17053.61 
7   23 
16.7152   22593.18 
7   23 
16.71521   22593.18 
7   23 
16.7152   22593.21 
7   23 
16.715   29930.59 
7   23 
16.71502   29930.59 
7   23 
16.715   29930.62 
7   23 
16.71486   39647.66 
7   23 
16.71487   39647.66 
7   23 
16.71486   39647.7 
7   23 
16.71475   52528.03 
7   23 
16.71476   52528.03 
7   23 
16.71475   52528.08 
7   23 
16.71466   69588.43 
7   23 
16.71468   69588.43 
7   23 
16.71466   69588.5 
7   23 
16.7146   92179.31 
7   23 
16.71462   92179.31 
7   23 
16.7146   92179.4 
7   23 
16.71456   115201 
7   23 
16.71458   115201 
7   23 
16.71456   115201.2 
7   23 
16.71454   138222.8 
7   23 
16.71456   138222.8 
7   23 
16.71454   138222.9 
7   23 
16.71452   161244.5 
7   23 
16.71454   161244.5 
7   23 
16.71452   161244.7 
7   23 
16.71451   184266.2 
7   23 
16.71452   184266.2 
7   23 
16.71451   184266.4 
7   23 
16.7145   207288 
7   23 
16.71451   207288 
7   23 
16.7145   207288.2 
Fit Mean:  16.7145  Size:  207288  Code:  5 
Try Mean:  23  Size:  0.1 
7   23 
23   0.1 
7   23 
23   0.1 
7   23 
23.00002   0.1 
7   23 
23   0.100001 
7   23 
23.0001   0.1217566 
7   23 
23.00012   0.1217566 
7   23 
23.0001   0.1217576 
7   23 
23.24066   2.398716 
7   23 
23.24068   2.398716 
7   23 
23.24066   2.398719 
7   23 
23.53718   3.791553 
7   23 
23.5372   3.791553 
7   23 
23.53718   3.791557 
7   23 
23.90713   5.372096 
7   23 
23.90716   5.372096 
7   23 
23.90713   5.372101 
7   23 
24.09969   6.378594 
7   23 
24.09972   6.378594 
7   23 
24.09969   6.3786 
7   23 
24.12855   6.931222 
7   23 
24.12858   6.931222 
7   23 
24.12855   6.931229 
7   23 
24.04986   7.304506 
7   23 
24.04989   7.304506 
7   23 
24.04986   7.304513 
7   23 
23.6521   8.226684 
7   23 
23.65213   8.226684 
7   23 
23.6521   8.226692 
7   23 
20.54953   14.07507 
7   23 
20.54955   14.07507 
7   23 
20.54953   14.07509 
7   23 
13.2107   28.20273 
7   23 
19.26169   16.55425 
7   23 
19.26171   16.55425 
7   23 
19.26169   16.55427 
7   23 
8.477874   38.6147 
7   23 
18.1833   18.76029 
7   23 
18.18332   18.76029 
7   23 
18.1833   18.76031 
7   23 
17.20505   21.08662 
7   23 
17.20507   21.08662 
7   23 
17.20505   21.08665 
7   23 
17.61609   20.41171 
7   23 
17.61611   20.41171 
7   23 
17.61609   20.41173 
7   23 
17.69278   20.71278 
7   23 
17.6928   20.71278 
7   23 
17.69278   20.7128 
7   23 
18.00253   25.6442 
7   23 
18.00255   25.6442 
7   23 
18.00253   25.64422 
7   23 
17.83051   32.26406 
7   23 
17.83053   32.26406 
7   23 
17.83051   32.26409 
7   23 
16.91012   51.51048 
7   23 
16.91013   51.51048 
7   23 
16.91012   51.51053 
7   23 
16.84437   61.57092 
7   23 
16.84439   61.57092 
7   23 
16.84437   61.57098 
7   23 
16.99095   85.44693 
7   23 
16.99097   85.44693 
7   23 
16.99095   85.44701 
7   23 
16.87364   113.0655 
7   23 
16.87366   113.0655 
7   23 
16.87364   113.0656 
7   23 
16.83612   152.6362 
7   23 
16.83613   152.6362 
7   23 
16.83612   152.6364 
7   23 
16.80528   202.7895 
7   23 
16.80529   202.7895 
7   23 
16.80528   202.7897 
7   23 
16.78405   270.3988 
7   23 
16.78407   270.3988 
7   23 
16.78405   270.3991 
7   23 
16.76606   359.3689 
7   23 
16.76608   359.3689 
7   23 
16.76606   359.3693 
7   23 
16.75446   477.5212 
7   23 
16.75448   477.5212 
7   23 
16.75446   477.5217 
7   23 
16.7435   633.9114 
7   23 
16.74352   633.9114 
7   23 
16.7435   633.9121 
7   23 
16.73776   841.1208 
7   23 
16.73778   841.1208 
7   23 
16.73776   841.1217 
7   23 
16.73035   1115.672 
7   23 
16.73037   1115.672 
7   23 
16.73035   1115.673 
7   23 
16.72858   1479.301 
7   23 
16.7286   1479.301 
7   23 
16.72858   1479.302 
7   23 
16.72236   1961.381 
7   23 
16.72238   1961.381 
7   23 
16.72236   1961.383 
7   23 
16.72396   2600.001 
7   23 
16.72398   2600.001 
7   23 
16.72396   2600.004 
7   23 
16.71701   3447.947 
7   23 
16.71703   3447.947 
7   23 
16.71701   3447.95 
7   23 
16.72215   4573.397 
7   23 
16.72217   4573.397 
7   23 
16.72215   4573.402 
7   23 
16.71336   6074.144 
7   23 
16.71338   6074.144 
7   23 
16.71336   6074.15 
7   23 
16.72074   8071.802 
7   23 
16.72076   8071.802 
7   23 
16.72074   8071.81 
7   23 
16.7131   10727.43 
7   23 
16.71312   10727.43 
7   23 
16.7131   10727.44 
7   23 
16.71737   14233.54 
7   23 
16.71739   14233.54 
7   23 
16.71737   14233.55 
7   23 
16.71455   18865.98 
7   23 
16.71457   18865.98 
7   23 
16.71455   18866 
7   23 
16.7155   24998.21 
7   23 
16.71552   24998.21 
7   23 
16.7155   24998.24 
7   23 
16.71478   33120.01 
7   23 
16.7148   33120.01 
7   23 
16.71478   33120.04 
7   23 
16.71489   43876.37 
7   23 
16.71491   43876.37 
7   23 
16.71489   43876.41 
7   23 
16.71468   58101.51 
7   23 
16.7147   58101.51 
7   23 
16.71468   58101.57 
7   23 
16.71466   77009.09 
7   23 
16.71467   77009.09 
7   23 
16.71466   77009.17 
7   23 
16.71458   100009.3 
7   23 
16.7146   100009.3 
7   23 
16.71458   100009.4 
7   23 
16.71456   123009.5 
7   23 
16.71457   123009.5 
7   23 
16.71456   123009.7 
7   23 
16.71453   146009.7 
7   23 
16.71455   146009.7 
7   23 
16.71453   146009.9 
7   23 
16.71452   169010 
7   23 
16.71453   169010 
7   23 
16.71452   169010.1 
7   23 
16.71451   192010.2 
7   23 
16.71452   192010.2 
7   23 
16.71451   192010.4 
Fit Mean:  16.71451  Size:  192010.2  Code:  5 
Try Mean:  23  Size:  0.01 
7   23 
23   0.01 
7   23 
23   0.01 
7   23 
23.00002   0.01 
7   23 
23   0.010001 
7   23 
23.00001   0.03264042 
7   23 
23.00003   0.03264042 
7   23 
23.00001   0.03264142 
7   23 
23.22549   2.301887 
7   23 
23.22551   2.301887 
7   23 
23.22549   2.301889 
7   23 
23.51289   3.695154 
7   23 
23.51291   3.695154 
7   23 
23.51289   3.695157 
7   23 
23.881   5.295815 
7   23 
23.88102   5.295815 
7   23 
23.881   5.29582 
7   23 
24.08242   6.336793 
7   23 
24.08244   6.336793 
7   23 
24.08242   6.336799 
7   23 
24.12174   6.915581 
7   23 
24.12177   6.915581 
7   23 
24.12174   6.915588 
7   23 
24.05461   7.276727 
7   23 
24.05463   7.276727 
7   23 
24.05461   7.276735 
7   23 
23.71859   8.096876 
7   23 
23.71861   8.096876 
7   23 
23.71859   8.096884 
7   23 
21.55184   12.22735 
7   23 
21.55186   12.22735 
7   23 
21.55184   12.22736 
7   23 
17.12124   20.78829 
7   23 
17.12125   20.78829 
7   23 
17.12124   20.78831 
7   23 
18.81466   17.6977 
7   23 
17.76671   19.61027 
7   23 
17.76672   19.61027 
7   23 
17.76671   19.61029 
7   23 
17.69294   20.09195 
7   23 
17.69295   20.09195 
7   23 
17.69294   20.09197 
7   23 
16.9686   28.17836 
7   23 
16.96862   28.17836 
7   23 
16.9686   28.17838 
7   23 
16.98501   34.10373 
7   23 
16.98502   34.10373 
7   23 
16.98501   34.10377 
7   23 
17.22035   47.35417 
7   23 
17.22037   47.35417 
7   23 
17.22035   47.35422 
7   23 
17.04473   62.9638 
7   23 
17.04475   62.9638 
7   23 
17.04473   62.96386 
7   23 
16.91356   86.39404 
7   23 
16.91358   86.39404 
7   23 
16.91356   86.39413 
7   23 
16.89193   115.2703 
7   23 
16.89195   115.2703 
7   23 
16.89193   115.2704 
7   23 
16.82132   154.6378 
7   23 
16.82134   154.6378 
7   23 
16.82132   154.6379 
7   23 
16.82682   206.2605 
7   23 
16.82684   206.2605 
7   23 
16.82682   206.2607 
7   23 
16.75736   275.9517 
7   23 
16.75738   275.9517 
7   23 
16.75736   275.9519 
7   23 
16.79455   368.6124 
7   23 
16.79456   368.6124 
7   23 
16.79455   368.6128 
7   23 
16.72924   493.6208 
7   23 
16.72926   493.6208 
7   23 
16.72924   493.6213 
7   23 
16.75037   656.024 
7   23 
16.75039   656.024 
7   23 
16.75037   656.0247 
7   23 
16.73218   870.2954 
7   23 
16.7322   870.2954 
7   23 
16.73218   870.2963 
7   23 
16.73108   1154.762 
7   23 
16.7311   1154.762 
7   23 
16.73108   1154.763 
7   23 
16.72575   1530.541 
7   23 
16.72576   1530.541 
7   23 
16.72575   1530.543 
7   23 
16.72349   2029.057 
7   23 
16.72351   2029.057 
7   23 
16.72349   2029.059 
7   23 
16.72104   2688.966 
7   23 
16.72105   2688.966 
7   23 
16.72104   2688.968 
7   23 
16.71952   3563.453 
7   23 
16.71953   3563.453 
7   23 
16.71952   3563.457 
7   23 
16.71822   4721.718 
7   23 
16.71823   4721.718 
7   23 
16.71822   4721.723 
7   23 
16.71731   6256.202 
7   23 
16.71732   6256.202 
7   23 
16.71731   6256.209 
7   23 
16.71658   8288.912 
7   23 
16.7166   8288.912 
7   23 
16.71658   8288.92 
7   23 
16.71606   10981.73 
7   23 
16.71607   10981.73 
7   23 
16.71606   10981.74 
7   23 
16.71565   14548.9 
7   23 
16.71567   14548.9 
7   23 
16.71565   14548.92 
7   23 
16.71535   19274.69 
7   23 
16.71536   19274.69 
7   23 
16.71535   19274.71 
7   23 
16.71511   25534.93 
7   23 
16.71513   25534.93 
7   23 
16.71511   25534.95 
7   23 
16.71494   33826.14 
7   23 
16.71496   33826.14 
7   23 
16.71494   33826.17 
7   23 
16.71481   44825.33 
7   23 
16.71483   44825.33 
7   23 
16.71481   44825.37 
7   23 
16.71471   59344.3 
7   23 
16.71473   59344.3 
7   23 
16.71471   59344.36 
7   23 
16.71464   78650.14 
7   23 
16.71465   78650.14 
7   23 
16.71464   78650.21 
7   23 
16.71459   101650.1 
7   23 
16.7146   101650.1 
7   23 
16.71459   101650.2 
7   23 
16.71455   124650.1 
7   23 
16.71457   124650.1 
7   23 
16.71455   124650.3 
7   23 
16.71453   147650.1 
7   23 
16.71455   147650.1 
7   23 
16.71453   147650.3 
7   23 
16.71452   170650.1 
7   23 
16.71453   170650.1 
7   23 
16.71452   170650.3 
7   23 
16.7145   193650.1 
7   23 
16.71452   193650.1 
7   23 
16.7145   193650.3 
Fit Mean:  16.7145  Size:  193650.1  Code:  5 
Try Mean:  23  Size:  0.001 
7   23 
23   0.001 
7   23 
23   0.001 
7   23 
23.00002   0.001 
7   23 
23   0.001001 
7   23 
23   0.02373087 
7   23 
23.00002   0.02373087 
7   23 
23   0.02373187 
7   23 
23.22398   2.292206 
7   23 
23.224   2.292206 
7   23 
23.22398   2.292208 
7   23 
23.51044   3.685482 
7   23 
23.51047   3.685482 
7   23 
23.51044   3.685486 
7   23 
23.87831   5.288082 
7   23 
23.87834   5.288082 
7   23 
23.87831   5.288088 
7   23 
24.08057   6.332507 
7   23 
24.08059   6.332507 
7   23 
24.08057   6.332513 
7   23 
24.12093   6.914042 
7   23 
24.12096   6.914042 
7   23 
24.12093   6.914049 
7   23 
24.05487   7.274263 
7   23 
24.05489   7.274263 
7   23 
24.05487   7.27427 
7   23 
23.72452   8.084952 
7   23 
23.72454   8.084952 
7   23 
23.72452   8.08496 
7   23 
21.62622   12.09064 
7   23 
21.62624   12.09064 
7   23 
21.62622   12.09065 
7   23 
17.41482   20.22985 
7   23 
17.41484   20.22985 
7   23 
17.41482   20.22987 
7   23 
18.27614   18.81318 
7   23 
17.7498   19.67889 
7   23 
17.74982   19.67889 
7   23 
17.7498   19.67891 
7   23 
17.71928   20.16879 
7   23 
17.7193   20.16879 
7   23 
17.71928   20.16881 
7   23 
17.27246   31.85924 
7   23 
17.27248   31.85924 
7   23 
17.27246   31.85927 
7   23 
17.22725   41.47992 
7   23 
17.22727   41.47992 
7   23 
17.22725   41.47996 
7   23 
16.96885   57.90556 
7   23 
16.96886   57.90556 
7   23 
16.96885   57.90562 
7   23 
17.12214   78.33495 
7   23 
17.12216   78.33495 
7   23 
17.12214   78.33503 
7   23 
16.74894   110.1637 
7   23 
16.74895   110.1637 
7   23 
16.74894   110.1639 
7   23 
16.80469   140.6255 
7   23 
16.80471   140.6255 
7   23 
16.80469   140.6256 
7   23 
16.8159   189.0895 
7   23 
16.81591   189.0895 
7   23 
16.8159   189.0897 
7   23 
16.78521   250.6659 
7   23 
16.78522   250.6659 
7   23 
16.78521   250.6662 
7   23 
16.76996   334.0323 
7   23 
16.76997   334.0323 
7   23 
16.76996   334.0327 
7   23 
16.75524   443.4427 
7   23 
16.75525   443.4427 
7   23 
16.75524   443.4431 
7   23 
16.74598   588.9205 
7   23 
16.746   588.9205 
7   23 
16.74598   588.9211 
7   23 
16.73774   781.3481 
7   23 
16.73776   781.3481 
7   23 
16.73774   781.3489 
7   23 
16.73242   1036.407 
7   23 
16.73244   1036.407 
7   23 
16.73242   1036.408 
7   23 
16.7277   1374.212 
7   23 
16.72772   1374.212 
7   23 
16.7277   1374.213 
7   23 
16.7247   1821.743 
7   23 
16.72472   1821.743 
7   23 
16.7247   1821.744 
7   23 
16.72196   2414.581 
7   23 
16.72198   2414.581 
7   23 
16.72196   2414.584 
7   23 
16.7203   3199.921 
7   23 
16.72031   3199.921 
7   23 
16.7203   3199.924 
7   23 
16.71869   4240.288 
7   23 
16.71871   4240.288 
7   23 
16.71869   4240.293 
7   23 
16.71779   5618.471 
7   23 
16.7178   5618.471 
7   23 
16.71779   5618.476 
7   23 
16.71683   7444.23 
7   23 
16.71685   7444.23 
7   23 
16.71683   7444.238 
7   23 
16.71635   9862.771 
7   23 
16.71637   9862.771 
7   23 
16.71635   9862.781 
7   23 
16.71577   13066.65 
7   23 
16.71579   13066.65 
7   23 
16.71577   13066.66 
7   23 
16.71553   17311.15 
7   23 
16.71554   17311.15 
7   23 
16.71553   17311.17 
7   23 
16.71517   22933.24 
7   23 
16.71519   22933.24 
7   23 
16.71517   22933.26 
7   23 
16.71506   30378.94 
7   23 
16.71507   30378.94 
7   23 
16.71506   30378.97 
7   23 
16.71483   40249.36 
7   23 
16.71485   40249.36 
7   23 
16.71483   40249.4 
7   23 
16.71479   53331.21 
7   23 
16.7148   53331.21 
7   23 
16.71479   53331.26 
7   23 
16.71464   70644.39 
7   23 
16.71466   70644.39 
7   23 
16.71464   70644.46 
7   23 
16.71463   93547.29 
7   23 
16.71465   93547.29 
7   23 
16.71463   93547.38 
7   23 
16.71456   116547.3 
7   23 
16.71457   116547.3 
7   23 
16.71456   116547.4 
7   23 
16.71455   139547.3 
7   23 
16.71456   139547.3 
7   23 
16.71455   139547.4 
7   23 
16.71452   162547.3 
7   23 
16.71454   162547.3 
7   23 
16.71452   162547.5 
7   23 
16.71451   185547.3 
7   23 
16.71453   185547.3 
7   23 
16.71451   185547.5 
Fit Mean:  16.71451  Size:  185547.3  Code:  5 
Try Mean:  7  Size:  10000 
7   23 
7   10000 
7   23 
7   10000 
7   23 
7.000007   10000 
7   23 
7   10000.01 
7   23 
7.048101   10000 
7   23 
7.048108   10000 
7   23 
7.048101   10000.01 
7   23 
13.41967   10000 
7   23 
13.41968   10000 
7   23 
13.41967   10000.01 
7   23 
20.31257   10000 
7   23 
20.31259   10000 
7   23 
20.31257   10000.01 
7   23 
17.81278   10000 
7   23 
17.8128   10000 
7   23 
17.81278   10000.01 
7   23 
15.86897   10000 
7   23 
15.86898   10000 
7   23 
15.86897   10000.01 
7   23 
16.8177   10000 
7   23 
16.81771   10000 
7   23 
16.8177   10000.01 
7   23 
16.72459   10000 
7   23 
16.72461   10000 
7   23 
16.72459   10000.01 
7   23 
16.71666   10000 
7   23 
16.71668   10000 
7   23 
16.71666   10000.01 
7   23 
16.71675   10000 
7   23 
16.71677   10000 
7   23 
16.71675   10000.01 
7   23 
16.71675   10000 
7   23 
16.71842   10000 
7   23 
16.71508   10000 
7   23 
16.71675   10001 
7   23 
16.71675   9999 
7   23 
16.71676   10000 
7   23 
16.71843   10000 
7   23 
16.71509   10000 
7   23 
16.71676   10001 
7   23 
16.71676   9999 
Fit Mean:  16.71676  Size:  10000  Code:  2 
Try Mean:  7  Size:  1000 
7   23 
7   1000 
7   23 
7   1000 
7   23 
7.000007   1000 
7   23 
7   1000.001 
7   23 
7.048023   1000 
7   23 
7.04803   1000 
7   23 
7.048023   1000.001 
7   23 
13.46585   999.9998 
7   23 
13.46587   999.9998 
7   23 
13.46585   1000.001 
7   23 
20.11352   999.9998 
7   23 
20.11354   999.9998 
7   23 
20.11352   1000.001 
7   23 
17.7469   999.9998 
7   23 
17.74692   999.9998 
7   23 
17.7469   1000.001 
7   23 
16.03871   999.9998 
7   23 
16.03872   999.9998 
7   23 
16.03871   1000.001 
7   23 
16.81608   999.9998 
7   23 
16.8161   999.9998 
7   23 
16.81608   1000.001 
7   23 
16.74307   999.9999 
7   23 
16.74309   999.9999 
7   23 
16.74307   1000.001 
7   23 
16.73784   999.9999 
7   23 
16.73786   999.9999 
7   23 
16.73784   1000.001 
7   23 
16.73788   1000 
7   23 
16.7379   1000 
7   23 
16.73788   1000.001 
7   23 
16.73793   1000 
7   23 
16.73795   1000 
7   23 
16.73793   1000.001 
7   23 
16.73802   1000.001 
7   23 
16.73803   1000.001 
7   23 
16.73802   1000.002 
7   23 
16.73815   1000.002 
7   23 
16.73816   1000.002 
7   23 
16.73815   1000.003 
7   23 
16.73836   1000.006 
7   23 
16.73838   1000.006 
7   23 
16.73836   1000.007 
7   23 
16.73871   1000.016 
7   23 
16.73873   1000.016 
7   23 
16.73871   1000.017 
7   23 
16.73928   1000.043 
7   23 
16.73929   1000.043 
7   23 
16.73928   1000.044 
7   23 
16.74019   1000.117 
7   23 
16.7402   1000.117 
7   23 
16.74019   1000.118 
7   23 
16.74166   1000.31 
7   23 
16.74168   1000.31 
7   23 
16.74166   1000.311 
7   23 
16.74404   1000.817 
7   23 
16.74405   1000.817 
7   23 
16.74404   1000.818 
7   23 
16.74786   1002.148 
7   23 
16.74787   1002.148 
7   23 
16.74786   1002.149 
7   23 
16.75394   1005.62 
7   23 
16.75396   1005.62 
7   23 
16.75394   1005.621 
7   23 
16.76346   1014.601 
7   23 
16.76348   1014.601 
7   23 
16.76346   1014.602 
7   23 
16.77767   1037.367 
7   23 
16.77769   1037.367 
7   23 
16.77767   1037.368 
7   23 
16.79669   1092.697 
7   23 
16.79671   1092.697 
7   23 
16.79669   1092.699 
7   23 
16.81631   1217.975 
7   23 
16.81632   1217.975 
7   23 
16.81631   1217.977 
7   23 
16.82408   1479.863 
7   23 
16.82409   1479.863 
7   23 
16.82408   1479.864 
7   23 
16.80006   1976.633 
7   23 
16.80007   1976.633 
7   23 
16.80006   1976.635 
7   23 
16.74532   2709.701 
7   23 
16.74533   2709.701 
7   23 
16.74532   2709.704 
7   23 
16.70382   3427.294 
7   23 
16.70383   3427.294 
7   23 
16.70382   3427.297 
7   23 
16.68642   4073.979 
7   23 
16.68643   4073.979 
7   23 
16.68642   4073.984 
7   23 
16.6805   5090.529 
7   23 
16.68052   5090.529 
7   23 
16.6805   5090.534 
7   23 
16.69043   6740.232 
7   23 
16.69045   6740.232 
7   23 
16.69043   6740.239 
7   23 
16.71006   8977.124 
7   23 
16.71008   8977.124 
7   23 
16.71006   8977.133 
7   23 
16.7242   11471.76 
7   23 
16.72422   11471.76 
7   23 
16.7242   11471.78 
7   23 
16.73018   14476.58 
7   23 
16.7302   14476.58 
7   23 
16.73018   14476.6 
7   23 
16.72895   18928.84 
7   23 
16.72896   18928.84 
7   23 
16.72895   18928.86 
7   23 
16.72153   25322.14 
7   23 
16.72155   25322.14 
7   23 
16.72153   25322.16 
7   23 
16.71356   33302.03 
7   23 
16.71357   33302.03 
7   23 
16.71356   33302.06 
7   23 
16.70897   42770.51 
7   23 
16.70898   42770.51 
7   23 
16.70897   42770.55 
7   23 
16.70798   55492.97 
7   23 
16.70799   55492.97 
7   23 
16.70798   55493.03 
7   23 
16.71024   73649.26 
7   23 
16.71026   73649.26 
7   23 
16.71024   73649.34 
7   23 
16.71388   97667.44 
7   23 
16.7139   97667.44 
7   23 
16.71388   97667.53 
7   23 
16.71658   127368.6 
7   23 
16.7166   127368.6 
7   23 
16.71658   127368.7 
7   23 
16.71759   165743.1 
7   23 
16.71761   165743.1 
7   23 
16.71759   165743.2 
7   23 
16.71696   218080 
7   23 
16.71697   218080 
7   23 
16.71696   218080.2 
7   23 
16.71533   289702 
7   23 
16.71535   289702 
7   23 
16.71533   289702.2 
7   23 
16.71387   376385.7 
7   23 
16.71389   376385.7 
7   23 
16.71387   376386.1 
7   23 
16.71309   490010.3 
7   23 
16.7131   490010.3 
7   23 
16.71309   490010.8 
7   23 
16.71306   653244.9 
7   23 
16.71308   653244.9 
7   23 
16.71306   653245.6 
7   23 
16.71367   874717.1 
7   23 
16.71369   874717.1 
7   23 
16.71367   874717.9 
7   23 
16.71435   1099093 
7   23 
16.71437   1099093 
7   23 
16.71435   1099094 
7   23 
16.71516   1571658 
7   23 
16.71518   1571658 
7   23 
16.71516   1571659 
7   23 
16.71508   1831617 
7   23 
16.7151   1831617 
7   23 
16.71508   1831619 
7   23 
16.71475   1920998 
7   23 
16.71477   1920998 
7   23 
16.71475   1921000 
7   23 
16.71457   2056009 
7   23 
16.71459   2056009 
7   23 
16.71457   2056011 
7   23 
16.71443   2465751 
7   23 
16.71445   2465751 
7   23 
16.71443   2465754 
7   23 
16.71437   2744182 
7   23 
16.71439   2744182 
7   23 
16.71437   2744184 
7   23 
16.7143   3228109 
7   23 
16.71432   3228109 
7   23 
16.7143   3228113 
7   23 
16.71435   3230399 
7   23 
16.71437   3230399 
7   23 
16.71435   3230402 
7   23 
16.71435   3677872 
7   23 
16.71437   3677872 
7   23 
16.71435   3677875 
7   23 
16.71438   3872623 
7   23 
16.71439   3872623 
7   23 
16.71438   3872627 
7   23 
16.71439   3782724 
7   23 
16.71438   3851427 
7   23 
16.71438   3868285 
7   23 
16.71438   3871714 
7   23 
16.71438   3872434 
7   23 
16.71438   3872584 
7   23 
16.71438   3872614 
7   23 
16.71439   3872614 
7   23 
16.71438   3872618 
7   23 
16.71437   3582722 
7   23 
16.71438   3766684 
7   23 
16.71438   3839762 
7   23 
16.71438   3862081 
7   23 
16.71438   3869252 
7   23 
16.71438   3871540 
7   23 
16.71438   3872273 
7   23 
16.71438   3872506 
7   23 
16.71438   3872582 
7   23 
16.71438   3872605 
7   23 
16.71438   3872612 
7   23 
16.71439   3872612 
7   23 
16.71438   3872616 
Fit Mean:  16.71438  Size:  3872612  Code:  2 
Try Mean:  7  Size:  100 
7   23 
7   100 
7   23 
7   100 
7   23 
7.000007   100 
7   23 
7   100.0001 
7   23 
7.047279   99.99992 
7   23 
7.047286   99.99992 
7   23 
7.047279   100 
7   23 
13.89337   99.98454 
7   23 
13.89338   99.98454 
7   23 
13.89337   99.98464 
7   23 
18.68827   99.98606 
7   23 
18.68829   99.98606 
7   23 
18.68827   99.98616 
7   23 
17.40837   99.98562 
7   23 
17.40838   99.98562 
7   23 
17.40837   99.98572 
7   23 
16.83433   99.99003 
7   23 
16.83435   99.99003 
7   23 
16.83433   99.99013 
7   23 
16.96025   99.99286 
7   23 
16.96027   99.99286 
7   23 
16.96025   99.99296 
7   23 
16.95405   99.99656 
7   23 
16.95407   99.99656 
7   23 
16.95405   99.99666 
7   23 
16.95071   100.0044 
7   23 
16.95073   100.0044 
7   23 
16.95071   100.0045 
7   23 
16.94148   100.0478 
7   23 
16.9415   100.0478 
7   23 
16.94148   100.0479 
7   23 
16.92882   100.1584 
7   23 
16.92884   100.1584 
7   23 
16.92882   100.1585 
7   23 
16.90678   100.4896 
7   23 
16.90679   100.4896 
7   23 
16.90678   100.4897 
7   23 
16.87214   101.3617 
7   23 
16.87216   101.3617 
7   23 
16.87214   101.3618 
7   23 
16.81746   103.6432 
7   23 
16.81748   103.6432 
7   23 
16.81746   103.6433 
7   23 
16.73956   109.1768 
7   23 
16.73957   109.1768 
7   23 
16.73956   109.177 
7   23 
16.64905   121.3921 
7   23 
16.64907   121.3921 
7   23 
16.64905   121.3922 
7   23 
16.58523   145.6669 
7   23 
16.58525   145.6669 
7   23 
16.58523   145.667 
7   23 
16.61207   189.5031 
7   23 
16.61209   189.5031 
7   23 
16.61207   189.5033 
7   23 
16.7291   252.2538 
7   23 
16.72912   252.2538 
7   23 
16.7291   252.2541 
7   23 
16.81285   322.047 
7   23 
16.81287   322.047 
7   23 
16.81285   322.0473 
7   23 
16.83946   407.6165 
7   23 
16.83947   407.6165 
7   23 
16.83946   407.6169 
7   23 
16.8165   540.1447 
7   23 
16.81651   540.1447 
7   23 
16.8165   540.1453 
7   23 
16.75918   728.3163 
7   23 
16.7592   728.3163 
7   23 
16.75918   728.3171 
7   23 
16.71203   953.8538 
7   23 
16.71204   953.8538 
7   23 
16.71203   953.8548 
7   23 
16.69107   1228.789 
7   23 
16.69108   1228.789 
7   23 
16.69107   1228.79 
7   23 
16.6934   1614.986 
7   23 
16.69342   1614.986 
7   23 
16.6934   1614.988 
7   23 
16.71058   2142.586 
7   23 
16.7106   2142.586 
7   23 
16.71058   2142.588 
7   23 
16.7262   2815.243 
7   23 
16.72622   2815.243 
7   23 
16.7262   2815.246 
7   23 
16.73235   3686.723 
7   23 
16.73236   3686.723 
7   23 
16.73235   3686.726 
7   23 
16.7291   4878.807 
7   23 
16.72911   4878.807 
7   23 
16.7291   4878.812 
7   23 
16.72073   6484.329 
7   23 
16.72075   6484.329 
7   23 
16.72073   6484.335 
7   23 
16.71332   8563.937 
7   23 
16.71334   8563.937 
7   23 
16.71332   8563.946 
7   23 
16.70998   11276.71 
7   23 
16.71   11276.71 
7   23 
16.70998   11276.72 
7   23 
16.71069   14914.2 
7   23 
16.71071   14914.2 
7   23 
16.71069   14914.22 
7   23 
16.71355   19767.74 
7   23 
16.71356   19767.74 
7   23 
16.71355   19767.76 
7   23 
16.71614   26131.72 
7   23 
16.71616   26131.72 
7   23 
16.71614   26131.75 
7   23 
16.71716   34521.23 
7   23 
16.71718   34521.23 
7   23 
16.71716   34521.26 
7   23 
16.7166   45716.54 
7   23 
16.71662   45716.54 
7   23 
16.7166   45716.58 
7   23 
16.71526   60596.32 
7   23 
16.71527   60596.32 
7   23 
16.71526   60596.38 
7   23 
16.71407   80208.61 
7   23 
16.71409   80208.61 
7   23 
16.71407   80208.69 
7   23 
16.71357   106103.2 
7   23 
16.71359   106103.2 
7   23 
16.71357   106103.3 
7   23 
16.71375   140477.3 
7   23 
16.71376   140477.3 
7   23 
16.71375   140477.4 
7   23 
16.71425   185929.1 
7   23 
16.71426   185929.1 
7   23 
16.71425   185929.3 
7   23 
16.71469   246286.1 
7   23 
16.7147   246286.1 
7   23 
16.71469   246286.3 
7   23 
16.71485   325841.4 
7   23 
16.71487   325841.4 
7   23 
16.71485   325841.7 
7   23 
16.71475   426086.1 
7   23 
16.71477   426086.1 
7   23 
16.71475   426086.5 
7   23 
16.71459   526330.8 
7   23 
16.71461   526330.8 
7   23 
16.71459   526331.3 
7   23 
16.71447   626575.5 
7   23 
16.71449   626575.5 
7   23 
16.71447   626576.1 
7   23 
16.7144   726820.2 
7   23 
16.71442   726820.2 
7   23 
16.7144   726820.9 
7   23 
16.71437   827064.9 
7   23 
16.71439   827064.9 
7   23 
16.71437   827065.7 
Fit Mean:  16.71437  Size:  827064.9  Code:  5 
Try Mean:  7  Size:  10 
7   23 
7   10 
7   23 
7   10 
7   23 
7.000007   10 
7   23 
7   10.00001 
7   23 
7.041093   9.995225 
7   23 
7.0411   9.995225 
7   23 
7.041093   9.995235 
7   23 
13.97207   9.086428 
7   23 
13.97209   9.086428 
7   23 
13.97207   9.086437 
7   23 
16.30515   9.302669 
7   23 
16.30516   9.302669 
7   23 
16.30515   9.302679 
7   23 
18.44323   9.884695 
7   23 
18.44325   9.884695 
7   23 
18.44323   9.884705 
7   23 
19.52054   10.38575 
7   23 
19.52056   10.38575 
7   23 
19.52054   10.38576 
7   23 
19.85644   10.70728 
7   23 
19.85646   10.70728 
7   23 
19.85644   10.70729 
7   23 
20.00394   11.13287 
7   23 
20.00396   11.13287 
7   23 
20.00394   11.13289 
7   23 
20.0311   12.47547 
7   23 
20.03112   12.47547 
7   23 
20.0311   12.47548 
7   23 
19.43765   16.43032 
7   23 
19.43767   16.43032 
7   23 
19.43765   16.43034 
7   23 
12.59796   51.70635 
7   23 
18.39933   21.78548 
7   23 
18.39935   21.78548 
7   23 
18.39933   21.7855 
7   23 
13.4491   49.40644 
7   23 
17.66629   25.87568 
7   23 
17.6663   25.87568 
7   23 
17.66629   25.8757 
7   23 
16.77171   32.79879 
7   23 
16.77172   32.79879 
7   23 
16.77171   32.79882 
7   23 
17.03739   33.13556 
7   23 
17.03741   33.13556 
7   23 
17.03739   33.1356 
7   23 
17.38274   39.78116 
7   23 
17.38276   39.78116 
7   23 
17.38274   39.7812 
7   23 
17.37808   50.10556 
7   23 
17.3781   50.10556 
7   23 
17.37808   50.10561 
7   23 
17.04793   71.3834 
7   23 
17.04794   71.3834 
7   23 
17.04793   71.38347 
7   23 
16.81023   96.04056 
7   23 
16.81025   96.04056 
7   23 
16.81023   96.04066 
7   23 
16.78047   124.7458 
7   23 
16.78049   124.7458 
7   23 
16.78047   124.7459 
7   23 
16.82058   166.7322 
7   23 
16.82059   166.7322 
7   23 
16.82058   166.7323 
7   23 
16.80637   220.5811 
7   23 
16.80639   220.5811 
7   23 
16.80637   220.5813 
7   23 
16.77567   294.5369 
7   23 
16.77569   294.5369 
7   23 
16.77567   294.5372 
7   23 
16.75903   391.1953 
7   23 
16.75905   391.1953 
7   23 
16.75903   391.1957 
7   23 
16.7487   519.5586 
7   23 
16.74872   519.5586 
7   23 
16.7487   519.5591 
7   23 
16.74034   689.3924 
7   23 
16.74036   689.3924 
7   23 
16.74034   689.3931 
7   23 
16.734   914.5145 
7   23 
16.73402   914.5145 
7   23 
16.734   914.5154 
7   23 
16.72921   1212.664 
7   23 
16.72922   1212.664 
7   23 
16.72921   1212.665 
7   23 
16.72558   1607.663 
7   23 
16.7256   1607.663 
7   23 
16.72558   1607.664 
7   23 
16.72285   2130.905 
7   23 
16.72286   2130.905 
7   23 
16.72285   2130.907 
7   23 
16.72078   2824.062 
7   23 
16.7208   2824.062 
7   23 
16.72078   2824.064 
7   23 
16.71922   3742.291 
7   23 
16.71923   3742.291 
7   23 
16.71922   3742.294 
7   23 
16.71804   4958.683 
7   23 
16.71806   4958.683 
7   23 
16.71804   4958.688 
7   23 
16.71715   6570.048 
7   23 
16.71717   6570.048 
7   23 
16.71715   6570.055 
7   23 
16.71648   8704.751 
7   23 
16.71649   8704.751 
7   23 
16.71648   8704.76 
7   23 
16.71597   11532.39 
7   23 
16.71599   11532.39 
7   23 
16.71597   11532.4 
7   23 
16.71559   15278.77 
7   23 
16.7156   15278.77 
7   23 
16.71559   15278.79 
7   23 
16.7153   20240.58 
7   23 
16.71531   20240.58 
7   23 
16.7153   20240.6 
7   23 
16.71508   26814.28 
7   23 
16.7151   26814.28 
7   23 
16.71508   26814.3 
7   23 
16.71491   35518.89 
7   23 
16.71493   35518.89 
7   23 
16.71491   35518.92 
7   23 
16.71479   47063.65 
7   23 
16.71481   47063.65 
7   23 
16.71479   47063.7 
7   23 
16.71471   59270.21 
7   23 
16.71473   59270.21 
7   23 
16.71471   59270.27 
7   23 
16.71466   71476.77 
7   23 
16.71468   71476.77 
7   23 
16.71466   71476.84 
7   23 
16.71463   83683.32 
7   23 
16.71465   83683.32 
7   23 
16.71463   83683.4 
7   23 
16.7146   95889.88 
7   23 
16.71462   95889.88 
7   23 
16.7146   95889.97 
7   23 
16.71458   108096.4 
7   23 
16.7146   108096.4 
7   23 
16.71458   108096.5 
Fit Mean:  16.71458  Size:  108096.4  Code:  5 
Try Mean:  7  Size:  1 
7   23 
7   1 
7   23 
7   1 
7   23 
7.000007   1 
7   23 
7   1.000001 
7   23 
7.011368   0.97135 
7   23 
7.011375   0.97135 
7   23 
7.011368   0.971351 
Fit Mean:  10.14821  Size:  -59.37612  Code:  1 
Try Mean:  7  Size:  0.1 
7   23 
7   0.1 
7   23 
7   0.1 
7   23 
7.000007   0.1 
7   23 
7   0.100001 
7   23 
7.001097   0.06998308 
7   23 
7.001104   0.06998308 
7   23 
7.001097   0.06998408 
Fit Mean:  -9.235393  Size:  -54.58919  Code:  1 
Try Mean:  7  Size:  0.01 
7   23 
7   0.01 
7   23 
7   0.01 
7   23 
7.000007   0.01 
7   23 
7   0.010001 
Fit Mean:  7.000108  Size:  -0.01966225  Code:  1 
Try Mean:  7  Size:  0.001 
7   23 
7   0.001 
7   23 
7   0.001 
7   23 
7.000007   0.001 
7   23 
7   0.001001 
Fit Mean:  7.000011  Size:  -0.02861922  Code:  1 
Try Mean:  7.5  Size:  10000 
7   23 
7.5   10000 
7   23 
7.5   10000 
7   23 
7.500007   10000 
7   23 
7.5   10000.01 
7   23 
7.544783   10000 
7   23 
7.544791   10000 
7   23 
7.544783   10000.01 
7   23 
15.43606   10000 
7   23 
15.43607   10000 
7   23 
15.43606   10000.01 
7   23 
17.48505   10000 
7   23 
17.48507   10000 
7   23 
17.48505   10000.01 
7   23 
16.80977   10000 
7   23 
16.80978   10000 
7   23 
16.80977   10000.01 
7   23 
16.70802   10000 
7   23 
16.70804   10000 
7   23 
16.70802   10000.01 
7   23 
16.71684   10000 
7   23 
16.71685   10000 
7   23 
16.71684   10000.01 
7   23 
16.71675   10000 
7   23 
16.71677   10000 
7   23 
16.71675   10000.01 
7   23 
16.71675   10000 
7   23 
16.71842   10000 
7   23 
16.71508   10000 
7   23 
16.71675   10001 
7   23 
16.71675   9999 
7   23 
16.71676   10000 
7   23 
16.71843   10000 
7   23 
16.71509   10000 
7   23 
16.71676   10001 
7   23 
16.71676   9999 
Fit Mean:  16.71676  Size:  10000  Code:  2 
Try Mean:  7.5  Size:  1000 
7   23 
7.5   1000 
7   23 
7.5   1000 
7   23 
7.500007   1000 
7   23 
7.5   1000.001 
7   23 
7.544734   1000 
7   23 
7.544742   1000 
7   23 
7.544734   1000.001 
7   23 
15.4983   999.9998 
7   23 
15.49832   999.9998 
7   23 
15.4983   1000.001 
7   23 
17.42599   999.9999 
7   23 
17.42601   999.9999 
7   23 
17.42599   1000.001 
7   23 
16.81884   999.9999 
7   23 
16.81885   999.9999 
7   23 
16.81884   1000.001 
7   23 
16.73115   999.9999 
7   23 
16.73117   999.9999 
7   23 
16.73115   1000.001 
7   23 
16.73794   1000 
7   23 
16.73796   1000 
7   23 
16.73794   1000.001 
7   23 
16.73789   1000 
7   23 
16.7379   1000 
7   23 
16.73789   1000.001 
7   23 
16.73784   1000 
7   23 
16.73786   1000 
7   23 
16.73784   1000.001 
7   23 
16.73774   1000.001 
7   23 
16.73776   1000.001 
7   23 
16.73774   1000.002 
7   23 
16.7376   1000.002 
7   23 
16.73761   1000.002 
7   23 
16.7376   1000.003 
7   23 
16.73735   1000.007 
7   23 
16.73737   1000.007 
7   23 
16.73735   1000.008 
7   23 
16.73696   1000.02 
7   23 
16.73698   1000.02 
7   23 
16.73696   1000.021 
7   23 
16.73633   1000.055 
7   23 
16.73634   1000.055 
7   23 
16.73633   1000.056 
7   23 
16.7353   1000.147 
7   23 
16.73532   1000.147 
7   23 
16.7353   1000.148 
7   23 
16.73363   1000.39 
7   23 
16.73365   1000.39 
7   23 
16.73363   1000.391 
7   23 
16.73094   1001.029 
7   23 
16.73096   1001.029 
7   23 
16.73094   1001.03 
7   23 
16.72659   1002.705 
7   23 
16.72661   1002.705 
7   23 
16.72659   1002.706 
7   23 
16.71961   1007.074 
7   23 
16.71963   1007.074 
7   23 
16.71961   1007.075 
7   23 
16.7086   1018.333 
7   23 
16.70861   1018.333 
7   23 
16.7086   1018.334 
7   23 
16.69201   1046.613 
7   23 
16.69203   1046.613 
7   23 
16.69201   1046.614 
7   23 
16.6698   1113.826 
7   23 
16.66981   1113.826 
7   23 
16.6698   1113.827 
7   23 
16.6472   1259.841 
7   23 
16.64721   1259.841 
7   23 
16.6472   1259.843 
7   23 
16.6381   1548.118 
7   23 
16.63812   1548.118 
7   23 
16.6381   1548.119 
7   23 
16.66078   2052.814 
7   23 
16.6608   2052.814 
7   23 
16.66078   2052.816 
7   23 
16.70556   2737.165 
7   23 
16.70557   2737.165 
7   23 
16.70556   2737.168 
7   23 
16.73654   3440.268 
7   23 
16.73656   3440.268 
7   23 
16.73654   3440.272 
7   23 
16.74985   4221.191 
7   23 
16.74987   4221.191 
7   23 
16.74985   4221.196 
7   23 
16.74988   5438.026 
7   23 
16.7499   5438.026 
7   23 
16.74988   5438.032 
7   23 
16.73523   7300.479 
7   23 
16.73524   7300.479 
7   23 
16.73523   7300.486 
7   23 
16.71637   9667.991 
7   23 
16.71638   9667.991 
7   23 
16.71637   9668.001 
7   23 
16.7047   12286.74 
7   23 
16.70472   12286.74 
7   23 
16.7047   12286.75 
7   23 
16.70048   15641.96 
7   23 
16.7005   15641.96 
7   23 
16.70048   15641.98 
7   23 
16.70335   20621.84 
7   23 
16.70337   20621.84 
7   23 
16.70335   20621.86 
7   23 
16.71099   27473.58 
7   23 
16.711   27473.58 
7   23 
16.71099   27473.6 
7   23 
16.7177   35811.36 
7   23 
16.71772   35811.36 
7   23 
16.7177   35811.39 
7   23 
16.72098   46072.8 
7   23 
16.721   46072.8 
7   23 
16.72098   46072.85 
7   23 
16.72081   60334.07 
7   23 
16.72083   60334.07 
7   23 
16.72081   60334.13 
7   23 
16.71784   80338.32 
7   23 
16.71786   80338.32 
7   23 
16.71784   80338.4 
7   23 
16.71426   106257.7 
7   23 
16.71428   106257.7 
7   23 
16.71426   106257.8 
7   23 
16.71202   137886.6 
7   23 
16.71203   137886.6 
7   23 
16.71202   137886.8 
7   23 
16.71144   179942.3 
7   23 
16.71146   179942.3 
7   23 
16.71144   179942.5 
7   23 
16.71237   239355.5 
7   23 
16.71238   239355.5 
7   23 
16.71237   239355.8 
7   23 
16.71401   319480 
7   23 
16.71403   319480 
7   23 
16.71401   319480.3 
7   23 
16.71526   414046.9 
7   23 
16.71527   414046.9 
7   23 
16.71526   414047.4 
7   23 
16.71577   535947.6 
7   23 
16.71579   535947.6 
7   23 
16.71577   535948.2 
7   23 
16.71557   706282 
7   23 
16.71559   706282 
7   23 
16.71557   706282.7 
7   23 
16.71489   938988.1 
7   23 
16.71491   938988.1 
7   23 
16.71489   938989.1 
7   23 
16.71433   1161222 
7   23 
16.71435   1161222 
7   23 
16.71433   1161223 
7   23 
16.714   1397403 
7   23 
16.71402   1397403 
7   23 
16.714   1397405 
7   23 
16.71406   1586058 
7   23 
16.71407   1586058 
7   23 
16.71406   1586059 
7   23 
16.71427   1863855 
7   23 
16.71428   1863855 
7   23 
16.71427   1863857 
7   23 
16.7144   2257615 
7   23 
16.71441   2257615 
7   23 
16.7144   2257617 
7   23 
16.71442   2369352 
7   23 
16.71444   2369352 
7   23 
16.71442   2369354 
Fit Mean:  16.71442  Size:  2369352  Code:  1 
> 
> cat("Final Fit Mean: ", nb_fit_mu, " Size: ", nb_fit_size, " Code: ", nb_fit$code, " Try Size: ", try_size, "\n")
Final Fit Mean:  16.71442  Size:  2369352  Code:  1  Try Size:  1000 
> 
> ## Fit failed = reset parameters so graphing and output code can recognize this
> if ((nb_fit_mu < 0) || (nb_fit_size < 0) || (nb_fit$code != 1))
+ {
+   nb_fit_mu = 0
+   nb_fit_size = 0
+ }
> 
> 
> ## things can go wrong with fitting and we can still end up with invalid values
> 
> fit_nb = c()
> included_fract = 0
> if (nb_fit_mu > 0)
+ {
+   end_fract = pnbinom(end_i_for_fits, mu = nb_fit_mu, size=nb_fit_size)
+   start_fract = pnbinom(start_i_for_fits, mu = nb_fit_mu, size=nb_fit_size)
+   included_fract = end_fract-start_fract;
+ 
+   if (included_fract >= 0.01) {
+ 
+     ## Adjust so that we are back in full coords before making fit!!
+     if (num_per_bin > 1) 
+     {
+       nb_fit_mu = nb_fit_mu * num_per_bin
+     }
+     fit_nb = dnbinom(0:max(X$coverage), mu = nb_fit_mu, size=nb_fit_size)*inner_total/included_fract;
+   }
+ }
> 
> ## If an insufficient amount of fit was included, then invalidate it
> if (included_fract < 0.01)
+ {
+   nb_fit_mu = 0
+   nb_fit_size = 0
+ }
> 
> f_p <- function(par) {
+ 
+   lambda = par[1];
+ 
+   if (lambda <= 0)
+   {
+     return(0);
+   }
+   
+ 	total <- 0;
+ 	for (i in start_i_for_fits:end_i_for_fits)
+ 	{	
+     #cat(i, " ", lambda, "\n");
+ 		dist[i] <- dpois(i, lambda=lambda);
+ 		total <- total + dist[i] 
+ 	}
+ 	#print (total)
+ 
+  	l <- 0;
+ 	for (i in start_i_for_fits:end_i_for_fits)
+ 	{
+ 		l <- l + ((X.for.fits[i]/inner_total)-(dist[i]/total))^2;
+ 	}
+ 	return(l);
+ }
> 
> 
> ## Fit Poisson 
> ## - allow fit to fail and set all params to zero/empty if that is the case
> 
> p_fit = NULL
> try(suppressWarnings(p_fit<-nlm(f_p, c(m), print.level=this.print.level)))
> 
> fit_p = c()
> if (!is.null(p_fit) && (p_fit$estimate[1] > 0))
+ {
+   #print (nb_fit$estimate[1])
+   p_fit_lambda = p_fit$estimate[1];
+   #print(0:max(X$coverage))
+ 
+   end_fract = ppois(end_i_for_fits, lambda = p_fit_lambda)
+   start_fract = ppois(start_i_for_fits, lambda = p_fit_lambda)
+   included_fract = end_fract-start_fract;
+ 
+   ## Adjust so that we are back in full coords before making fit!!
+   if (num_per_bin > 1) 
+   {
+     p_fit_lambda = p_fit_lambda * num_per_bin
+   }
+   fit_p<-dpois(0:max(X$coverage), lambda = p_fit_lambda)*inner_total/included_fract;
+ }
> 
> 
> ## Graphing
> ##
> ## don't graph very high values with very little coverage
> i<-max_i
> while (i <= length(X$n) && X$n[i]>0.01*max_n)
+ {		
+ 	i <- i+1;
+ }
> graph_end_i <-i
> 
> ## Ths leaves enough room to the right of the peak for the legend
> graph_end_i = max(floor(2.2 * max_i), graph_end_i);
> 
> ## graphics settings
> my_pch = 21
> my_col = "black";
> my_col_censored = "red";
> 
> if (pdf_output == 0) {
+   
+   ## bitmap() requires ghostscript to be installed.
+   ## taa=4, gaa=2 options NOT compatible with earlier R versions!
+   ## units = "px" NOT compatible with even earlier R versions!
+   
+   if(!capabilities(what = "png"))
+   {
+     ## fallback to ghostscript
+     bitmap(plot_file, height=6, width=7, type = "png16m", res = 72, pointsize=18)
+   } else {
+     ## use X11 function, which gives better resolution
+     png(plot_file, height=6, width=7, units ="in", res = 72, pointsize=18)
+     par(family="sans")
+   }
+ } else {
+   pdf(plot_file, height=6, width=7)
+   par(family="sans")
+ }
> 
> par(mar=c(5.5,7.5,3,1.5));
> 
> max_y = 0
> if (plot_poisson) {
+ 	max_y = max(X$n, fit_p, fit_nb)
+ } else {
+ 	max_y = max(X$n, fit_nb)
+ }
> 
> plot(0:10, 0:10, type="n", lty="solid", ylim=c(0, max_y)*1.05, xlim=c(0, graph_end_i), lwd=1, xaxs="i", yaxs="i", axes=F, las=1, main="Coverage Distribution at Unique-Only Positions", xlab="Coverage depth (reads)", ylab="", cex.lab=1.2, cex.axis=1.2)
> 
> mtext(side = 2, text = "Number of reference positions", line = 5.5, cex=1.2)
> 
> sciNotation <- function(x, digits = 1) {
+     if (length(x) > 1) {
+         return(append(sciNotation(x[1]), sciNotation(x[-1])))     
+ 	} 
+     if (!x) return(0) 
+ 
+ 	exponent <- floor(log10(x)) 
+     base <- round(x / 10^exponent, digits)     
+ 	as.expression(substitute(base %*% 10^exponent, list(base = base, exponent = exponent))) 
+ }
> 
> #axis(2, cex.lab=1.2, las=1, cex.axis=1.2, labels=T, at=(0:6)*50000)
> axis(2, cex.lab=1.2, las=1, cex.axis=1.2, at = axTicks(2), labels = sciNotation(axTicks(2), 1))
> axis(1, cex.lab=1.2, cex.axis=1.2, labels=T)
> box()
> 
> #graph the coverage as points
> fit_data <- subset(X, (coverage>=start_i) & (coverage<=end_i) );
> points(fit_data$coverage, fit_data$n, pch=my_pch, col=my_col, bg="white", cex=1.2)
> 
> #graph the censored coverage as red points
> cat(start_i, " ", end_i, "\n", sep="")
7 23
> 
> censored_data <- subset(X, (coverage<start_i) | (coverage>end_i) );
> points(censored_data$coverage, censored_data$n, pch=my_pch, col=my_col_censored, bg="white", cex=1.2)
> 
> #graph the poisson fit IF REQUESTED
> if (plot_poisson) {
+ 	lines(0:max(X$coverage), fit_p, lwd=3, lty="22", col="black");
+ }
> 
> #graph the negative binomial fit
> if (nb_fit_mu > 0) {
+   lines(0:max(X$coverage), fit_nb, lwd=3, col="black");
+ }
> 
> if (plot_poisson) {
+ 	legend("topright", c("Coverage distribution", "Censored data", "Negative binomial", "Poisson"), lty=c("blank","blank","solid","22"), lwd=c(1,1,2,2), pch=c(my_pch, my_pch, -1, -1), col=c("black", "red", "black", "black"), bty="n")
+ } else {
+ 	legend("topright", c("Coverage distribution", "Censored data", "Negative binomial"), lty=c("blank","blank","solid"), lwd=c(1,1,2), pch=c(my_pch, my_pch, -1), col=c("black", "red", "black"), bty="n")
+ }
> 
> dev.off()
null device 
          1 
> 
> ## Fit the marginal value that we use for propagating deletions
> 
> if (nb_fit_mu > 0) {
+   cat(nb_fit_size, " ", nb_fit_mu, "\n")
+   deletion_propagation_coverage = suppressWarnings(qnbinom(deletion_propagation_pr_cutoff, size = nb_fit_size, mu = nb_fit_mu))
+ } else {
+   cat("Fallback to calculating off an estimate of just variance = mu + mu^2/size\n")
+   size_estimate = (1/(v-m))*(m*m)
+   cat("Mu estimate=", m," Size estimate =", size_estimate, "\n")
+   deletion_propagation_coverage = suppressWarnings(qnbinom(deletion_propagation_pr_cutoff, size = size_estimate, mu = m))
+   if (is.na(deletion_propagation_coverage) || is.nan(deletion_propagation_coverage) || (deletion_propagation_coverage < 1)) {
+     cat("Double fallback to calculating as just 10% of the mean\n")
+     deletion_propagation_coverage = m * 0.1
+   }
+ }
2369352   16.71442 
> 
> #Don't allow one read to indicate non-deleted regions
> if (deletion_propagation_coverage < 1) {
+     deletion_propagation_coverage = 1
+ }
> 
> #This works fine with the negative values
> #If we have both low fit coverage and low straight average coverage then we're deleted...
> if ( (nb_fit_mu <= 3) && (m <= 3) ) {
+   deletion_propagation_coverage = -1
+ }
> 
> #print out statistics
> 
> print(nb_fit_size);
[1] 2369352
> print(nb_fit_mu);
[1] 16.71442
> 
> print(m)
[1] 20.21071
> print(v)
[1] 74.06655
> print(D)
[1] 3.664717
> 
> print(deletion_propagation_coverage)
[1] 7
> 
> warnings()
> 
