
R version 4.3.1 (2023-06-16) -- "Beagle Scouts"
Copyright (C) 2023 The R Foundation for Statistical Computing
Platform: x86_64-pc-linux-gnu (64-bit)

R is free software and comes with ABSOLUTELY NO WARRANTY.
You are welcome to redistribute it under certain conditions.
Type 'license()' or 'licence()' for distribution details.

  Natural language support but running in an English locale

R is a collaborative project with many contributors.
Type 'contributors()' for more information and
'citation()' on how to cite R or R packages in publications.

Type 'demo()' for some demos, 'help()' for on-line help, or
'help.start()' for an HTML browser interface to help.
Type 'q()' to quit R.

> ##
> ##
> ## AUTHORS
> ##
> ## Jeffrey E. Barrick <jeffrey.e.barrick@gmail.com>
> ##
> ## LICENSE AND COPYRIGHT
> ##
> ## Copyright (c) 2008-2010 Michigan State University
> ## Copyright (c) 2011-2022 The University of Texas at Austin
> ##
> ## breseq is free software; you can redistribute it and/or modify it under the
> ## terms the GNU General Public License as published by the Free Software
> ## Foundation; either version 1, or (at your option) any later version.
> ##
> ##
> 
> ## Arguments:
> ##   distribution_file=/path/to/input 
> ##   plot_file=/path/to/output 
> ##   deletion_propagation_pr_cutoff=float
> ##   plot_poisson=0 or 1
> ##   pdf_output=0 or 1
> 
> ## Returns these values printed out to output log
> ## 
> ##  1. print(nb_fit_size); # 0 if fit failed
> ##  2. print(nb_fit_mu);   # 0 if fit failed
> ##  3. print(m)q
> ##  4. print(v)
> ##  5. print(D)
> ##  6. print(deletion_propagation_coverage)
> ##     -1 if it was <1 after fitting (implying reference sequence is deleted)
> ##
> 
> plot_poisson = 0;
> pdf_output = 1;
> 
> this.print.level = 0
> #this.print.level = 2
> 
> for (e in commandArgs(TRUE)) {
+   ta = strsplit(e,"=",fixed=TRUE)[[1]]
+   if(length(ta)>1) {
+     temp = ta[2]
+     assign(ta[1],temp)
+     cat("assigned ",ta[1]," the value of |",temp,"|\n")
+   } else {
+     assign(ta[[1]][1],TRUE)
+     cat("assigned ",ta[1]," the value of TRUE\n")
+   }
+ }
assigned  distribution_file  the value of | 4a-_BHI_c50_out/07_error_calibration/87.unique_only_coverage_distribution.tab |
assigned  plot_file  the value of | 4a-_BHI_c50_out/output/calibration/87.unique_coverage.pdf |
assigned  deletion_propagation_pr_cutoff  the value of | 0.00408248 |
> 
> deletion_propagation_pr_cutoff = as.numeric(deletion_propagation_pr_cutoff);
> 
> ## initialize values to be filled in
> nb_fit_mu = 0
> nb_fit_size = 0
> m = 0
> v = 0
> D = 0
> deletion_propagation_coverage = -1
> 
> min_fraction_included_in_nb_fit = 0.01
> 
> #load data
> X<-read.table(distribution_file, header=T)
> 
> #table might be empty
> if (nrow(X) == 0)
+ {
+   #print out statistics
+   
+   print(nb_fit_size);
+   print(nb_fit_mu);
+   
+   print(m)
+   print(v)
+   print(D)
+   
+   print(deletion_propagation_coverage)
+   
+   q()
+ }
> 
> #create the distribution vector and fit
> Y<-rep(X$coverage, X$n)
> m<-mean(Y)
> v<-var(Y)
> D<-v/m
> 
> ###
> ## Smooth the distribution with a moving average window of size 5
> ## so that we can more reliably find it's maximum value
> ###
> 
> ma5 = c(1, 1, 1, 1, 1)/5;
> 
> ## filtering fails if there are too few points
> if (nrow(X) >= 5) {
+   X$ma = filter(X$n, ma5)
+ } else {
+ 	X$ma = X$n
+ }
> 
> i<-0
> max_n <- 0;
> min_i <- max( trunc(m/4), 1 ); #prevents zero for pathological distributions
> max_i <- i;
> for (i in min_i:length(X$ma))
+ {		
+   #cat(i, "\n")
+ 	if (!is.na(X$ma[i]) && (X$ma[i] > max_n))
+ 	{
+ 		max_n = X$ma[i];
+ 		max_i = i;
+ 	}
+ }
> 
> ##
> # Censor data on the right and left of the maximum
> ##
> 
> start_i = max(floor(max_i*0.5), 1);
> end_i = min(ceiling(max_i*1.5), length(X$ma));
> 
> if (start_i == end_i)
+ {
+   print(nb_fit_size);
+   print(nb_fit_mu);
+   
+   print(m)
+   print(v)
+   print(D)
+   
+   print(deletion_propagation_coverage)
+   
+   q()
+ }
> 
> cat("Fitting from coverage of ", start_i, " to ", end_i, ".\n", sep="")
Fitting from coverage of 8 to 19.
> 
> ##
> # Coarse grain so that we are only fitting a number of bins that is 1000-2000
> #
> # The later adjustment for doing the fits this way is to multiply the means
> # of the negative binomial and poisson distributions by the binning number.
> # (The size parameter of the negative binomial doesn't need to be adjusted.)
> ##
> 
> 
> num_per_bin = trunc((end_i - start_i) / 1000)
> 
> if (num_per_bin > 1) 
+ {
+   cat("Coarse-graining for fits\n")
+   start_i_for_fits = trunc(start_i/num_per_bin)
+   end_i_for_fits = ceiling(end_i/num_per_bin)
+   num_bins = end_i - start_i  + 1
+   cat("Fitting from coverage in adjusted bins ", start_i_for_fits, " to ", end_i_for_fits, ".\n", sep="")
+   cat("Number of bins ", num_bins, ". Each bin has ", num_per_bin, " coverage values.\n", sep="")
+ 
+   # Create a new vector where we've added together values in bins
+   X.for.fits = vector("double", end_i_for_fits)
+   for (i in start_i_for_fits:end_i_for_fits)
+   {
+     for (j in 1:num_per_bin)
+     {
+       if (i*num_per_bin+j <= length(X$n))
+       {
+         X.for.fits[i] = X.for.fits[i] + X$n[i*num_per_bin+j]
+       }
+     }
+   }
+ 
+ } else {
+   ## AVOID num_per_bin equalling zero!!
+   X.for.fits = X$n[1:end_i]
+   num_per_bin = 1
+   start_i_for_fits = start_i
+   end_i_for_fits = end_i
+ }
> 
> 
> ##
> # Now perform negative binomial fitting to the censored data
> ##
> 
> inner_total<-0;
> for (i in start_i_for_fits:end_i_for_fits)
+ {
+ 	inner_total = inner_total + X.for.fits[i]; 
+ }
> # Yes: it's correct to use X here because we want the overall total total
> total_total<-sum(X$n);
> 
> ## let's preconstruct these for speed
> dist = vector("double", end_i_for_fits)
> 
> f_nb <- function(par) {
+ 
+ 	mu = par[1];
+ 	size = par[2];
+ 
+   if ((mu <= 0) || (size <= 0))
+   {
+     return(0);
+   }
+   
+   cat(start_i_for_fits, " ", end_i_for_fits, "\n");
+   cat(mu, " ", size, "\n");
+   
+ 	dist<-c()
+ 	total <- 0;
+ 	for (i in start_i_for_fits:end_i_for_fits)
+ 	{	
+ 		dist[i] <- dnbinom(i, size=size, mu=mu);
+ 		total <- total + dist[i] 
+ 	}
+ 	#print (mu, size)
+ 
+  	l <- 0;
+ 	for (i in start_i_for_fits:end_i_for_fits)
+ 	{
+ 		l <- l + ((X.for.fits[i]/inner_total)-(dist[i]/total))^2;
+ 	}
+ 	return(l);
+ }
> 
> 
> 
> ## Fit negative binomial 
> ## - allow fit to fail and set all params to zero/empty if that is the case
> nb_fit = NULL
> ## as.numeric prevents overflow in sums involving integers
> mean_estimate = sum((as.numeric(1:end_i_for_fits)*as.numeric(X.for.fits)))/sum(as.numeric(X.for.fits))
> 
> nb_fit_mu = -1
> nb_fit_size = -1
> try_size = 100000
> try_means_index = 1
> #This is a list of different means to test <-  sometimes the actual mean doesn't lead to a fit
> try_means = c(mean_estimate, 
+               end_i_for_fits, 
+               start_i_for_fits, 
+               1*(end_i_for_fits + start_i_for_fits)/4,
+               2*(end_i_for_fits + start_i_for_fits)/4,
+               3*(end_i_for_fits + start_i_for_fits)/4
+               )
>               
>               
> nb_fit = c()
> 
> while ( ((nb_fit_mu < 0) || (nb_fit_size < 0) || (nb_fit$code != 1)) && (try_size > 0.001) && (try_means_index <= length(try_means)))
+ {
+   try_size = try_size / 10
+   try_mean = try_means[try_means_index]
+ 
+   ## SIZE ESTIMATE from the censored data can be negative, so try various values instead
+   cat("Try Mean: ", try_mean, " Size: ", try_size, "\n")
+ 
+   try( suppressWarnings(nb_fit<-nlm(f_nb, c(try_mean, try_size), iterlim=1000, print.level=this.print.level)) )
+ 
+   nb_fit_mu = nb_fit$estimate[1];
+   nb_fit_size = nb_fit$estimate[2];
+ 
+   cat("Fit Mean: ", nb_fit_mu, " Size: ", nb_fit_size, " Code: ", nb_fit$code, "\n")
+   
+   if (try_size <= 0.001) {
+     try_size = 100000
+     try_means_index = try_means_index + 1
+   }
+ }
Try Mean:  16.25  Size:  10000 
8   19 
16.25   10000 
8   19 
16.25   10000 
8   19 
16.25002   10000 
8   19 
16.25   10000.01 
8   19 
16.27325   10000 
8   19 
16.27327   10000 
8   19 
16.27325   10000.01 
8   19 
42.06245   10000 
8   19 
42.06249   10000 
8   19 
42.06245   10000.01 
8   19 
45.67169   10000 
8   19 
45.67174   10000 
8   19 
45.67169   10000.01 
8   19 
54.96122   10000 
8   19 
54.96128   10000 
8   19 
54.96122   10000.01 
8   19 
61.0765   10000 
8   19 
61.07656   10000 
8   19 
61.0765   10000.01 
8   19 
66.25814   10000 
8   19 
66.2582   10000 
8   19 
66.25814   10000.01 
8   19 
69.0199   10000 
8   19 
69.01997   10000 
8   19 
69.0199   10000.01 
8   19 
69.98105   10000 
8   19 
69.98112   10000 
8   19 
69.98105   10000.01 
8   19 
70.12422   10000 
8   19 
70.12429   10000 
8   19 
70.12422   10000.01 
8   19 
70.1302   10000 
8   19 
70.13027   10000 
8   19 
70.1302   10000.01 
8   19 
70.13023   10000 
8   19 
70.1303   10000 
8   19 
70.13023   10000.01 
Fit Mean:  70.13023  Size:  10000  Code:  2 
Try Mean:  16.25  Size:  1000 
8   19 
16.25   1000 
8   19 
16.25   1000 
8   19 
16.25002   1000 
8   19 
16.25   1000.001 
8   19 
16.27304   1000 
8   19 
16.27305   1000 
8   19 
16.27304   1000.001 
8   19 
40.85612   1000.007 
8   19 
40.85616   1000.007 
8   19 
40.85612   1000.008 
8   19 
44.87284   1000.011 
8   19 
44.87289   1000.011 
8   19 
44.87284   1000.012 
8   19 
54.54595   1000.025 
8   19 
54.546   1000.025 
8   19 
54.54595   1000.026 
8   19 
61.38317   1000.036 
8   19 
61.38323   1000.036 
8   19 
61.38317   1000.037 
8   19 
67.61029   1000.046 
8   19 
67.61036   1000.046 
8   19 
67.61029   1000.047 
8   19 
71.45881   1000.053 
8   19 
71.45888   1000.053 
8   19 
71.45881   1000.054 
8   19 
73.16212   1000.056 
8   19 
73.16219   1000.056 
8   19 
73.16212   1000.057 
8   19 
73.53908   1000.056 
8   19 
73.53915   1000.056 
8   19 
73.53908   1000.057 
8   19 
73.56822   1000.056 
8   19 
73.56829   1000.056 
8   19 
73.56822   1000.057 
8   19 
73.56864   1000.056 
8   19 
73.56872   1000.056 
8   19 
73.56864   1000.057 
8   19 
73.56869   1000.056 
8   19 
73.56876   1000.056 
8   19 
73.56869   1000.057 
Fit Mean:  73.56869  Size:  1000.056  Code:  2 
Try Mean:  16.25  Size:  100 
8   19 
16.25   100 
8   19 
16.25   100 
8   19 
16.25002   100 
8   19 
16.25   100.0001 
8   19 
16.2711   100 
8   19 
16.27111   100 
8   19 
16.2711   100.0001 
8   19 
34.00722   100.3146 
8   19 
34.00726   100.3146 
8   19 
34.00722   100.3147 
8   19 
40.40716   100.7222 
8   19 
40.4072   100.7222 
8   19 
40.40716   100.7223 
8   19 
51.6367   101.679 
8   19 
51.63675   101.679 
8   19 
51.6367   101.6791 
8   19 
62.52299   102.7964 
8   19 
62.52305   102.7964 
8   19 
62.52299   102.7965 
8   19 
75.36277   104.2506 
8   19 
75.36284   104.2506 
8   19 
75.36277   104.2507 
8   19 
88.77986   105.8605 
8   19 
88.77995   105.8605 
8   19 
88.77986   105.8606 
8   19 
102.3685   107.5434 
8   19 
102.3686   107.5434 
8   19 
102.3685   107.5435 
8   19 
114.5543   109.078 
8   19 
114.5544   109.078 
8   19 
114.5543   109.0781 
8   19 
123.6612   110.2338 
8   19 
123.6613   110.2338 
8   19 
123.6612   110.2339 
8   19 
128.584   110.86 
8   19 
128.5841   110.86 
8   19 
128.584   110.8601 
8   19 
130.1338   111.0564 
8   19 
130.1339   111.0564 
8   19 
130.1338   111.0565 
8   19 
130.3382   111.0814 
8   19 
130.3383   111.0814 
8   19 
130.3382   111.0815 
8   19 
130.3482   111.0816 
8   19 
130.3484   111.0816 
8   19 
130.3482   111.0817 
8   19 
130.4126   111.0772 
8   19 
130.4127   111.0772 
8   19 
130.4126   111.0773 
8   19 
130.5009   111.0592 
8   19 
130.501   111.0592 
8   19 
130.5009   111.0593 
8   19 
130.703   110.9891 
8   19 
130.7032   110.9891 
8   19 
130.703   110.9893 
8   19 
131.1155   110.7864 
8   19 
131.1156   110.7864 
8   19 
131.1155   110.7865 
8   19 
132.1004   110.1799 
8   19 
132.1005   110.1799 
8   19 
132.1004   110.18 
8   19 
134.9214   108.2001 
8   19 
134.9216   108.2001 
8   19 
134.9214   108.2002 
8   19 
170.1112   82.62038 
8   19 
145.1002   100.801 
8   19 
145.1004   100.801 
8   19 
145.1002   100.8011 
8   19 
224.7366   43.08372 
8   19 
153.0639   95.02929 
8   19 
153.064   95.02929 
8   19 
153.0639   95.02939 
Fit Mean:  372.9062  Size:  -62.07379  Code:  1 
Try Mean:  16.25  Size:  10 
8   19 
16.25   10 
8   19 
16.25   10 
8   19 
16.25002   10 
8   19 
16.25   10.00001 
8   19 
16.26197   10.00146 
8   19 
16.26199   10.00146 
8   19 
16.26197   10.00147 
8   19 
30.49234   18.51545 
8   19 
30.49237   18.51545 
8   19 
30.49234   18.51547 
8   19 
47.5652   32.57507 
8   19 
47.56525   32.57507 
8   19 
47.5652   32.57511 
8   19 
64.8908   47.37099 
8   19 
64.89086   47.37099 
8   19 
64.8908   47.37103 
8   19 
81.93814   62.03966 
8   19 
81.93822   62.03966 
8   19 
81.93814   62.03972 
8   19 
98.56723   76.37738 
8   19 
98.56733   76.37738 
8   19 
98.56723   76.37745 
8   19 
113.3889   89.16443 
8   19 
113.389   89.16443 
8   19 
113.3889   89.16452 
8   19 
124.7591   98.97544 
8   19 
124.7593   98.97544 
8   19 
124.7591   98.97554 
8   19 
131.4105   104.7145 
8   19 
131.4107   104.7145 
8   19 
131.4105   104.7146 
8   19 
133.8553   106.8235 
8   19 
133.8555   106.8235 
8   19 
133.8553   106.8236 
8   19 
134.2715   107.182 
8   19 
134.2717   107.182 
8   19 
134.2715   107.1821 
8   19 
134.293   107.1999 
8   19 
134.2931   107.1999 
8   19 
134.293   107.2 
8   19 
134.2964   107.2021 
8   19 
134.2965   107.2021 
8   19 
134.2964   107.2022 
8   19 
134.3253   107.2162 
8   19 
134.3254   107.2162 
8   19 
134.3253   107.2163 
8   19 
134.3647   107.2264 
8   19 
134.3648   107.2264 
8   19 
134.3647   107.2265 
8   19 
134.4583   107.229 
8   19 
134.4584   107.229 
8   19 
134.4583   107.2291 
8   19 
134.6508   107.1908 
8   19 
134.651   107.1908 
8   19 
134.6508   107.1909 
8   19 
135.1034   107.0148 
8   19 
135.1035   107.0148 
8   19 
135.1034   107.0149 
8   19 
136.2208   106.4191 
8   19 
136.2209   106.4191 
8   19 
136.2208   106.4192 
8   19 
139.6216   104.3008 
8   19 
139.6218   104.3008 
8   19 
139.6216   104.3009 
8   19 
198.9668   66.04835 
8   19 
145.5561   100.4755 
8   19 
145.5563   100.4755 
8   19 
145.5561   100.4756 
8   19 
236.2023   42.09265 
8   19 
154.6207   94.63725 
8   19 
154.6209   94.63725 
8   19 
154.6207   94.63734 
8   19 
277.0604   15.92931 
8   19 
166.8647   86.76645 
8   19 
166.8649   86.76645 
8   19 
166.8647   86.76654 
8   19 
161.2791   90.44853 
8   19 
161.2792   90.44853 
8   19 
161.2791   90.44862 
8   19 
163.5379   89.10104 
8   19 
163.5381   89.10104 
8   19 
163.5379   89.10113 
8   19 
166.1655   87.69844 
8   19 
166.1657   87.69844 
8   19 
166.1655   87.69853 
8   19 
167.9155   86.97146 
8   19 
167.9157   86.97146 
8   19 
167.9155   86.97154 
8   19 
180.1197   82.64054 
8   19 
180.1199   82.64054 
8   19 
180.1197   82.64062 
8   19 
186.4162   81.36175 
8   19 
186.4164   81.36175 
8   19 
186.4162   81.36183 
8   19 
202.2255   77.93928 
8   19 
202.2257   77.93928 
8   19 
202.2255   77.93935 
8   19 
218.2405   75.68074 
8   19 
218.2407   75.68074 
8   19 
218.2405   75.68081 
8   19 
304.7857   58.69116 
8   19 
226.895   73.98178 
8   19 
226.8952   73.98178 
8   19 
226.895   73.98185 
8   19 
259.0798   68.9127 
8   19 
241.7954   71.63498 
8   19 
241.7956   71.63498 
8   19 
241.7954   71.63505 
8   19 
256.9786   69.95415 
8   19 
256.9789   69.95415 
8   19 
256.9786   69.95422 
8   19 
280.3791   68.38354 
8   19 
280.3793   68.38354 
8   19 
280.3791   68.38361 
8   19 
328.1097   64.03295 
8   19 
300.0361   66.59182 
8   19 
300.0364   66.59182 
8   19 
300.0361   66.59189 
8   19 
333.3598   64.44796 
8   19 
333.3602   64.44796 
8   19 
333.3598   64.44803 
8   19 
358.9828   63.74641 
8   19 
358.9832   63.74641 
8   19 
358.9828   63.74648 
8   19 
418.0149   61.06606 
8   19 
418.0153   61.06606 
8   19 
418.0149   61.06612 
8   19 
421.985   61.53358 
8   19 
421.9854   61.53358 
8   19 
421.985   61.53364 
8   19 
468.9525   60.34289 
8   19 
468.953   60.34289 
8   19 
468.9525   60.34295 
8   19 
570.4547   57.92934 
8   19 
570.4553   57.92934 
8   19 
570.4547   57.9294 
8   19 
556.3627   58.80421 
8   19 
556.3632   58.80421 
8   19 
556.3627   58.80427 
8   19 
603.3342   58.1608 
8   19 
603.3348   58.1608 
8   19 
603.3342   58.16086 
8   19 
791.9211   55.62718 
8   19 
688.401   57.01795 
8   19 
688.4017   57.01795 
8   19 
688.401   57.018 
8   19 
772.1526   56.28437 
8   19 
772.1533   56.28437 
8   19 
772.1526   56.28443 
8   19 
868.3807   55.92951 
8   19 
868.3815   55.92951 
8   19 
868.3807   55.92956 
8   19 
1053.297   54.76001 
8   19 
1053.298   54.76001 
8   19 
1053.297   54.76006 
8   19 
1089.586   54.89377 
8   19 
1089.587   54.89377 
8   19 
1089.586   54.89382 
8   19 
1276.024   54.36479 
8   19 
1276.025   54.36479 
8   19 
1276.024   54.36485 
8   19 
1531.179   53.75201 
8   19 
1531.181   53.75201 
8   19 
1531.179   53.75206 
8   19 
1769.603   53.52271 
8   19 
1769.605   53.52271 
8   19 
1769.603   53.52277 
8   19 
2127.654   53.07034 
8   19 
2127.656   53.07034 
8   19 
2127.654   53.0704 
8   19 
2539.934   52.91509 
8   19 
2539.936   52.91509 
8   19 
2539.934   52.91515 
8   19 
3155.855   52.48188 
8   19 
3155.859   52.48188 
8   19 
3155.855   52.48194 
8   19 
3551.122   52.44805 
8   19 
3551.125   52.44805 
8   19 
3551.122   52.4481 
8   19 
4353.677   52.25174 
8   19 
4353.681   52.25174 
8   19 
4353.677   52.25179 
8   19 
5252.861   52.16638 
8   19 
5252.866   52.16638 
8   19 
5252.861   52.16643 
8   19 
6743.378   51.92541 
8   19 
6743.384   51.92541 
8   19 
6743.378   51.92546 
8   19 
8056.205   51.91207 
8   19 
8056.213   51.91207 
8   19 
8056.205   51.91212 
8   19 
10073.84   51.80873 
8   19 
10073.85   51.80873 
8   19 
10073.84   51.80878 
8   19 
12635.64   51.76229 
8   19 
12635.66   51.76229 
8   19 
12635.64   51.76234 
8   19 
16032.39   51.68935 
8   19 
16032.41   51.68935 
8   19 
16032.39   51.68941 
8   19 
20494.71   51.67078 
8   19 
20494.73   51.67078 
8   19 
20494.71   51.67083 
8   19 
26764.66   51.59897 
8   19 
26764.69   51.59897 
8   19 
26764.66   51.59902 
8   19 
34225.81   51.59395 
8   19 
34225.84   51.59395 
8   19 
34225.81   51.594 
8   19 
43949.29   51.5685 
8   19 
43949.34   51.5685 
8   19 
43949.29   51.56855 
8   19 
57262.47   51.55677 
8   19 
57262.52   51.55677 
8   19 
57262.47   51.55682 
8   19 
74748.84   51.54131 
8   19 
74748.92   51.54131 
8   19 
74748.84   51.54136 
8   19 
93829.26   51.53692 
8   19 
93829.36   51.53692 
8   19 
93829.26   51.53697 
8   19 
112909.7   51.52928 
8   19 
112909.8   51.52928 
8   19 
112909.7   51.52933 
8   19 
131990.1   51.527 
8   19 
131990.2   51.527 
8   19 
131990.1   51.52705 
8   19 
151070.5   51.52355 
8   19 
151070.7   51.52355 
8   19 
151070.5   51.5236 
8   19 
170151   51.52175 
8   19 
170151.1   51.52175 
8   19 
170151   51.5218 
Fit Mean:  170151  Size:  51.52175  Code:  5 
Try Mean:  16.25  Size:  1 
8   19 
16.25   1 
8   19 
16.25   1 
8   19 
16.25002   1 
8   19 
16.25   1.000001 
8   19 
16.25237   1.008855 
8   19 
16.25239   1.008855 
8   19 
16.25237   1.008856 
8   19 
36.41936   26.94988 
8   19 
36.4194   26.94988 
8   19 
36.41936   26.94991 
8   19 
57.34528   52.2303 
8   19 
57.34534   52.2303 
8   19 
57.34528   52.23035 
8   19 
70.00244   67.53749 
8   19 
70.00251   67.53749 
8   19 
70.00244   67.53756 
8   19 
85.10675   85.80814 
8   19 
85.10684   85.80814 
8   19 
85.10675   85.80822 
8   19 
97.87317   101.2518 
8   19 
97.87327   101.2518 
8   19 
97.87317   101.2519 
8   19 
108.3556   113.9326 
8   19 
108.3557   113.9326 
8   19 
108.3556   113.9327 
8   19 
114.8508   121.7899 
8   19 
114.8509   121.7899 
8   19 
114.8508   121.7901 
8   19 
117.5524   125.0578 
8   19 
117.5525   125.0578 
8   19 
117.5524   125.058 
8   19 
118.1088   125.7307 
8   19 
118.109   125.7307 
8   19 
118.1088   125.7308 
8   19 
118.1469   125.7765 
8   19 
118.147   125.7765 
8   19 
118.1469   125.7766 
8   19 
118.1478   125.7774 
8   19 
118.1479   125.7774 
8   19 
118.1478   125.7775 
8   19 
118.1679   125.7927 
8   19 
118.168   125.7927 
8   19 
118.1679   125.7928 
8   19 
118.1921   125.8034 
8   19 
118.1922   125.8034 
8   19 
118.1921   125.8035 
8   19 
118.25   125.8091 
8   19 
118.2501   125.8091 
8   19 
118.25   125.8093 
8   19 
118.3626   125.7791 
8   19 
118.3627   125.7791 
8   19 
118.3626   125.7792 
8   19 
118.6187   125.6257 
8   19 
118.6189   125.6257 
8   19 
118.6187   125.6258 
8   19 
119.2212   125.1008 
8   19 
119.2213   125.1008 
8   19 
119.2212   125.1009 
8   19 
120.8609   123.3613 
8   19 
120.861   123.3613 
8   19 
120.8609   123.3614 
8   19 
128.9736   114.0542 
8   19 
128.9737   114.0542 
8   19 
128.9736   114.0543 
8   19 
145.3338   95.42068 
8   19 
145.3339   95.42068 
8   19 
145.3338   95.42077 
8   19 
132.9664   109.4778 
8   19 
132.9666   109.4778 
8   19 
132.9664   109.4779 
8   19 
136.5416   105.5045 
8   19 
136.5418   105.5045 
8   19 
136.5416   105.5046 
8   19 
158.217   82.17033 
8   19 
138.7092   103.1711 
8   19 
138.7093   103.1711 
8   19 
138.7092   103.1712 
8   19 
143.8947   97.85807 
8   19 
143.8948   97.85807 
8   19 
143.8947   97.85817 
8   19 
141.491   100.5007 
8   19 
141.4912   100.5007 
8   19 
141.491   100.5008 
8   19 
142.1344   100.0513 
8   19 
142.1346   100.0513 
8   19 
142.1344   100.0514 
8   19 
159.1151   89.06569 
8   19 
159.1152   89.06569 
8   19 
159.1151   89.06578 
8   19 
153.7456   93.92397 
8   19 
153.7458   93.92397 
8   19 
153.7456   93.92407 
8   19 
159.1949   91.30401 
8   19 
159.1951   91.30401 
8   19 
159.1949   91.3041 
8   19 
200.5624   71.8903 
8   19 
163.3316   89.36264 
8   19 
163.3318   89.36264 
8   19 
163.3316   89.36273 
8   19 
193.4486   76.53133 
8   19 
169.5338   86.7202 
8   19 
169.534   86.7202 
8   19 
169.5338   86.72029 
8   19 
188.3508   79.76138 
8   19 
188.351   79.76138 
8   19 
188.3508   79.76146 
8   19 
183.2086   82.73075 
8   19 
183.2088   82.73075 
8   19 
183.2086   82.73083 
8   19 
190.4109   81.00794 
8   19 
190.4111   81.00794 
8   19 
190.4109   81.00802 
8   19 
231.8888   70.53782 
8   19 
200.4417   78.47591 
8   19 
200.4419   78.47591 
8   19 
200.4417   78.47599 
8   19 
231.4366   71.63704 
8   19 
212.2368   75.87338 
8   19 
212.237   75.87338 
8   19 
212.2368   75.87346 
8   19 
227.7462   73.35305 
8   19 
227.7464   73.35305 
8   19 
227.7462   73.35313 
8   19 
245.7523   71.67873 
8   19 
245.7526   71.67873 
8   19 
245.7523   71.6788 
8   19 
284.0087   66.79909 
8   19 
263.0609   69.471 
8   19 
263.0612   69.471 
8   19 
263.0609   69.47107 
8   19 
289.7437   67.09683 
8   19 
289.744   67.09683 
8   19 
289.7437   67.0969 
8   19 
313.2585   66.15939 
8   19 
313.2588   66.15939 
8   19 
313.2585   66.15945 
8   19 
369.6307   62.38886 
8   19 
369.6311   62.38886 
8   19 
369.6307   62.38892 
8   19 
350.9577   64.19671 
8   19 
350.9581   64.19671 
8   19 
350.9577   64.19678 
8   19 
371.8639   63.27325 
8   19 
371.8643   63.27325 
8   19 
371.8639   63.27331 
8   19 
489.1311   58.38573 
8   19 
402.5052   61.99617 
8   19 
402.5056   61.99617 
8   19 
402.5052   61.99623 
8   19 
464.3718   59.88959 
8   19 
464.3722   59.88959 
8   19 
464.3718   59.88965 
8   19 
466.3248   60.31277 
8   19 
466.3253   60.31277 
8   19 
466.3248   60.31283 
8   19 
511.8387   59.52392 
8   19 
511.8392   59.52392 
8   19 
511.8387   59.52398 
8   19 
622.2802   57.3773 
8   19 
622.2808   57.3773 
8   19 
622.2802   57.37736 
8   19 
611.4999   58.01 
8   19 
611.5005   58.01 
8   19 
611.4999   58.01006 
8   19 
666.9587   57.44199 
8   19 
666.9594   57.44199 
8   19 
666.9587   57.44204 
8   19 
852.8108   55.456 
8   19 
852.8116   55.456 
8   19 
852.8108   55.45606 
8   19 
804.5649   56.3285 
8   19 
804.5657   56.3285 
8   19 
804.5649   56.32856 
8   19 
869.1538   55.92793 
8   19 
869.1547   55.92793 
8   19 
869.1538   55.92799 
8   19 
1147.746   54.28763 
8   19 
1147.747   54.28763 
8   19 
1147.746   54.28769 
8   19 
1074.841   55.01297 
8   19 
1074.842   55.01297 
8   19 
1074.841   55.01302 
8   19 
1164.045   54.72376 
8   19 
1164.046   54.72376 
8   19 
1164.045   54.72381 
8   19 
1534.677   53.57275 
8   19 
1534.679   53.57275 
8   19 
1534.677   53.5728 
8   19 
1515.718   53.89893 
8   19 
1515.719   53.89893 
8   19 
1515.718   53.89899 
8   19 
1692.149   53.67835 
8   19 
1692.15   53.67835 
8   19 
1692.149   53.67841 
8   19 
2194.551   52.95132 
8   19 
2194.553   52.95132 
8   19 
2194.551   52.95138 
8   19 
2319.711   52.98951 
8   19 
2319.713   52.98951 
8   19 
2319.711   52.98957 
8   19 
2850.133   52.69339 
8   19 
2850.136   52.69339 
8   19 
2850.133   52.69344 
8   19 
3382.977   52.51203 
8   19 
3382.98   52.51203 
8   19 
3382.977   52.51209 
8   19 
4126.723   52.32176 
8   19 
4126.727   52.32176 
8   19 
4126.723   52.32181 
8   19 
5063.037   52.19787 
8   19 
5063.042   52.19787 
8   19 
5063.037   52.19793 
8   19 
6563.891   51.91032 
8   19 
6563.898   51.91032 
8   19 
6563.891   51.91037 
8   19 
7941.471   51.93957 
8   19 
7941.479   51.93957 
8   19 
7941.471   51.93962 
8   19 
9850.538   51.82175 
8   19 
9850.547   51.82175 
8   19 
9850.538   51.8218 
8   19 
12527.51   51.74107 
8   19 
12527.52   51.74107 
8   19 
12527.51   51.74112 
8   19 
15526.83   51.7087 
8   19 
15526.85   51.7087 
8   19 
15526.83   51.70875 
8   19 
19811.88   51.65436 
8   19 
19811.9   51.65436 
8   19 
19811.88   51.65441 
8   19 
25306.15   51.63342 
8   19 
25306.18   51.63342 
8   19 
25306.15   51.63347 
8   19 
32844.82   51.58631 
8   19 
32844.85   51.58631 
8   19 
32844.82   51.58636 
8   19 
42667.98   51.58474 
8   19 
42668.02   51.58474 
8   19 
42667.98   51.58479 
8   19 
56071.26   51.54763 
8   19 
56071.31   51.54763 
8   19 
56071.26   51.54768 
8   19 
72352   51.54393 
8   19 
72352.07   51.54393 
8   19 
72352   51.54398 
8   19 
88632.74   51.53604 
8   19 
88632.83   51.53604 
8   19 
88632.74   51.53609 
8   19 
104913.5   51.53169 
8   19 
104913.6   51.53169 
8   19 
104913.5   51.53174 
8   19 
121194.2   51.52797 
8   19 
121194.3   51.52797 
8   19 
121194.2   51.52802 
8   19 
137475   51.52538 
8   19 
137475.1   51.52538 
8   19 
137475   51.52543 
Fit Mean:  137475  Size:  51.52538  Code:  5 
Try Mean:  16.25  Size:  0.1 
8   19 
16.25   0.1 
8   19 
16.25   0.1 
8   19 
16.25002   0.1 
8   19 
16.25   0.100001 
8   19 
16.25026   0.1115665 
8   19 
16.25028   0.1115665 
8   19 
16.25026   0.1115675 
8   19 
18.93815   5.35244 
8   19 
18.93817   5.35244 
8   19 
18.93815   5.352446 
8   19 
37.21033   31.76331 
8   19 
37.21037   31.76331 
8   19 
37.21033   31.76334 
8   19 
52.13419   53.01682 
8   19 
52.13425   53.01682 
8   19 
52.13419   53.01687 
8   19 
65.6393   72.25213 
8   19 
65.63936   72.25213 
8   19 
65.6393   72.2522 
8   19 
79.14929   91.49531 
8   19 
79.14937   91.49531 
8   19 
79.14929   91.4954 
8   19 
91.46228   109.0337 
8   19 
91.46237   109.0337 
8   19 
91.46228   109.0338 
8   19 
101.4901   123.3171 
8   19 
101.4902   123.3171 
8   19 
101.4901   123.3172 
8   19 
107.9761   132.5554 
8   19 
107.9762   132.5554 
8   19 
107.9761   132.5555 
8   19 
110.8153   136.5993 
8   19 
110.8154   136.5993 
8   19 
110.8153   136.5995 
8   19 
111.4573   137.5135 
8   19 
111.4574   137.5135 
8   19 
111.4573   137.5136 
8   19 
111.5078   137.5853 
8   19 
111.5079   137.5853 
8   19 
111.5078   137.5854 
8   19 
111.5087   137.5865 
8   19 
111.5088   137.5865 
8   19 
111.5087   137.5866 
8   19 
111.5172   137.596 
8   19 
111.5173   137.596 
8   19 
111.5172   137.5962 
8   19 
111.5274   137.605 
8   19 
111.5275   137.605 
8   19 
111.5274   137.6052 
8   19 
111.5492   137.6173 
8   19 
111.5493   137.6173 
8   19 
111.5492   137.6174 
8   19 
111.5883   137.624 
8   19 
111.5884   137.624 
8   19 
111.5883   137.6241 
8   19 
111.6686   137.6029 
8   19 
111.6688   137.6029 
8   19 
111.6686   137.6031 
8   19 
111.8389   137.4854 
8   19 
111.839   137.4854 
8   19 
111.8389   137.4855 
8   19 
112.229   137.07 
8   19 
112.2291   137.07 
8   19 
112.229   137.0701 
8   19 
113.2142   135.7403 
8   19 
113.2143   135.7403 
8   19 
113.2142   135.7404 
8   19 
116.6417   130.5505 
8   19 
116.6418   130.5505 
8   19 
116.6417   130.5506 
8   19 
120.3642   124.77 
8   19 
120.3643   124.77 
8   19 
120.3642   124.7702 
8   19 
126.7869   115.0727 
8   19 
126.787   115.0727 
8   19 
126.7869   115.0729 
8   19 
134.8415   103.3027 
8   19 
130.7126   109.3361 
8   19 
130.7128   109.3361 
8   19 
130.7126   109.3362 
8   19 
132.7643   106.714 
8   19 
132.7644   106.714 
8   19 
132.7643   106.7141 
8   19 
133.4312   106.3063 
8   19 
133.4313   106.3063 
8   19 
133.4312   106.3064 
8   19 
145.947   96.91825 
8   19 
145.9471   96.91825 
8   19 
145.947   96.91835 
8   19 
152.8821   94.70745 
8   19 
152.8823   94.70745 
8   19 
152.8821   94.70755 
8   19 
178.718   80.04786 
8   19 
158.3098   91.6277 
8   19 
158.31   91.6277 
8   19 
158.3098   91.62779 
8   19 
191.9353   74.59736 
8   19 
161.6724   89.92467 
8   19 
161.6725   89.92467 
8   19 
161.6724   89.92476 
8   19 
180.9581   81.22464 
8   19 
169.5446   86.37342 
8   19 
169.5447   86.37342 
8   19 
169.5446   86.37351 
8   19 
178.2745   83.28682 
8   19 
178.2747   83.28682 
8   19 
178.2745   83.2869 
8   19 
189.2408   80.81432 
8   19 
189.241   80.81432 
8   19 
189.2408   80.8144 
8   19 
204.5096   77.46133 
8   19 
204.5098   77.46133 
8   19 
204.5096   77.46141 
8   19 
225.3488   74.77674 
8   19 
225.349   74.77674 
8   19 
225.3488   74.77682 
8   19 
328.2049   56.06567 
8   19 
235.6344   72.90564 
8   19 
235.6347   72.90564 
8   19 
235.6344   72.90571 
8   19 
271.6576   67.46131 
8   19 
246.9134   71.201 
8   19 
246.9136   71.201 
8   19 
246.9134   71.20107 
8   19 
263.8587   69.18062 
8   19 
263.8589   69.18062 
8   19 
263.8587   69.18069 
8   19 
278.3323   68.13619 
8   19 
278.3325   68.13619 
8   19 
278.3323   68.13625 
8   19 
303.4362   66.61952 
8   19 
303.4365   66.61952 
8   19 
303.4362   66.61959 
8   19 
351.9853   63.09905 
8   19 
351.9857   63.09905 
8   19 
351.9853   63.09911 
8   19 
353.6705   64.17553 
8   19 
353.6708   64.17553 
8   19 
353.6705   64.1756 
8   19 
385.6368   62.73792 
8   19 
385.6371   62.73792 
8   19 
385.6368   62.73798 
8   19 
507.6197   57.81707 
8   19 
409.4997   61.77527 
8   19 
409.5002   61.77527 
8   19 
409.4997   61.77533 
8   19 
466.4143   59.9097 
8   19 
466.4148   59.9097 
8   19 
466.4143   59.90976 
8   19 
473.9005   60.09091 
8   19 
473.901   60.09091 
8   19 
473.9005   60.09097 
8   19 
531.8714   59.1119 
8   19 
531.8719   59.1119 
8   19 
531.8714   59.11196 
8   19 
621.9945   57.54729 
8   19 
621.9951   57.54729 
8   19 
621.9945   57.54735 
8   19 
666.7028   57.34479 
8   19 
666.7035   57.34479 
8   19 
666.7028   57.34485 
8   19 
791.2638   56.10626 
8   19 
791.2646   56.10626 
8   19 
791.2638   56.10632 
8   19 
864.4799   55.89154 
8   19 
864.4808   55.89154 
8   19 
864.4799   55.89159 
8   19 
1036.551   54.89028 
8   19 
1036.552   54.89028 
8   19 
1036.551   54.89033 
8   19 
1136.411   54.74441 
8   19 
1136.412   54.74441 
8   19 
1136.411   54.74446 
8   19 
1366.365   54.02724 
8   19 
1366.366   54.02724 
8   19 
1366.365   54.02729 
8   19 
1550.711   53.83055 
8   19 
1550.713   53.83055 
8   19 
1550.711   53.83061 
8   19 
1872.695   53.28723 
8   19 
1872.697   53.28723 
8   19 
1872.695   53.28729 
8   19 
2173.296   53.13699 
8   19 
2173.298   53.13699 
8   19 
2173.296   53.13704 
8   19 
2647.471   52.72971 
8   19 
2647.474   52.72971 
8   19 
2647.471   52.72976 
8   19 
3115.792   52.61052 
8   19 
3115.795   52.61052 
8   19 
3115.792   52.61057 
8   19 
3788.202   52.35758 
8   19 
3788.206   52.35758 
8   19 
3788.202   52.35764 
8   19 
4627.902   52.26316 
8   19 
4627.907   52.26316 
8   19 
4627.902   52.26321 
8   19 
5868.5   51.99945 
8   19 
5868.506   51.99945 
8   19 
5868.5   51.9995 
8   19 
6891.209   51.97089 
8   19 
6891.216   51.97089 
8   19 
6891.209   51.97094 
8   19 
8530.309   51.87395 
8   19 
8530.318   51.87395 
8   19 
8530.309   51.874 
8   19 
10586.89   51.82062 
8   19 
10586.9   51.82062 
8   19 
10586.89   51.82067 
8   19 
13569.21   51.71456 
8   19 
13569.23   51.71456 
8   19 
13569.21   51.71461 
8   19 
17372.43   51.70873 
8   19 
17372.45   51.70873 
8   19 
17372.43   51.70878 
8   19 
22713.99   51.61802 
8   19 
22714.01   51.61802 
8   19 
22713.99   51.61807 
8   19 
28244.44   51.60068 
8   19 
28244.46   51.60068 
8   19 
28244.44   51.60073 
8   19 
35943.7   51.58856 
8   19 
35943.73   51.58856 
8   19 
35943.7   51.58861 
8   19 
46542   51.56502 
8   19 
46542.05   51.56502 
8   19 
46542   51.56507 
8   19 
60470.58   51.55468 
8   19 
60470.64   51.55468 
8   19 
60470.58   51.55473 
8   19 
76720.89   51.541 
8   19 
76720.96   51.541 
8   19 
76720.89   51.54106 
8   19 
92971.2   51.53674 
8   19 
92971.29   51.53674 
8   19 
92971.2   51.53679 
8   19 
109221.5   51.53095 
8   19 
109221.6   51.53095 
8   19 
109221.5   51.531 
8   19 
125471.8   51.52801 
8   19 
125471.9   51.52801 
8   19 
125471.8   51.52806 
8   19 
141722.1   51.52518 
8   19 
141722.3   51.52518 
8   19 
141722.1   51.52523 
Fit Mean:  141722.1  Size:  51.52518  Code:  5 
Try Mean:  16.25  Size:  0.01 
8   19 
16.25   0.01 
8   19 
16.25   0.01 
8   19 
16.25002   0.01 
8   19 
16.25   0.010001 
8   19 
16.25003   0.02189654 
8   19 
16.25004   0.02189654 
8   19 
16.25003   0.02189754 
8   19 
18.55331   4.848035 
8   19 
18.55333   4.848035 
8   19 
18.55331   4.84804 
8   19 
32.98515   26.3225 
8   19 
32.98519   26.3225 
8   19 
32.98515   26.32253 
8   19 
49.96643   51.04988 
8   19 
49.96648   51.04988 
8   19 
49.96643   51.04994 
8   19 
62.7367   69.64583 
8   19 
62.73677   69.64583 
8   19 
62.7367   69.6459 
8   19 
76.46253   89.63421 
8   19 
76.46261   89.63421 
8   19 
76.46253   89.6343 
8   19 
88.8291   107.6433 
8   19 
88.82919   107.6433 
8   19 
88.8291   107.6435 
8   19 
99.27807   122.8599 
8   19 
99.27817   122.8599 
8   19 
99.27807   122.86 
8   19 
106.3339   133.1349 
8   19 
106.334   133.1349 
8   19 
106.3339   133.135 
8   19 
109.6897   138.0217 
8   19 
109.6898   138.0217 
8   19 
109.6897   138.0218 
8   19 
110.5567   139.2842 
8   19 
110.5569   139.2842 
8   19 
110.5567   139.2843 
8   19 
110.641   139.4067 
8   19 
110.6411   139.4067 
8   19 
110.641   139.4069 
8   19 
110.6429   139.4093 
8   19 
110.643   139.4093 
8   19 
110.6429   139.4095 
8   19 
110.6468   139.4143 
8   19 
110.6469   139.4143 
8   19 
110.6468   139.4144 
8   19 
110.6529   139.4211 
8   19 
110.653   139.4211 
8   19 
110.6529   139.4212 
8   19 
110.6638   139.4308 
8   19 
110.6639   139.4308 
8   19 
110.6638   139.4309 
8   19 
110.6832   139.442 
8   19 
110.6834   139.442 
8   19 
110.6832   139.4421 
8   19 
110.72   139.449 
8   19 
110.7202   139.449 
8   19 
110.72   139.4491 
8   19 
110.7933   139.431 
8   19 
110.7934   139.431 
8   19 
110.7933   139.4312 
8   19 
110.9481   139.325 
8   19 
110.9482   139.325 
8   19 
110.9481   139.3252 
8   19 
111.2979   138.9485 
8   19 
111.298   138.9485 
8   19 
111.2979   138.9486 
8   19 
112.1677   137.7468 
8   19 
112.1678   137.7468 
8   19 
112.1677   137.7469 
8   19 
115.0039   133.3028 
8   19 
115.004   133.3028 
8   19 
115.0039   133.303 
8   19 
117.6457   128.9882 
8   19 
117.6458   128.9882 
8   19 
117.6457   128.9883 
8   19 
121.7346   122.4832 
8   19 
121.7347   122.4832 
8   19 
121.7346   122.4833 
8   19 
128.3182   112.3381 
8   19 
128.3183   112.3381 
8   19 
128.3182   112.3382 
8   19 
140.1665   94.88004 
8   19 
129.503   110.5923 
8   19 
129.5031   110.5923 
8   19 
129.503   110.5924 
8   19 
131.4436   108.0521 
8   19 
131.4437   108.0521 
8   19 
131.4436   108.0523 
8   19 
132.5193   107.0083 
8   19 
132.5194   107.0083 
8   19 
132.5193   107.0085 
8   19 
142.637   98.66047 
8   19 
142.6372   98.66047 
8   19 
142.637   98.66057 
8   19 
146.757   97.24235 
8   19 
146.7571   97.24235 
8   19 
146.757   97.24244 
8   19 
162.1839   88.28024 
8   19 
162.184   88.28024 
8   19 
162.1839   88.28033 
8   19 
164.079   89.47562 
8   19 
164.0791   89.47562 
8   19 
164.079   89.47571 
8   19 
176.8304   84.44629 
8   19 
176.8306   84.44629 
8   19 
176.8304   84.44638 
8   19 
205.0795   74.6729 
8   19 
182.4114   82.51544 
8   19 
182.4116   82.51544 
8   19 
182.4114   82.51553 
8   19 
197.9446   78.28032 
8   19 
197.9448   78.28032 
8   19 
197.9446   78.28039 
8   19 
206.5767   77.21074 
8   19 
206.5769   77.21074 
8   19 
206.5767   77.21081 
8   19 
231.3248   72.60698 
8   19 
231.325   72.60698 
8   19 
231.3248   72.60706 
8   19 
241.3307   72.25995 
8   19 
241.3309   72.25995 
8   19 
241.3307   72.26002 
8   19 
274.9206   68.10101 
8   19 
274.9208   68.10101 
8   19 
274.9206   68.10108 
8   19 
279.2706   68.34857 
8   19 
279.2709   68.34857 
8   19 
279.2706   68.34864 
8   19 
315.6788   65.64363 
8   19 
315.6791   65.64363 
8   19 
315.6788   65.6437 
8   19 
350.0097   63.76749 
8   19 
350.01   63.76749 
8   19 
350.0097   63.76756 
8   19 
387.4396   62.8324 
8   19 
387.44   62.8324 
8   19 
387.4396   62.83247 
8   19 
481.7769   58.86872 
8   19 
417.2616   61.5794 
8   19 
417.2621   61.5794 
8   19 
417.2616   61.57946 
8   19 
478.3628   59.57604 
8   19 
478.3633   59.57604 
8   19 
478.3628   59.5761 
8   19 
475.0137   60.10669 
8   19 
475.0142   60.10669 
8   19 
475.0137   60.10675 
8   19 
513.2698   59.51787 
8   19 
513.2703   59.51787 
8   19 
513.2698   59.51793 
8   19 
623.0151   57.46685 
8   19 
623.0157   57.46685 
8   19 
623.0151   57.46691 
8   19 
624.9069   57.80299 
8   19 
624.9075   57.80299 
8   19 
624.9069   57.80305 
8   19 
700.6376   57.0925 
8   19 
700.6383   57.0925 
8   19 
700.6376   57.09256 
8   19 
857.9859   55.58487 
8   19 
857.9868   55.58487 
8   19 
857.9859   55.58492 
8   19 
872.4664   55.85837 
8   19 
872.4673   55.85837 
8   19 
872.4664   55.85843 
8   19 
993.3575   55.3021 
8   19 
993.3585   55.3021 
8   19 
993.3575   55.30215 
8   19 
1230.593   54.24777 
8   19 
1230.594   54.24777 
8   19 
1230.593   54.24783 
8   19 
1293.085   54.32224 
8   19 
1293.087   54.32224 
8   19 
1293.085   54.32229 
8   19 
1541.631   53.81002 
8   19 
1541.633   53.81002 
8   19 
1541.631   53.81007 
8   19 
1828.656   53.39368 
8   19 
1828.658   53.39368 
8   19 
1828.656   53.39373 
8   19 
2153.942   53.1777 
8   19 
2153.944   53.1777 
8   19 
2153.942   53.17776 
8   19 
2708.315   52.62571 
8   19 
2708.318   52.62571 
8   19 
2708.315   52.62577 
8   19 
2979.761   52.66796 
8   19 
2979.764   52.66796 
8   19 
2979.761   52.66801 
8   19 
3634.041   52.4265 
8   19 
3634.044   52.4265 
8   19 
3634.041   52.42655 
8   19 
4441.814   52.24406 
8   19 
4441.819   52.24406 
8   19 
4441.814   52.24411 
8   19 
5390.016   52.13776 
8   19 
5390.021   52.13776 
8   19 
5390.016   52.13781 
8   19 
6779.867   51.9534 
8   19 
6779.874   51.9534 
8   19 
6779.867   51.95345 
8   19 
8538.63   51.92445 
8   19 
8538.638   51.92445 
8   19 
8538.63   51.92451 
8   19 
11096.08   51.74553 
8   19 
11096.09   51.74553 
8   19 
11096.08   51.74558 
8   19 
13009.75   51.72774 
8   19 
13009.76   51.72774 
8   19 
13009.75   51.72779 
8   19 
16332.55   51.69749 
8   19 
16332.57   51.69749 
8   19 
16332.55   51.69754 
8   19 
20724.88   51.64691 
8   19 
20724.9   51.64691 
8   19 
20724.88   51.64696 
8   19 
26543.43   51.63059 
8   19 
26543.45   51.63059 
8   19 
26543.43   51.63065 
8   19 
34725.54   51.57639 
8   19 
34725.57   51.57639 
8   19 
34725.54   51.57644 
8   19 
45097.47   51.57763 
8   19 
45097.52   51.57763 
8   19 
45097.47   51.57768 
8   19 
58913.77   51.54848 
8   19 
58913.82   51.54848 
8   19 
58913.77   51.54853 
8   19 
75163.77   51.54266 
8   19 
75163.84   51.54266 
8   19 
75163.77   51.54271 
8   19 
91413.77   51.53539 
8   19 
91413.86   51.53539 
8   19 
91413.77   51.53544 
8   19 
107663.8   51.53099 
8   19 
107663.9   51.53099 
8   19 
107663.8   51.53104 
8   19 
123913.8   51.52762 
8   19 
123913.9   51.52762 
8   19 
123913.8   51.52767 
8   19 
140163.8   51.52504 
8   19 
140163.9   51.52504 
8   19 
140163.8   51.52509 
Fit Mean:  140163.8  Size:  51.52504  Code:  5 
Try Mean:  16.25  Size:  0.001 
8   19 
16.25   0.001 
8   19 
16.25   0.001 
8   19 
16.25002   0.001 
8   19 
16.25   0.001001 
8   19 
16.25   0.01293023 
8   19 
16.25002   0.01293023 
8   19 
16.25   0.01293123 
8   19 
18.51828   4.801575 
8   19 
18.5183   4.801575 
8   19 
18.51828   4.80158 
8   19 
32.61419   25.83755 
8   19 
32.61422   25.83755 
8   19 
32.61419   25.83757 
8   19 
49.792   50.90453 
8   19 
49.79205   50.90453 
8   19 
49.792   50.90458 
8   19 
62.49633   69.44366 
8   19 
62.49639   69.44366 
8   19 
62.49633   69.44373 
8   19 
76.2392   89.49927 
8   19 
76.23927   89.49927 
8   19 
76.2392   89.49936 
8   19 
88.60593   107.5468 
8   19 
88.60602   107.5468 
8   19 
88.60593   107.5469 
8   19 
99.0859   122.8408 
8   19 
99.086   122.8408 
8   19 
99.0859   122.8409 
8   19 
106.1857   133.2018 
8   19 
106.1858   133.2018 
8   19 
106.1857   133.2019 
8   19 
109.5841   138.1611 
8   19 
109.5842   138.1611 
8   19 
109.5841   138.1612 
8   19 
110.4712   139.4555 
8   19 
110.4713   139.4555 
8   19 
110.4712   139.4557 
8   19 
110.5589   139.5833 
8   19 
110.559   139.5833 
8   19 
110.5589   139.5834 
8   19 
110.5609   139.5861 
8   19 
110.561   139.5861 
8   19 
110.5609   139.5862 
8   19 
110.5645   139.5907 
8   19 
110.5646   139.5907 
8   19 
110.5645   139.5909 
8   19 
110.5704   139.5975 
8   19 
110.5706   139.5975 
8   19 
110.5704   139.5976 
8   19 
110.5809   139.6069 
8   19 
110.581   139.6069 
8   19 
110.5809   139.6071 
8   19 
110.5996   139.6181 
8   19 
110.5997   139.6181 
8   19 
110.5996   139.6183 
8   19 
110.6348   139.6258 
8   19 
110.6349   139.6258 
8   19 
110.6348   139.6259 
8   19 
110.7045   139.6106 
8   19 
110.7046   139.6106 
8   19 
110.7045   139.6107 
8   19 
110.8514   139.5137 
8   19 
110.8515   139.5137 
8   19 
110.8514   139.5139 
8   19 
111.1815   139.1646 
8   19 
111.1816   139.1646 
8   19 
111.1815   139.1648 
8   19 
111.9952   138.0497 
8   19 
111.9953   138.0497 
8   19 
111.9952   138.0498 
8   19 
114.5603   134.0348 
8   19 
114.5604   134.0348 
8   19 
114.5603   134.0349 
Fit Mean:  1716.901  Size:  -2389.805  Code:  1 
Try Mean:  19  Size:  10000 
8   19 
19   10000 
8   19 
19   10000 
8   19 
19.00002   10000 
8   19 
19   10000.01 
8   19 
19.02026   10000 
8   19 
19.02028   10000 
8   19 
19.02026   10000.01 
8   19 
35.32496   10000 
8   19 
35.32499   10000 
8   19 
35.32496   10000.01 
8   19 
40.95597   10000 
8   19 
40.95601   10000 
8   19 
40.95597   10000.01 
8   19 
49.63036   10000 
8   19 
49.63041   10000 
8   19 
49.63036   10000.01 
8   19 
56.68845   10000 
8   19 
56.68851   10000 
8   19 
56.68845   10000.01 
8   19 
63.03992   10000 
8   19 
63.03998   10000 
8   19 
63.03992   10000.01 
8   19 
67.3445   10000 
8   19 
67.34456   10000 
8   19 
67.3445   10000.01 
8   19 
69.48287   10000 
8   19 
69.48294   10000 
8   19 
69.48287   10000.01 
8   19 
70.06648   10000 
8   19 
70.06655   10000 
8   19 
70.06648   10000.01 
8   19 
70.12872   10000 
8   19 
70.12879   10000 
8   19 
70.12872   10000.01 
8   19 
70.13023   10000 
8   19 
70.1303   10000 
8   19 
70.13023   10000.01 
8   19 
70.13023   10000 
8   19 
70.1303   10000 
8   19 
70.13023   10000.01 
Fit Mean:  70.13023  Size:  10000  Code:  2 
Try Mean:  19  Size:  1000 
8   19 
19   1000 
8   19 
19   1000 
8   19 
19.00002   1000 
8   19 
19   1000.001 
8   19 
19.01999   1000 
8   19 
19.02001   1000 
8   19 
19.01999   1000.001 
8   19 
35.10022   1000.005 
8   19 
35.10026   1000.005 
8   19 
35.10022   1000.006 
8   19 
40.91842   1000.01 
8   19 
40.91846   1000.01 
8   19 
40.91842   1000.011 
8   19 
49.86593   1000.02 
8   19 
49.86598   1000.02 
8   19 
49.86593   1000.021 
8   19 
57.3792   1000.03 
8   19 
57.37926   1000.03 
8   19 
57.3792   1000.031 
8   19 
64.41722   1000.04 
8   19 
64.41729   1000.04 
8   19 
64.41722   1000.041 
8   19 
69.55373   1000.047 
8   19 
69.5538   1000.047 
8   19 
69.55373   1000.048 
8   19 
72.4445   1000.051 
8   19 
72.44457   1000.051 
8   19 
72.4445   1000.052 
8   19 
73.41778   1000.053 
8   19 
73.41785   1000.053 
8   19 
73.41778   1000.054 
8   19 
73.56272   1000.053 
8   19 
73.5628   1000.053 
8   19 
73.56272   1000.054 
8   19 
73.56863   1000.053 
8   19 
73.5687   1000.053 
8   19 
73.56863   1000.054 
8   19 
73.56866   1000.053 
8   19 
73.56873   1000.053 
8   19 
73.56866   1000.054 
Fit Mean:  73.56866  Size:  1000.053  Code:  2 
Try Mean:  19  Size:  100 
8   19 
19   100 
8   19 
19   100 
8   19 
19.00002   100 
8   19 
19   100.0001 
8   19 
19.01774   100.0001 
8   19 
19.01776   100.0001 
8   19 
19.01774   100.0002 
8   19 
33.40083   100.3702 
8   19 
33.40087   100.3702 
8   19 
33.40083   100.3703 
8   19 
40.48354   100.8359 
8   19 
40.48358   100.8359 
8   19 
40.48354   100.836 
8   19 
51.37648   101.7858 
8   19 
51.37653   101.7858 
8   19 
51.37648   101.7859 
8   19 
62.37626   102.9281 
8   19 
62.37632   102.9281 
8   19 
62.37626   102.9282 
8   19 
75.13407   104.3847 
8   19 
75.13415   104.3847 
8   19 
75.13407   104.3848 
8   19 
88.55478   106.0042 
8   19 
88.55487   106.0042 
8   19 
88.55478   106.0043 
8   19 
102.1212   107.692 
8   19 
102.1213   107.692 
8   19 
102.1212   107.6921 
8   19 
114.3123   109.2333 
8   19 
114.3124   109.2333 
8   19 
114.3123   109.2335 
8   19 
123.4375   110.3958 
8   19 
123.4376   110.3958 
8   19 
123.4375   110.3959 
8   19 
128.388   111.0278 
8   19 
128.3881   111.0278 
8   19 
128.388   111.0279 
8   19 
129.9553   111.2272 
8   19 
129.9554   111.2272 
8   19 
129.9553   111.2273 
8   19 
130.1638   111.2528 
8   19 
130.1639   111.2528 
8   19 
130.1638   111.2529 
8   19 
130.1739   111.2531 
8   19 
130.174   111.2531 
8   19 
130.1739   111.2532 
8   19 
130.2341   111.2493 
8   19 
130.2343   111.2493 
8   19 
130.2341   111.2495 
8   19 
130.3172   111.2333 
8   19 
130.3174   111.2333 
8   19 
130.3172   111.2334 
8   19 
130.505   111.1703 
8   19 
130.5052   111.1703 
8   19 
130.505   111.1704 
8   19 
130.8859   110.9868 
8   19 
130.886   110.9868 
8   19 
130.8859   110.987 
8   19 
131.7842   110.44 
8   19 
131.7844   110.44 
8   19 
131.7842   110.4402 
8   19 
134.2725   108.6992 
8   19 
134.2727   108.6992 
8   19 
134.2725   108.6993 
8   19 
154.1884   94.11222 
8   19 
154.1886   94.11222 
8   19 
154.1884   94.11231 
8   19 
190.5393   67.78618 
8   19 
157.8235   91.47962 
8   19 
157.8237   91.47962 
8   19 
157.8235   91.47971 
8   19 
159.0629   90.73445 
8   19 
159.0631   90.73445 
8   19 
159.0629   90.73454 
8   19 
162.6644   88.91383 
8   19 
162.6646   88.91383 
8   19 
162.6644   88.91392 
8   19 
168.944   86.27993 
8   19 
168.9442   86.27993 
8   19 
168.944   86.28001 
8   19 
177.1098   83.73789 
8   19 
177.11   83.73789 
8   19 
177.1098   83.73797 
8   19 
188.9586   81.25731 
8   19 
188.9588   81.25731 
8   19 
188.9586   81.25739 
8   19 
213.506   74.59843 
8   19 
200.799   78.0454 
8   19 
200.7992   78.0454 
8   19 
200.799   78.04548 
8   19 
218.9421   74.59578 
8   19 
218.9423   74.59578 
8   19 
218.9421   74.59586 
8   19 
235.0768   73.24846 
8   19 
235.077   73.24846 
8   19 
235.0768   73.24853 
8   19 
277.3331   67.03453 
8   19 
251.4089   70.84677 
8   19 
251.4092   70.84677 
8   19 
251.4089   70.84684 
8   19 
283.1912   67.04233 
8   19 
283.1915   67.04233 
8   19 
283.1912   67.04239 
8   19 
274.4223   68.72826 
8   19 
274.4226   68.72826 
8   19 
274.4223   68.72833 
8   19 
286.9324   67.87494 
8   19 
286.9327   67.87494 
8   19 
286.9324   67.87501 
8   19 
347.6325   63.2549 
8   19 
347.6328   63.2549 
8   19 
347.6325   63.25497 
8   19 
324.0945   65.57997 
8   19 
324.0948   65.57997 
8   19 
324.0945   65.58004 
8   19 
342.395   64.53606 
8   19 
342.3954   64.53606 
8   19 
342.395   64.53612 
8   19 
444.235   59.18121 
8   19 
365.1477   63.3397 
8   19 
365.1481   63.3397 
8   19 
365.1477   63.33976 
8   19 
414.1868   61.16841 
8   19 
414.1873   61.16841 
8   19 
414.1868   61.16847 
8   19 
412.5621   61.65178 
8   19 
412.5626   61.65178 
8   19 
412.5621   61.65184 
8   19 
445.5876   60.96289 
8   19 
445.5881   60.96289 
8   19 
445.5876   60.96295 
8   19 
530.4673   58.76583 
8   19 
530.4678   58.76583 
8   19 
530.4673   58.76589 
8   19 
540.7988   58.91039 
8   19 
540.7994   58.91039 
8   19 
540.7988   58.91045 
8   19 
626.4832   57.72117 
8   19 
626.4839   57.72117 
8   19 
626.4832   57.72123 
8   19 
717.0074   56.76815 
8   19 
717.0082   56.76815 
8   19 
717.0074   56.76821 
8   19 
820.031   56.24228 
8   19 
820.0318   56.24228 
8   19 
820.031   56.24234 
8   19 
1032.923   54.569 
8   19 
911.7513   55.52138 
8   19 
911.7522   55.52138 
8   19 
911.7513   55.52143 
8   19 
1036.838   54.95801 
8   19 
1036.839   54.95801 
8   19 
1036.838   54.95807 
8   19 
1176.463   54.69101 
8   19 
1176.464   54.69101 
8   19 
1176.463   54.69106 
8   19 
1454.666   53.7574 
8   19 
1454.667   53.7574 
8   19 
1454.666   53.75745 
8   19 
1512.461   53.88228 
8   19 
1512.462   53.88228 
8   19 
1512.461   53.88234 
8   19 
1784.74   53.50992 
8   19 
1784.742   53.50992 
8   19 
1784.74   53.50998 
8   19 
2174.838   53.03963 
8   19 
2174.84   53.03963 
8   19 
2174.838   53.03968 
8   19 
2540.881   52.86934 
8   19 
2540.884   52.86934 
8   19 
2540.881   52.86939 
8   19 
3056.528   52.59071 
8   19 
3056.531   52.59071 
8   19 
3056.528   52.59076 
8   19 
3725.927   52.48134 
8   19 
3725.931   52.48134 
8   19 
3725.927   52.48139 
8   19 
4919.175   52.03536 
8   19 
4919.18   52.03536 
8   19 
4919.175   52.03542 
8   19 
5083.498   52.15502 
8   19 
5083.503   52.15502 
8   19 
5083.498   52.15507 
8   19 
5999.751   52.09109 
8   19 
5999.757   52.09109 
8   19 
5999.751   52.09114 
8   19 
7763.136   51.90107 
8   19 
7763.143   51.90107 
8   19 
7763.136   51.90112 
8   19 
9435.248   51.8177 
8   19 
9435.258   51.8177 
8   19 
9435.248   51.81775 
8   19 
11629.38   51.78277 
8   19 
11629.39   51.78277 
8   19 
11629.38   51.78283 
8   19 
14690.05   51.70866 
8   19 
14690.07   51.70866 
8   19 
14690.05   51.70871 
8   19 
18665.4   51.67925 
8   19 
18665.42   51.67925 
8   19 
18665.4   51.67931 
8   19 
24007.06   51.62134 
8   19 
24007.09   51.62134 
8   19 
24007.06   51.62139 
8   19 
31008.83   51.61315 
8   19 
31008.86   51.61315 
8   19 
31008.83   51.6132 
8   19 
40434.87   51.56713 
8   19 
40434.91   51.56713 
8   19 
40434.87   51.56718 
8   19 
52603.3   51.56134 
8   19 
52603.35   51.56134 
8   19 
52603.3   51.56139 
8   19 
67839.63   51.54513 
8   19 
67839.7   51.54513 
8   19 
67839.63   51.54518 
8   19 
89091.67   51.5372 
8   19 
89091.76   51.5372 
8   19 
89091.67   51.53726 
8   19 
116298.8   51.52783 
8   19 
116298.9   51.52783 
8   19 
116298.8   51.52788 
8   19 
153224.1   51.52325 
8   19 
153224.3   51.52325 
8   19 
153224.1   51.5233 
8   19 
201981.5   51.51718 
8   19 
201981.7   51.51718 
8   19 
201981.5   51.51723 
8   19 
266046.3   51.5153 
8   19 
266046.6   51.5153 
8   19 
266046.3   51.51535 
8   19 
344972.2   51.51145 
8   19 
344972.5   51.51145 
8   19 
344972.2   51.5115 
8   19 
446761.2   51.51044 
8   19 
446761.6   51.51044 
8   19 
446761.2   51.51049 
8   19 
548550.2   51.50872 
8   19 
548550.7   51.50872 
8   19 
548550.2   51.50877 
8   19 
650339.2   51.50843 
8   19 
650339.8   51.50843 
8   19 
650339.2   51.50848 
8   19 
752128.2   51.50745 
8   19 
752128.9   51.50745 
8   19 
752128.2   51.50751 
8   19 
853917.2   51.50724 
8   19 
853918   51.50724 
8   19 
853917.2   51.5073 
Fit Mean:  853917.2  Size:  51.50724  Code:  1 
> 
> cat("Final Fit Mean: ", nb_fit_mu, " Size: ", nb_fit_size, " Code: ", nb_fit$code, " Try Size: ", try_size, "\n")
Final Fit Mean:  853917.2  Size:  51.50724  Code:  1  Try Size:  100 
> 
> ## Fit failed = reset parameters so graphing and output code can recognize this
> if ((nb_fit_mu < 0) || (nb_fit_size < 0) || (nb_fit$code != 1))
+ {
+   nb_fit_mu = 0
+   nb_fit_size = 0
+ }
> 
> 
> ## things can go wrong with fitting and we can still end up with invalid values
> 
> fit_nb = c()
> included_fract = 0
> if (nb_fit_mu > 0)
+ {
+   end_fract = pnbinom(end_i_for_fits, mu = nb_fit_mu, size=nb_fit_size)
+   start_fract = pnbinom(start_i_for_fits, mu = nb_fit_mu, size=nb_fit_size)
+   included_fract = end_fract-start_fract;
+ 
+   if (included_fract >= 0.01) {
+ 
+     ## Adjust so that we are back in full coords before making fit!!
+     if (num_per_bin > 1) 
+     {
+       nb_fit_mu = nb_fit_mu * num_per_bin
+     }
+     fit_nb = dnbinom(0:max(X$coverage), mu = nb_fit_mu, size=nb_fit_size)*inner_total/included_fract;
+   }
+ }
> 
> ## If an insufficient amount of fit was included, then invalidate it
> if (included_fract < 0.01)
+ {
+   nb_fit_mu = 0
+   nb_fit_size = 0
+ }
> 
> f_p <- function(par) {
+ 
+   lambda = par[1];
+ 
+   if (lambda <= 0)
+   {
+     return(0);
+   }
+   
+ 	total <- 0;
+ 	for (i in start_i_for_fits:end_i_for_fits)
+ 	{	
+     #cat(i, " ", lambda, "\n");
+ 		dist[i] <- dpois(i, lambda=lambda);
+ 		total <- total + dist[i] 
+ 	}
+ 	#print (total)
+ 
+  	l <- 0;
+ 	for (i in start_i_for_fits:end_i_for_fits)
+ 	{
+ 		l <- l + ((X.for.fits[i]/inner_total)-(dist[i]/total))^2;
+ 	}
+ 	return(l);
+ }
> 
> 
> ## Fit Poisson 
> ## - allow fit to fail and set all params to zero/empty if that is the case
> 
> p_fit = NULL
> try(suppressWarnings(p_fit<-nlm(f_p, c(m), print.level=this.print.level)))
> 
> fit_p = c()
> if (!is.null(p_fit) && (p_fit$estimate[1] > 0))
+ {
+   #print (nb_fit$estimate[1])
+   p_fit_lambda = p_fit$estimate[1];
+   #print(0:max(X$coverage))
+ 
+   end_fract = ppois(end_i_for_fits, lambda = p_fit_lambda)
+   start_fract = ppois(start_i_for_fits, lambda = p_fit_lambda)
+   included_fract = end_fract-start_fract;
+ 
+   ## Adjust so that we are back in full coords before making fit!!
+   if (num_per_bin > 1) 
+   {
+     p_fit_lambda = p_fit_lambda * num_per_bin
+   }
+   fit_p<-dpois(0:max(X$coverage), lambda = p_fit_lambda)*inner_total/included_fract;
+ }
> 
> 
> ## Graphing
> ##
> ## don't graph very high values with very little coverage
> i<-max_i
> while (i <= length(X$n) && X$n[i]>0.01*max_n)
+ {		
+ 	i <- i+1;
+ }
> graph_end_i <-i
> 
> ## Ths leaves enough room to the right of the peak for the legend
> graph_end_i = max(floor(2.2 * max_i), graph_end_i);
> 
> ## graphics settings
> my_pch = 21
> my_col = "black";
> my_col_censored = "red";
> 
> if (pdf_output == 0) {
+   
+   ## bitmap() requires ghostscript to be installed.
+   ## taa=4, gaa=2 options NOT compatible with earlier R versions!
+   ## units = "px" NOT compatible with even earlier R versions!
+   
+   if(!capabilities(what = "png"))
+   {
+     ## fallback to ghostscript
+     bitmap(plot_file, height=6, width=7, type = "png16m", res = 72, pointsize=18)
+   } else {
+     ## use X11 function, which gives better resolution
+     png(plot_file, height=6, width=7, units ="in", res = 72, pointsize=18)
+     par(family="sans")
+   }
+ } else {
+   pdf(plot_file, height=6, width=7)
+   par(family="sans")
+ }
> 
> par(mar=c(5.5,7.5,3,1.5));
> 
> max_y = 0
> if (plot_poisson) {
+ 	max_y = max(X$n, fit_p, fit_nb)
+ } else {
+ 	max_y = max(X$n, fit_nb)
+ }
> 
> plot(0:10, 0:10, type="n", lty="solid", ylim=c(0, max_y)*1.05, xlim=c(0, graph_end_i), lwd=1, xaxs="i", yaxs="i", axes=F, las=1, main="Coverage Distribution at Unique-Only Positions", xlab="Coverage depth (reads)", ylab="", cex.lab=1.2, cex.axis=1.2)
> 
> mtext(side = 2, text = "Number of reference positions", line = 5.5, cex=1.2)
> 
> sciNotation <- function(x, digits = 1) {
+     if (length(x) > 1) {
+         return(append(sciNotation(x[1]), sciNotation(x[-1])))     
+ 	} 
+     if (!x) return(0) 
+ 
+ 	exponent <- floor(log10(x)) 
+     base <- round(x / 10^exponent, digits)     
+ 	as.expression(substitute(base %*% 10^exponent, list(base = base, exponent = exponent))) 
+ }
> 
> #axis(2, cex.lab=1.2, las=1, cex.axis=1.2, labels=T, at=(0:6)*50000)
> axis(2, cex.lab=1.2, las=1, cex.axis=1.2, at = axTicks(2), labels = sciNotation(axTicks(2), 1))
> axis(1, cex.lab=1.2, cex.axis=1.2, labels=T)
> box()
> 
> #graph the coverage as points
> fit_data <- subset(X, (coverage>=start_i) & (coverage<=end_i) );
> points(fit_data$coverage, fit_data$n, pch=my_pch, col=my_col, bg="white", cex=1.2)
> 
> #graph the censored coverage as red points
> cat(start_i, " ", end_i, "\n", sep="")
8 19
> 
> censored_data <- subset(X, (coverage<start_i) | (coverage>end_i) );
> points(censored_data$coverage, censored_data$n, pch=my_pch, col=my_col_censored, bg="white", cex=1.2)
> 
> #graph the poisson fit IF REQUESTED
> if (plot_poisson) {
+ 	lines(0:max(X$coverage), fit_p, lwd=3, lty="22", col="black");
+ }
> 
> #graph the negative binomial fit
> if (nb_fit_mu > 0) {
+   lines(0:max(X$coverage), fit_nb, lwd=3, col="black");
+ }
> 
> if (plot_poisson) {
+ 	legend("topright", c("Coverage distribution", "Censored data", "Negative binomial", "Poisson"), lty=c("blank","blank","solid","22"), lwd=c(1,1,2,2), pch=c(my_pch, my_pch, -1, -1), col=c("black", "red", "black", "black"), bty="n")
+ } else {
+ 	legend("topright", c("Coverage distribution", "Censored data", "Negative binomial"), lty=c("blank","blank","solid"), lwd=c(1,1,2), pch=c(my_pch, my_pch, -1), col=c("black", "red", "black"), bty="n")
+ }
> 
> dev.off()
null device 
          1 
> 
> ## Fit the marginal value that we use for propagating deletions
> 
> if (nb_fit_mu > 0) {
+   cat(nb_fit_size, " ", nb_fit_mu, "\n")
+   deletion_propagation_coverage = suppressWarnings(qnbinom(deletion_propagation_pr_cutoff, size = nb_fit_size, mu = nb_fit_mu))
+ } else {
+   cat("Fallback to calculating off an estimate of just variance = mu + mu^2/size\n")
+   size_estimate = (1/(v-m))*(m*m)
+   cat("Mu estimate=", m," Size estimate =", size_estimate, "\n")
+   deletion_propagation_coverage = suppressWarnings(qnbinom(deletion_propagation_pr_cutoff, size = size_estimate, mu = m))
+   if (is.na(deletion_propagation_coverage) || is.nan(deletion_propagation_coverage) || (deletion_propagation_coverage < 1)) {
+     cat("Double fallback to calculating as just 10% of the mean\n")
+     deletion_propagation_coverage = m * 0.1
+   }
+ }
Fallback to calculating off an estimate of just variance = mu + mu^2/size
Mu estimate= 16.25  Size estimate = 45.61877 
> 
> #Don't allow one read to indicate non-deleted regions
> if (deletion_propagation_coverage < 1) {
+     deletion_propagation_coverage = 1
+ }
> 
> #This works fine with the negative values
> #If we have both low fit coverage and low straight average coverage then we're deleted...
> if ( (nb_fit_mu <= 3) && (m <= 3) ) {
+   deletion_propagation_coverage = -1
+ }
> 
> #print out statistics
> 
> print(nb_fit_size);
[1] 0
> print(nb_fit_mu);
[1] 0
> 
> print(m)
[1] 16.25
> print(v)
[1] 22.03846
> print(D)
[1] 1.356213
> 
> print(deletion_propagation_coverage)
[1] 6
> 
> warnings()
> 
