
R version 4.3.1 (2023-06-16) -- "Beagle Scouts"
Copyright (C) 2023 The R Foundation for Statistical Computing
Platform: x86_64-pc-linux-gnu (64-bit)

R is free software and comes with ABSOLUTELY NO WARRANTY.
You are welcome to redistribute it under certain conditions.
Type 'license()' or 'licence()' for distribution details.

  Natural language support but running in an English locale

R is a collaborative project with many contributors.
Type 'contributors()' for more information and
'citation()' on how to cite R or R packages in publications.

Type 'demo()' for some demos, 'help()' for on-line help, or
'help.start()' for an HTML browser interface to help.
Type 'q()' to quit R.

> ##
> ##
> ## AUTHORS
> ##
> ## Jeffrey E. Barrick <jeffrey.e.barrick@gmail.com>
> ##
> ## LICENSE AND COPYRIGHT
> ##
> ## Copyright (c) 2008-2010 Michigan State University
> ## Copyright (c) 2011-2022 The University of Texas at Austin
> ##
> ## breseq is free software; you can redistribute it and/or modify it under the
> ## terms the GNU General Public License as published by the Free Software
> ## Foundation; either version 1, or (at your option) any later version.
> ##
> ##
> 
> ## Arguments:
> ##   distribution_file=/path/to/input 
> ##   plot_file=/path/to/output 
> ##   deletion_propagation_pr_cutoff=float
> ##   plot_poisson=0 or 1
> ##   pdf_output=0 or 1
> 
> ## Returns these values printed out to output log
> ## 
> ##  1. print(nb_fit_size); # 0 if fit failed
> ##  2. print(nb_fit_mu);   # 0 if fit failed
> ##  3. print(m)q
> ##  4. print(v)
> ##  5. print(D)
> ##  6. print(deletion_propagation_coverage)
> ##     -1 if it was <1 after fitting (implying reference sequence is deleted)
> ##
> 
> plot_poisson = 0;
> pdf_output = 1;
> 
> this.print.level = 0
> #this.print.level = 2
> 
> for (e in commandArgs(TRUE)) {
+   ta = strsplit(e,"=",fixed=TRUE)[[1]]
+   if(length(ta)>1) {
+     temp = ta[2]
+     assign(ta[1],temp)
+     cat("assigned ",ta[1]," the value of |",temp,"|\n")
+   } else {
+     assign(ta[[1]][1],TRUE)
+     cat("assigned ",ta[1]," the value of TRUE\n")
+   }
+ }
assigned  distribution_file  the value of | 4a-_BHI_c50_out/07_error_calibration/89.unique_only_coverage_distribution.tab |
assigned  plot_file  the value of | 4a-_BHI_c50_out/output/calibration/89.unique_coverage.pdf |
assigned  deletion_propagation_pr_cutoff  the value of | 0.00422577 |
> 
> deletion_propagation_pr_cutoff = as.numeric(deletion_propagation_pr_cutoff);
> 
> ## initialize values to be filled in
> nb_fit_mu = 0
> nb_fit_size = 0
> m = 0
> v = 0
> D = 0
> deletion_propagation_coverage = -1
> 
> min_fraction_included_in_nb_fit = 0.01
> 
> #load data
> X<-read.table(distribution_file, header=T)
> 
> #table might be empty
> if (nrow(X) == 0)
+ {
+   #print out statistics
+   
+   print(nb_fit_size);
+   print(nb_fit_mu);
+   
+   print(m)
+   print(v)
+   print(D)
+   
+   print(deletion_propagation_coverage)
+   
+   q()
+ }
> 
> #create the distribution vector and fit
> Y<-rep(X$coverage, X$n)
> m<-mean(Y)
> v<-var(Y)
> D<-v/m
> 
> ###
> ## Smooth the distribution with a moving average window of size 5
> ## so that we can more reliably find it's maximum value
> ###
> 
> ma5 = c(1, 1, 1, 1, 1)/5;
> 
> ## filtering fails if there are too few points
> if (nrow(X) >= 5) {
+   X$ma = filter(X$n, ma5)
+ } else {
+ 	X$ma = X$n
+ }
> 
> i<-0
> max_n <- 0;
> min_i <- max( trunc(m/4), 1 ); #prevents zero for pathological distributions
> max_i <- i;
> for (i in min_i:length(X$ma))
+ {		
+   #cat(i, "\n")
+ 	if (!is.na(X$ma[i]) && (X$ma[i] > max_n))
+ 	{
+ 		max_n = X$ma[i];
+ 		max_i = i;
+ 	}
+ }
> 
> ##
> # Censor data on the right and left of the maximum
> ##
> 
> start_i = max(floor(max_i*0.5), 1);
> end_i = min(ceiling(max_i*1.5), length(X$ma));
> 
> if (start_i == end_i)
+ {
+   print(nb_fit_size);
+   print(nb_fit_mu);
+   
+   print(m)
+   print(v)
+   print(D)
+   
+   print(deletion_propagation_coverage)
+   
+   q()
+ }
> 
> cat("Fitting from coverage of ", start_i, " to ", end_i, ".\n", sep="")
Fitting from coverage of 2 to 8.
> 
> ##
> # Coarse grain so that we are only fitting a number of bins that is 1000-2000
> #
> # The later adjustment for doing the fits this way is to multiply the means
> # of the negative binomial and poisson distributions by the binning number.
> # (The size parameter of the negative binomial doesn't need to be adjusted.)
> ##
> 
> 
> num_per_bin = trunc((end_i - start_i) / 1000)
> 
> if (num_per_bin > 1) 
+ {
+   cat("Coarse-graining for fits\n")
+   start_i_for_fits = trunc(start_i/num_per_bin)
+   end_i_for_fits = ceiling(end_i/num_per_bin)
+   num_bins = end_i - start_i  + 1
+   cat("Fitting from coverage in adjusted bins ", start_i_for_fits, " to ", end_i_for_fits, ".\n", sep="")
+   cat("Number of bins ", num_bins, ". Each bin has ", num_per_bin, " coverage values.\n", sep="")
+ 
+   # Create a new vector where we've added together values in bins
+   X.for.fits = vector("double", end_i_for_fits)
+   for (i in start_i_for_fits:end_i_for_fits)
+   {
+     for (j in 1:num_per_bin)
+     {
+       if (i*num_per_bin+j <= length(X$n))
+       {
+         X.for.fits[i] = X.for.fits[i] + X$n[i*num_per_bin+j]
+       }
+     }
+   }
+ 
+ } else {
+   ## AVOID num_per_bin equalling zero!!
+   X.for.fits = X$n[1:end_i]
+   num_per_bin = 1
+   start_i_for_fits = start_i
+   end_i_for_fits = end_i
+ }
> 
> 
> ##
> # Now perform negative binomial fitting to the censored data
> ##
> 
> inner_total<-0;
> for (i in start_i_for_fits:end_i_for_fits)
+ {
+ 	inner_total = inner_total + X.for.fits[i]; 
+ }
> # Yes: it's correct to use X here because we want the overall total total
> total_total<-sum(X$n);
> 
> ## let's preconstruct these for speed
> dist = vector("double", end_i_for_fits)
> 
> f_nb <- function(par) {
+ 
+ 	mu = par[1];
+ 	size = par[2];
+ 
+   if ((mu <= 0) || (size <= 0))
+   {
+     return(0);
+   }
+   
+   cat(start_i_for_fits, " ", end_i_for_fits, "\n");
+   cat(mu, " ", size, "\n");
+   
+ 	dist<-c()
+ 	total <- 0;
+ 	for (i in start_i_for_fits:end_i_for_fits)
+ 	{	
+ 		dist[i] <- dnbinom(i, size=size, mu=mu);
+ 		total <- total + dist[i] 
+ 	}
+ 	#print (mu, size)
+ 
+  	l <- 0;
+ 	for (i in start_i_for_fits:end_i_for_fits)
+ 	{
+ 		l <- l + ((X.for.fits[i]/inner_total)-(dist[i]/total))^2;
+ 	}
+ 	return(l);
+ }
> 
> 
> 
> ## Fit negative binomial 
> ## - allow fit to fail and set all params to zero/empty if that is the case
> nb_fit = NULL
> ## as.numeric prevents overflow in sums involving integers
> mean_estimate = sum((as.numeric(1:end_i_for_fits)*as.numeric(X.for.fits)))/sum(as.numeric(X.for.fits))
> 
> nb_fit_mu = -1
> nb_fit_size = -1
> try_size = 100000
> try_means_index = 1
> #This is a list of different means to test <-  sometimes the actual mean doesn't lead to a fit
> try_means = c(mean_estimate, 
+               end_i_for_fits, 
+               start_i_for_fits, 
+               1*(end_i_for_fits + start_i_for_fits)/4,
+               2*(end_i_for_fits + start_i_for_fits)/4,
+               3*(end_i_for_fits + start_i_for_fits)/4
+               )
>               
>               
> nb_fit = c()
> 
> while ( ((nb_fit_mu < 0) || (nb_fit_size < 0) || (nb_fit$code != 1)) && (try_size > 0.001) && (try_means_index <= length(try_means)))
+ {
+   try_size = try_size / 10
+   try_mean = try_means[try_means_index]
+ 
+   ## SIZE ESTIMATE from the censored data can be negative, so try various values instead
+   cat("Try Mean: ", try_mean, " Size: ", try_size, "\n")
+ 
+   try( suppressWarnings(nb_fit<-nlm(f_nb, c(try_mean, try_size), iterlim=1000, print.level=this.print.level)) )
+ 
+   nb_fit_mu = nb_fit$estimate[1];
+   nb_fit_size = nb_fit$estimate[2];
+ 
+   cat("Fit Mean: ", nb_fit_mu, " Size: ", nb_fit_size, " Code: ", nb_fit$code, "\n")
+   
+   if (try_size <= 0.001) {
+     try_size = 100000
+     try_means_index = try_means_index + 1
+   }
+ }
Try Mean:  5.074074  Size:  10000 
2   8 
5.074074   10000 
2   8 
5.074074   10000 
2   8 
5.074079   10000 
2   8 
5.074074   10000.01 
2   8 
5.088306   10000 
2   8 
5.088312   10000 
2   8 
5.088306   10000.01 
2   8 
5.452607   10000 
2   8 
5.452613   10000 
2   8 
5.452607   10000.01 
2   8 
5.486928   10000 
2   8 
5.486933   10000 
2   8 
5.486928   10000.01 
2   8 
5.490559   10000 
2   8 
5.490564   10000 
2   8 
5.490559   10000.01 
2   8 
5.490594   10000 
2   8 
5.4906   10000 
2   8 
5.490594   10000.01 
2   8 
5.490595   10000 
2   8 
5.4906   10000 
2   8 
5.490595   10000.01 
Fit Mean:  5.490595  Size:  10000  Code:  2 
Try Mean:  5.074074  Size:  1000 
2   8 
5.074074   1000 
2   8 
5.074074   1000 
2   8 
5.074079   1000 
2   8 
5.074074   1000.001 
2   8 
5.088356   1000 
2   8 
5.088361   1000 
2   8 
5.088356   1000.001 
2   8 
5.455935   1000 
2   8 
5.455941   1000 
2   8 
5.455935   1000.001 
2   8 
5.49105   1000 
2   8 
5.491056   1000 
2   8 
5.49105   1000.001 
2   8 
5.494825   1000 
2   8 
5.494831   1000 
2   8 
5.494825   1000.001 
2   8 
5.494863   1000 
2   8 
5.494869   1000 
2   8 
5.494863   1000.001 
2   8 
5.494864   1000 
2   8 
5.494869   1000 
2   8 
5.494864   1000.001 
Fit Mean:  5.494864  Size:  1000  Code:  2 
Try Mean:  5.074074  Size:  100 
2   8 
5.074074   100 
2   8 
5.074074   100 
2   8 
5.074079   100 
2   8 
5.074074   100.0001 
2   8 
5.088825   100 
2   8 
5.08883   100 
2   8 
5.088825   100.0001 
2   8 
5.489309   100.0008 
2   8 
5.489315   100.0008 
2   8 
5.489309   100.0009 
2   8 
5.532956   100.0013 
2   8 
5.532961   100.0013 
2   8 
5.532956   100.0014 
2   8 
5.538419   100.0017 
2   8 
5.538424   100.0017 
2   8 
5.538419   100.0018 
2   8 
5.538517   100.002 
2   8 
5.538522   100.002 
2   8 
5.538517   100.0021 
2   8 
5.539925   100.012 
2   8 
5.539931   100.012 
2   8 
5.539925   100.0121 
2   8 
5.541424   100.0332 
2   8 
5.54143   100.0332 
2   8 
5.541424   100.0333 
2   8 
5.544306   100.1051 
2   8 
5.544311   100.1051 
2   8 
5.544306   100.1052 
2   8 
5.548616   100.2915 
2   8 
5.548622   100.2915 
2   8 
5.548616   100.2916 
2   8 
5.555568   100.803 
2   8 
5.555574   100.803 
2   8 
5.555568   100.8031 
2   8 
5.566042   102.1284 
2   8 
5.566048   102.1284 
2   8 
5.566042   102.1285 
2   8 
5.580848   105.4881 
2   8 
5.580853   105.4881 
2   8 
5.580848   105.4882 
2   8 
5.59824   113.507 
2   8 
5.598245   113.507 
2   8 
5.59824   113.5072 
2   8 
5.610609   131.4012 
2   8 
5.610615   131.4012 
2   8 
5.610609   131.4013 
2   8 
5.601162   168.9251 
2   8 
5.601168   168.9251 
2   8 
5.601162   168.9252 
2   8 
5.552829   236.6456 
2   8 
5.552834   236.6456 
2   8 
5.552829   236.6458 
2   8 
5.497224   315.6277 
2   8 
5.49723   315.6277 
2   8 
5.497224   315.628 
2   8 
5.473583   374.302 
2   8 
5.473589   374.302 
2   8 
5.473583   374.3023 
2   8 
5.463255   448.3313 
2   8 
5.463261   448.3313 
2   8 
5.463255   448.3318 
2   8 
5.465648   581.8251 
2   8 
5.465653   581.8251 
2   8 
5.465648   581.8257 
2   8 
5.481907   775.2445 
2   8 
5.481912   775.2445 
2   8 
5.481907   775.2453 
2   8 
5.497296   1004.804 
2   8 
5.497301   1004.804 
2   8 
5.497296   1004.805 
2   8 
5.504617   1269.048 
2   8 
5.504622   1269.048 
2   8 
5.504617   1269.05 
2   8 
5.504998   1646.312 
2   8 
5.505004   1646.312 
2   8 
5.504998   1646.314 
2   8 
5.49903   2200.195 
2   8 
5.499036   2200.195 
2   8 
5.49903   2200.198 
2   8 
5.491305   2916.089 
2   8 
5.491311   2916.089 
2   8 
5.491305   2916.092 
2   8 
5.486357   3768.657 
2   8 
5.486363   3768.657 
2   8 
5.486357   3768.661 
2   8 
5.484827   4885.413 
2   8 
5.484832   4885.413 
2   8 
5.484827   4885.418 
2   8 
5.486391   6464.822 
2   8 
5.486396   6464.822 
2   8 
5.486391   6464.829 
2   8 
5.489491   8576.952 
2   8 
5.489496   8576.952 
2   8 
5.489491   8576.96 
2   8 
5.491949   11222.91 
2   8 
5.491955   11222.91 
2   8 
5.491949   11222.92 
2   8 
5.492918   14648.19 
2   8 
5.492923   14648.19 
2   8 
5.492918   14648.2 
2   8 
5.49242   19347.62 
2   8 
5.492426   19347.62 
2   8 
5.49242   19347.64 
2   8 
5.491035   25712.88 
2   8 
5.49104   25712.88 
2   8 
5.491035   25712.9 
2   8 
5.489714   33945.23 
2   8 
5.489719   33945.23 
2   8 
5.489714   33945.26 
2   8 
5.489031   44567.96 
2   8 
5.489037   44567.96 
2   8 
5.489031   44568 
2   8 
5.489081   58537.93 
2   8 
5.489086   58537.93 
2   8 
5.489081   58537.98 
2   8 
5.489631   77646.36 
2   8 
5.489636   77646.36 
2   8 
5.489631   77646.43 
2   8 
5.490266   103267 
2   8 
5.490272   103267 
2   8 
5.490266   103267.1 
2   8 
5.490655   137067.3 
2   8 
5.490661   137067.3 
2   8 
5.490655   137067.5 
2   8 
5.490651   174881.8 
2   8 
5.490656   174881.8 
2   8 
5.490651   174881.9 
2   8 
5.490404   240880 
2   8 
5.49041   240880 
2   8 
5.490404   240880.2 
2   8 
5.490199   280714.4 
2   8 
5.490204   280714.4 
2   8 
5.490199   280714.7 
2   8 
5.490087   321758.6 
2   8 
5.490093   321758.6 
2   8 
5.490087   321758.9 
2   8 
5.490061   355441.1 
2   8 
5.490067   355441.1 
2   8 
5.490061   355441.4 
2   8 
5.489985   431281.9 
2   8 
5.489991   431281.9 
2   8 
5.489985   431282.4 
2   8 
5.489968   531410.6 
2   8 
5.489973   531410.6 
2   8 
5.489968   531411.1 
2   8 
5.49004   579242.9 
2   8 
5.490045   579242.9 
2   8 
5.49004   579243.4 
2   8 
5.490074   657103.1 
2   8 
5.49008   657103.1 
2   8 
5.490074   657103.8 
2   8 
5.490104   676238.6 
2   8 
5.49011   676238.6 
2   8 
5.490104   676239.2 
2   8 
5.490153   721232.5 
2   8 
5.490158   721232.5 
2   8 
5.490153   721233.2 
2   8 
5.490198   790472.9 
2   8 
5.490203   790472.9 
2   8 
5.490198   790473.7 
2   8 
5.490268   890601.6 
2   8 
5.490273   890601.6 
2   8 
5.490268   890602.5 
2   8 
5.490328   990730.2 
2   8 
5.490333   990730.2 
2   8 
5.490328   990731.2 
2   8 
5.490232   989624.8 
2   8 
5.490237   989624.8 
2   8 
5.490232   989625.7 
2   8 
5.487412   1013524 
2   8 
5.48995   992014.7 
2   8 
5.490095   990785.6 
2   8 
5.4901   990785.6 
2   8 
5.490095   990786.6 
2   8 
5.490126   990510.3 
2   8 
5.490107   990677.4 
2   8 
5.4901   990742.3 
2   8 
5.490097   990767.2 
2   8 
5.490096   990778.5 
2   8 
5.490101   990778.5 
2   8 
5.490096   990779.5 
2   8 
5.49013   990228.9 
2   8 
5.490107   990602.2 
2   8 
5.490099   990724.8 
2   8 
5.490097   990761.9 
2   8 
5.490096   990773.5 
2   8 
5.490096   990776.7 
2   8 
5.490096   990778.2 
2   8 
5.490645   990778.5 
2   8 
5.489547   990778.5 
2   8 
5.490096   990877.5 
2   8 
5.490096   990679.4 
2   8 
5.490117   991281.6 
2   8 
5.490666   991281.6 
2   8 
5.489568   991281.6 
2   8 
5.490117   991380.8 
2   8 
5.490117   991182.5 
2   8 
5.490205   995913.1 
2   8 
5.490754   995913.1 
2   8 
5.489656   995913.1 
2   8 
5.490205   996012.7 
2   8 
5.490205   995813.5 
2   8 
5.490328   1008961 
2   8 
5.490877   1008961 
2   8 
5.489779   1008961 
2   8 
5.490328   1009061 
2   8 
5.490328   1008860 
2   8 
5.490328   1015404 
2   8 
5.490877   1015404 
2   8 
5.489779   1015404 
2   8 
5.490328   1015506 
2   8 
5.490328   1015303 
2   8 
5.49027   1115533 
2   8 
5.490819   1115533 
2   8 
5.489721   1115533 
2   8 
5.49027   1115645 
2   8 
5.49027   1115421 
2   8 
5.490221   1215662 
2   8 
5.49077   1215662 
2   8 
5.489672   1215662 
2   8 
5.490221   1215783 
2   8 
5.490221   1215540 
2   8 
5.490183   1315790 
2   8 
5.490732   1315790 
2   8 
5.489634   1315790 
2   8 
5.490183   1315922 
2   8 
5.490183   1315659 
2   8 
5.490156   1415919 
2   8 
5.490705   1415919 
2   8 
5.489607   1415919 
2   8 
5.490156   1416061 
2   8 
5.490156   1415777 
2   8 
5.490139   1516048 
2   8 
5.490688   1516048 
2   8 
5.48959   1516048 
2   8 
5.490139   1516199 
2   8 
5.490139   1515896 
Fit Mean:  5.490139  Size:  1516048  Code:  5 
Try Mean:  5.074074  Size:  10 
2   8 
5.074074   10 
2   8 
5.074074   10 
2   8 
5.074079   10 
2   8 
5.074074   10.00001 
2   8 
5.091331   10.00138 
2   8 
5.091336   10.00138 
2   8 
5.091331   10.00139 
2   8 
5.818021   10.11455 
2   8 
5.818027   10.11455 
2   8 
5.818021   10.11456 
2   8 
5.999376   10.18445 
2   8 
5.999382   10.18445 
2   8 
5.999376   10.18446 
2   8 
6.069538   10.25053 
2   8 
6.069544   10.25053 
2   8 
6.069538   10.25054 
2   8 
6.102119   10.33729 
2   8 
6.102126   10.33729 
2   8 
6.102119   10.3373 
2   8 
6.162195   10.69713 
2   8 
6.162202   10.69713 
2   8 
6.162195   10.69714 
2   8 
6.205928   11.5139 
2   8 
6.205934   11.5139 
2   8 
6.205928   11.51392 
2   8 
6.188506   13.66606 
2   8 
6.188512   13.66606 
2   8 
6.188506   13.66607 
2   8 
5.95358   19.7651 
2   8 
5.953586   19.7651 
2   8 
5.95358   19.76512 
2   8 
5.404725   32.47723 
2   8 
5.404731   32.47723 
2   8 
5.404725   32.47726 
2   8 
5.565743   31.04198 
2   8 
5.565748   31.04198 
2   8 
5.565743   31.04201 
2   8 
5.60167   33.50744 
2   8 
5.601676   33.50744 
2   8 
5.60167   33.50748 
2   8 
5.626772   45.31471 
2   8 
5.626778   45.31471 
2   8 
5.626772   45.31476 
2   8 
5.581455   59.23032 
2   8 
5.58146   59.23032 
2   8 
5.581455   59.23038 
2   8 
5.526874   80.10593 
2   8 
5.52688   80.10593 
2   8 
5.526874   80.10601 
2   8 
5.509384   104.5929 
2   8 
5.509389   104.5929 
2   8 
5.509384   104.593 
2   8 
5.51063   138.6 
2   8 
5.510636   138.6 
2   8 
5.51063   138.6001 
2   8 
5.510754   182.8792 
2   8 
5.51076   182.8792 
2   8 
5.510754   182.8793 
2   8 
5.506051   242.3442 
2   8 
5.506057   242.3442 
2   8 
5.506051   242.3444 
2   8 
5.501112   321.0878 
2   8 
5.501118   321.0878 
2   8 
5.501112   321.0881 
2   8 
5.498036   425.3321 
2   8 
5.498042   425.3321 
2   8 
5.498036   425.3325 
2   8 
5.496186   563.3269 
2   8 
5.496191   563.3269 
2   8 
5.496186   563.3274 
2   8 
5.494792   746.1498 
2   8 
5.494798   746.1498 
2   8 
5.494792   746.1506 
2   8 
5.493658   988.3587 
2   8 
5.493664   988.3587 
2   8 
5.493658   988.3597 
2   8 
5.49278   1309.229 
2   8 
5.492786   1309.229 
2   8 
5.49278   1309.23 
2   8 
5.492125   1734.289 
2   8 
5.49213   1734.289 
2   8 
5.492125   1734.291 
2   8 
5.491635   2297.347 
2   8 
5.49164   2297.347 
2   8 
5.491635   2297.35 
2   8 
5.491265   3043.215 
2   8 
5.49127   3043.215 
2   8 
5.491265   3043.218 
2   8 
5.490984   4031.444 
2   8 
5.49099   4031.444 
2   8 
5.490984   4031.448 
2   8 
5.490773   5340.204 
2   8 
5.490778   5340.204 
2   8 
5.490773   5340.209 
2   8 
5.490613   7074.584 
2   8 
5.490619   7074.584 
2   8 
5.490613   7074.591 
2   8 
5.490492   9372.83 
2   8 
5.490498   9372.83 
2   8 
5.490492   9372.839 
2   8 
5.490402   12414.73 
2   8 
5.490407   12414.73 
2   8 
5.490402   12414.74 
2   8 
5.490333   16440.95 
2   8 
5.490339   16440.95 
2   8 
5.490333   16440.96 
2   8 
5.490281   21782.59 
2   8 
5.490287   21782.59 
2   8 
5.490281   21782.61 
2   8 
5.490242   28881.22 
2   8 
5.490247   28881.22 
2   8 
5.490242   28881.25 
2   8 
5.490212   38227.55 
2   8 
5.490218   38227.55 
2   8 
5.490212   38227.59 
2   8 
5.490193   49441.21 
2   8 
5.490198   49441.21 
2   8 
5.490193   49441.26 
2   8 
5.49018   60654.88 
2   8 
5.490185   60654.88 
2   8 
5.49018   60654.94 
2   8 
5.490171   71868.54 
2   8 
5.490177   71868.54 
2   8 
5.490171   71868.61 
2   8 
5.490166   83082.2 
2   8 
5.490171   83082.2 
2   8 
5.490166   83082.28 
2   8 
5.490161   94295.86 
2   8 
5.490166   94295.86 
2   8 
5.490161   94295.96 
Fit Mean:  5.490161  Size:  94295.86  Code:  5 
Try Mean:  5.074074  Size:  1 
2   8 
5.074074   1 
2   8 
5.074074   1 
2   8 
5.074079   1 
2   8 
5.074074   1.000001 
2   8 
5.084987   1.027863 
2   8 
5.084992   1.027863 
2   8 
5.084987   1.027864 
2   8 
7.640457   3.448291 
2   8 
7.640465   3.448291 
2   8 
7.640457   3.448294 
2   8 
7.953422   3.833449 
2   8 
7.95343   3.833449 
2   8 
7.953422   3.833453 
2   8 
8.014061   4.091374 
2   8 
8.014069   4.091374 
2   8 
8.014061   4.091378 
2   8 
7.907679   4.581122 
2   8 
7.907687   4.581122 
2   8 
7.907679   4.581126 
2   8 
6.95624   6.77871 
2   8 
6.956247   6.77871 
2   8 
6.95624   6.778717 
2   8 
5.891443   9.129345 
2   8 
5.891449   9.129345 
2   8 
5.891443   9.129354 
2   8 
5.90355   9.589231 
2   8 
5.903556   9.589231 
2   8 
5.90355   9.58924 
2   8 
5.647677   14.73255 
2   8 
5.647682   14.73255 
2   8 
5.647677   14.73257 
2   8 
6.027923   18.86639 
2   8 
6.027929   18.86639 
2   8 
6.027923   18.86641 
2   8 
5.746632   23.06656 
2   8 
5.746638   23.06656 
2   8 
5.746632   23.06658 
2   8 
5.504074   30.98529 
2   8 
5.50408   30.98529 
2   8 
5.504074   30.98532 
2   8 
5.532115   35.92293 
2   8 
5.532121   35.92293 
2   8 
5.532115   35.92297 
2   8 
5.575467   49.20528 
2   8 
5.575473   49.20528 
2   8 
5.575467   49.20533 
2   8 
5.551463   63.98229 
2   8 
5.551469   63.98229 
2   8 
5.551463   63.98236 
2   8 
5.533383   85.61223 
2   8 
5.533389   85.61223 
2   8 
5.533383   85.61232 
2   8 
5.52361   113.0704 
2   8 
5.523615   113.0704 
2   8 
5.52361   113.0705 
2   8 
5.514928   150.0054 
2   8 
5.514933   150.0054 
2   8 
5.514928   150.0056 
2   8 
5.509182   198.646 
2   8 
5.509187   198.646 
2   8 
5.509182   198.6462 
2   8 
5.504279   263.2228 
2   8 
5.504284   263.2228 
2   8 
5.504279   263.2231 
2   8 
5.501015   348.6932 
2   8 
5.50102   348.6932 
2   8 
5.501015   348.6936 
2   8 
5.498176   461.9568 
2   8 
5.498181   461.9568 
2   8 
5.498176   461.9573 
2   8 
5.496361   611.9741 
2   8 
5.496366   611.9741 
2   8 
5.496361   611.9747 
2   8 
5.494687   810.7219 
2   8 
5.494693   810.7219 
2   8 
5.494687   810.7227 
2   8 
5.493707   1073.993 
2   8 
5.493713   1073.993 
2   8 
5.493707   1073.994 
2   8 
5.492696   1422.768 
2   8 
5.492701   1422.768 
2   8 
5.492696   1422.769 
2   8 
5.492195   1884.774 
2   8 
5.4922   1884.774 
2   8 
5.492195   1884.776 
2   8 
5.491559   2496.845 
2   8 
5.491565   2496.845 
2   8 
5.491559   2496.848 
2   8 
5.491332   3307.591 
2   8 
5.491338   3307.591 
2   8 
5.491332   3307.595 
2   8 
5.490911   4381.788 
2   8 
5.490917   4381.788 
2   8 
5.490911   4381.792 
2   8 
5.490841   5804.423 
2   8 
5.490847   5804.423 
2   8 
5.490841   5804.428 
2   8 
5.490541   7690.261 
2   8 
5.490547   7690.261 
2   8 
5.490541   7690.269 
2   8 
5.490562   10186.59 
2   8 
5.490567   10186.59 
2   8 
5.490562   10186.6 
2   8 
5.490331   13490.82 
2   8 
5.490336   13490.82 
2   8 
5.490331   13490.84 
2   8 
5.490402   17885.98 
2   8 
5.490407   17885.98 
2   8 
5.490402   17886 
2   8 
5.490232   23057.65 
2   8 
5.490237   23057.65 
2   8 
5.490232   23057.68 
2   8 
5.490282   28229.33 
2   8 
5.490287   28229.33 
2   8 
5.490282   28229.36 
2   8 
5.490225   33401 
2   8 
5.49023   33401 
2   8 
5.490225   33401.04 
2   8 
5.490227   38572.68 
2   8 
5.490232   38572.68 
2   8 
5.490227   38572.72 
2   8 
5.490209   43744.35 
2   8 
5.490215   43744.35 
2   8 
5.490209   43744.4 
Fit Mean:  5.490209  Size:  43744.35  Code:  5 
Try Mean:  5.074074  Size:  0.1 
2   8 
5.074074   0.1 
2   8 
5.074074   0.1 
2   8 
5.074079   0.1 
2   8 
5.074074   0.100001 
2   8 
5.075775   0.1591009 
2   8 
5.07578   0.1591009 
2   8 
5.075775   0.1591019 
2   8 
5.44352   1.272376 
2   8 
5.443525   1.272376 
2   8 
5.44352   1.272378 
2   8 
6.128652   2.439304 
2   8 
6.128659   2.439304 
2   8 
6.128652   2.439306 
2   8 
7.047088   3.864072 
2   8 
7.047095   3.864072 
2   8 
7.047088   3.864076 
2   8 
7.438532   4.509943 
2   8 
7.438539   4.509943 
2   8 
7.438532   4.509948 
2   8 
7.547308   4.753452 
2   8 
7.547315   4.753452 
2   8 
7.547308   4.753457 
2   8 
7.57139   4.911828 
2   8 
7.571398   4.911828 
2   8 
7.57139   4.911833 
2   8 
7.537993   5.409885 
2   8 
7.538001   5.409885 
2   8 
7.537993   5.409891 
2   8 
7.229325   6.862044 
2   8 
7.229332   6.862044 
2   8 
7.229325   6.862051 
Fit Mean:  -9.363918  Size:  77.30236  Code:  1 
Try Mean:  5.074074  Size:  0.01 
2   8 
5.074074   0.01 
2   8 
5.074074   0.01 
2   8 
5.074079   0.01 
2   8 
5.074074   0.010001 
2   8 
5.074253   0.07467165 
2   8 
5.074258   0.07467165 
2   8 
5.074253   0.07467265 
2   8 
5.360419   1.115472 
2   8 
5.360425   1.115472 
2   8 
5.360419   1.115474 
2   8 
5.93021   2.193457 
2   8 
5.930216   2.193457 
2   8 
5.93021   2.193459 
2   8 
6.844962   3.71614 
2   8 
6.844969   3.71614 
2   8 
6.844962   3.716144 
2   8 
7.316781   4.522521 
2   8 
7.316788   4.522521 
2   8 
7.316781   4.522525 
2   8 
7.47102   4.844193 
2   8 
7.471028   4.844193 
2   8 
7.47102   4.844197 
2   8 
7.500394   4.984846 
2   8 
7.500401   4.984846 
2   8 
7.500394   4.984851 
2   8 
7.497722   5.381853 
2   8 
7.497729   5.381853 
2   8 
7.497722   5.381858 
2   8 
7.328808   6.390706 
2   8 
7.328816   6.390706 
2   8 
7.328808   6.390712 
2   8 
5.55927   14.2399 
2   8 
5.559275   14.2399 
2   8 
5.55927   14.23992 
2   8 
6.113875   12.10592 
2   8 
5.776649   13.40348 
2   8 
5.776655   13.40348 
2   8 
5.776649   13.4035 
2   8 
5.757721   13.89905 
2   8 
5.757727   13.89905 
2   8 
5.757721   13.89906 
2   8 
5.654804   20.38621 
2   8 
5.65481   20.38621 
2   8 
5.654804   20.38623 
2   8 
5.644855   25.95592 
2   8 
5.644861   25.95592 
2   8 
5.644855   25.95595 
2   8 
5.601595   34.96234 
2   8 
5.6016   34.96234 
2   8 
5.601595   34.96237 
2   8 
5.576243   46.17933 
2   8 
5.576249   46.17933 
2   8 
5.576243   46.17937 
2   8 
5.553241   61.39602 
2   8 
5.553246   61.39602 
2   8 
5.553241   61.39608 
2   8 
5.539989   81.36266 
2   8 
5.539995   81.36266 
2   8 
5.539989   81.36274 
2   8 
5.524561   107.9428 
2   8 
5.524566   107.9428 
2   8 
5.524561   107.9429 
2   8 
5.521203   143.061 
2   8 
5.521209   143.061 
2   8 
5.521203   143.0612 
2   8 
5.504962   189.933 
2   8 
5.504967   189.933 
2   8 
5.504962   189.9332 
2   8 
5.515349   252.3897 
2   8 
5.515355   252.3897 
2   8 
5.515349   252.39 
2   8 
5.48892   338.4352 
2   8 
5.488926   338.4352 
2   8 
5.48892   338.4356 
2   8 
5.504737   451.0582 
2   8 
5.504742   451.0582 
2   8 
5.504737   451.0586 
2   8 
5.495642   596.4466 
2   8 
5.495648   596.4466 
2   8 
5.495642   596.4472 
2   8 
5.494539   791.3444 
2   8 
5.494545   791.3444 
2   8 
5.494539   791.3452 
2   8 
5.493544   1047.512 
2   8 
5.49355   1047.512 
2   8 
5.493544   1047.513 
2   8 
5.492703   1387.971 
2   8 
5.492709   1387.971 
2   8 
5.492703   1387.973 
2   8 
5.492071   1838.448 
2   8 
5.492077   1838.448 
2   8 
5.492071   1838.45 
2   8 
5.491593   2435.441 
2   8 
5.491599   2435.441 
2   8 
5.491593   2435.444 
2   8 
5.491233   3226.236 
2   8 
5.491238   3226.236 
2   8 
5.491233   3226.239 
2   8 
5.49096   4273.804 
2   8 
5.490966   4273.804 
2   8 
5.49096   4273.808 
2   8 
5.490755   5661.534 
2   8 
5.49076   5661.534 
2   8 
5.490755   5661.54 
2   8 
5.490599   7500.145 
2   8 
5.490605   7500.145 
2   8 
5.490599   7500.152 
2   8 
5.490482   9934.685 
2   8 
5.490488   9934.685 
2   8 
5.490482   9934.694 
2   8 
5.490394   13163.8 
2   8 
5.490399   13163.8 
2   8 
5.490394   13163.81 
2   8 
5.490327   17431.57 
2   8 
5.490333   17431.57 
2   8 
5.490327   17431.59 
2   8 
5.490282   22505.65 
2   8 
5.490287   22505.65 
2   8 
5.490282   22505.68 
2   8 
5.490254   27579.74 
2   8 
5.49026   27579.74 
2   8 
5.490254   27579.77 
2   8 
5.490235   32653.82 
2   8 
5.490241   32653.82 
2   8 
5.490235   32653.85 
2   8 
5.490221   37727.91 
2   8 
5.490226   37727.91 
2   8 
5.490221   37727.94 
2   8 
5.49021   42801.99 
2   8 
5.490216   42801.99 
2   8 
5.49021   42802.03 
Fit Mean:  5.49021  Size:  42801.99  Code:  5 
Try Mean:  5.074074  Size:  0.001 
2   8 
5.074074   0.001 
2   8 
5.074074   0.001 
2   8 
5.074079   0.001 
2   8 
5.074074   0.001001 
2   8 
5.074092   0.06626896 
2   8 
5.074097   0.06626896 
2   8 
5.074092   0.06626996 
2   8 
5.352829   1.100236 
2   8 
5.352835   1.100236 
2   8 
5.352829   1.100237 
2   8 
5.911647   2.169331 
2   8 
5.911653   2.169331 
2   8 
5.911647   2.169333 
2   8 
6.823455   3.698682 
2   8 
6.823462   3.698682 
2   8 
6.823455   3.698686 
2   8 
7.303349   4.522457 
2   8 
7.303356   4.522457 
2   8 
7.303349   4.522462 
2   8 
7.462783   4.853629 
2   8 
7.462791   4.853629 
2   8 
7.462783   4.853634 
2   8 
7.492997   4.994129 
2   8 
7.493004   4.994129 
2   8 
7.492997   4.994134 
2   8 
7.492963   5.379833 
2   8 
7.49297   5.379833 
2   8 
7.492963   5.379838 
2   8 
7.335505   6.351654 
2   8 
7.335513   6.351654 
2   8 
7.335505   6.35166 
2   8 
5.788188   13.27956 
2   8 
5.788194   13.27956 
2   8 
5.788188   13.27957 
2   8 
5.539121   14.80404 
2   8 
5.674388   13.9761 
2   8 
5.674393   13.9761 
2   8 
5.674388   13.97611 
2   8 
5.675539   14.74378 
2   8 
5.675545   14.74378 
2   8 
5.675539   14.74379 
2   8 
5.710236   21.17028 
2   8 
5.710241   21.17028 
2   8 
5.710236   21.1703 
2   8 
5.630396   27.34717 
2   8 
5.630401   27.34717 
2   8 
5.630396   27.3472 
2   8 
5.606113   36.96761 
2   8 
5.606119   36.96761 
2   8 
5.606113   36.96765 
2   8 
5.563584   48.85254 
2   8 
5.56359   48.85254 
2   8 
5.563584   48.85259 
2   8 
5.563618   65.05251 
2   8 
5.563624   65.05251 
2   8 
5.563618   65.05257 
2   8 
5.517944   86.75236 
2   8 
5.517949   86.75236 
2   8 
5.517944   86.75245 
2   8 
5.543187   115.9366 
2   8 
5.543192   115.9366 
2   8 
5.543187   115.9367 
2   8 
5.502406   155.1025 
2   8 
5.502412   155.1025 
2   8 
5.502406   155.1026 
2   8 
5.508837   205.1253 
2   8 
5.508843   205.1253 
2   8 
5.508837   205.1255 
2   8 
5.503158   271.5304 
2   8 
5.503163   271.5304 
2   8 
5.503158   271.5306 
2   8 
5.50032   359.8121 
2   8 
5.500326   359.8121 
2   8 
5.50032   359.8125 
2   8 
5.497729   476.545 
2   8 
5.497735   476.545 
2   8 
5.497729   476.5455 
2   8 
5.495905   631.3138 
2   8 
5.49591   631.3138 
2   8 
5.495905   631.3144 
2   8 
5.494475   836.2651 
2   8 
5.49448   836.2651 
2   8 
5.494475   836.2659 
2   8 
5.493415   1107.805 
2   8 
5.49342   1107.805 
2   8 
5.493415   1107.806 
2   8 
5.492605   1467.502 
2   8 
5.492611   1467.502 
2   8 
5.492605   1467.504 
2   8 
5.491998   1943.999 
2   8 
5.492003   1943.999 
2   8 
5.491998   1944.001 
2   8 
5.491538   2575.238 
2   8 
5.491543   2575.238 
2   8 
5.491538   2575.241 
2   8 
5.491191   3411.471 
2   8 
5.491196   3411.471 
2   8 
5.491191   3411.474 
2   8 
5.490929   4519.043 
2   8 
5.490934   4519.043 
2   8 
5.490929   4519.048 
2   8 
5.490731   5986.88 
2   8 
5.490736   5986.88 
2   8 
5.490731   5986.886 
2   8 
5.490582   7929.991 
2   8 
5.490587   7929.991 
2   8 
5.490582   7929.999 
2   8 
5.490468   10507.26 
2   8 
5.490474   10507.26 
2   8 
5.490468   10507.27 
2   8 
5.490384   13916.08 
2   8 
5.490389   13916.08 
2   8 
5.490384   13916.1 
2   8 
5.490319   18429.81 
2   8 
5.490325   18429.81 
2   8 
5.490319   18429.83 
2   8 
5.490278   23503.89 
2   8 
5.490284   23503.89 
2   8 
5.490278   23503.91 
2   8 
5.490252   28577.96 
2   8 
5.490257   28577.96 
2   8 
5.490252   28577.99 
2   8 
5.490234   33652.04 
2   8 
5.490239   33652.04 
2   8 
5.490234   33652.07 
2   8 
5.49022   38726.11 
2   8 
5.490225   38726.11 
2   8 
5.49022   38726.15 
2   8 
5.490209   43800.18 
2   8 
5.490215   43800.18 
2   8 
5.490209   43800.23 
Fit Mean:  5.490209  Size:  43800.18  Code:  5 
Try Mean:  8  Size:  10000 
2   8 
8   10000 
2   8 
8   10000 
2   8 
8.000008   10000 
2   8 
8   10000.01 
2   8 
7.960292   10000 
2   8 
7.9603   10000 
2   8 
7.960292   10000.01 
2   8 
0.8215997   10000 
2   8 
6.879434   10000 
2   8 
6.879441   10000 
2   8 
6.879434   10000.01 
2   8 
3.650806   10000 
2   8 
5.798372   10000 
2   8 
5.798378   10000 
2   8 
5.798372   10000.01 
2   8 
5.345406   10000 
2   8 
5.345412   10000 
2   8 
5.345406   10000.01 
2   8 
5.502377   10000 
2   8 
5.502382   10000 
2   8 
5.502377   10000.01 
2   8 
5.491025   10000 
2   8 
5.491031   10000 
2   8 
5.491025   10000.01 
2   8 
5.490593   10000 
2   8 
5.490599   10000 
2   8 
5.490593   10000.01 
2   8 
5.490595   10000 
2   8 
5.4906   10000 
2   8 
5.490595   10000.01 
Fit Mean:  5.490595  Size:  10000  Code:  2 
Try Mean:  8  Size:  1000 
2   8 
8   1000 
2   8 
8   1000 
2   8 
8.000008   1000 
2   8 
8   1000.001 
2   8 
7.960727   1000 
2   8 
7.960735   1000 
2   8 
7.960727   1000.001 
2   8 
0.8270268   1000 
2   8 
6.886789   1000 
2   8 
6.886795   1000 
2   8 
6.886789   1000.001 
2   8 
3.644901   1000 
2   8 
5.807078   1000 
2   8 
5.807084   1000 
2   8 
5.807078   1000.001 
2   8 
5.346376   1000 
2   8 
5.346382   1000 
2   8 
5.346376   1000.001 
2   8 
5.507148   1000 
2   8 
5.507154   1000 
2   8 
5.507148   1000.001 
2   8 
5.495325   1000 
2   8 
5.495331   1000 
2   8 
5.495325   1000.001 
2   8 
5.494862   1000 
2   8 
5.494868   1000 
2   8 
5.494862   1000.001 
2   8 
5.494863   1000 
2   8 
5.494869   1000 
2   8 
5.494863   1000.001 
Fit Mean:  5.494863  Size:  1000  Code:  2 
Try Mean:  8  Size:  100 
2   8 
8   100 
2   8 
8   100 
2   8 
8.000008   100 
2   8 
8   100.0001 
2   8 
7.964765   99.99994 
2   8 
7.964772   99.99994 
2   8 
7.964765   100 
2   8 
0.9177006   100.0338 
2   8 
6.94758   100.0048 
2   8 
6.947587   100.0048 
2   8 
6.94758   100.0049 
2   8 
3.620416   100.0418 
2   8 
5.885597   100.0166 
2   8 
5.885603   100.0166 
2   8 
5.885597   100.0167 
2   8 
5.36252   100.0265 
2   8 
5.362526   100.0265 
2   8 
5.36252   100.0266 
2   8 
5.555397   100.025 
2   8 
5.555402   100.025 
2   8 
5.555397   100.0251 
2   8 
5.539257   100.0275 
2   8 
5.539263   100.0275 
2   8 
5.539257   100.0276 
2   8 
5.538406   100.03 
2   8 
5.538411   100.03 
2   8 
5.538406   100.0301 
2   8 
5.537243   100.039 
2   8 
5.537248   100.039 
2   8 
5.537243   100.0391 
2   8 
5.535206   100.0702 
2   8 
5.535212   100.0702 
2   8 
5.535206   100.0703 
2   8 
5.531994   100.1587 
2   8 
5.532   100.1587 
2   8 
5.531994   100.1588 
2   8 
5.52673   100.4069 
2   8 
5.526736   100.4069 
2   8 
5.52673   100.407 
2   8 
5.518296   101.0714 
2   8 
5.518302   101.0714 
2   8 
5.518296   101.0715 
2   8 
5.505033   102.805 
2   8 
5.505039   102.805 
2   8 
5.505033   102.8051 
2   8 
5.485619   107.1015 
2   8 
5.485624   107.1015 
2   8 
5.485619   107.1016 
2   8 
5.461629   116.8921 
2   8 
5.461634   116.8921 
2   8 
5.461629   116.8922 
2   8 
5.441703   136.916 
2   8 
5.441708   136.916 
2   8 
5.441703   136.9161 
2   8 
5.44229   174.0912 
2   8 
5.442296   174.0912 
2   8 
5.44229   174.0914 
2   8 
5.473073   231.827 
2   8 
5.473078   231.827 
2   8 
5.473073   231.8272 
2   8 
5.505899   299.76 
2   8 
5.505905   299.76 
2   8 
5.505899   299.7603 
2   8 
5.521976   373.3159 
2   8 
5.521982   373.3159 
2   8 
5.521976   373.3163 
2   8 
5.524758   477.0193 
2   8 
5.524764   477.0193 
2   8 
5.524758   477.0197 
2   8 
5.513988   637.8414 
2   8 
5.513994   637.8414 
2   8 
5.513988   637.842 
2   8 
5.496848   852.7663 
2   8 
5.496854   852.7663 
2   8 
5.496848   852.7672 
2   8 
5.484845   1098.771 
2   8 
5.484851   1098.771 
2   8 
5.484845   1098.772 
2   8 
5.479953   1404.549 
2   8 
5.479959   1404.549 
2   8 
5.479953   1404.551 
2   8 
5.481557   1845.893 
2   8 
5.481562   1845.893 
2   8 
5.481557   1845.894 
2   8 
5.487606   2453.32 
2   8 
5.487611   2453.32 
2   8 
5.487606   2453.322 
2   8 
5.49321   3211.423 
2   8 
5.493215   3211.423 
2   8 
5.49321   3211.426 
2   8 
5.4959   4164.238 
2   8 
5.495906   4164.238 
2   8 
5.4959   4164.242 
2   8 
5.495551   5476.696 
2   8 
5.495557   5476.696 
2   8 
5.495551   5476.702 
2   8 
5.492943   7291.091 
2   8 
5.492949   7291.091 
2   8 
5.492943   7291.099 
2   8 
5.490016   9634.196 
2   8 
5.490022   9634.196 
2   8 
5.490016   9634.206 
2   8 
5.488242   12588.05 
2   8 
5.488248   12588.05 
2   8 
5.488242   12588.07 
2   8 
5.487928   16526.67 
2   8 
5.487933   16526.67 
2   8 
5.487928   16526.69 
2   8 
5.488808   21921.62 
2   8 
5.488814   21921.62 
2   8 
5.488808   21921.64 
2   8 
5.490101   29019.39 
2   8 
5.490106   29019.39 
2   8 
5.490101   29019.42 
2   8 
5.491026   38125.01 
2   8 
5.491031   38125.01 
2   8 
5.491026   38125.05 
2   8 
5.491311   50467.92 
2   8 
5.491317   50467.92 
2   8 
5.491311   50467.97 
2   8 
5.490973   65960.56 
2   8 
5.490979   65960.56 
2   8 
5.490973   65960.63 
2   8 
5.490314   89734.28 
2   8 
5.49032   89734.28 
2   8 
5.490314   89734.37 
2   8 
5.48988   114268.7 
2   8 
5.489886   114268.7 
2   8 
5.48988   114268.8 
2   8 
5.489671   149455.9 
2   8 
5.489677   149455.9 
2   8 
5.489671   149456.1 
2   8 
5.489747   194345.6 
2   8 
5.489753   194345.6 
2   8 
5.489747   194345.8 
2   8 
5.490002   294665.1 
2   8 
5.490007   294665.1 
2   8 
5.490002   294665.4 
2   8 
5.490144   355149.7 
2   8 
5.49015   355149.7 
2   8 
5.490144   355150.1 
2   8 
5.490266   455469.2 
2   8 
5.490271   455469.2 
2   8 
5.490266   455469.7 
2   8 
5.490292   555788.7 
2   8 
5.490298   555788.7 
2   8 
5.490292   555789.3 
2   8 
5.490321   656108.2 
2   8 
5.490327   656108.2 
2   8 
5.490321   656108.9 
2   8 
5.490235   676248 
2   8 
5.49024   676248 
2   8 
5.490235   676248.7 
2   8 
5.490201   663716.1 
2   8 
5.490226   673146.5 
2   8 
5.490233   675584.5 
2   8 
5.490234   676102.8 
2   8 
5.490235   676216.4 
2   8 
5.490235   676241 
2   8 
5.490235   676246.5 
2   8 
5.490235   676247.7 
2   8 
5.490784   676248 
2   8 
5.489686   676248 
2   8 
5.490235   676315.7 
2   8 
5.490235   676180.4 
2   8 
5.49015   690332.7 
2   8 
5.490699   690332.7 
2   8 
5.489601   690332.7 
2   8 
5.49015   690401.7 
2   8 
5.49015   690263.6 
2   8 
5.490114   703646.9 
2   8 
5.490663   703646.9 
2   8 
5.489565   703646.9 
2   8 
5.490114   703717.3 
2   8 
5.490114   703576.5 
2   8 
5.490098   716267.3 
2   8 
5.490647   716267.3 
2   8 
5.489549   716267.3 
2   8 
5.490098   716339 
2   8 
5.490098   716195.7 
2   8 
5.490048   816586.8 
2   8 
5.490597   816586.8 
2   8 
5.489499   816586.8 
2   8 
5.490048   816668.5 
2   8 
5.490048   816505.2 
2   8 
5.490037   916906.3 
2   8 
5.490586   916906.3 
2   8 
5.489488   916906.3 
2   8 
5.490037   916998 
2   8 
5.490037   916814.6 
2   8 
5.490043   1017226 
2   8 
5.490592   1017226 
2   8 
5.489494   1017226 
2   8 
5.490043   1017328 
2   8 
5.490043   1017124 
2   8 
5.490058   1117545 
2   8 
5.490607   1117545 
2   8 
5.489509   1117545 
2   8 
5.490058   1117657 
2   8 
5.490058   1117434 
2   8 
5.49007   1217865 
2   8 
5.490619   1217865 
2   8 
5.489521   1217865 
2   8 
5.49007   1217987 
2   8 
5.49007   1217743 
Fit Mean:  5.49007  Size:  1217865  Code:  5 
Try Mean:  8  Size:  10 
2   8 
8   10 
2   8 
8   10 
2   8 
8.000008   10 
2   8 
8   10.00001 
2   8 
7.98701   9.998556 
2   8 
7.987018   9.998556 
2   8 
7.98701   9.998566 
2   8 
3.291484   10.85859 
2   8 
6.970409   10.18476 
2   8 
6.970416   10.18476 
2   8 
6.970409   10.18477 
2   8 
4.657255   11.31858 
2   8 
6.236146   10.54467 
2   8 
6.236152   10.54467 
2   8 
6.236146   10.54468 
2   8 
5.848469   10.97205 
2   8 
5.848475   10.97205 
2   8 
5.848469   10.97206 
2   8 
5.950627   11.06038 
2   8 
5.950633   11.06038 
2   8 
5.950627   11.06039 
2   8 
6.0148   11.56802 
2   8 
6.014806   11.56802 
2   8 
6.0148   11.56803 
2   8 
6.05705   13.6645 
2   8 
6.057057   13.6645 
2   8 
6.05705   13.66452 
2   8 
5.940881   17.8903 
2   8 
5.940887   17.8903 
2   8 
5.940881   17.89032 
2   8 
5.56714   27.40505 
2   8 
5.567146   27.40505 
2   8 
5.56714   27.40508 
2   8 
5.53397   31.64239 
2   8 
5.533976   31.64239 
2   8 
5.53397   31.64242 
2   8 
5.576567   43.46248 
2   8 
5.576573   43.46248 
2   8 
5.576567   43.46253 
2   8 
5.565136   56.17586 
2   8 
5.565142   56.17586 
2   8 
5.565136   56.17591 
2   8 
5.539037   75.33019 
2   8 
5.539043   75.33019 
2   8 
5.539037   75.33026 
2   8 
5.527469   99.50213 
2   8 
5.527474   99.50213 
2   8 
5.527469   99.50223 
2   8 
5.518279   131.9839 
2   8 
5.518284   131.9839 
2   8 
5.518279   131.984 
2   8 
5.511448   174.7799 
2   8 
5.511454   174.7799 
2   8 
5.511448   174.7801 
2   8 
5.506215   231.5886 
2   8 
5.506221   231.5886 
2   8 
5.506215   231.5888 
2   8 
5.502295   306.7829 
2   8 
5.5023   306.7829 
2   8 
5.502295   306.7832 
2   8 
5.499307   406.4233 
2   8 
5.499312   406.4233 
2   8 
5.499307   406.4237 
2   8 
5.497067   538.4025 
2   8 
5.497072   538.4025 
2   8 
5.497067   538.403 
2   8 
5.49536   713.2448 
2   8 
5.495366   713.2448 
2   8 
5.49536   713.2456 
2   8 
5.494082   944.8563 
2   8 
5.494088   944.8563 
2   8 
5.494082   944.8572 
2   8 
5.493108   1251.681 
2   8 
5.493113   1251.681 
2   8 
5.493108   1251.682 
2   8 
5.49238   1658.128 
2   8 
5.492385   1658.128 
2   8 
5.49238   1658.13 
2   8 
5.491823   2196.579 
2   8 
5.491829   2196.579 
2   8 
5.491823   2196.581 
2   8 
5.491409   2909.77 
2   8 
5.491415   2909.77 
2   8 
5.491409   2909.773 
2   8 
5.491091   3854.767 
2   8 
5.491097   3854.767 
2   8 
5.491091   3854.771 
2   8 
5.490855   5106.547 
2   8 
5.490861   5106.547 
2   8 
5.490855   5106.552 
2   8 
5.490674   6764.574 
2   8 
5.490679   6764.574 
2   8 
5.490674   6764.581 
2   8 
5.49054   8961.143 
2   8 
5.490545   8961.143 
2   8 
5.49054   8961.152 
2   8 
5.490436   11870.54 
2   8 
5.490441   11870.54 
2   8 
5.490436   11870.56 
2   8 
5.49036   15727.25 
2   8 
5.490365   15727.25 
2   8 
5.49036   15727.27 
2   8 
5.490301   20829.2 
2   8 
5.490306   20829.2 
2   8 
5.490301   20829.22 
2   8 
5.490258   27586.93 
2   8 
5.490263   27586.93 
2   8 
5.490258   27586.96 
2   8 
5.490223   36615.21 
2   8 
5.490228   36615.21 
2   8 
5.490223   36615.25 
2   8 
5.4902   48324.93 
2   8 
5.490205   48324.93 
2   8 
5.4902   48324.98 
2   8 
5.490183   61131.18 
2   8 
5.490188   61131.18 
2   8 
5.490183   61131.24 
2   8 
5.490174   73937.43 
2   8 
5.490179   73937.43 
2   8 
5.490174   73937.51 
2   8 
5.490165   86743.68 
2   8 
5.490171   86743.68 
2   8 
5.490165   86743.77 
2   8 
5.49016   99549.93 
2   8 
5.490166   99549.93 
2   8 
5.49016   99550.03 
2   8 
5.490156   112356.2 
2   8 
5.490162   112356.2 
2   8 
5.490156   112356.3 
Fit Mean:  5.490156  Size:  112356.2  Code:  5 
Try Mean:  8  Size:  1 
2   8 
8   1 
2   8 
8   1 
2   8 
8.000008   1 
2   8 
8   1.000001 
2   8 
8.003375   1.035426 
2   8 
8.003383   1.035426 
2   8 
8.003375   1.035427 
2   8 
8.22338   2.086334 
2   8 
8.223388   2.086334 
2   8 
8.22338   2.086336 
2   8 
8.403998   2.725514 
2   8 
8.404006   2.725514 
2   8 
8.403998   2.725517 
2   8 
8.558922   3.373267 
2   8 
8.558931   3.373267 
2   8 
8.558922   3.373271 
2   8 
8.588414   3.761273 
2   8 
8.588422   3.761273 
2   8 
8.588414   3.761277 
2   8 
8.527966   4.081782 
2   8 
8.527975   4.081782 
2   8 
8.527966   4.081786 
2   8 
8.235969   4.812903 
2   8 
8.235977   4.812903 
2   8 
8.235969   4.812908 
2   8 
1.933397   18.68298 
2   8 
7.605712   6.199911 
2   8 
7.605719   6.199911 
2   8 
7.605712   6.199917 
Fit Mean:  -1.426607  Size:  26.09737  Code:  1 
Try Mean:  8  Size:  0.1 
2   8 
8   0.1 
2   8 
8   0.1 
2   8 
8.000008   0.1 
2   8 
8   0.100001 
2   8 
8.000674   0.1883972 
2   8 
8.000682   0.1883972 
2   8 
8.000674   0.1883982 
2   8 
8.076089   1.06906 
2   8 
8.076097   1.06906 
2   8 
8.076089   1.069061 
2   8 
8.182884   1.700458 
2   8 
8.182892   1.700458 
2   8 
8.182884   1.700459 
2   8 
8.342499   2.498099 
2   8 
8.342508   2.498099 
2   8 
8.342499   2.498101 
2   8 
8.475766   3.169816 
2   8 
8.475774   3.169816 
2   8 
8.475766   3.169819 
2   8 
8.556487   3.671726 
2   8 
8.556495   3.671726 
2   8 
8.556487   3.67173 
2   8 
8.574525   3.951345 
2   8 
8.574533   3.951345 
2   8 
8.574525   3.951348 
2   8 
8.553028   4.143631 
2   8 
8.553036   4.143631 
2   8 
8.553028   4.143636 
2   8 
8.442002   4.541609 
2   8 
8.44201   4.541609 
2   8 
8.442002   4.541613 
2   8 
7.861056   6.067331 
2   8 
7.861063   6.067331 
2   8 
7.861056   6.067337 
2   8 
7.015662   8.252548 
2   8 
7.015669   8.252548 
2   8 
7.015662   8.252556 
2   8 
5.758104   11.67898 
2   8 
5.758109   11.67898 
2   8 
5.758104   11.67899 
2   8 
5.913793   11.39287 
2   8 
5.913799   11.39287 
2   8 
5.913793   11.39288 
2   8 
5.879601   11.72159 
2   8 
5.879607   11.72159 
2   8 
5.879601   11.7216 
2   8 
5.607023   16.52717 
2   8 
5.607029   16.52717 
2   8 
5.607023   16.52719 
2   8 
5.614753   20.21916 
2   8 
5.614759   20.21916 
2   8 
5.614753   20.21918 
2   8 
5.656729   27.12689 
2   8 
5.656734   27.12689 
2   8 
5.656729   27.12692 
2   8 
5.601629   35.72309 
2   8 
5.601635   35.72309 
2   8 
5.601629   35.72312 
2   8 
5.570612   47.77058 
2   8 
5.570618   47.77058 
2   8 
5.570612   47.77063 
2   8 
5.552322   63.19877 
2   8 
5.552327   63.19877 
2   8 
5.552322   63.19883 
2   8 
5.535649   83.89072 
2   8 
5.535654   83.89072 
2   8 
5.535649   83.8908 
2   8 
5.526063   111.1596 
2   8 
5.526068   111.1596 
2   8 
5.526063   111.1597 
2   8 
5.515272   147.3782 
2   8 
5.515278   147.3782 
2   8 
5.515272   147.3783 
2   8 
5.511851   195.2837 
2   8 
5.511856   195.2837 
2   8 
5.511851   195.2838 
2   8 
5.502545   258.9337 
2   8 
5.50255   258.9337 
2   8 
5.502545   258.934 
2   8 
5.505343   343.2658 
2   8 
5.505348   343.2658 
2   8 
5.505343   343.2661 
2   8 
5.493061   456.3061 
2   8 
5.493067   456.3061 
2   8 
5.493061   456.3065 
2   8 
5.502894   607.6153 
2   8 
5.502899   607.6153 
2   8 
5.502894   607.6159 
2   8 
5.489816   810.765 
2   8 
5.489821   810.765 
2   8 
5.489816   810.7658 
2   8 
5.495128   1075.096 
2   8 
5.495133   1075.096 
2   8 
5.495128   1075.097 
2   8 
5.492237   1424.043 
2   8 
5.492242   1424.043 
2   8 
5.492237   1424.044 
2   8 
5.492149   1886.999 
2   8 
5.492154   1886.999 
2   8 
5.492149   1887.001 
2   8 
5.491534   2499.319 
2   8 
5.491539   2499.319 
2   8 
5.491534   2499.321 
2   8 
5.491221   3311.075 
2   8 
5.491226   3311.075 
2   8 
5.491221   3311.078 
2   8 
5.490942   4386.151 
2   8 
5.490947   4386.151 
2   8 
5.490942   4386.156 
2   8 
5.490744   5810.203 
2   8 
5.490749   5810.203 
2   8 
5.490744   5810.208 
2   8 
5.49059   7697.561 
2   8 
5.490596   7697.561 
2   8 
5.49059   7697.569 
2   8 
5.490476   10196.42 
2   8 
5.490481   10196.42 
2   8 
5.490476   10196.43 
2   8 
5.490389   13503.53 
2   8 
5.490394   13503.53 
2   8 
5.490389   13503.54 
2   8 
5.490323   17893.34 
2   8 
5.490328   17893.34 
2   8 
5.490323   17893.36 
2   8 
5.490273   23717.1 
2   8 
5.490279   23717.1 
2   8 
5.490273   23717.12 
2   8 
5.490237   31379.95 
2   8 
5.490242   31379.95 
2   8 
5.490237   31379.99 
2   8 
5.490214   39380.58 
2   8 
5.49022   39380.58 
2   8 
5.490214   39380.62 
2   8 
5.4902   47381.2 
2   8 
5.490205   47381.2 
2   8 
5.4902   47381.25 
2   8 
5.490189   55381.83 
2   8 
5.490195   55381.83 
2   8 
5.490189   55381.89 
2   8 
5.490181   63382.45 
2   8 
5.490187   63382.45 
2   8 
5.490181   63382.52 
2   8 
5.490175   71383.08 
2   8 
5.490181   71383.08 
2   8 
5.490175   71383.15 
Fit Mean:  5.490175  Size:  71383.08  Code:  5 
Try Mean:  8  Size:  0.01 
2   8 
8   0.01 
2   8 
8   0.01 
2   8 
8.000008   0.01 
2   8 
8   0.010001 
2   8 
8.000072   0.1076686 
2   8 
8.00008   0.1076686 
2   8 
8.000072   0.1076696 
2   8 
8.0632   0.9669085 
2   8 
8.063208   0.9669085 
2   8 
8.0632   0.9669095 
2   8 
8.159068   1.591935 
2   8 
8.159076   1.591935 
2   8 
8.159068   1.591937 
2   8 
8.307252   2.389107 
2   8 
8.30726   2.389107 
2   8 
8.307252   2.389109 
2   8 
8.438443   3.082729 
2   8 
8.438451   3.082729 
2   8 
8.438443   3.082732 
2   8 
8.526136   3.626188 
2   8 
8.526144   3.626188 
2   8 
8.526136   3.626192 
2   8 
8.553419   3.941171 
2   8 
8.553428   3.941171 
2   8 
8.553419   3.941175 
2   8 
8.540844   4.128014 
2   8 
8.540852   4.128014 
2   8 
8.540844   4.128018 
2   8 
8.468935   4.436422 
2   8 
8.468943   4.436422 
2   8 
8.468935   4.436427 
2   8 
8.136604   5.37729 
2   8 
8.136612   5.37729 
2   8 
8.136604   5.377295 
2   8 
7.782844   6.277414 
2   8 
7.782851   6.277414 
2   8 
7.782844   6.27742 
2   8 
7.291015   7.600918 
2   8 
7.291022   7.600918 
2   8 
7.291015   7.600926 
2   8 
6.623405   9.515971 
2   8 
6.623412   9.515971 
2   8 
6.623405   9.51598 
Fit Mean:  -265.823  Size:  806.8242  Code:  1 
Try Mean:  8  Size:  0.001 
2   8 
8   0.001 
2   8 
8   0.001 
2   8 
8.000008   0.001 
2   8 
8   0.001001 
2   8 
8.000007   0.09965784 
2   8 
8.000015   0.09965784 
2   8 
8.000007   0.09965884 
2   8 
8.061949   0.9567187 
2   8 
8.061957   0.9567187 
2   8 
8.061949   0.9567197 
2   8 
8.156729   1.581084 
2   8 
8.156737   1.581084 
2   8 
8.156729   1.581086 
2   8 
8.303711   2.37806 
2   8 
8.30372   2.37806 
2   8 
8.303711   2.378062 
2   8 
8.434569   3.073679 
2   8 
8.434577   3.073679 
2   8 
8.434569   3.073682 
2   8 
8.52284   3.621251 
2   8 
8.522849   3.621251 
2   8 
8.52284   3.621254 
2   8 
8.551022   3.940114 
2   8 
8.551031   3.940114 
2   8 
8.551022   3.940118 
2   8 
8.539233   4.127178 
2   8 
8.539241   4.127178 
2   8 
8.539233   4.127182 
2   8 
8.470473   4.428035 
2   8 
8.470482   4.428035 
2   8 
8.470473   4.42804 
2   8 
8.154387   5.331101 
2   8 
8.154395   5.331101 
2   8 
8.154387   5.331106 
2   8 
7.825897   6.164528 
2   8 
7.825905   6.164528 
2   8 
7.825897   6.164534 
2   8 
7.378294   7.363141 
2   8 
7.378302   7.363141 
2   8 
7.378294   7.363149 
2   8 
6.769087   9.105775 
2   8 
6.769094   9.105775 
2   8 
6.769087   9.105784 
2   8 
6.104763   11.11609 
2   8 
6.104769   11.11609 
2   8 
6.104763   11.1161 
2   8 
5.426919   13.3887 
2   8 
5.819032   12.07406 
2   8 
5.819038   12.07406 
2   8 
5.819032   12.07407 
2   8 
5.78151   12.36569 
2   8 
5.781516   12.36569 
2   8 
5.78151   12.36571 
2   8 
5.611828   14.89064 
2   8 
5.611833   14.89064 
2   8 
5.611828   14.89066 
2   8 
5.560072   18.14414 
2   8 
5.560077   18.14414 
2   8 
5.560072   18.14416 
2   8 
5.623679   24.16277 
2   8 
5.623684   24.16277 
2   8 
5.623679   24.16279 
2   8 
5.644285   31.20256 
2   8 
5.644291   31.20256 
2   8 
5.644285   31.2026 
2   8 
5.60133   41.56462 
2   8 
5.601336   41.56462 
2   8 
5.60133   41.56466 
2   8 
5.552178   55.55737 
2   8 
5.552183   55.55737 
2   8 
5.552178   55.55742 
2   8 
5.534828   73.46366 
2   8 
5.534834   73.46366 
2   8 
5.534828   73.46373 
2   8 
5.527844   97.24162 
2   8 
5.527849   97.24162 
2   8 
5.527844   97.24172 
2   8 
5.518704   128.7628 
2   8 
5.518709   128.7628 
2   8 
5.518704   128.763 
2   8 
5.511624   170.6101 
2   8 
5.51163   170.6101 
2   8 
5.511624   170.6103 
2   8 
5.506392   225.9932 
2   8 
5.506397   225.9932 
2   8 
5.506392   225.9934 
2   8 
5.502404   299.3804 
2   8 
5.50241   299.3804 
2   8 
5.502404   299.3807 
2   8 
5.499405   396.5854 
2   8 
5.49941   396.5854 
2   8 
5.499405   396.5858 
2   8 
5.497131   525.3586 
2   8 
5.497136   525.3586 
2   8 
5.497131   525.3592 
2   8 
5.495416   695.9437 
2   8 
5.495422   695.9437 
2   8 
5.495416   695.9444 
2   8 
5.494119   921.9204 
2   8 
5.494125   921.9204 
2   8 
5.494119   921.9213 
2   8 
5.49314   1221.276 
2   8 
5.493146   1221.276 
2   8 
5.49314   1221.277 
2   8 
5.492401   1617.834 
2   8 
5.492406   1617.834 
2   8 
5.492401   1617.836 
2   8 
5.491842   2143.169 
2   8 
5.491848   2143.169 
2   8 
5.491842   2143.172 
2   8 
5.49142   2839.111 
2   8 
5.491426   2839.111 
2   8 
5.49142   2839.114 
2   8 
5.491102   3760.953 
2   8 
5.491108   3760.953 
2   8 
5.491102   3760.956 
2   8 
5.490862   4982.201 
2   8 
5.490867   4982.201 
2   8 
5.490862   4982.206 
2   8 
5.49068   6599.9 
2   8 
5.490686   6599.9 
2   8 
5.49068   6599.906 
2   8 
5.490543   8743.647 
2   8 
5.490549   8743.647 
2   8 
5.490543   8743.656 
2   8 
5.49044   11581.43 
2   8 
5.490445   11581.43 
2   8 
5.49044   11581.44 
2   8 
5.490362   15336.57 
2   8 
5.490367   15336.57 
2   8 
5.490362   15336.58 
2   8 
5.490302   20333.14 
2   8 
5.490308   20333.14 
2   8 
5.490302   20333.16 
2   8 
5.490259   26915.72 
2   8 
5.490264   26915.72 
2   8 
5.490259   26915.75 
2   8 
5.490227   34915.72 
2   8 
5.490233   34915.72 
2   8 
5.490227   34915.76 
2   8 
5.490209   42915.72 
2   8 
5.490214   42915.72 
2   8 
5.490209   42915.77 
2   8 
5.490196   50915.72 
2   8 
5.490201   50915.72 
2   8 
5.490196   50915.78 
2   8 
5.490186   58915.72 
2   8 
5.490192   58915.72 
2   8 
5.490186   58915.78 
2   8 
5.490179   66915.72 
2   8 
5.490185   66915.72 
2   8 
5.490179   66915.79 
Fit Mean:  5.490179  Size:  66915.72  Code:  5 
Try Mean:  2  Size:  10000 
2   8 
2   10000 
2   8 
2   10000 
2   8 
2.000002   10000 
2   8 
2   10000.01 
2   8 
2.235979   10000 
2   8 
2.235981   10000 
2   8 
2.235979   10000.01 
2   8 
4.031143   10000 
2   8 
4.031147   10000 
2   8 
4.031143   10000.01 
2   8 
4.823792   10000 
2   8 
4.823797   10000 
2   8 
4.823792   10000.01 
2   8 
5.308396   10000 
2   8 
5.308401   10000 
2   8 
5.308396   10000.01 
2   8 
5.463218   10000 
2   8 
5.463223   10000 
2   8 
5.463218   10000.01 
2   8 
5.489353   10000 
2   8 
5.489358   10000 
2   8 
5.489353   10000.01 
2   8 
5.490586   10000 
2   8 
5.490591   10000 
2   8 
5.490586   10000.01 
2   8 
5.490595   10000 
2   8 
5.4906   10000 
2   8 
5.490595   10000.01 
2   8 
5.490595   10000 
2   8 
5.4906   10000 
2   8 
5.490595   10000.01 
Fit Mean:  5.490595  Size:  10000  Code:  2 
Try Mean:  2  Size:  1000 
2   8 
2   1000 
2   8 
2   1000 
2   8 
2.000002   1000 
2   8 
2   1000.001 
2   8 
2.235759   1000 
2   8 
2.235761   1000 
2   8 
2.235759   1000.001 
2   8 
4.027785   1000 
2   8 
4.027789   1000 
2   8 
4.027785   1000.001 
2   8 
4.821141   1000 
2   8 
4.821146   1000 
2   8 
4.821141   1000.001 
2   8 
5.309169   1000 
2   8 
5.309175   1000 
2   8 
5.309169   1000.001 
2   8 
5.466572   1000 
2   8 
5.466577   1000 
2   8 
5.466572   1000.001 
2   8 
5.49355   1000 
2   8 
5.493556   1000 
2   8 
5.49355   1000.001 
2   8 
5.494854   1000 
2   8 
5.494859   1000 
2   8 
5.494854   1000.001 
2   8 
5.494863   1000 
2   8 
5.494869   1000 
2   8 
5.494863   1000.001 
2   8 
5.494864   1000 
2   8 
5.494869   1000 
2   8 
5.494864   1000.001 
Fit Mean:  5.494864  Size:  1000  Code:  2 
Try Mean:  2  Size:  100 
2   8 
2   100 
2   8 
2   100 
2   8 
2.000002   100 
2   8 
2   100.0001 
2   8 
2.233561   99.99996 
2   8 
2.233563   99.99996 
2   8 
2.233561   100.0001 
2   8 
3.994812   99.99976 
2   8 
3.994816   99.99976 
2   8 
3.994812   99.99986 
2   8 
4.794702   99.99993 
2   8 
4.794706   99.99993 
2   8 
4.794702   100 
2   8 
5.316061   100.0002 
2   8 
5.316066   100.0002 
2   8 
5.316061   100.0003 
2   8 
5.499894   100.0004 
2   8 
5.4999   100.0004 
2   8 
5.499894   100.0005 
2   8 
5.53626   100.0006 
2   8 
5.536265   100.0006 
2   8 
5.53626   100.0007 
2   8 
5.538466   100.0007 
2   8 
5.538472   100.0007 
2   8 
5.538466   100.0008 
2   8 
5.538508   100.0008 
2   8 
5.538514   100.0008 
2   8 
5.538508   100.0009 
2   8 
5.53951   100.0058 
2   8 
5.539516   100.0058 
2   8 
5.53951   100.0059 
2   8 
5.540551   100.0161 
2   8 
5.540556   100.0161 
2   8 
5.540551   100.0162 
2   8 
5.542581   100.0514 
2   8 
5.542586   100.0514 
2   8 
5.542581   100.0515 
2   8 
5.545621   100.1427 
2   8 
5.545627   100.1427 
2   8 
5.545621   100.1428 
2   8 
5.550592   100.3944 
2   8 
5.550597   100.3944 
2   8 
5.550592   100.3945 
2   8 
5.558279   101.0528 
2   8 
5.558285   101.0528 
2   8 
5.558279   101.0529 
2   8 
5.56985   102.7588 
2   8 
5.569856   102.7588 
2   8 
5.56985   102.7589 
2   8 
5.585591   106.9979 
2   8 
5.585597   106.9979 
2   8 
5.585591   106.9981 
2   8 
5.602697   116.9436 
2   8 
5.602703   116.9436 
2   8 
5.602697   116.9437 
2   8 
5.611387   138.7548 
2   8 
5.611392   138.7548 
2   8 
5.611387   138.755 
2   8 
5.592649   183.5424 
2   8 
5.592655   183.5424 
2   8 
5.592649   183.5426 
2   8 
5.536636   258.0321 
2   8 
5.536641   258.0321 
2   8 
5.536636   258.0324 
2   8 
5.48831   332.9181 
2   8 
5.488315   332.9181 
2   8 
5.48831   332.9184 
2   8 
5.470391   389.0824 
2   8 
5.470397   389.0824 
2   8 
5.470391   389.0828 
2   8 
5.462353   478.0751 
2   8 
5.462359   478.0751 
2   8 
5.462353   478.0756 
2   8 
5.469019   627.2069 
2   8 
5.469024   627.2069 
2   8 
5.469019   627.2075 
2   8 
5.486624   834.192 
2   8 
5.486629   834.192 
2   8 
5.486624   834.1928 
2   8 
5.499893   1069.56 
2   8 
5.499899   1069.56 
2   8 
5.499893   1069.561 
2   8 
5.505354   1354.698 
2   8 
5.50536   1354.698 
2   8 
5.505354   1354.699 
2   8 
5.503925   1775.412 
2   8 
5.503931   1775.412 
2   8 
5.503925   1775.414 
2   8 
5.496921   2376.812 
2   8 
5.496926   2376.812 
2   8 
5.496921   2376.814 
2   8 
5.489679   3127.986 
2   8 
5.489684   3127.986 
2   8 
5.489679   3127.989 
2   8 
5.485648   4031.476 
2   8 
5.485653   4031.476 
2   8 
5.485648   4031.48 
2   8 
5.484976   5254.725 
2   8 
5.484981   5254.725 
2   8 
5.484976   5254.73 
2   8 
5.487155   6975.964 
2   8 
5.48716   6975.964 
2   8 
5.487155   6975.971 
2   8 
5.490253   9227.431 
2   8 
5.490258   9227.431 
2   8 
5.490253   9227.44 
2   8 
5.492346   12041.13 
2   8 
5.492351   12041.13 
2   8 
5.492346   12041.14 
2   8 
5.492912   15757.59 
2   8 
5.492918   15757.59 
2   8 
5.492912   15757.61 
2   8 
5.492105   20889.69 
2   8 
5.492111   20889.69 
2   8 
5.492105   20889.71 
2   8 
5.490656   27709.01 
2   8 
5.490661   27709.01 
2   8 
5.490656   27709.04 
2   8 
5.489476   36445.43 
2   8 
5.489481   36445.43 
2   8 
5.489476   36445.47 
2   8 
5.488994   47706.1 
2   8 
5.488999   47706.1 
2   8 
5.488994   47706.15 
2   8 
5.489191   63068.05 
2   8 
5.489197   63068.05 
2   8 
5.489191   63068.11 
2   8 
5.489795   84123.85 
2   8 
5.489801   84123.85 
2   8 
5.489795   84123.94 
2   8 
5.490335   108646.8 
2   8 
5.49034   108646.8 
2   8 
5.490335   108646.9 
2   8 
5.49074   150767.5 
2   8 
5.490746   150767.5 
2   8 
5.49074   150767.7 
2   8 
5.490658   188268.4 
2   8 
5.490664   188268.4 
2   8 
5.490658   188268.6 
2   8 
5.490349   242957.9 
2   8 
5.490354   242957.9 
2   8 
5.490349   242958.1 
2   8 
5.489967   342977.9 
2   8 
5.489973   342977.9 
2   8 
5.489967   342978.2 
2   8 
5.489828   442997.9 
2   8 
5.489834   442997.9 
2   8 
5.489828   442998.3 
2   8 
5.48995   467566.3 
2   8 
5.489956   467566.3 
2   8 
5.48995   467566.8 
2   8 
5.4901   490497.8 
2   8 
5.490105   490497.8 
2   8 
5.4901   490498.3 
2   8 
5.490342   590517.8 
2   8 
5.490347   590517.8 
2   8 
5.490342   590518.4 
2   8 
5.490496   690537.8 
2   8 
5.490501   690537.8 
2   8 
5.490496   690538.5 
2   8 
5.490376   790557.8 
2   8 
5.490382   790557.8 
2   8 
5.490376   790558.6 
2   8 
5.490251   765240.2 
2   8 
5.490344   784012.9 
2   8 
5.490369   789058.7 
2   8 
5.490375   790205.2 
2   8 
5.490376   790475.3 
2   8 
5.490376   790538.6 
2   8 
5.490376   790553.4 
2   8 
5.490376   790556.9 
2   8 
5.490376   790557.7 
2   8 
5.490925   790557.8 
2   8 
5.489827   790557.8 
2   8 
5.490376   790636.9 
2   8 
5.490376   790478.7 
2   8 
5.49022   826062.3 
2   8 
5.490769   826062.3 
2   8 
5.489671   826062.3 
2   8 
5.49022   826144.9 
2   8 
5.49022   825979.7 
2   8 
5.490153   857925.9 
2   8 
5.490702   857925.9 
2   8 
5.489604   857925.9 
2   8 
5.490153   858011.7 
2   8 
5.490153   857840.2 
2   8 
5.490124   887387.4 
2   8 
5.490673   887387.4 
2   8 
5.489575   887387.4 
2   8 
5.490124   887476.1 
2   8 
5.490124   887298.7 
Fit Mean:  5.490124  Size:  887387.4  Code:  1 
> 
> cat("Final Fit Mean: ", nb_fit_mu, " Size: ", nb_fit_size, " Code: ", nb_fit$code, " Try Size: ", try_size, "\n")
Final Fit Mean:  5.490124  Size:  887387.4  Code:  1  Try Size:  100 
> 
> ## Fit failed = reset parameters so graphing and output code can recognize this
> if ((nb_fit_mu < 0) || (nb_fit_size < 0) || (nb_fit$code != 1))
+ {
+   nb_fit_mu = 0
+   nb_fit_size = 0
+ }
> 
> 
> ## things can go wrong with fitting and we can still end up with invalid values
> 
> fit_nb = c()
> included_fract = 0
> if (nb_fit_mu > 0)
+ {
+   end_fract = pnbinom(end_i_for_fits, mu = nb_fit_mu, size=nb_fit_size)
+   start_fract = pnbinom(start_i_for_fits, mu = nb_fit_mu, size=nb_fit_size)
+   included_fract = end_fract-start_fract;
+ 
+   if (included_fract >= 0.01) {
+ 
+     ## Adjust so that we are back in full coords before making fit!!
+     if (num_per_bin > 1) 
+     {
+       nb_fit_mu = nb_fit_mu * num_per_bin
+     }
+     fit_nb = dnbinom(0:max(X$coverage), mu = nb_fit_mu, size=nb_fit_size)*inner_total/included_fract;
+   }
+ }
> 
> ## If an insufficient amount of fit was included, then invalidate it
> if (included_fract < 0.01)
+ {
+   nb_fit_mu = 0
+   nb_fit_size = 0
+ }
> 
> f_p <- function(par) {
+ 
+   lambda = par[1];
+ 
+   if (lambda <= 0)
+   {
+     return(0);
+   }
+   
+ 	total <- 0;
+ 	for (i in start_i_for_fits:end_i_for_fits)
+ 	{	
+     #cat(i, " ", lambda, "\n");
+ 		dist[i] <- dpois(i, lambda=lambda);
+ 		total <- total + dist[i] 
+ 	}
+ 	#print (total)
+ 
+  	l <- 0;
+ 	for (i in start_i_for_fits:end_i_for_fits)
+ 	{
+ 		l <- l + ((X.for.fits[i]/inner_total)-(dist[i]/total))^2;
+ 	}
+ 	return(l);
+ }
> 
> 
> ## Fit Poisson 
> ## - allow fit to fail and set all params to zero/empty if that is the case
> 
> p_fit = NULL
> try(suppressWarnings(p_fit<-nlm(f_p, c(m), print.level=this.print.level)))
> 
> fit_p = c()
> if (!is.null(p_fit) && (p_fit$estimate[1] > 0))
+ {
+   #print (nb_fit$estimate[1])
+   p_fit_lambda = p_fit$estimate[1];
+   #print(0:max(X$coverage))
+ 
+   end_fract = ppois(end_i_for_fits, lambda = p_fit_lambda)
+   start_fract = ppois(start_i_for_fits, lambda = p_fit_lambda)
+   included_fract = end_fract-start_fract;
+ 
+   ## Adjust so that we are back in full coords before making fit!!
+   if (num_per_bin > 1) 
+   {
+     p_fit_lambda = p_fit_lambda * num_per_bin
+   }
+   fit_p<-dpois(0:max(X$coverage), lambda = p_fit_lambda)*inner_total/included_fract;
+ }
> 
> 
> ## Graphing
> ##
> ## don't graph very high values with very little coverage
> i<-max_i
> while (i <= length(X$n) && X$n[i]>0.01*max_n)
+ {		
+ 	i <- i+1;
+ }
> graph_end_i <-i
> 
> ## Ths leaves enough room to the right of the peak for the legend
> graph_end_i = max(floor(2.2 * max_i), graph_end_i);
> 
> ## graphics settings
> my_pch = 21
> my_col = "black";
> my_col_censored = "red";
> 
> if (pdf_output == 0) {
+   
+   ## bitmap() requires ghostscript to be installed.
+   ## taa=4, gaa=2 options NOT compatible with earlier R versions!
+   ## units = "px" NOT compatible with even earlier R versions!
+   
+   if(!capabilities(what = "png"))
+   {
+     ## fallback to ghostscript
+     bitmap(plot_file, height=6, width=7, type = "png16m", res = 72, pointsize=18)
+   } else {
+     ## use X11 function, which gives better resolution
+     png(plot_file, height=6, width=7, units ="in", res = 72, pointsize=18)
+     par(family="sans")
+   }
+ } else {
+   pdf(plot_file, height=6, width=7)
+   par(family="sans")
+ }
> 
> par(mar=c(5.5,7.5,3,1.5));
> 
> max_y = 0
> if (plot_poisson) {
+ 	max_y = max(X$n, fit_p, fit_nb)
+ } else {
+ 	max_y = max(X$n, fit_nb)
+ }
> 
> plot(0:10, 0:10, type="n", lty="solid", ylim=c(0, max_y)*1.05, xlim=c(0, graph_end_i), lwd=1, xaxs="i", yaxs="i", axes=F, las=1, main="Coverage Distribution at Unique-Only Positions", xlab="Coverage depth (reads)", ylab="", cex.lab=1.2, cex.axis=1.2)
> 
> mtext(side = 2, text = "Number of reference positions", line = 5.5, cex=1.2)
> 
> sciNotation <- function(x, digits = 1) {
+     if (length(x) > 1) {
+         return(append(sciNotation(x[1]), sciNotation(x[-1])))     
+ 	} 
+     if (!x) return(0) 
+ 
+ 	exponent <- floor(log10(x)) 
+     base <- round(x / 10^exponent, digits)     
+ 	as.expression(substitute(base %*% 10^exponent, list(base = base, exponent = exponent))) 
+ }
> 
> #axis(2, cex.lab=1.2, las=1, cex.axis=1.2, labels=T, at=(0:6)*50000)
> axis(2, cex.lab=1.2, las=1, cex.axis=1.2, at = axTicks(2), labels = sciNotation(axTicks(2), 1))
> axis(1, cex.lab=1.2, cex.axis=1.2, labels=T)
> box()
> 
> #graph the coverage as points
> fit_data <- subset(X, (coverage>=start_i) & (coverage<=end_i) );
> points(fit_data$coverage, fit_data$n, pch=my_pch, col=my_col, bg="white", cex=1.2)
> 
> #graph the censored coverage as red points
> cat(start_i, " ", end_i, "\n", sep="")
2 8
> 
> censored_data <- subset(X, (coverage<start_i) | (coverage>end_i) );
> points(censored_data$coverage, censored_data$n, pch=my_pch, col=my_col_censored, bg="white", cex=1.2)
> 
> #graph the poisson fit IF REQUESTED
> if (plot_poisson) {
+ 	lines(0:max(X$coverage), fit_p, lwd=3, lty="22", col="black");
+ }
> 
> #graph the negative binomial fit
> if (nb_fit_mu > 0) {
+   lines(0:max(X$coverage), fit_nb, lwd=3, col="black");
+ }
> 
> if (plot_poisson) {
+ 	legend("topright", c("Coverage distribution", "Censored data", "Negative binomial", "Poisson"), lty=c("blank","blank","solid","22"), lwd=c(1,1,2,2), pch=c(my_pch, my_pch, -1, -1), col=c("black", "red", "black", "black"), bty="n")
+ } else {
+ 	legend("topright", c("Coverage distribution", "Censored data", "Negative binomial"), lty=c("blank","blank","solid"), lwd=c(1,1,2), pch=c(my_pch, my_pch, -1), col=c("black", "red", "black"), bty="n")
+ }
> 
> dev.off()
null device 
          1 
> 
> ## Fit the marginal value that we use for propagating deletions
> 
> if (nb_fit_mu > 0) {
+   cat(nb_fit_size, " ", nb_fit_mu, "\n")
+   deletion_propagation_coverage = suppressWarnings(qnbinom(deletion_propagation_pr_cutoff, size = nb_fit_size, mu = nb_fit_mu))
+ } else {
+   cat("Fallback to calculating off an estimate of just variance = mu + mu^2/size\n")
+   size_estimate = (1/(v-m))*(m*m)
+   cat("Mu estimate=", m," Size estimate =", size_estimate, "\n")
+   deletion_propagation_coverage = suppressWarnings(qnbinom(deletion_propagation_pr_cutoff, size = size_estimate, mu = m))
+   if (is.na(deletion_propagation_coverage) || is.nan(deletion_propagation_coverage) || (deletion_propagation_coverage < 1)) {
+     cat("Double fallback to calculating as just 10% of the mean\n")
+     deletion_propagation_coverage = m * 0.1
+   }
+ }
887387.4   5.490124 
> 
> #Don't allow one read to indicate non-deleted regions
> if (deletion_propagation_coverage < 1) {
+     deletion_propagation_coverage = 1
+ }
> 
> #This works fine with the negative values
> #If we have both low fit coverage and low straight average coverage then we're deleted...
> if ( (nb_fit_mu <= 3) && (m <= 3) ) {
+   deletion_propagation_coverage = -1
+ }
> 
> #print out statistics
> 
> print(nb_fit_size);
[1] 887387.4
> print(nb_fit_mu);
[1] 5.490124
> 
> print(m)
[1] 5.145455
> print(v)
[1] 2.385859
> print(D)
[1] 0.4636828
> 
> print(deletion_propagation_coverage)
[1] 1
> 
> warnings()
> 
