
R version 4.3.1 (2023-06-16) -- "Beagle Scouts"
Copyright (C) 2023 The R Foundation for Statistical Computing
Platform: x86_64-pc-linux-gnu (64-bit)

R is free software and comes with ABSOLUTELY NO WARRANTY.
You are welcome to redistribute it under certain conditions.
Type 'license()' or 'licence()' for distribution details.

  Natural language support but running in an English locale

R is a collaborative project with many contributors.
Type 'contributors()' for more information and
'citation()' on how to cite R or R packages in publications.

Type 'demo()' for some demos, 'help()' for on-line help, or
'help.start()' for an HTML browser interface to help.
Type 'q()' to quit R.

> ##
> ##
> ## AUTHORS
> ##
> ## Jeffrey E. Barrick <jeffrey.e.barrick@gmail.com>
> ##
> ## LICENSE AND COPYRIGHT
> ##
> ## Copyright (c) 2008-2010 Michigan State University
> ## Copyright (c) 2011-2022 The University of Texas at Austin
> ##
> ## breseq is free software; you can redistribute it and/or modify it under the
> ## terms the GNU General Public License as published by the Free Software
> ## Foundation; either version 1, or (at your option) any later version.
> ##
> ##
> 
> ## Arguments:
> ##   distribution_file=/path/to/input 
> ##   plot_file=/path/to/output 
> ##   deletion_propagation_pr_cutoff=float
> ##   plot_poisson=0 or 1
> ##   pdf_output=0 or 1
> 
> ## Returns these values printed out to output log
> ## 
> ##  1. print(nb_fit_size); # 0 if fit failed
> ##  2. print(nb_fit_mu);   # 0 if fit failed
> ##  3. print(m)q
> ##  4. print(v)
> ##  5. print(D)
> ##  6. print(deletion_propagation_coverage)
> ##     -1 if it was <1 after fitting (implying reference sequence is deleted)
> ##
> 
> plot_poisson = 0;
> pdf_output = 1;
> 
> this.print.level = 0
> #this.print.level = 2
> 
> for (e in commandArgs(TRUE)) {
+   ta = strsplit(e,"=",fixed=TRUE)[[1]]
+   if(length(ta)>1) {
+     temp = ta[2]
+     assign(ta[1],temp)
+     cat("assigned ",ta[1]," the value of |",temp,"|\n")
+   } else {
+     assign(ta[[1]][1],TRUE)
+     cat("assigned ",ta[1]," the value of TRUE\n")
+   }
+ }
assigned  distribution_file  the value of | 3a-_BHI_c50_out/07_error_calibration/61.unique_only_coverage_distribution.tab |
assigned  plot_file  the value of | 3a-_BHI_c50_out/output/calibration/61.unique_coverage.pdf |
assigned  deletion_propagation_pr_cutoff  the value of | 0.00112709 |
> 
> deletion_propagation_pr_cutoff = as.numeric(deletion_propagation_pr_cutoff);
> 
> ## initialize values to be filled in
> nb_fit_mu = 0
> nb_fit_size = 0
> m = 0
> v = 0
> D = 0
> deletion_propagation_coverage = -1
> 
> min_fraction_included_in_nb_fit = 0.01
> 
> #load data
> X<-read.table(distribution_file, header=T)
> 
> #table might be empty
> if (nrow(X) == 0)
+ {
+   #print out statistics
+   
+   print(nb_fit_size);
+   print(nb_fit_mu);
+   
+   print(m)
+   print(v)
+   print(D)
+   
+   print(deletion_propagation_coverage)
+   
+   q()
+ }
> 
> #create the distribution vector and fit
> Y<-rep(X$coverage, X$n)
> m<-mean(Y)
> v<-var(Y)
> D<-v/m
> 
> ###
> ## Smooth the distribution with a moving average window of size 5
> ## so that we can more reliably find it's maximum value
> ###
> 
> ma5 = c(1, 1, 1, 1, 1)/5;
> 
> ## filtering fails if there are too few points
> if (nrow(X) >= 5) {
+   X$ma = filter(X$n, ma5)
+ } else {
+ 	X$ma = X$n
+ }
> 
> i<-0
> max_n <- 0;
> min_i <- max( trunc(m/4), 1 ); #prevents zero for pathological distributions
> max_i <- i;
> for (i in min_i:length(X$ma))
+ {		
+   #cat(i, "\n")
+ 	if (!is.na(X$ma[i]) && (X$ma[i] > max_n))
+ 	{
+ 		max_n = X$ma[i];
+ 		max_i = i;
+ 	}
+ }
> 
> ##
> # Censor data on the right and left of the maximum
> ##
> 
> start_i = max(floor(max_i*0.5), 1);
> end_i = min(ceiling(max_i*1.5), length(X$ma));
> 
> if (start_i == end_i)
+ {
+   print(nb_fit_size);
+   print(nb_fit_mu);
+   
+   print(m)
+   print(v)
+   print(D)
+   
+   print(deletion_propagation_coverage)
+   
+   q()
+ }
> 
> cat("Fitting from coverage of ", start_i, " to ", end_i, ".\n", sep="")
Fitting from coverage of 27 to 56.
> 
> ##
> # Coarse grain so that we are only fitting a number of bins that is 1000-2000
> #
> # The later adjustment for doing the fits this way is to multiply the means
> # of the negative binomial and poisson distributions by the binning number.
> # (The size parameter of the negative binomial doesn't need to be adjusted.)
> ##
> 
> 
> num_per_bin = trunc((end_i - start_i) / 1000)
> 
> if (num_per_bin > 1) 
+ {
+   cat("Coarse-graining for fits\n")
+   start_i_for_fits = trunc(start_i/num_per_bin)
+   end_i_for_fits = ceiling(end_i/num_per_bin)
+   num_bins = end_i - start_i  + 1
+   cat("Fitting from coverage in adjusted bins ", start_i_for_fits, " to ", end_i_for_fits, ".\n", sep="")
+   cat("Number of bins ", num_bins, ". Each bin has ", num_per_bin, " coverage values.\n", sep="")
+ 
+   # Create a new vector where we've added together values in bins
+   X.for.fits = vector("double", end_i_for_fits)
+   for (i in start_i_for_fits:end_i_for_fits)
+   {
+     for (j in 1:num_per_bin)
+     {
+       if (i*num_per_bin+j <= length(X$n))
+       {
+         X.for.fits[i] = X.for.fits[i] + X$n[i*num_per_bin+j]
+       }
+     }
+   }
+ 
+ } else {
+   ## AVOID num_per_bin equalling zero!!
+   X.for.fits = X$n[1:end_i]
+   num_per_bin = 1
+   start_i_for_fits = start_i
+   end_i_for_fits = end_i
+ }
> 
> 
> ##
> # Now perform negative binomial fitting to the censored data
> ##
> 
> inner_total<-0;
> for (i in start_i_for_fits:end_i_for_fits)
+ {
+ 	inner_total = inner_total + X.for.fits[i]; 
+ }
> # Yes: it's correct to use X here because we want the overall total total
> total_total<-sum(X$n);
> 
> ## let's preconstruct these for speed
> dist = vector("double", end_i_for_fits)
> 
> f_nb <- function(par) {
+ 
+ 	mu = par[1];
+ 	size = par[2];
+ 
+   if ((mu <= 0) || (size <= 0))
+   {
+     return(0);
+   }
+   
+   cat(start_i_for_fits, " ", end_i_for_fits, "\n");
+   cat(mu, " ", size, "\n");
+   
+ 	dist<-c()
+ 	total <- 0;
+ 	for (i in start_i_for_fits:end_i_for_fits)
+ 	{	
+ 		dist[i] <- dnbinom(i, size=size, mu=mu);
+ 		total <- total + dist[i] 
+ 	}
+ 	#print (mu, size)
+ 
+  	l <- 0;
+ 	for (i in start_i_for_fits:end_i_for_fits)
+ 	{
+ 		l <- l + ((X.for.fits[i]/inner_total)-(dist[i]/total))^2;
+ 	}
+ 	return(l);
+ }
> 
> 
> 
> ## Fit negative binomial 
> ## - allow fit to fail and set all params to zero/empty if that is the case
> nb_fit = NULL
> ## as.numeric prevents overflow in sums involving integers
> mean_estimate = sum((as.numeric(1:end_i_for_fits)*as.numeric(X.for.fits)))/sum(as.numeric(X.for.fits))
> 
> nb_fit_mu = -1
> nb_fit_size = -1
> try_size = 100000
> try_means_index = 1
> #This is a list of different means to test <-  sometimes the actual mean doesn't lead to a fit
> try_means = c(mean_estimate, 
+               end_i_for_fits, 
+               start_i_for_fits, 
+               1*(end_i_for_fits + start_i_for_fits)/4,
+               2*(end_i_for_fits + start_i_for_fits)/4,
+               3*(end_i_for_fits + start_i_for_fits)/4
+               )
>               
>               
> nb_fit = c()
> 
> while ( ((nb_fit_mu < 0) || (nb_fit_size < 0) || (nb_fit$code != 1)) && (try_size > 0.001) && (try_means_index <= length(try_means)))
+ {
+   try_size = try_size / 10
+   try_mean = try_means[try_means_index]
+ 
+   ## SIZE ESTIMATE from the censored data can be negative, so try various values instead
+   cat("Try Mean: ", try_mean, " Size: ", try_size, "\n")
+ 
+   try( suppressWarnings(nb_fit<-nlm(f_nb, c(try_mean, try_size), iterlim=1000, print.level=this.print.level)) )
+ 
+   nb_fit_mu = nb_fit$estimate[1];
+   nb_fit_size = nb_fit$estimate[2];
+ 
+   cat("Fit Mean: ", nb_fit_mu, " Size: ", nb_fit_size, " Code: ", nb_fit$code, "\n")
+   
+   if (try_size <= 0.001) {
+     try_size = 100000
+     try_means_index = try_means_index + 1
+   }
+ }
Try Mean:  43.41837  Size:  10000 
27   56 
43.41837   10000 
27   56 
43.41837   10000 
27   56 
43.41841   10000 
27   56 
43.41837   10000.01 
27   56 
43.42415   10000 
27   56 
43.4242   10000 
27   56 
43.42415   10000.01 
27   56 
43.42994   10000 
27   56 
43.42998   10000 
27   56 
43.42994   10000.01 
27   56 
43.43573   10000 
27   56 
43.43577   10000 
27   56 
43.43573   10000.01 
27   56 
43.44152   10000 
27   56 
43.44156   10000 
27   56 
43.44152   10000.01 
27   56 
43.44731   10000 
27   56 
43.44735   10000 
27   56 
43.44731   10000.01 
27   56 
43.4531   10000 
27   56 
43.45315   10000 
27   56 
43.4531   10000.01 
27   56 
43.4589   10000 
27   56 
43.45894   10000 
27   56 
43.4589   10000.01 
27   56 
43.46469   10000 
27   56 
43.46474   10000 
27   56 
43.46469   10000.01 
27   56 
43.47049   10000 
27   56 
43.47054   10000 
27   56 
43.47049   10000.01 
27   56 
43.47629   10000 
27   56 
43.47634   10000 
27   56 
43.47629   10000.01 
27   56 
43.48209   10000 
27   56 
43.48214   10000 
27   56 
43.48209   10000.01 
27   56 
43.4879   10000 
27   56 
43.48794   10000 
27   56 
43.4879   10000.01 
27   56 
43.4937   10000 
27   56 
43.49375   10000 
27   56 
43.4937   10000.01 
27   56 
43.49951   10000 
27   56 
43.49955   10000 
27   56 
43.49951   10000.01 
27   56 
43.50532   10000 
27   56 
43.50536   10000 
27   56 
43.50532   10000.01 
27   56 
43.51113   10000 
27   56 
43.51117   10000 
27   56 
43.51113   10000.01 
27   56 
43.51694   10000 
27   56 
43.51698   10000 
27   56 
43.51694   10000.01 
27   56 
43.52275   10000 
27   56 
43.5228   10000 
27   56 
43.52275   10000.01 
27   56 
43.52857   10000 
27   56 
43.52861   10000 
27   56 
43.52857   10000.01 
27   56 
43.53439   10000 
27   56 
43.53443   10000 
27   56 
43.53439   10000.01 
27   56 
43.5402   10000 
27   56 
43.54025   10000 
27   56 
43.5402   10000.01 
27   56 
43.54603   10000 
27   56 
43.54607   10000 
27   56 
43.54603   10000.01 
27   56 
43.55185   10000 
27   56 
43.55189   10000 
27   56 
43.55185   10000.01 
27   56 
43.55767   10000 
27   56 
43.55771   10000 
27   56 
43.55767   10000.01 
27   56 
43.5635   10000 
27   56 
43.56354   10000 
27   56 
43.5635   10000.01 
27   56 
43.56932   10000 
27   56 
43.56937   10000 
27   56 
43.56932   10000.01 
27   56 
43.57515   10000 
27   56 
43.5752   10000 
27   56 
43.57515   10000.01 
27   56 
43.58098   10000 
27   56 
43.58103   10000 
27   56 
43.58098   10000.01 
27   56 
43.58681   10000 
27   56 
43.58686   10000 
27   56 
43.58681   10000.01 
27   56 
43.59265   10000 
27   56 
43.59269   10000 
27   56 
43.59265   10000.01 
27   56 
43.59848   10000 
27   56 
43.59853   10000 
27   56 
43.59848   10000.01 
27   56 
43.60432   10000 
27   56 
43.60436   10000 
27   56 
43.60432   10000.01 
27   56 
43.61016   10000 
27   56 
43.6102   10000 
27   56 
43.61016   10000.01 
27   56 
43.616   10000 
27   56 
43.61604   10000 
27   56 
43.616   10000.01 
27   56 
43.62184   10000 
27   56 
43.62189   10000 
27   56 
43.62184   10000.01 
27   56 
43.62769   10000 
27   56 
43.62773   10000 
27   56 
43.62769   10000.01 
27   56 
43.63353   10000 
27   56 
43.63358   10000 
27   56 
43.63353   10000.01 
27   56 
43.63938   10000 
27   56 
43.63942   10000 
27   56 
43.63938   10000.01 
27   56 
43.64523   10000 
27   56 
43.64527   10000 
27   56 
43.64523   10000.01 
27   56 
43.65108   10000 
27   56 
43.65112   10000 
27   56 
43.65108   10000.01 
27   56 
43.65693   10000 
27   56 
43.65697   10000 
27   56 
43.65693   10000.01 
27   56 
43.66278   10000 
27   56 
43.66283   10000 
27   56 
43.66278   10000.01 
27   56 
43.66864   10000 
27   56 
43.66868   10000 
27   56 
43.66864   10000.01 
27   56 
43.6745   10000 
27   56 
43.67454   10000 
27   56 
43.6745   10000.01 
27   56 
43.68036   10000 
27   56 
43.6804   10000 
27   56 
43.68036   10000.01 
27   56 
43.68622   10000 
27   56 
43.68626   10000 
27   56 
43.68622   10000.01 
27   56 
43.69208   10000 
27   56 
43.69212   10000 
27   56 
43.69208   10000.01 
27   56 
43.69794   10000 
27   56 
43.69799   10000 
27   56 
43.69794   10000.01 
27   56 
43.70381   10000 
27   56 
43.70385   10000 
27   56 
43.70381   10000.01 
27   56 
43.70968   10000 
27   56 
43.70972   10000 
27   56 
43.70968   10000.01 
27   56 
43.71555   10000 
27   56 
43.71559   10000 
27   56 
43.71555   10000.01 
27   56 
43.72142   10000 
27   56 
43.72146   10000 
27   56 
43.72142   10000.01 
27   56 
43.72729   10000 
27   56 
43.72733   10000 
27   56 
43.72729   10000.01 
27   56 
43.73316   10000 
27   56 
43.73321   10000 
27   56 
43.73316   10000.01 
27   56 
43.73904   10000 
27   56 
43.73908   10000 
27   56 
43.73904   10000.01 
27   56 
43.74492   10000 
27   56 
43.74496   10000 
27   56 
43.74492   10000.01 
27   56 
43.7508   10000 
27   56 
43.75084   10000 
27   56 
43.7508   10000.01 
27   56 
43.75668   10000 
27   56 
43.75672   10000 
27   56 
43.75668   10000.01 
27   56 
43.76256   10000 
27   56 
43.7626   10000 
27   56 
43.76256   10000.01 
27   56 
43.76844   10000 
27   56 
43.76849   10000 
27   56 
43.76844   10000.01 
27   56 
43.77433   10000 
27   56 
43.77437   10000 
27   56 
43.77433   10000.01 
27   56 
43.78022   10000 
27   56 
43.78026   10000 
27   56 
43.78022   10000.01 
27   56 
43.78611   10000 
27   56 
43.78615   10000 
27   56 
43.78611   10000.01 
27   56 
43.792   10000 
27   56 
43.79204   10000 
27   56 
43.792   10000.01 
27   56 
43.79789   10000 
27   56 
43.79793   10000 
27   56 
43.79789   10000.01 
27   56 
43.80378   10000 
27   56 
43.80383   10000 
27   56 
43.80378   10000.01 
27   56 
43.80968   10000 
27   56 
43.80972   10000 
27   56 
43.80968   10000.01 
27   56 
43.81558   10000 
27   56 
43.81562   10000 
27   56 
43.81558   10000.01 
27   56 
43.82148   10000 
27   56 
43.82152   10000 
27   56 
43.82148   10000.01 
27   56 
43.82738   10000 
27   56 
43.82742   10000 
27   56 
43.82738   10000.01 
27   56 
43.83328   10000 
27   56 
43.83332   10000 
27   56 
43.83328   10000.01 
27   56 
43.83918   10000 
27   56 
43.83923   10000 
27   56 
43.83918   10000.01 
27   56 
43.84509   10000 
27   56 
43.84513   10000 
27   56 
43.84509   10000.01 
27   56 
43.851   10000 
27   56 
43.85104   10000 
27   56 
43.851   10000.01 
27   56 
43.85691   10000 
27   56 
43.85695   10000 
27   56 
43.85691   10000.01 
27   56 
43.86282   10000 
27   56 
43.86286   10000 
27   56 
43.86282   10000.01 
27   56 
43.86873   10000 
27   56 
43.86877   10000 
27   56 
43.86873   10000.01 
27   56 
43.87464   10000 
27   56 
43.87469   10000 
27   56 
43.87464   10000.01 
27   56 
43.88056   10000 
27   56 
43.8806   10000 
27   56 
43.88056   10000.01 
27   56 
43.88648   10000 
27   56 
43.88652   10000 
27   56 
43.88648   10000.01 
27   56 
43.8924   10000 
27   56 
43.89244   10000 
27   56 
43.8924   10000.01 
27   56 
43.89832   10000 
27   56 
43.89836   10000 
27   56 
43.89832   10000.01 
27   56 
43.90424   10000 
27   56 
43.90429   10000 
27   56 
43.90424   10000.01 
27   56 
43.91017   10000 
27   56 
43.91021   10000 
27   56 
43.91017   10000.01 
27   56 
43.91609   10000 
27   56 
43.91614   10000 
27   56 
43.91609   10000.01 
27   56 
43.92202   10000 
27   56 
43.92206   10000 
27   56 
43.92202   10000.01 
27   56 
43.92795   10000 
27   56 
43.92799   10000 
27   56 
43.92795   10000.01 
27   56 
43.93388   10000 
27   56 
43.93392   10000 
27   56 
43.93388   10000.01 
27   56 
43.93981   10000 
27   56 
43.93986   10000 
27   56 
43.93981   10000.01 
27   56 
43.94575   10000 
27   56 
43.94579   10000 
27   56 
43.94575   10000.01 
27   56 
43.95168   10000 
27   56 
43.95173   10000 
27   56 
43.95168   10000.01 
27   56 
43.95762   10000 
27   56 
43.95766   10000 
27   56 
43.95762   10000.01 
27   56 
43.96356   10000 
27   56 
43.9636   10000 
27   56 
43.96356   10000.01 
27   56 
43.9695   10000 
27   56 
43.96954   10000 
27   56 
43.9695   10000.01 
27   56 
43.97544   10000 
27   56 
43.97549   10000 
27   56 
43.97544   10000.01 
27   56 
43.98139   10000 
27   56 
43.98143   10000 
27   56 
43.98139   10000.01 
27   56 
43.98733   10000 
27   56 
43.98738   10000 
27   56 
43.98733   10000.01 
27   56 
43.99328   10000 
27   56 
43.99332   10000 
27   56 
43.99328   10000.01 
27   56 
43.99923   10000 
27   56 
43.99927   10000 
27   56 
43.99923   10000.01 
27   56 
44.00518   10000 
27   56 
44.00522   10000 
27   56 
44.00518   10000.01 
27   56 
44.01113   10000 
27   56 
44.01118   10000 
27   56 
44.01113   10000.01 
27   56 
44.01709   10000 
27   56 
44.01713   10000 
27   56 
44.01709   10000.01 
27   56 
44.02304   10000 
27   56 
44.02309   10000 
27   56 
44.02304   10000.01 
27   56 
44.029   10000 
27   56 
44.02904   10000 
27   56 
44.029   10000.01 
27   56 
44.03496   10000 
27   56 
44.035   10000 
27   56 
44.03496   10000.01 
27   56 
44.04092   10000 
27   56 
44.04096   10000 
27   56 
44.04092   10000.01 
27   56 
44.04688   10000 
27   56 
44.04693   10000 
27   56 
44.04688   10000.01 
27   56 
44.05285   10000 
27   56 
44.05289   10000 
27   56 
44.05285   10000.01 
27   56 
44.05881   10000 
27   56 
44.05886   10000 
27   56 
44.05881   10000.01 
27   56 
44.06478   10000 
27   56 
44.06482   10000 
27   56 
44.06478   10000.01 
27   56 
44.07075   10000 
27   56 
44.07079   10000 
27   56 
44.07075   10000.01 
27   56 
44.07672   10000 
27   56 
44.07676   10000 
27   56 
44.07672   10000.01 
27   56 
44.08269   10000 
27   56 
44.08274   10000 
27   56 
44.08269   10000.01 
27   56 
44.08867   10000 
27   56 
44.08871   10000 
27   56 
44.08867   10000.01 
27   56 
44.09464   10000 
27   56 
44.09469   10000 
27   56 
44.09464   10000.01 
27   56 
44.10062   10000 
27   56 
44.10066   10000 
27   56 
44.10062   10000.01 
27   56 
44.1066   10000 
27   56 
44.10664   10000 
27   56 
44.1066   10000.01 
27   56 
44.11258   10000 
27   56 
44.11262   10000 
27   56 
44.11258   10000.01 
27   56 
44.11856   10000 
27   56 
44.11861   10000 
27   56 
44.11856   10000.01 
27   56 
44.12455   10000 
27   56 
44.12459   10000 
27   56 
44.12455   10000.01 
27   56 
44.13053   10000 
27   56 
44.13058   10000 
27   56 
44.13053   10000.01 
27   56 
44.13652   10000 
27   56 
44.13656   10000 
27   56 
44.13652   10000.01 
27   56 
44.14251   10000 
27   56 
44.14255   10000 
27   56 
44.14251   10000.01 
27   56 
44.1485   10000 
27   56 
44.14854   10000 
27   56 
44.1485   10000.01 
27   56 
44.15449   10000 
27   56 
44.15453   10000 
27   56 
44.15449   10000.01 
27   56 
44.16048   10000 
27   56 
44.16053   10000 
27   56 
44.16048   10000.01 
27   56 
44.16648   10000 
27   56 
44.16652   10000 
27   56 
44.16648   10000.01 
27   56 
44.17248   10000 
27   56 
44.17252   10000 
27   56 
44.17248   10000.01 
27   56 
44.17848   10000 
27   56 
44.17852   10000 
27   56 
44.17848   10000.01 
27   56 
44.18448   10000 
27   56 
44.18452   10000 
27   56 
44.18448   10000.01 
27   56 
44.19048   10000 
27   56 
44.19052   10000 
27   56 
44.19048   10000.01 
27   56 
44.19648   10000 
27   56 
44.19653   10000 
27   56 
44.19648   10000.01 
27   56 
44.20249   10000 
27   56 
44.20253   10000 
27   56 
44.20249   10000.01 
27   56 
44.20849   10000 
27   56 
44.20854   10000 
27   56 
44.20849   10000.01 
27   56 
44.2145   10000 
27   56 
44.21455   10000 
27   56 
44.2145   10000.01 
27   56 
44.22051   10000 
27   56 
44.22056   10000 
27   56 
44.22051   10000.01 
27   56 
44.22652   10000 
27   56 
44.22657   10000 
27   56 
44.22652   10000.01 
27   56 
44.23254   10000 
27   56 
44.23258   10000 
27   56 
44.23254   10000.01 
27   56 
44.23855   10000 
27   56 
44.2386   10000 
27   56 
44.23855   10000.01 
27   56 
44.24457   10000 
27   56 
44.24461   10000 
27   56 
44.24457   10000.01 
27   56 
44.25059   10000 
27   56 
44.25063   10000 
27   56 
44.25059   10000.01 
27   56 
44.25661   10000 
27   56 
44.25665   10000 
27   56 
44.25661   10000.01 
27   56 
44.26263   10000 
27   56 
44.26267   10000 
27   56 
44.26263   10000.01 
27   56 
44.26865   10000 
27   56 
44.2687   10000 
27   56 
44.26865   10000.01 
27   56 
44.27468   10000 
27   56 
44.27472   10000 
27   56 
44.27468   10000.01 
27   56 
44.2807   10000 
27   56 
44.28075   10000 
27   56 
44.2807   10000.01 
27   56 
44.28673   10000 
27   56 
44.28678   10000 
27   56 
44.28673   10000.01 
27   56 
44.29276   10000 
27   56 
44.29281   10000 
27   56 
44.29276   10000.01 
27   56 
44.29879   10000 
27   56 
44.29884   10000 
27   56 
44.29879   10000.01 
27   56 
44.30483   10000 
27   56 
44.30487   10000 
27   56 
44.30483   10000.01 
27   56 
44.31086   10000 
27   56 
44.31091   10000 
27   56 
44.31086   10000.01 
27   56 
44.3169   10000 
27   56 
44.31694   10000 
27   56 
44.3169   10000.01 
27   56 
44.32294   10000 
27   56 
44.32298   10000 
27   56 
44.32294   10000.01 
27   56 
44.32897   10000 
27   56 
44.32902   10000 
27   56 
44.32897   10000.01 
27   56 
44.33502   10000 
27   56 
44.33506   10000 
27   56 
44.33502   10000.01 
27   56 
44.34106   10000 
27   56 
44.3411   10000 
27   56 
44.34106   10000.01 
27   56 
44.3471   10000 
27   56 
44.34715   10000 
27   56 
44.3471   10000.01 
27   56 
44.35315   10000 
27   56 
44.35319   10000 
27   56 
44.35315   10000.01 
27   56 
44.3592   10000 
27   56 
44.35924   10000 
27   56 
44.3592   10000.01 
27   56 
44.36525   10000 
27   56 
44.36529   10000 
27   56 
44.36525   10000.01 
27   56 
44.3713   10000 
27   56 
44.37134   10000 
27   56 
44.3713   10000.01 
27   56 
44.37735   10000 
27   56 
44.37739   10000 
27   56 
44.37735   10000.01 
27   56 
44.3834   10000 
27   56 
44.38345   10000 
27   56 
44.3834   10000.01 
27   56 
44.38946   10000 
27   56 
44.3895   10000 
27   56 
44.38946   10000.01 
27   56 
44.39552   10000 
27   56 
44.39556   10000 
27   56 
44.39552   10000.01 
27   56 
44.40157   10000 
27   56 
44.40162   10000 
27   56 
44.40157   10000.01 
27   56 
44.40763   10000 
27   56 
44.40768   10000 
27   56 
44.40763   10000.01 
27   56 
44.4137   10000 
27   56 
44.41374   10000 
27   56 
44.4137   10000.01 
27   56 
44.41976   10000 
27   56 
44.41981   10000 
27   56 
44.41976   10000.01 
27   56 
44.42583   10000 
27   56 
44.42587   10000 
27   56 
44.42583   10000.01 
27   56 
44.43189   10000 
27   56 
44.43194   10000 
27   56 
44.43189   10000.01 
27   56 
44.43796   10000 
27   56 
44.43801   10000 
27   56 
44.43796   10000.01 
27   56 
44.44403   10000 
27   56 
44.44408   10000 
27   56 
44.44403   10000.01 
27   56 
44.4501   10000 
27   56 
44.45015   10000 
27   56 
44.4501   10000.01 
27   56 
44.45618   10000 
27   56 
44.45622   10000 
27   56 
44.45618   10000.01 
27   56 
44.46225   10000 
27   56 
44.4623   10000 
27   56 
44.46225   10000.01 
27   56 
44.46833   10000 
27   56 
44.46837   10000 
27   56 
44.46833   10000.01 
27   56 
44.47441   10000 
27   56 
44.47445   10000 
27   56 
44.47441   10000.01 
27   56 
44.48048   10000 
27   56 
44.48053   10000 
27   56 
44.48048   10000.01 
27   56 
44.48657   10000 
27   56 
44.48661   10000 
27   56 
44.48657   10000.01 
27   56 
44.49265   10000 
27   56 
44.49269   10000 
27   56 
44.49265   10000.01 
27   56 
44.49873   10000 
27   56 
44.49878   10000 
27   56 
44.49873   10000.01 
27   56 
44.50482   10000 
27   56 
44.50486   10000 
27   56 
44.50482   10000.01 
27   56 
44.51091   10000 
27   56 
44.51095   10000 
27   56 
44.51091   10000.01 
27   56 
44.517   10000 
27   56 
44.51704   10000 
27   56 
44.517   10000.01 
27   56 
44.52309   10000 
27   56 
44.52313   10000 
27   56 
44.52309   10000.01 
27   56 
44.52918   10000 
27   56 
44.52922   10000 
27   56 
44.52918   10000.01 
27   56 
44.53527   10000 
27   56 
44.53532   10000 
27   56 
44.53527   10000.01 
27   56 
44.54137   10000 
27   56 
44.54141   10000 
27   56 
44.54137   10000.01 
27   56 
44.54747   10000 
27   56 
44.54751   10000 
27   56 
44.54747   10000.01 
27   56 
44.55356   10000 
27   56 
44.55361   10000 
27   56 
44.55356   10000.01 
27   56 
44.55966   10000 
27   56 
44.55971   10000 
27   56 
44.55966   10000.01 
27   56 
44.56577   10000 
27   56 
44.56581   10000 
27   56 
44.56577   10000.01 
27   56 
44.57187   10000 
27   56 
44.57191   10000 
27   56 
44.57187   10000.01 
27   56 
44.57797   10000 
27   56 
44.57802   10000 
27   56 
44.57797   10000.01 
27   56 
44.58408   10000 
27   56 
44.58413   10000 
27   56 
44.58408   10000.01 
27   56 
44.59019   10000 
27   56 
44.59023   10000 
27   56 
44.59019   10000.01 
27   56 
44.5963   10000 
27   56 
44.59634   10000 
27   56 
44.5963   10000.01 
27   56 
44.60241   10000 
27   56 
44.60245   10000 
27   56 
44.60241   10000.01 
27   56 
44.60852   10000 
27   56 
44.60857   10000 
27   56 
44.60852   10000.01 
27   56 
44.61464   10000 
27   56 
44.61468   10000 
27   56 
44.61464   10000.01 
27   56 
44.62075   10000 
27   56 
44.6208   10000 
27   56 
44.62075   10000.01 
27   56 
44.62687   10000 
27   56 
44.62692   10000 
27   56 
44.62687   10000.01 
27   56 
44.63299   10000 
27   56 
44.63303   10000 
27   56 
44.63299   10000.01 
27   56 
44.63911   10000 
27   56 
44.63916   10000 
27   56 
44.63911   10000.01 
27   56 
44.64523   10000 
27   56 
44.64528   10000 
27   56 
44.64523   10000.01 
27   56 
44.65136   10000 
27   56 
44.6514   10000 
27   56 
44.65136   10000.01 
27   56 
44.65748   10000 
27   56 
44.65753   10000 
27   56 
44.65748   10000.01 
27   56 
44.66361   10000 
27   56 
44.66365   10000 
27   56 
44.66361   10000.01 
27   56 
44.66974   10000 
27   56 
44.66978   10000 
27   56 
44.66974   10000.01 
27   56 
44.67587   10000 
27   56 
44.67591   10000 
27   56 
44.67587   10000.01 
27   56 
44.682   10000 
27   56 
44.68204   10000 
27   56 
44.682   10000.01 
27   56 
44.68813   10000 
27   56 
44.68818   10000 
27   56 
44.68813   10000.01 
27   56 
44.69427   10000 
27   56 
44.69431   10000 
27   56 
44.69427   10000.01 
27   56 
44.7004   10000 
27   56 
44.70045   10000 
27   56 
44.7004   10000.01 
27   56 
44.70654   10000 
27   56 
44.70659   10000 
27   56 
44.70654   10000.01 
27   56 
44.71268   10000 
27   56 
44.71272   10000 
27   56 
44.71268   10000.01 
27   56 
44.71882   10000 
27   56 
44.71887   10000 
27   56 
44.71882   10000.01 
27   56 
44.72496   10000 
27   56 
44.72501   10000 
27   56 
44.72496   10000.01 
27   56 
44.73111   10000 
27   56 
44.73115   10000 
27   56 
44.73111   10000.01 
27   56 
44.73725   10000 
27   56 
44.7373   10000 
27   56 
44.73725   10000.01 
27   56 
44.7434   10000 
27   56 
44.74344   10000 
27   56 
44.7434   10000.01 
27   56 
44.74955   10000 
27   56 
44.74959   10000 
27   56 
44.74955   10000.01 
27   56 
44.7557   10000 
27   56 
44.75574   10000 
27   56 
44.7557   10000.01 
27   56 
44.76185   10000 
27   56 
44.76189   10000 
27   56 
44.76185   10000.01 
27   56 
44.768   10000 
27   56 
44.76805   10000 
27   56 
44.768   10000.01 
27   56 
44.77416   10000 
27   56 
44.7742   10000 
27   56 
44.77416   10000.01 
27   56 
44.78031   10000 
27   56 
44.78036   10000 
27   56 
44.78031   10000.01 
27   56 
44.78647   10000 
27   56 
44.78652   10000 
27   56 
44.78647   10000.01 
27   56 
44.79263   10000 
27   56 
44.79268   10000 
27   56 
44.79263   10000.01 
27   56 
44.79879   10000 
27   56 
44.79884   10000 
27   56 
44.79879   10000.01 
27   56 
44.80495   10000 
27   56 
44.805   10000 
27   56 
44.80495   10000.01 
27   56 
44.81112   10000 
27   56 
44.81116   10000 
27   56 
44.81112   10000.01 
27   56 
44.81728   10000 
27   56 
44.81733   10000 
27   56 
44.81728   10000.01 
27   56 
44.82345   10000 
27   56 
44.8235   10000 
27   56 
44.82345   10000.01 
27   56 
44.82962   10000 
27   56 
44.82966   10000 
27   56 
44.82962   10000.01 
27   56 
44.83579   10000 
27   56 
44.83583   10000 
27   56 
44.83579   10000.01 
27   56 
44.84196   10000 
27   56 
44.84201   10000 
27   56 
44.84196   10000.01 
27   56 
44.84813   10000 
27   56 
44.84818   10000 
27   56 
44.84813   10000.01 
27   56 
44.85431   10000 
27   56 
44.85435   10000 
27   56 
44.85431   10000.01 
27   56 
44.86048   10000 
27   56 
44.86053   10000 
27   56 
44.86048   10000.01 
27   56 
44.86666   10000 
27   56 
44.86671   10000 
27   56 
44.86666   10000.01 
27   56 
44.87284   10000 
27   56 
44.87289   10000 
27   56 
44.87284   10000.01 
27   56 
44.87902   10000 
27   56 
44.87907   10000 
27   56 
44.87902   10000.01 
27   56 
44.8852   10000 
27   56 
44.88525   10000 
27   56 
44.8852   10000.01 
27   56 
44.89139   10000 
27   56 
44.89143   10000 
27   56 
44.89139   10000.01 
27   56 
44.89757   10000 
27   56 
44.89762   10000 
27   56 
44.89757   10000.01 
27   56 
44.90376   10000 
27   56 
44.9038   10000 
27   56 
44.90376   10000.01 
27   56 
44.90995   10000 
27   56 
44.90999   10000 
27   56 
44.90995   10000.01 
27   56 
44.91614   10000 
27   56 
44.91618   10000 
27   56 
44.91614   10000.01 
27   56 
44.92233   10000 
27   56 
44.92237   10000 
27   56 
44.92233   10000.01 
27   56 
44.92852   10000 
27   56 
44.92856   10000 
27   56 
44.92852   10000.01 
27   56 
44.93471   10000 
27   56 
44.93476   10000 
27   56 
44.93471   10000.01 
27   56 
44.94091   10000 
27   56 
44.94095   10000 
27   56 
44.94091   10000.01 
27   56 
44.94711   10000 
27   56 
44.94715   10000 
27   56 
44.94711   10000.01 
27   56 
44.9533   10000 
27   56 
44.95335   10000 
27   56 
44.9533   10000.01 
27   56 
44.9595   10000 
27   56 
44.95955   10000 
27   56 
44.9595   10000.01 
27   56 
44.96571   10000 
27   56 
44.96575   10000 
27   56 
44.96571   10000.01 
27   56 
44.97191   10000 
27   56 
44.97195   10000 
27   56 
44.97191   10000.01 
27   56 
44.97811   10000 
27   56 
44.97816   10000 
27   56 
44.97811   10000.01 
27   56 
44.98432   10000 
27   56 
44.98436   10000 
27   56 
44.98432   10000.01 
27   56 
44.99053   10000 
27   56 
44.99057   10000 
27   56 
44.99053   10000.01 
27   56 
44.99674   10000 
27   56 
44.99678   10000 
27   56 
44.99674   10000.01 
27   56 
45.00295   10000 
27   56 
45.00299   10000 
27   56 
45.00295   10000.01 
27   56 
45.00916   10000 
27   56 
45.0092   10000 
27   56 
45.00916   10000.01 
27   56 
45.01537   10000 
27   56 
45.01542   10000 
27   56 
45.01537   10000.01 
27   56 
45.02159   10000 
27   56 
45.02163   10000 
27   56 
45.02159   10000.01 
27   56 
45.0278   10000 
27   56 
45.02785   10000 
27   56 
45.0278   10000.01 
27   56 
45.03402   10000 
27   56 
45.03406   10000 
27   56 
45.03402   10000.01 
27   56 
45.04024   10000 
27   56 
45.04028   10000 
27   56 
45.04024   10000.01 
27   56 
45.04646   10000 
27   56 
45.0465   10000 
27   56 
45.04646   10000.01 
27   56 
45.05268   10000 
27   56 
45.05273   10000 
27   56 
45.05268   10000.01 
27   56 
45.05891   10000 
27   56 
45.05895   10000 
27   56 
45.05891   10000.01 
27   56 
45.06513   10000 
27   56 
45.06518   10000 
27   56 
45.06513   10000.01 
27   56 
45.07136   10000 
27   56 
45.0714   10000 
27   56 
45.07136   10000.01 
27   56 
45.07758   10000 
27   56 
45.07763   10000 
27   56 
45.07758   10000.01 
27   56 
45.08381   10000 
27   56 
45.08386   10000 
27   56 
45.08381   10000.01 
27   56 
45.09005   10000 
27   56 
45.09009   10000 
27   56 
45.09005   10000.01 
27   56 
45.09628   10000 
27   56 
45.09632   10000 
27   56 
45.09628   10000.01 
27   56 
45.10251   10000 
27   56 
45.10256   10000 
27   56 
45.10251   10000.01 
27   56 
45.10875   10000 
27   56 
45.10879   10000 
27   56 
45.10875   10000.01 
27   56 
45.11498   10000 
27   56 
45.11503   10000 
27   56 
45.11498   10000.01 
27   56 
45.12122   10000 
27   56 
45.12127   10000 
27   56 
45.12122   10000.01 
27   56 
45.12746   10000 
27   56 
45.12751   10000 
27   56 
45.12746   10000.01 
27   56 
45.1337   10000 
27   56 
45.13375   10000 
27   56 
45.1337   10000.01 
27   56 
45.13994   10000 
27   56 
45.13999   10000 
27   56 
45.13994   10000.01 
27   56 
45.14619   10000 
27   56 
45.14623   10000 
27   56 
45.14619   10000.01 
27   56 
45.15243   10000 
27   56 
45.15248   10000 
27   56 
45.15243   10000.01 
27   56 
45.15868   10000 
27   56 
45.15873   10000 
27   56 
45.15868   10000.01 
27   56 
45.16493   10000 
27   56 
45.16497   10000 
27   56 
45.16493   10000.01 
27   56 
45.17118   10000 
27   56 
45.17122   10000 
27   56 
45.17118   10000.01 
27   56 
45.17743   10000 
27   56 
45.17747   10000 
27   56 
45.17743   10000.01 
27   56 
45.18368   10000 
27   56 
45.18373   10000 
27   56 
45.18368   10000.01 
27   56 
45.18994   10000 
27   56 
45.18998   10000 
27   56 
45.18994   10000.01 
27   56 
45.19619   10000 
27   56 
45.19624   10000 
27   56 
45.19619   10000.01 
27   56 
45.20245   10000 
27   56 
45.20249   10000 
27   56 
45.20245   10000.01 
27   56 
45.20871   10000 
27   56 
45.20875   10000 
27   56 
45.20871   10000.01 
27   56 
45.21496   10000 
27   56 
45.21501   10000 
27   56 
45.21496   10000.01 
27   56 
45.22123   10000 
27   56 
45.22127   10000 
27   56 
45.22123   10000.01 
27   56 
45.22749   10000 
27   56 
45.22753   10000 
27   56 
45.22749   10000.01 
27   56 
45.23375   10000 
27   56 
45.2338   10000 
27   56 
45.23375   10000.01 
27   56 
45.24002   10000 
27   56 
45.24006   10000 
27   56 
45.24002   10000.01 
27   56 
45.24628   10000 
27   56 
45.24633   10000 
27   56 
45.24628   10000.01 
27   56 
45.25255   10000 
27   56 
45.2526   10000 
27   56 
45.25255   10000.01 
27   56 
45.25882   10000 
27   56 
45.25887   10000 
27   56 
45.25882   10000.01 
27   56 
45.26509   10000 
27   56 
45.26514   10000 
27   56 
45.26509   10000.01 
27   56 
45.27136   10000 
27   56 
45.27141   10000 
27   56 
45.27136   10000.01 
27   56 
45.27764   10000 
27   56 
45.27768   10000 
27   56 
45.27764   10000.01 
27   56 
45.28391   10000 
27   56 
45.28396   10000 
27   56 
45.28391   10000.01 
27   56 
45.29019   10000 
27   56 
45.29023   10000 
27   56 
45.29019   10000.01 
27   56 
45.29647   10000 
27   56 
45.29651   10000 
27   56 
45.29647   10000.01 
27   56 
45.30275   10000 
27   56 
45.30279   10000 
27   56 
45.30275   10000.01 
27   56 
45.30903   10000 
27   56 
45.30907   10000 
27   56 
45.30903   10000.01 
27   56 
45.31531   10000 
27   56 
45.31535   10000 
27   56 
45.31531   10000.01 
27   56 
45.32159   10000 
27   56 
45.32164   10000 
27   56 
45.32159   10000.01 
27   56 
45.32788   10000 
27   56 
45.32792   10000 
27   56 
45.32788   10000.01 
27   56 
45.33416   10000 
27   56 
45.33421   10000 
27   56 
45.33416   10000.01 
27   56 
45.34045   10000 
27   56 
45.34049   10000 
27   56 
45.34045   10000.01 
27   56 
45.34674   10000 
27   56 
45.34678   10000 
27   56 
45.34674   10000.01 
27   56 
45.35303   10000 
27   56 
45.35307   10000 
27   56 
45.35303   10000.01 
27   56 
45.35932   10000 
27   56 
45.35937   10000 
27   56 
45.35932   10000.01 
27   56 
45.36561   10000 
27   56 
45.36566   10000 
27   56 
45.36561   10000.01 
27   56 
45.37191   10000 
27   56 
45.37195   10000 
27   56 
45.37191   10000.01 
27   56 
45.3782   10000 
27   56 
45.37825   10000 
27   56 
45.3782   10000.01 
27   56 
45.3845   10000 
27   56 
45.38454   10000 
27   56 
45.3845   10000.01 
27   56 
45.3908   10000 
27   56 
45.39084   10000 
27   56 
45.3908   10000.01 
27   56 
45.3971   10000 
27   56 
45.39714   10000 
27   56 
45.3971   10000.01 
27   56 
45.4034   10000 
27   56 
45.40344   10000 
27   56 
45.4034   10000.01 
27   56 
45.4097   10000 
27   56 
45.40975   10000 
27   56 
45.4097   10000.01 
27   56 
45.416   10000 
27   56 
45.41605   10000 
27   56 
45.416   10000.01 
27   56 
45.42231   10000 
27   56 
45.42236   10000 
27   56 
45.42231   10000.01 
27   56 
45.42862   10000 
27   56 
45.42866   10000 
27   56 
45.42862   10000.01 
27   56 
45.43492   10000 
27   56 
45.43497   10000 
27   56 
45.43492   10000.01 
27   56 
45.44123   10000 
27   56 
45.44128   10000 
27   56 
45.44123   10000.01 
27   56 
45.44754   10000 
27   56 
45.44759   10000 
27   56 
45.44754   10000.01 
27   56 
45.45386   10000 
27   56 
45.4539   10000 
27   56 
45.45386   10000.01 
27   56 
45.46017   10000 
27   56 
45.46021   10000 
27   56 
45.46017   10000.01 
27   56 
45.46648   10000 
27   56 
45.46653   10000 
27   56 
45.46648   10000.01 
27   56 
45.4728   10000 
27   56 
45.47284   10000 
27   56 
45.4728   10000.01 
27   56 
45.47912   10000 
27   56 
45.47916   10000 
27   56 
45.47912   10000.01 
27   56 
45.48543   10000 
27   56 
45.48548   10000 
27   56 
45.48543   10000.01 
27   56 
45.49175   10000 
27   56 
45.4918   10000 
27   56 
45.49175   10000.01 
27   56 
45.49808   10000 
27   56 
45.49812   10000 
27   56 
45.49808   10000.01 
27   56 
45.5044   10000 
27   56 
45.50444   10000 
27   56 
45.5044   10000.01 
27   56 
45.51072   10000 
27   56 
45.51077   10000 
27   56 
45.51072   10000.01 
27   56 
45.51705   10000 
27   56 
45.51709   10000 
27   56 
45.51705   10000.01 
27   56 
45.52337   10000 
27   56 
45.52342   10000 
27   56 
45.52337   10000.01 
27   56 
45.5297   10000 
27   56 
45.52975   10000 
27   56 
45.5297   10000.01 
27   56 
45.53603   10000 
27   56 
45.53608   10000 
27   56 
45.53603   10000.01 
27   56 
45.54236   10000 
27   56 
45.54241   10000 
27   56 
45.54236   10000.01 
27   56 
45.54869   10000 
27   56 
45.54874   10000 
27   56 
45.54869   10000.01 
27   56 
45.55503   10000 
27   56 
45.55507   10000 
27   56 
45.55503   10000.01 
27   56 
45.56136   10000 
27   56 
45.56141   10000 
27   56 
45.56136   10000.01 
27   56 
45.5677   10000 
27   56 
45.56774   10000 
27   56 
45.5677   10000.01 
27   56 
45.57403   10000 
27   56 
45.57408   10000 
27   56 
45.57403   10000.01 
27   56 
45.58037   10000 
27   56 
45.58042   10000 
27   56 
45.58037   10000.01 
27   56 
45.58671   10000 
27   56 
45.58676   10000 
27   56 
45.58671   10000.01 
27   56 
45.59305   10000 
27   56 
45.5931   10000 
27   56 
45.59305   10000.01 
27   56 
45.59939   10000 
27   56 
45.59944   10000 
27   56 
45.59939   10000.01 
27   56 
45.60574   10000 
27   56 
45.60578   10000 
27   56 
45.60574   10000.01 
27   56 
45.61208   10000 
27   56 
45.61213   10000 
27   56 
45.61208   10000.01 
27   56 
45.61843   10000 
27   56 
45.61847   10000 
27   56 
45.61843   10000.01 
27   56 
45.62477   10000 
27   56 
45.62482   10000 
27   56 
45.62477   10000.01 
27   56 
45.63112   10000 
27   56 
45.63117   10000 
27   56 
45.63112   10000.01 
27   56 
45.63747   10000 
27   56 
45.63752   10000 
27   56 
45.63747   10000.01 
27   56 
45.64382   10000 
27   56 
45.64387   10000 
27   56 
45.64382   10000.01 
27   56 
45.65017   10000 
27   56 
45.65022   10000 
27   56 
45.65017   10000.01 
27   56 
45.65653   10000 
27   56 
45.65657   10000 
27   56 
45.65653   10000.01 
27   56 
45.66288   10000 
27   56 
45.66293   10000 
27   56 
45.66288   10000.01 
27   56 
45.66924   10000 
27   56 
45.66928   10000 
27   56 
45.66924   10000.01 
27   56 
45.6756   10000 
27   56 
45.67564   10000 
27   56 
45.6756   10000.01 
27   56 
45.68195   10000 
27   56 
45.682   10000 
27   56 
45.68195   10000.01 
27   56 
45.68831   10000 
27   56 
45.68836   10000 
27   56 
45.68831   10000.01 
27   56 
45.69467   10000 
27   56 
45.69472   10000 
27   56 
45.69467   10000.01 
27   56 
45.70104   10000 
27   56 
45.70108   10000 
27   56 
45.70104   10000.01 
27   56 
45.7074   10000 
27   56 
45.70745   10000 
27   56 
45.7074   10000.01 
27   56 
45.71377   10000 
27   56 
45.71381   10000 
27   56 
45.71377   10000.01 
27   56 
45.72013   10000 
27   56 
45.72018   10000 
27   56 
45.72013   10000.01 
27   56 
45.7265   10000 
27   56 
45.72654   10000 
27   56 
45.7265   10000.01 
27   56 
45.73287   10000 
27   56 
45.73291   10000 
27   56 
45.73287   10000.01 
27   56 
45.73924   10000 
27   56 
45.73928   10000 
27   56 
45.73924   10000.01 
27   56 
45.74561   10000 
27   56 
45.74565   10000 
27   56 
45.74561   10000.01 
27   56 
45.75198   10000 
27   56 
45.75203   10000 
27   56 
45.75198   10000.01 
27   56 
45.75835   10000 
27   56 
45.7584   10000 
27   56 
45.75835   10000.01 
27   56 
45.76473   10000 
27   56 
45.76477   10000 
27   56 
45.76473   10000.01 
27   56 
45.7711   10000 
27   56 
45.77115   10000 
27   56 
45.7711   10000.01 
27   56 
45.77748   10000 
27   56 
45.77753   10000 
27   56 
45.77748   10000.01 
27   56 
45.78386   10000 
27   56 
45.78391   10000 
27   56 
45.78386   10000.01 
27   56 
45.79024   10000 
27   56 
45.79028   10000 
27   56 
45.79024   10000.01 
27   56 
45.79662   10000 
27   56 
45.79667   10000 
27   56 
45.79662   10000.01 
27   56 
45.803   10000 
27   56 
45.80305   10000 
27   56 
45.803   10000.01 
27   56 
45.80938   10000 
27   56 
45.80943   10000 
27   56 
45.80938   10000.01 
27   56 
45.81577   10000 
27   56 
45.81581   10000 
27   56 
45.81577   10000.01 
27   56 
45.82215   10000 
27   56 
45.8222   10000 
27   56 
45.82215   10000.01 
27   56 
45.82854   10000 
27   56 
45.82859   10000 
27   56 
45.82854   10000.01 
27   56 
45.83493   10000 
27   56 
45.83497   10000 
27   56 
45.83493   10000.01 
27   56 
45.84132   10000 
27   56 
45.84136   10000 
27   56 
45.84132   10000.01 
27   56 
45.84771   10000 
27   56 
45.84775   10000 
27   56 
45.84771   10000.01 
27   56 
45.8541   10000 
27   56 
45.85415   10000 
27   56 
45.8541   10000.01 
27   56 
45.86049   10000 
27   56 
45.86054   10000 
27   56 
45.86049   10000.01 
27   56 
45.86689   10000 
27   56 
45.86693   10000 
27   56 
45.86689   10000.01 
27   56 
45.87328   10000 
27   56 
45.87333   10000 
27   56 
45.87328   10000.01 
27   56 
45.87968   10000 
27   56 
45.87972   10000 
27   56 
45.87968   10000.01 
27   56 
45.88608   10000 
27   56 
45.88612   10000 
27   56 
45.88608   10000.01 
27   56 
45.89247   10000 
27   56 
45.89252   10000 
27   56 
45.89247   10000.01 
27   56 
45.89887   10000 
27   56 
45.89892   10000 
27   56 
45.89887   10000.01 
27   56 
45.90527   10000 
27   56 
45.90532   10000 
27   56 
45.90527   10000.01 
27   56 
45.91168   10000 
27   56 
45.91172   10000 
27   56 
45.91168   10000.01 
27   56 
45.91808   10000 
27   56 
45.91813   10000 
27   56 
45.91808   10000.01 
27   56 
45.92448   10000 
27   56 
45.92453   10000 
27   56 
45.92448   10000.01 
27   56 
45.93089   10000 
27   56 
45.93094   10000 
27   56 
45.93089   10000.01 
27   56 
45.9373   10000 
27   56 
45.93734   10000 
27   56 
45.9373   10000.01 
27   56 
45.9437   10000 
27   56 
45.94375   10000 
27   56 
45.9437   10000.01 
27   56 
45.95011   10000 
27   56 
45.95016   10000 
27   56 
45.95011   10000.01 
27   56 
45.95652   10000 
27   56 
45.95657   10000 
27   56 
45.95652   10000.01 
27   56 
45.96294   10000 
27   56 
45.96298   10000 
27   56 
45.96294   10000.01 
27   56 
45.96935   10000 
27   56 
45.96939   10000 
27   56 
45.96935   10000.01 
27   56 
45.97576   10000 
27   56 
45.97581   10000 
27   56 
45.97576   10000.01 
27   56 
45.98218   10000 
27   56 
45.98222   10000 
27   56 
45.98218   10000.01 
27   56 
45.98859   10000 
27   56 
45.98864   10000 
27   56 
45.98859   10000.01 
27   56 
45.99501   10000 
27   56 
45.99506   10000 
27   56 
45.99501   10000.01 
27   56 
46.00143   10000 
27   56 
46.00147   10000 
27   56 
46.00143   10000.01 
27   56 
46.00785   10000 
27   56 
46.00789   10000 
27   56 
46.00785   10000.01 
27   56 
46.01427   10000 
27   56 
46.01431   10000 
27   56 
46.01427   10000.01 
27   56 
46.02069   10000 
27   56 
46.02073   10000 
27   56 
46.02069   10000.01 
27   56 
46.02711   10000 
27   56 
46.02716   10000 
27   56 
46.02711   10000.01 
27   56 
46.03353   10000 
27   56 
46.03358   10000 
27   56 
46.03353   10000.01 
27   56 
46.03996   10000 
27   56 
46.04001   10000 
27   56 
46.03996   10000.01 
27   56 
46.04639   10000 
27   56 
46.04643   10000 
27   56 
46.04639   10000.01 
27   56 
46.05281   10000 
27   56 
46.05286   10000 
27   56 
46.05281   10000.01 
27   56 
46.05924   10000 
27   56 
46.05929   10000 
27   56 
46.05924   10000.01 
27   56 
46.06567   10000 
27   56 
46.06572   10000 
27   56 
46.06567   10000.01 
27   56 
46.0721   10000 
27   56 
46.07215   10000 
27   56 
46.0721   10000.01 
27   56 
46.07853   10000 
27   56 
46.07858   10000 
27   56 
46.07853   10000.01 
27   56 
46.08496   10000 
27   56 
46.08501   10000 
27   56 
46.08496   10000.01 
27   56 
46.0914   10000 
27   56 
46.09144   10000 
27   56 
46.0914   10000.01 
27   56 
46.09783   10000 
27   56 
46.09788   10000 
27   56 
46.09783   10000.01 
27   56 
46.10427   10000 
27   56 
46.10432   10000 
27   56 
46.10427   10000.01 
27   56 
46.11071   10000 
27   56 
46.11075   10000 
27   56 
46.11071   10000.01 
27   56 
46.11714   10000 
27   56 
46.11719   10000 
27   56 
46.11714   10000.01 
27   56 
46.12358   10000 
27   56 
46.12363   10000 
27   56 
46.12358   10000.01 
27   56 
46.13002   10000 
27   56 
46.13007   10000 
27   56 
46.13002   10000.01 
27   56 
46.13646   10000 
27   56 
46.13651   10000 
27   56 
46.13646   10000.01 
27   56 
46.14291   10000 
27   56 
46.14295   10000 
27   56 
46.14291   10000.01 
27   56 
46.14935   10000 
27   56 
46.1494   10000 
27   56 
46.14935   10000.01 
27   56 
46.15579   10000 
27   56 
46.15584   10000 
27   56 
46.15579   10000.01 
27   56 
46.16224   10000 
27   56 
46.16229   10000 
27   56 
46.16224   10000.01 
27   56 
46.16869   10000 
27   56 
46.16873   10000 
27   56 
46.16869   10000.01 
27   56 
46.17513   10000 
27   56 
46.17518   10000 
27   56 
46.17513   10000.01 
27   56 
46.18158   10000 
27   56 
46.18163   10000 
27   56 
46.18158   10000.01 
27   56 
46.18803   10000 
27   56 
46.18808   10000 
27   56 
46.18803   10000.01 
27   56 
46.19448   10000 
27   56 
46.19453   10000 
27   56 
46.19448   10000.01 
27   56 
46.20094   10000 
27   56 
46.20098   10000 
27   56 
46.20094   10000.01 
27   56 
46.20739   10000 
27   56 
46.20743   10000 
27   56 
46.20739   10000.01 
27   56 
46.21384   10000 
27   56 
46.21389   10000 
27   56 
46.21384   10000.01 
27   56 
46.2203   10000 
27   56 
46.22034   10000 
27   56 
46.2203   10000.01 
27   56 
46.22675   10000 
27   56 
46.2268   10000 
27   56 
46.22675   10000.01 
27   56 
46.23321   10000 
27   56 
46.23326   10000 
27   56 
46.23321   10000.01 
27   56 
46.23967   10000 
27   56 
46.23971   10000 
27   56 
46.23967   10000.01 
27   56 
46.24613   10000 
27   56 
46.24617   10000 
27   56 
46.24613   10000.01 
27   56 
46.25259   10000 
27   56 
46.25263   10000 
27   56 
46.25259   10000.01 
27   56 
46.25905   10000 
27   56 
46.25909   10000 
27   56 
46.25905   10000.01 
27   56 
46.26551   10000 
27   56 
46.26556   10000 
27   56 
46.26551   10000.01 
27   56 
46.27197   10000 
27   56 
46.27202   10000 
27   56 
46.27197   10000.01 
27   56 
46.27844   10000 
27   56 
46.27848   10000 
27   56 
46.27844   10000.01 
27   56 
46.2849   10000 
27   56 
46.28495   10000 
27   56 
46.2849   10000.01 
27   56 
46.29137   10000 
27   56 
46.29141   10000 
27   56 
46.29137   10000.01 
27   56 
46.29784   10000 
27   56 
46.29788   10000 
27   56 
46.29784   10000.01 
27   56 
46.3043   10000 
27   56 
46.30435   10000 
27   56 
46.3043   10000.01 
27   56 
46.31077   10000 
27   56 
46.31082   10000 
27   56 
46.31077   10000.01 
27   56 
46.31724   10000 
27   56 
46.31729   10000 
27   56 
46.31724   10000.01 
27   56 
46.32371   10000 
27   56 
46.32376   10000 
27   56 
46.32371   10000.01 
27   56 
46.33019   10000 
27   56 
46.33023   10000 
27   56 
46.33019   10000.01 
27   56 
46.33666   10000 
27   56 
46.33671   10000 
27   56 
46.33666   10000.01 
27   56 
46.34313   10000 
27   56 
46.34318   10000 
27   56 
46.34313   10000.01 
27   56 
46.34961   10000 
27   56 
46.34965   10000 
27   56 
46.34961   10000.01 
27   56 
46.35608   10000 
27   56 
46.35613   10000 
27   56 
46.35608   10000.01 
27   56 
46.36256   10000 
27   56 
46.36261   10000 
27   56 
46.36256   10000.01 
27   56 
46.36904   10000 
27   56 
46.36909   10000 
27   56 
46.36904   10000.01 
27   56 
46.37552   10000 
27   56 
46.37556   10000 
27   56 
46.37552   10000.01 
27   56 
46.382   10000 
27   56 
46.38204   10000 
27   56 
46.382   10000.01 
27   56 
46.38848   10000 
27   56 
46.38853   10000 
27   56 
46.38848   10000.01 
27   56 
46.39496   10000 
27   56 
46.39501   10000 
27   56 
46.39496   10000.01 
27   56 
46.40144   10000 
27   56 
46.40149   10000 
27   56 
46.40144   10000.01 
27   56 
46.40793   10000 
27   56 
46.40797   10000 
27   56 
46.40793   10000.01 
27   56 
46.41441   10000 
27   56 
46.41446   10000 
27   56 
46.41441   10000.01 
27   56 
46.4209   10000 
27   56 
46.42094   10000 
27   56 
46.4209   10000.01 
27   56 
46.42738   10000 
27   56 
46.42743   10000 
27   56 
46.42738   10000.01 
27   56 
46.43387   10000 
27   56 
46.43392   10000 
27   56 
46.43387   10000.01 
27   56 
46.44036   10000 
27   56 
46.44041   10000 
27   56 
46.44036   10000.01 
27   56 
46.44685   10000 
27   56 
46.44689   10000 
27   56 
46.44685   10000.01 
27   56 
46.45334   10000 
27   56 
46.45338   10000 
27   56 
46.45334   10000.01 
27   56 
46.45983   10000 
27   56 
46.45988   10000 
27   56 
46.45983   10000.01 
27   56 
46.46632   10000 
27   56 
46.46637   10000 
27   56 
46.46632   10000.01 
27   56 
46.47281   10000 
27   56 
46.47286   10000 
27   56 
46.47281   10000.01 
27   56 
46.47931   10000 
27   56 
46.47936   10000 
27   56 
46.47931   10000.01 
27   56 
46.4858   10000 
27   56 
46.48585   10000 
27   56 
46.4858   10000.01 
27   56 
46.4923   10000 
27   56 
46.49235   10000 
27   56 
46.4923   10000.01 
27   56 
46.4988   10000 
27   56 
46.49884   10000 
27   56 
46.4988   10000.01 
27   56 
46.50529   10000 
27   56 
46.50534   10000 
27   56 
46.50529   10000.01 
27   56 
46.51179   10000 
27   56 
46.51184   10000 
27   56 
46.51179   10000.01 
27   56 
46.51829   10000 
27   56 
46.51834   10000 
27   56 
46.51829   10000.01 
27   56 
46.52479   10000 
27   56 
46.52484   10000 
27   56 
46.52479   10000.01 
27   56 
46.53129   10000 
27   56 
46.53134   10000 
27   56 
46.53129   10000.01 
27   56 
46.53779   10000 
27   56 
46.53784   10000 
27   56 
46.53779   10000.01 
27   56 
46.5443   10000 
27   56 
46.54434   10000 
27   56 
46.5443   10000.01 
27   56 
46.5508   10000 
27   56 
46.55085   10000 
27   56 
46.5508   10000.01 
27   56 
46.55731   10000 
27   56 
46.55735   10000 
27   56 
46.55731   10000.01 
27   56 
46.56381   10000 
27   56 
46.56386   10000 
27   56 
46.56381   10000.01 
27   56 
46.57032   10000 
27   56 
46.57036   10000 
27   56 
46.57032   10000.01 
27   56 
46.57682   10000 
27   56 
46.57687   10000 
27   56 
46.57682   10000.01 
27   56 
46.58333   10000 
27   56 
46.58338   10000 
27   56 
46.58333   10000.01 
27   56 
46.58984   10000 
27   56 
46.58989   10000 
27   56 
46.58984   10000.01 
27   56 
46.59635   10000 
27   56 
46.5964   10000 
27   56 
46.59635   10000.01 
27   56 
46.60286   10000 
27   56 
46.60291   10000 
27   56 
46.60286   10000.01 
27   56 
46.60937   10000 
27   56 
46.60942   10000 
27   56 
46.60937   10000.01 
27   56 
46.61589   10000 
27   56 
46.61593   10000 
27   56 
46.61589   10000.01 
27   56 
46.6224   10000 
27   56 
46.62245   10000 
27   56 
46.6224   10000.01 
27   56 
46.62891   10000 
27   56 
46.62896   10000 
27   56 
46.62891   10000.01 
27   56 
46.63543   10000 
27   56 
46.63547   10000 
27   56 
46.63543   10000.01 
27   56 
46.64194   10000 
27   56 
46.64199   10000 
27   56 
46.64194   10000.01 
27   56 
46.64846   10000 
27   56 
46.64851   10000 
27   56 
46.64846   10000.01 
27   56 
46.65498   10000 
27   56 
46.65502   10000 
27   56 
46.65498   10000.01 
27   56 
46.6615   10000 
27   56 
46.66154   10000 
27   56 
46.6615   10000.01 
27   56 
46.66802   10000 
27   56 
46.66806   10000 
27   56 
46.66802   10000.01 
27   56 
46.67454   10000 
27   56 
46.67458   10000 
27   56 
46.67454   10000.01 
27   56 
46.68106   10000 
27   56 
46.6811   10000 
27   56 
46.68106   10000.01 
27   56 
46.68758   10000 
27   56 
46.68762   10000 
27   56 
46.68758   10000.01 
27   56 
46.6941   10000 
27   56 
46.69415   10000 
27   56 
46.6941   10000.01 
27   56 
46.70062   10000 
27   56 
46.70067   10000 
27   56 
46.70062   10000.01 
27   56 
46.70715   10000 
27   56 
46.70719   10000 
27   56 
46.70715   10000.01 
27   56 
46.71367   10000 
27   56 
46.71372   10000 
27   56 
46.71367   10000.01 
27   56 
46.7202   10000 
27   56 
46.72024   10000 
27   56 
46.7202   10000.01 
27   56 
46.72672   10000 
27   56 
46.72677   10000 
27   56 
46.72672   10000.01 
27   56 
46.73325   10000 
27   56 
46.7333   10000 
27   56 
46.73325   10000.01 
27   56 
46.73978   10000 
27   56 
46.73983   10000 
27   56 
46.73978   10000.01 
27   56 
46.74631   10000 
27   56 
46.74635   10000 
27   56 
46.74631   10000.01 
27   56 
46.75284   10000 
27   56 
46.75288   10000 
27   56 
46.75284   10000.01 
27   56 
46.75937   10000 
27   56 
46.75941   10000 
27   56 
46.75937   10000.01 
27   56 
46.7659   10000 
27   56 
46.76594   10000 
27   56 
46.7659   10000.01 
27   56 
46.77243   10000 
27   56 
46.77248   10000 
27   56 
46.77243   10000.01 
27   56 
46.77896   10000 
27   56 
46.77901   10000 
27   56 
46.77896   10000.01 
27   56 
46.7855   10000 
27   56 
46.78554   10000 
27   56 
46.7855   10000.01 
27   56 
46.79203   10000 
27   56 
46.79208   10000 
27   56 
46.79203   10000.01 
27   56 
46.79856   10000 
27   56 
46.79861   10000 
27   56 
46.79856   10000.01 
27   56 
46.8051   10000 
27   56 
46.80515   10000 
27   56 
46.8051   10000.01 
27   56 
46.81164   10000 
27   56 
46.81168   10000 
27   56 
46.81164   10000.01 
27   56 
46.81817   10000 
27   56 
46.81822   10000 
27   56 
46.81817   10000.01 
27   56 
46.82471   10000 
27   56 
46.82476   10000 
27   56 
46.82471   10000.01 
27   56 
46.83125   10000 
27   56 
46.8313   10000 
27   56 
46.83125   10000.01 
27   56 
46.83779   10000 
27   56 
46.83784   10000 
27   56 
46.83779   10000.01 
27   56 
46.84433   10000 
27   56 
46.84438   10000 
27   56 
46.84433   10000.01 
27   56 
46.85087   10000 
27   56 
46.85092   10000 
27   56 
46.85087   10000.01 
27   56 
46.85741   10000 
27   56 
46.85746   10000 
27   56 
46.85741   10000.01 
27   56 
46.86395   10000 
27   56 
46.864   10000 
27   56 
46.86395   10000.01 
27   56 
46.8705   10000 
27   56 
46.87054   10000 
27   56 
46.8705   10000.01 
27   56 
46.87704   10000 
27   56 
46.87709   10000 
27   56 
46.87704   10000.01 
27   56 
46.88359   10000 
27   56 
46.88363   10000 
27   56 
46.88359   10000.01 
27   56 
46.89013   10000 
27   56 
46.89018   10000 
27   56 
46.89013   10000.01 
27   56 
46.89668   10000 
27   56 
46.89672   10000 
27   56 
46.89668   10000.01 
27   56 
46.90322   10000 
27   56 
46.90327   10000 
27   56 
46.90322   10000.01 
27   56 
46.90977   10000 
27   56 
46.90982   10000 
27   56 
46.90977   10000.01 
27   56 
46.91632   10000 
27   56 
46.91636   10000 
27   56 
46.91632   10000.01 
27   56 
46.92287   10000 
27   56 
46.92291   10000 
27   56 
46.92287   10000.01 
27   56 
46.92942   10000 
27   56 
46.92946   10000 
27   56 
46.92942   10000.01 
27   56 
46.93597   10000 
27   56 
46.93601   10000 
27   56 
46.93597   10000.01 
27   56 
46.94252   10000 
27   56 
46.94256   10000 
27   56 
46.94252   10000.01 
27   56 
46.94907   10000 
27   56 
46.94911   10000 
27   56 
46.94907   10000.01 
27   56 
46.95562   10000 
27   56 
46.95567   10000 
27   56 
46.95562   10000.01 
27   56 
46.96217   10000 
27   56 
46.96222   10000 
27   56 
46.96217   10000.01 
27   56 
46.96873   10000 
27   56 
46.96877   10000 
27   56 
46.96873   10000.01 
27   56 
46.97528   10000 
27   56 
46.97533   10000 
27   56 
46.97528   10000.01 
27   56 
46.98183   10000 
27   56 
46.98188   10000 
27   56 
46.98183   10000.01 
27   56 
46.98839   10000 
27   56 
46.98844   10000 
27   56 
46.98839   10000.01 
27   56 
46.99495   10000 
27   56 
46.99499   10000 
27   56 
46.99495   10000.01 
27   56 
47.0015   10000 
27   56 
47.00155   10000 
27   56 
47.0015   10000.01 
27   56 
47.00806   10000 
27   56 
47.00811   10000 
27   56 
47.00806   10000.01 
27   56 
47.01462   10000 
27   56 
47.01467   10000 
27   56 
47.01462   10000.01 
27   56 
47.02118   10000 
27   56 
47.02122   10000 
27   56 
47.02118   10000.01 
27   56 
47.02774   10000 
27   56 
47.02778   10000 
27   56 
47.02774   10000.01 
27   56 
47.0343   10000 
27   56 
47.03434   10000 
27   56 
47.0343   10000.01 
27   56 
47.04086   10000 
27   56 
47.0409   10000 
27   56 
47.04086   10000.01 
27   56 
47.04742   10000 
27   56 
47.04746   10000 
27   56 
47.04742   10000.01 
27   56 
47.05398   10000 
27   56 
47.05403   10000 
27   56 
47.05398   10000.01 
27   56 
47.06054   10000 
27   56 
47.06059   10000 
27   56 
47.06054   10000.01 
27   56 
47.06711   10000 
27   56 
47.06715   10000 
27   56 
47.06711   10000.01 
27   56 
47.07367   10000 
27   56 
47.07372   10000 
27   56 
47.07367   10000.01 
27   56 
47.08023   10000 
27   56 
47.08028   10000 
27   56 
47.08023   10000.01 
27   56 
47.0868   10000 
27   56 
47.08685   10000 
27   56 
47.0868   10000.01 
27   56 
47.09336   10000 
27   56 
47.09341   10000 
27   56 
47.09336   10000.01 
27   56 
47.09993   10000 
27   56 
47.09998   10000 
27   56 
47.09993   10000.01 
27   56 
47.1065   10000 
27   56 
47.10654   10000 
27   56 
47.1065   10000.01 
27   56 
47.11306   10000 
27   56 
47.11311   10000 
27   56 
47.11306   10000.01 
27   56 
47.11963   10000 
27   56 
47.11968   10000 
27   56 
47.11963   10000.01 
27   56 
47.1262   10000 
27   56 
47.12625   10000 
27   56 
47.1262   10000.01 
27   56 
47.13277   10000 
27   56 
47.13282   10000 
27   56 
47.13277   10000.01 
27   56 
47.13934   10000 
27   56 
47.13939   10000 
27   56 
47.13934   10000.01 
27   56 
47.14591   10000 
27   56 
47.14596   10000 
27   56 
47.14591   10000.01 
27   56 
47.15248   10000 
27   56 
47.15253   10000 
27   56 
47.15248   10000.01 
27   56 
47.15905   10000 
27   56 
47.1591   10000 
27   56 
47.15905   10000.01 
27   56 
47.16562   10000 
27   56 
47.16567   10000 
27   56 
47.16562   10000.01 
27   56 
47.1722   10000 
27   56 
47.17224   10000 
27   56 
47.1722   10000.01 
27   56 
47.17877   10000 
27   56 
47.17882   10000 
27   56 
47.17877   10000.01 
27   56 
47.18534   10000 
27   56 
47.18539   10000 
27   56 
47.18534   10000.01 
27   56 
47.19192   10000 
27   56 
47.19196   10000 
27   56 
47.19192   10000.01 
27   56 
47.19849   10000 
27   56 
47.19854   10000 
27   56 
47.19849   10000.01 
27   56 
47.20507   10000 
27   56 
47.20511   10000 
27   56 
47.20507   10000.01 
27   56 
47.21164   10000 
27   56 
47.21169   10000 
27   56 
47.21164   10000.01 
27   56 
47.21822   10000 
27   56 
47.21827   10000 
27   56 
47.21822   10000.01 
27   56 
47.2248   10000 
27   56 
47.22484   10000 
27   56 
47.2248   10000.01 
27   56 
47.23137   10000 
27   56 
47.23142   10000 
27   56 
47.23137   10000.01 
27   56 
47.23795   10000 
27   56 
47.238   10000 
27   56 
47.23795   10000.01 
27   56 
47.24453   10000 
27   56 
47.24458   10000 
27   56 
47.24453   10000.01 
27   56 
47.25111   10000 
27   56 
47.25116   10000 
27   56 
47.25111   10000.01 
27   56 
47.25769   10000 
27   56 
47.25774   10000 
27   56 
47.25769   10000.01 
27   56 
47.26427   10000 
27   56 
47.26432   10000 
27   56 
47.26427   10000.01 
27   56 
47.27085   10000 
27   56 
47.2709   10000 
27   56 
47.27085   10000.01 
27   56 
47.27743   10000 
27   56 
47.27748   10000 
27   56 
47.27743   10000.01 
27   56 
47.28401   10000 
27   56 
47.28406   10000 
27   56 
47.28401   10000.01 
27   56 
47.29059   10000 
27   56 
47.29064   10000 
27   56 
47.29059   10000.01 
27   56 
47.29718   10000 
27   56 
47.29722   10000 
27   56 
47.29718   10000.01 
27   56 
47.30376   10000 
27   56 
47.30381   10000 
27   56 
47.30376   10000.01 
27   56 
47.31034   10000 
27   56 
47.31039   10000 
27   56 
47.31034   10000.01 
27   56 
47.31693   10000 
27   56 
47.31697   10000 
27   56 
47.31693   10000.01 
27   56 
47.32351   10000 
27   56 
47.32356   10000 
27   56 
47.32351   10000.01 
27   56 
47.3301   10000 
27   56 
47.33014   10000 
27   56 
47.3301   10000.01 
27   56 
47.33668   10000 
27   56 
47.33673   10000 
27   56 
47.33668   10000.01 
27   56 
47.34327   10000 
27   56 
47.34331   10000 
27   56 
47.34327   10000.01 
27   56 
47.34985   10000 
27   56 
47.3499   10000 
27   56 
47.34985   10000.01 
27   56 
47.35644   10000 
27   56 
47.35649   10000 
27   56 
47.35644   10000.01 
27   56 
47.36303   10000 
27   56 
47.36308   10000 
27   56 
47.36303   10000.01 
27   56 
47.36962   10000 
27   56 
47.36966   10000 
27   56 
47.36962   10000.01 
27   56 
47.3762   10000 
27   56 
47.37625   10000 
27   56 
47.3762   10000.01 
27   56 
47.38279   10000 
27   56 
47.38284   10000 
27   56 
47.38279   10000.01 
27   56 
47.38938   10000 
27   56 
47.38943   10000 
27   56 
47.38938   10000.01 
27   56 
47.39597   10000 
27   56 
47.39602   10000 
27   56 
47.39597   10000.01 
27   56 
47.40256   10000 
27   56 
47.40261   10000 
27   56 
47.40256   10000.01 
27   56 
47.40915   10000 
27   56 
47.4092   10000 
27   56 
47.40915   10000.01 
27   56 
47.41574   10000 
27   56 
47.41579   10000 
27   56 
47.41574   10000.01 
27   56 
47.42233   10000 
27   56 
47.42238   10000 
27   56 
47.42233   10000.01 
27   56 
47.42893   10000 
27   56 
47.42897   10000 
27   56 
47.42893   10000.01 
27   56 
47.43552   10000 
27   56 
47.43557   10000 
27   56 
47.43552   10000.01 
27   56 
47.44211   10000 
27   56 
47.44216   10000 
27   56 
47.44211   10000.01 
27   56 
47.4487   10000 
27   56 
47.44875   10000 
27   56 
47.4487   10000.01 
27   56 
47.4553   10000 
27   56 
47.45534   10000 
27   56 
47.4553   10000.01 
27   56 
47.46189   10000 
27   56 
47.46194   10000 
27   56 
47.46189   10000.01 
27   56 
47.46848   10000 
27   56 
47.46853   10000 
27   56 
47.46848   10000.01 
27   56 
47.47508   10000 
27   56 
47.47513   10000 
27   56 
47.47508   10000.01 
27   56 
47.48167   10000 
27   56 
47.48172   10000 
27   56 
47.48167   10000.01 
27   56 
47.48827   10000 
27   56 
47.48832   10000 
27   56 
47.48827   10000.01 
27   56 
47.49487   10000 
27   56 
47.49491   10000 
27   56 
47.49487   10000.01 
27   56 
47.50146   10000 
27   56 
47.50151   10000 
27   56 
47.50146   10000.01 
27   56 
47.50806   10000 
27   56 
47.50811   10000 
27   56 
47.50806   10000.01 
27   56 
47.51466   10000 
27   56 
47.5147   10000 
27   56 
47.51466   10000.01 
27   56 
47.52125   10000 
27   56 
47.5213   10000 
27   56 
47.52125   10000.01 
27   56 
47.52785   10000 
27   56 
47.5279   10000 
27   56 
47.52785   10000.01 
27   56 
47.53445   10000 
27   56 
47.5345   10000 
27   56 
47.53445   10000.01 
27   56 
47.54105   10000 
27   56 
47.54109   10000 
27   56 
47.54105   10000.01 
27   56 
47.54765   10000 
27   56 
47.54769   10000 
27   56 
47.54765   10000.01 
27   56 
47.55424   10000 
27   56 
47.55429   10000 
27   56 
47.55424   10000.01 
27   56 
47.56084   10000 
27   56 
47.56089   10000 
27   56 
47.56084   10000.01 
27   56 
47.56744   10000 
27   56 
47.56749   10000 
27   56 
47.56744   10000.01 
27   56 
47.57404   10000 
27   56 
47.57409   10000 
27   56 
47.57404   10000.01 
27   56 
47.58064   10000 
27   56 
47.58069   10000 
27   56 
47.58064   10000.01 
27   56 
47.58725   10000 
27   56 
47.58729   10000 
27   56 
47.58725   10000.01 
27   56 
47.59385   10000 
27   56 
47.59389   10000 
27   56 
47.59385   10000.01 
27   56 
47.60045   10000 
27   56 
47.6005   10000 
27   56 
47.60045   10000.01 
27   56 
47.60705   10000 
27   56 
47.6071   10000 
27   56 
47.60705   10000.01 
27   56 
47.61365   10000 
27   56 
47.6137   10000 
27   56 
47.61365   10000.01 
27   56 
47.62025   10000 
27   56 
47.6203   10000 
27   56 
47.62025   10000.01 
27   56 
47.62686   10000 
27   56 
47.6269   10000 
27   56 
47.62686   10000.01 
27   56 
47.63346   10000 
27   56 
47.63351   10000 
27   56 
47.63346   10000.01 
27   56 
47.64006   10000 
27   56 
47.64011   10000 
27   56 
47.64006   10000.01 
27   56 
47.64667   10000 
27   56 
47.64671   10000 
27   56 
47.64667   10000.01 
27   56 
47.65327   10000 
27   56 
47.65332   10000 
27   56 
47.65327   10000.01 
27   56 
47.65988   10000 
27   56 
47.65992   10000 
27   56 
47.65988   10000.01 
27   56 
47.66648   10000 
27   56 
47.66653   10000 
27   56 
47.66648   10000.01 
27   56 
47.67309   10000 
27   56 
47.67313   10000 
27   56 
47.67309   10000.01 
27   56 
47.67969   10000 
27   56 
47.67974   10000 
27   56 
47.67969   10000.01 
27   56 
47.6863   10000 
27   56 
47.68634   10000 
27   56 
47.6863   10000.01 
27   56 
47.6929   10000 
27   56 
47.69295   10000 
27   56 
47.6929   10000.01 
27   56 
47.69951   10000 
27   56 
47.69956   10000 
27   56 
47.69951   10000.01 
27   56 
47.70611   10000 
27   56 
47.70616   10000 
27   56 
47.70611   10000.01 
27   56 
47.71272   10000 
27   56 
47.71277   10000 
27   56 
47.71272   10000.01 
27   56 
47.71933   10000 
27   56 
47.71938   10000 
27   56 
47.71933   10000.01 
27   56 
47.72593   10000 
27   56 
47.72598   10000 
27   56 
47.72593   10000.01 
27   56 
47.73254   10000 
27   56 
47.73259   10000 
27   56 
47.73254   10000.01 
27   56 
47.73915   10000 
27   56 
47.7392   10000 
27   56 
47.73915   10000.01 
27   56 
47.74576   10000 
27   56 
47.7458   10000 
27   56 
47.74576   10000.01 
27   56 
47.75237   10000 
27   56 
47.75241   10000 
27   56 
47.75237   10000.01 
27   56 
47.75897   10000 
27   56 
47.75902   10000 
27   56 
47.75897   10000.01 
27   56 
47.76558   10000 
27   56 
47.76563   10000 
27   56 
47.76558   10000.01 
27   56 
47.77219   10000 
27   56 
47.77224   10000 
27   56 
47.77219   10000.01 
27   56 
47.7788   10000 
27   56 
47.77885   10000 
27   56 
47.7788   10000.01 
27   56 
47.78541   10000 
27   56 
47.78546   10000 
27   56 
47.78541   10000.01 
27   56 
47.79202   10000 
27   56 
47.79207   10000 
27   56 
47.79202   10000.01 
27   56 
47.79863   10000 
27   56 
47.79868   10000 
27   56 
47.79863   10000.01 
27   56 
47.80524   10000 
27   56 
47.80529   10000 
27   56 
47.80524   10000.01 
27   56 
47.81185   10000 
27   56 
47.8119   10000 
27   56 
47.81185   10000.01 
27   56 
47.81846   10000 
27   56 
47.81851   10000 
27   56 
47.81846   10000.01 
27   56 
47.82507   10000 
27   56 
47.82512   10000 
27   56 
47.82507   10000.01 
27   56 
47.83168   10000 
27   56 
47.83173   10000 
27   56 
47.83168   10000.01 
27   56 
47.83829   10000 
27   56 
47.83834   10000 
27   56 
47.83829   10000.01 
27   56 
47.8449   10000 
27   56 
47.84495   10000 
27   56 
47.8449   10000.01 
27   56 
47.85151   10000 
27   56 
47.85156   10000 
27   56 
47.85151   10000.01 
27   56 
47.85813   10000 
27   56 
47.85817   10000 
27   56 
47.85813   10000.01 
27   56 
47.86474   10000 
27   56 
47.86478   10000 
27   56 
47.86474   10000.01 
27   56 
47.87135   10000 
27   56 
47.8714   10000 
27   56 
47.87135   10000.01 
27   56 
47.87796   10000 
27   56 
47.87801   10000 
27   56 
47.87796   10000.01 
27   56 
47.88457   10000 
27   56 
47.88462   10000 
27   56 
47.88457   10000.01 
27   56 
47.89119   10000 
27   56 
47.89123   10000 
27   56 
47.89119   10000.01 
27   56 
47.8978   10000 
27   56 
47.89785   10000 
27   56 
47.8978   10000.01 
27   56 
47.90441   10000 
27   56 
47.90446   10000 
27   56 
47.90441   10000.01 
27   56 
47.91102   10000 
27   56 
47.91107   10000 
27   56 
47.91102   10000.01 
27   56 
47.91764   10000 
27   56 
47.91768   10000 
27   56 
47.91764   10000.01 
27   56 
47.92425   10000 
27   56 
47.9243   10000 
27   56 
47.92425   10000.01 
27   56 
47.93086   10000 
27   56 
47.93091   10000 
27   56 
47.93086   10000.01 
27   56 
47.93748   10000 
27   56 
47.93752   10000 
27   56 
47.93748   10000.01 
27   56 
47.94409   10000 
27   56 
47.94414   10000 
27   56 
47.94409   10000.01 
27   56 
47.9507   10000 
27   56 
47.95075   10000 
27   56 
47.9507   10000.01 
27   56 
47.95732   10000 
27   56 
47.95737   10000 
27   56 
47.95732   10000.01 
27   56 
47.96393   10000 
27   56 
47.96398   10000 
27   56 
47.96393   10000.01 
27   56 
47.97055   10000 
27   56 
47.97059   10000 
27   56 
47.97055   10000.01 
27   56 
47.97716   10000 
27   56 
47.97721   10000 
27   56 
47.97716   10000.01 
27   56 
47.98377   10000 
27   56 
47.98382   10000 
27   56 
47.98377   10000.01 
27   56 
47.99039   10000 
27   56 
47.99044   10000 
27   56 
47.99039   10000.01 
27   56 
47.997   10000 
27   56 
47.99705   10000 
27   56 
47.997   10000.01 
27   56 
48.00362   10000 
27   56 
48.00367   10000 
27   56 
48.00362   10000.01 
27   56 
48.01023   10000 
27   56 
48.01028   10000 
27   56 
48.01023   10000.01 
27   56 
48.01685   10000 
27   56 
48.0169   10000 
27   56 
48.01685   10000.01 
27   56 
48.02346   10000 
27   56 
48.02351   10000 
27   56 
48.02346   10000.01 
27   56 
48.03008   10000 
27   56 
48.03013   10000 
27   56 
48.03008   10000.01 
27   56 
48.03669   10000 
27   56 
48.03674   10000 
27   56 
48.03669   10000.01 
27   56 
48.04331   10000 
27   56 
48.04336   10000 
27   56 
48.04331   10000.01 
27   56 
48.04992   10000 
27   56 
48.04997   10000 
27   56 
48.04992   10000.01 
27   56 
48.05654   10000 
27   56 
48.05659   10000 
27   56 
48.05654   10000.01 
27   56 
48.06315   10000 
27   56 
48.0632   10000 
27   56 
48.06315   10000.01 
27   56 
48.06977   10000 
27   56 
48.06982   10000 
27   56 
48.06977   10000.01 
27   56 
48.07639   10000 
27   56 
48.07643   10000 
27   56 
48.07639   10000.01 
27   56 
48.083   10000 
27   56 
48.08305   10000 
27   56 
48.083   10000.01 
27   56 
48.08962   10000 
27   56 
48.08966   10000 
27   56 
48.08962   10000.01 
27   56 
48.09623   10000 
27   56 
48.09628   10000 
27   56 
48.09623   10000.01 
27   56 
48.10285   10000 
27   56 
48.1029   10000 
27   56 
48.10285   10000.01 
27   56 
48.10946   10000 
27   56 
48.10951   10000 
27   56 
48.10946   10000.01 
27   56 
48.11608   10000 
27   56 
48.11613   10000 
27   56 
48.11608   10000.01 
27   56 
48.1227   10000 
27   56 
48.12274   10000 
27   56 
48.1227   10000.01 
27   56 
48.12931   10000 
27   56 
48.12936   10000 
27   56 
48.12931   10000.01 
27   56 
48.13593   10000 
27   56 
48.13598   10000 
27   56 
48.13593   10000.01 
27   56 
48.14254   10000 
27   56 
48.14259   10000 
27   56 
48.14254   10000.01 
27   56 
48.14916   10000 
27   56 
48.14921   10000 
27   56 
48.14916   10000.01 
27   56 
48.15578   10000 
27   56 
48.15582   10000 
27   56 
48.15578   10000.01 
27   56 
48.16239   10000 
27   56 
48.16244   10000 
27   56 
48.16239   10000.01 
27   56 
48.16901   10000 
27   56 
48.16906   10000 
27   56 
48.16901   10000.01 
27   56 
48.17562   10000 
27   56 
48.17567   10000 
27   56 
48.17562   10000.01 
27   56 
48.18224   10000 
27   56 
48.18229   10000 
27   56 
48.18224   10000.01 
27   56 
47521.95   9999.964 
27   56 
4795.559   9999.996 
27   56 
522.92   10000 
27   56 
285.0939   10000 
27   56 
119.8161   10000 
27   56 
74.90153   10000 
27   56 
74.90161   10000 
27   56 
74.90153   10000.01 
27   56 
69.02772   10000 
27   56 
69.02779   10000 
27   56 
69.02772   10000.01 
27   56 
66.79303   10000 
27   56 
66.79309   10000 
27   56 
66.79303   10000.01 
27   56 
67.3198   10000 
27   56 
67.31987   10000 
27   56 
67.3198   10000.01 
27   56 
67.29297   10000 
27   56 
67.29303   10000 
27   56 
67.29297   10000.01 
27   56 
67.29256   10000 
27   56 
67.29262   10000 
27   56 
67.29256   10000.01 
Fit Mean:  67.29256  Size:  10000  Code:  1 
> 
> cat("Final Fit Mean: ", nb_fit_mu, " Size: ", nb_fit_size, " Code: ", nb_fit$code, " Try Size: ", try_size, "\n")
Final Fit Mean:  67.29256  Size:  10000  Code:  1  Try Size:  10000 
> 
> ## Fit failed = reset parameters so graphing and output code can recognize this
> if ((nb_fit_mu < 0) || (nb_fit_size < 0) || (nb_fit$code != 1))
+ {
+   nb_fit_mu = 0
+   nb_fit_size = 0
+ }
> 
> 
> ## things can go wrong with fitting and we can still end up with invalid values
> 
> fit_nb = c()
> included_fract = 0
> if (nb_fit_mu > 0)
+ {
+   end_fract = pnbinom(end_i_for_fits, mu = nb_fit_mu, size=nb_fit_size)
+   start_fract = pnbinom(start_i_for_fits, mu = nb_fit_mu, size=nb_fit_size)
+   included_fract = end_fract-start_fract;
+ 
+   if (included_fract >= 0.01) {
+ 
+     ## Adjust so that we are back in full coords before making fit!!
+     if (num_per_bin > 1) 
+     {
+       nb_fit_mu = nb_fit_mu * num_per_bin
+     }
+     fit_nb = dnbinom(0:max(X$coverage), mu = nb_fit_mu, size=nb_fit_size)*inner_total/included_fract;
+   }
+ }
> 
> ## If an insufficient amount of fit was included, then invalidate it
> if (included_fract < 0.01)
+ {
+   nb_fit_mu = 0
+   nb_fit_size = 0
+ }
> 
> f_p <- function(par) {
+ 
+   lambda = par[1];
+ 
+   if (lambda <= 0)
+   {
+     return(0);
+   }
+   
+ 	total <- 0;
+ 	for (i in start_i_for_fits:end_i_for_fits)
+ 	{	
+     #cat(i, " ", lambda, "\n");
+ 		dist[i] <- dpois(i, lambda=lambda);
+ 		total <- total + dist[i] 
+ 	}
+ 	#print (total)
+ 
+  	l <- 0;
+ 	for (i in start_i_for_fits:end_i_for_fits)
+ 	{
+ 		l <- l + ((X.for.fits[i]/inner_total)-(dist[i]/total))^2;
+ 	}
+ 	return(l);
+ }
> 
> 
> ## Fit Poisson 
> ## - allow fit to fail and set all params to zero/empty if that is the case
> 
> p_fit = NULL
> try(suppressWarnings(p_fit<-nlm(f_p, c(m), print.level=this.print.level)))
> 
> fit_p = c()
> if (!is.null(p_fit) && (p_fit$estimate[1] > 0))
+ {
+   #print (nb_fit$estimate[1])
+   p_fit_lambda = p_fit$estimate[1];
+   #print(0:max(X$coverage))
+ 
+   end_fract = ppois(end_i_for_fits, lambda = p_fit_lambda)
+   start_fract = ppois(start_i_for_fits, lambda = p_fit_lambda)
+   included_fract = end_fract-start_fract;
+ 
+   ## Adjust so that we are back in full coords before making fit!!
+   if (num_per_bin > 1) 
+   {
+     p_fit_lambda = p_fit_lambda * num_per_bin
+   }
+   fit_p<-dpois(0:max(X$coverage), lambda = p_fit_lambda)*inner_total/included_fract;
+ }
> 
> 
> ## Graphing
> ##
> ## don't graph very high values with very little coverage
> i<-max_i
> while (i <= length(X$n) && X$n[i]>0.01*max_n)
+ {		
+ 	i <- i+1;
+ }
> graph_end_i <-i
> 
> ## Ths leaves enough room to the right of the peak for the legend
> graph_end_i = max(floor(2.2 * max_i), graph_end_i);
> 
> ## graphics settings
> my_pch = 21
> my_col = "black";
> my_col_censored = "red";
> 
> if (pdf_output == 0) {
+   
+   ## bitmap() requires ghostscript to be installed.
+   ## taa=4, gaa=2 options NOT compatible with earlier R versions!
+   ## units = "px" NOT compatible with even earlier R versions!
+   
+   if(!capabilities(what = "png"))
+   {
+     ## fallback to ghostscript
+     bitmap(plot_file, height=6, width=7, type = "png16m", res = 72, pointsize=18)
+   } else {
+     ## use X11 function, which gives better resolution
+     png(plot_file, height=6, width=7, units ="in", res = 72, pointsize=18)
+     par(family="sans")
+   }
+ } else {
+   pdf(plot_file, height=6, width=7)
+   par(family="sans")
+ }
> 
> par(mar=c(5.5,7.5,3,1.5));
> 
> max_y = 0
> if (plot_poisson) {
+ 	max_y = max(X$n, fit_p, fit_nb)
+ } else {
+ 	max_y = max(X$n, fit_nb)
+ }
> 
> plot(0:10, 0:10, type="n", lty="solid", ylim=c(0, max_y)*1.05, xlim=c(0, graph_end_i), lwd=1, xaxs="i", yaxs="i", axes=F, las=1, main="Coverage Distribution at Unique-Only Positions", xlab="Coverage depth (reads)", ylab="", cex.lab=1.2, cex.axis=1.2)
> 
> mtext(side = 2, text = "Number of reference positions", line = 5.5, cex=1.2)
> 
> sciNotation <- function(x, digits = 1) {
+     if (length(x) > 1) {
+         return(append(sciNotation(x[1]), sciNotation(x[-1])))     
+ 	} 
+     if (!x) return(0) 
+ 
+ 	exponent <- floor(log10(x)) 
+     base <- round(x / 10^exponent, digits)     
+ 	as.expression(substitute(base %*% 10^exponent, list(base = base, exponent = exponent))) 
+ }
> 
> #axis(2, cex.lab=1.2, las=1, cex.axis=1.2, labels=T, at=(0:6)*50000)
> axis(2, cex.lab=1.2, las=1, cex.axis=1.2, at = axTicks(2), labels = sciNotation(axTicks(2), 1))
> axis(1, cex.lab=1.2, cex.axis=1.2, labels=T)
> box()
> 
> #graph the coverage as points
> fit_data <- subset(X, (coverage>=start_i) & (coverage<=end_i) );
> points(fit_data$coverage, fit_data$n, pch=my_pch, col=my_col, bg="white", cex=1.2)
> 
> #graph the censored coverage as red points
> cat(start_i, " ", end_i, "\n", sep="")
27 56
> 
> censored_data <- subset(X, (coverage<start_i) | (coverage>end_i) );
> points(censored_data$coverage, censored_data$n, pch=my_pch, col=my_col_censored, bg="white", cex=1.2)
> 
> #graph the poisson fit IF REQUESTED
> if (plot_poisson) {
+ 	lines(0:max(X$coverage), fit_p, lwd=3, lty="22", col="black");
+ }
> 
> #graph the negative binomial fit
> if (nb_fit_mu > 0) {
+   lines(0:max(X$coverage), fit_nb, lwd=3, col="black");
+ }
> 
> if (plot_poisson) {
+ 	legend("topright", c("Coverage distribution", "Censored data", "Negative binomial", "Poisson"), lty=c("blank","blank","solid","22"), lwd=c(1,1,2,2), pch=c(my_pch, my_pch, -1, -1), col=c("black", "red", "black", "black"), bty="n")
+ } else {
+ 	legend("topright", c("Coverage distribution", "Censored data", "Negative binomial"), lty=c("blank","blank","solid"), lwd=c(1,1,2), pch=c(my_pch, my_pch, -1), col=c("black", "red", "black"), bty="n")
+ }
> 
> dev.off()
null device 
          1 
> 
> ## Fit the marginal value that we use for propagating deletions
> 
> if (nb_fit_mu > 0) {
+   cat(nb_fit_size, " ", nb_fit_mu, "\n")
+   deletion_propagation_coverage = suppressWarnings(qnbinom(deletion_propagation_pr_cutoff, size = nb_fit_size, mu = nb_fit_mu))
+ } else {
+   cat("Fallback to calculating off an estimate of just variance = mu + mu^2/size\n")
+   size_estimate = (1/(v-m))*(m*m)
+   cat("Mu estimate=", m," Size estimate =", size_estimate, "\n")
+   deletion_propagation_coverage = suppressWarnings(qnbinom(deletion_propagation_pr_cutoff, size = size_estimate, mu = m))
+   if (is.na(deletion_propagation_coverage) || is.nan(deletion_propagation_coverage) || (deletion_propagation_coverage < 1)) {
+     cat("Double fallback to calculating as just 10% of the mean\n")
+     deletion_propagation_coverage = m * 0.1
+   }
+ }
10000   67.29256 
> 
> #Don't allow one read to indicate non-deleted regions
> if (deletion_propagation_coverage < 1) {
+     deletion_propagation_coverage = 1
+ }
> 
> #This works fine with the negative values
> #If we have both low fit coverage and low straight average coverage then we're deleted...
> if ( (nb_fit_mu <= 3) && (m <= 3) ) {
+   deletion_propagation_coverage = -1
+ }
> 
> #print out statistics
> 
> print(nb_fit_size);
[1] 10000
> print(nb_fit_mu);
[1] 67.29256
> 
> print(m)
[1] 43.41837
> print(v)
[1] 285.8541
> print(D)
[1] 6.583714
> 
> print(deletion_propagation_coverage)
[1] 44
> 
> warnings()
> 
